[2023-03-31 00:09:09,689] {taskinstance.py:903} INFO - Dependencies all met for <TaskInstance: inovus_etl_odb_to_mrr.etl_odb_to_mrr_f_sales 2023-03-30T00:00:00+00:00 [queued]>
[2023-03-31 00:09:09,854] {taskinstance.py:903} INFO - Dependencies all met for <TaskInstance: inovus_etl_odb_to_mrr.etl_odb_to_mrr_f_sales 2023-03-30T00:00:00+00:00 [queued]>
[2023-03-31 00:09:09,858] {taskinstance.py:1095} INFO - 
--------------------------------------------------------------------------------
[2023-03-31 00:09:09,860] {taskinstance.py:1096} INFO - Starting attempt 1 of 1
[2023-03-31 00:09:09,862] {taskinstance.py:1097} INFO - 
--------------------------------------------------------------------------------
[2023-03-31 00:09:09,947] {taskinstance.py:1115} INFO - Executing <Task(PythonOperator): etl_odb_to_mrr_f_sales> on 2023-03-30T00:00:00+00:00
[2023-03-31 00:09:09,999] {standard_task_runner.py:52} INFO - Started process 1436 to run task
[2023-03-31 00:09:10,090] {standard_task_runner.py:76} INFO - Running: ['***', 'tasks', 'run', 'inovus_etl_odb_to_mrr', 'etl_odb_to_mrr_f_sales', '2023-03-30T00:00:00+00:00', '--job-id', '494', '--pool', 'default_pool', '--raw', '--subdir', 'DAGS_FOLDER/inovus_etl_odb_mrr.py', '--cfg-path', '/tmp/tmpg15ogzla', '--error-file', '/tmp/tmpbvv590p_']
[2023-03-31 00:09:10,097] {standard_task_runner.py:77} INFO - Job 494: Subtask etl_odb_to_mrr_f_sales
[2023-03-31 00:09:11,051] {logging_mixin.py:109} INFO - Running <TaskInstance: inovus_etl_odb_to_mrr.etl_odb_to_mrr_f_sales 2023-03-30T00:00:00+00:00 [running]> on host 0bc3da97cebb
[2023-03-31 00:09:12,088] {taskinstance.py:1254} INFO - Exporting the following env vars:
AIRFLOW_CTX_DAG_OWNER=***
AIRFLOW_CTX_DAG_ID=inovus_etl_odb_to_mrr
AIRFLOW_CTX_TASK_ID=etl_odb_to_mrr_f_sales
AIRFLOW_CTX_EXECUTION_DATE=2023-03-30T00:00:00+00:00
AIRFLOW_CTX_DAG_RUN_ID=scheduled__2023-03-30T00:00:00+00:00
[2023-03-31 00:09:12,522] {python.py:151} INFO - Done. Returned value was: None
[2023-03-31 00:09:12,650] {taskinstance.py:1219} INFO - Marking task as SUCCESS. dag_id=inovus_etl_odb_to_mrr, task_id=etl_odb_to_mrr_f_sales, execution_date=20230330T000000, start_date=20230331T000909, end_date=20230331T000912
[2023-03-31 00:09:12,905] {local_task_job.py:151} INFO - Task exited with return code 0
[2023-03-31 00:09:13,103] {local_task_job.py:261} INFO - 1 downstream tasks scheduled from follow-on schedule check
