[2023-04-02 17:10:40,728] {taskinstance.py:903} INFO - Dependencies all met for <TaskInstance: inovus_etl_odb_to_mrr.etl_odb_to_mrr_dim_customer 2023-04-01T00:00:00+00:00 [queued]>
[2023-04-02 17:10:40,810] {taskinstance.py:903} INFO - Dependencies all met for <TaskInstance: inovus_etl_odb_to_mrr.etl_odb_to_mrr_dim_customer 2023-04-01T00:00:00+00:00 [queued]>
[2023-04-02 17:10:40,812] {taskinstance.py:1095} INFO - 
--------------------------------------------------------------------------------
[2023-04-02 17:10:40,820] {taskinstance.py:1096} INFO - Starting attempt 1 of 1
[2023-04-02 17:10:40,823] {taskinstance.py:1097} INFO - 
--------------------------------------------------------------------------------
[2023-04-02 17:10:40,902] {taskinstance.py:1115} INFO - Executing <Task(PythonOperator): etl_odb_to_mrr_dim_customer> on 2023-04-01T00:00:00+00:00
[2023-04-02 17:10:41,014] {standard_task_runner.py:76} INFO - Running: ['***', 'tasks', 'run', 'inovus_etl_odb_to_mrr', 'etl_odb_to_mrr_dim_customer', '2023-04-01T00:00:00+00:00', '--job-id', '534', '--pool', 'default_pool', '--raw', '--subdir', 'DAGS_FOLDER/inovus_etl_odb_mrr.py', '--cfg-path', '/tmp/tmph4zsqerl', '--error-file', '/tmp/tmp43vvxs31']
[2023-04-02 17:10:41,022] {standard_task_runner.py:77} INFO - Job 534: Subtask etl_odb_to_mrr_dim_customer
[2023-04-02 17:10:40,947] {standard_task_runner.py:52} INFO - Started process 132 to run task
[2023-04-02 17:10:41,976] {logging_mixin.py:109} INFO - Running <TaskInstance: inovus_etl_odb_to_mrr.etl_odb_to_mrr_dim_customer 2023-04-01T00:00:00+00:00 [running]> on host 580553a30a83
[2023-04-02 17:10:42,281] {taskinstance.py:1254} INFO - Exporting the following env vars:
AIRFLOW_CTX_DAG_OWNER=***
AIRFLOW_CTX_DAG_ID=inovus_etl_odb_to_mrr
AIRFLOW_CTX_TASK_ID=etl_odb_to_mrr_dim_customer
AIRFLOW_CTX_EXECUTION_DATE=2023-04-01T00:00:00+00:00
AIRFLOW_CTX_DAG_RUN_ID=scheduled__2023-04-01T00:00:00+00:00
[2023-04-02 17:10:42,588] {python.py:151} INFO - Done. Returned value was: None
[2023-04-02 17:10:42,655] {taskinstance.py:1219} INFO - Marking task as SUCCESS. dag_id=inovus_etl_odb_to_mrr, task_id=etl_odb_to_mrr_dim_customer, execution_date=20230401T000000, start_date=20230402T171040, end_date=20230402T171042
[2023-04-02 17:10:42,815] {local_task_job.py:151} INFO - Task exited with return code 0
[2023-04-02 17:10:43,049] {local_task_job.py:261} INFO - 1 downstream tasks scheduled from follow-on schedule check
