[2023-03-29 14:32:03,134] {taskinstance.py:903} INFO - Dependencies all met for <TaskInstance: postgres_etl_dag_radb_to_mrr.etl_from_radb_to_mrrdimcproducts 2023-03-29T14:31:58.857280+00:00 [queued]>
[2023-03-29 14:32:03,151] {taskinstance.py:903} INFO - Dependencies all met for <TaskInstance: postgres_etl_dag_radb_to_mrr.etl_from_radb_to_mrrdimcproducts 2023-03-29T14:31:58.857280+00:00 [queued]>
[2023-03-29 14:32:03,153] {taskinstance.py:1095} INFO - 
--------------------------------------------------------------------------------
[2023-03-29 14:32:03,154] {taskinstance.py:1096} INFO - Starting attempt 1 of 1
[2023-03-29 14:32:03,156] {taskinstance.py:1097} INFO - 
--------------------------------------------------------------------------------
[2023-03-29 14:32:03,176] {taskinstance.py:1115} INFO - Executing <Task(PythonOperator): etl_from_radb_to_mrrdimcproducts> on 2023-03-29T14:31:58.857280+00:00
[2023-03-29 14:32:03,183] {standard_task_runner.py:52} INFO - Started process 21252 to run task
[2023-03-29 14:32:03,187] {standard_task_runner.py:76} INFO - Running: ['***', 'tasks', 'run', 'postgres_etl_dag_radb_to_mrr', 'etl_from_radb_to_mrrdimcproducts', '2023-03-29T14:31:58.857280+00:00', '--job-id', '152', '--pool', 'default_pool', '--raw', '--subdir', 'DAGS_FOLDER/inovus_etl_radb_mrr.py', '--cfg-path', '/tmp/tmpn1zwj8l6', '--error-file', '/tmp/tmpmxi8d2yt']
[2023-03-29 14:32:03,193] {standard_task_runner.py:77} INFO - Job 152: Subtask etl_from_radb_to_mrrdimcproducts
[2023-03-29 14:32:03,263] {logging_mixin.py:109} INFO - Running <TaskInstance: postgres_etl_dag_radb_to_mrr.etl_from_radb_to_mrrdimcproducts 2023-03-29T14:31:58.857280+00:00 [running]> on host 0bc3da97cebb
[2023-03-29 14:32:03,373] {taskinstance.py:1254} INFO - Exporting the following env vars:
AIRFLOW_CTX_DAG_OWNER=***
AIRFLOW_CTX_DAG_ID=postgres_etl_dag_radb_to_mrr
AIRFLOW_CTX_TASK_ID=etl_from_radb_to_mrrdimcproducts
AIRFLOW_CTX_EXECUTION_DATE=2023-03-29T14:31:58.857280+00:00
AIRFLOW_CTX_DAG_RUN_ID=manual__2023-03-29T14:31:58.857280+00:00
[2023-03-29 14:32:03,447] {python.py:151} INFO - Done. Returned value was: None
[2023-03-29 14:32:03,472] {taskinstance.py:1219} INFO - Marking task as SUCCESS. dag_id=postgres_etl_dag_radb_to_mrr, task_id=etl_from_radb_to_mrrdimcproducts, execution_date=20230329T143158, start_date=20230329T143203, end_date=20230329T143203
[2023-03-29 14:32:03,531] {local_task_job.py:151} INFO - Task exited with return code 0
[2023-03-29 14:32:03,569] {local_task_job.py:261} INFO - 1 downstream tasks scheduled from follow-on schedule check
