[2023-04-02 17:10:47,944] {taskinstance.py:903} INFO - Dependencies all met for <TaskInstance: inovus_etl_odb_to_mrr.etl_odb_to_mrr_dim_products 2023-04-01T00:00:00+00:00 [queued]>
[2023-04-02 17:10:48,079] {taskinstance.py:903} INFO - Dependencies all met for <TaskInstance: inovus_etl_odb_to_mrr.etl_odb_to_mrr_dim_products 2023-04-01T00:00:00+00:00 [queued]>
[2023-04-02 17:10:48,083] {taskinstance.py:1095} INFO - 
--------------------------------------------------------------------------------
[2023-04-02 17:10:48,087] {taskinstance.py:1096} INFO - Starting attempt 1 of 1
[2023-04-02 17:10:48,091] {taskinstance.py:1097} INFO - 
--------------------------------------------------------------------------------
[2023-04-02 17:10:48,300] {taskinstance.py:1115} INFO - Executing <Task(PythonOperator): etl_odb_to_mrr_dim_products> on 2023-04-01T00:00:00+00:00
[2023-04-02 17:10:48,370] {standard_task_runner.py:52} INFO - Started process 145 to run task
[2023-04-02 17:10:48,518] {standard_task_runner.py:76} INFO - Running: ['***', 'tasks', 'run', 'inovus_etl_odb_to_mrr', 'etl_odb_to_mrr_dim_products', '2023-04-01T00:00:00+00:00', '--job-id', '536', '--pool', 'default_pool', '--raw', '--subdir', 'DAGS_FOLDER/inovus_etl_odb_mrr.py', '--cfg-path', '/tmp/tmp47g_u4d3', '--error-file', '/tmp/tmpdoj6rr14']
[2023-04-02 17:10:48,527] {standard_task_runner.py:77} INFO - Job 536: Subtask etl_odb_to_mrr_dim_products
[2023-04-02 17:10:48,985] {logging_mixin.py:109} INFO - Running <TaskInstance: inovus_etl_odb_to_mrr.etl_odb_to_mrr_dim_products 2023-04-01T00:00:00+00:00 [running]> on host 580553a30a83
[2023-04-02 17:10:49,605] {taskinstance.py:1254} INFO - Exporting the following env vars:
AIRFLOW_CTX_DAG_OWNER=***
AIRFLOW_CTX_DAG_ID=inovus_etl_odb_to_mrr
AIRFLOW_CTX_TASK_ID=etl_odb_to_mrr_dim_products
AIRFLOW_CTX_EXECUTION_DATE=2023-04-01T00:00:00+00:00
AIRFLOW_CTX_DAG_RUN_ID=scheduled__2023-04-01T00:00:00+00:00
[2023-04-02 17:10:49,928] {python.py:151} INFO - Done. Returned value was: None
[2023-04-02 17:10:50,009] {taskinstance.py:1219} INFO - Marking task as SUCCESS. dag_id=inovus_etl_odb_to_mrr, task_id=etl_odb_to_mrr_dim_products, execution_date=20230401T000000, start_date=20230402T171047, end_date=20230402T171050
[2023-04-02 17:10:50,247] {local_task_job.py:151} INFO - Task exited with return code 0
[2023-04-02 17:10:50,752] {local_task_job.py:261} INFO - 1 downstream tasks scheduled from follow-on schedule check
