[2023-03-29 16:12:57,721] {taskinstance.py:903} INFO - Dependencies all met for <TaskInstance: postgres_22222222222.etl_from_radb_to_mrrdimcproducts 2023-03-29T16:12:54.048655+00:00 [queued]>
[2023-03-29 16:12:57,739] {taskinstance.py:903} INFO - Dependencies all met for <TaskInstance: postgres_22222222222.etl_from_radb_to_mrrdimcproducts 2023-03-29T16:12:54.048655+00:00 [queued]>
[2023-03-29 16:12:57,741] {taskinstance.py:1095} INFO - 
--------------------------------------------------------------------------------
[2023-03-29 16:12:57,743] {taskinstance.py:1096} INFO - Starting attempt 1 of 1
[2023-03-29 16:12:57,744] {taskinstance.py:1097} INFO - 
--------------------------------------------------------------------------------
[2023-03-29 16:12:57,769] {taskinstance.py:1115} INFO - Executing <Task(PythonOperator): etl_from_radb_to_mrrdimcproducts> on 2023-03-29T16:12:54.048655+00:00
[2023-03-29 16:12:57,775] {standard_task_runner.py:52} INFO - Started process 26126 to run task
[2023-03-29 16:12:57,787] {standard_task_runner.py:76} INFO - Running: ['***', 'tasks', 'run', 'postgres_22222222222', 'etl_from_radb_to_mrrdimcproducts', '2023-03-29T16:12:54.048655+00:00', '--job-id', '287', '--pool', 'default_pool', '--raw', '--subdir', 'DAGS_FOLDER/ETL.py', '--cfg-path', '/tmp/tmpmfbpmzl_', '--error-file', '/tmp/tmphvtie_lz']
[2023-03-29 16:12:57,789] {standard_task_runner.py:77} INFO - Job 287: Subtask etl_from_radb_to_mrrdimcproducts
[2023-03-29 16:12:57,849] {logging_mixin.py:109} INFO - Running <TaskInstance: postgres_22222222222.etl_from_radb_to_mrrdimcproducts 2023-03-29T16:12:54.048655+00:00 [running]> on host 0bc3da97cebb
[2023-03-29 16:12:57,909] {taskinstance.py:1254} INFO - Exporting the following env vars:
AIRFLOW_CTX_DAG_OWNER=***
AIRFLOW_CTX_DAG_ID=postgres_22222222222
AIRFLOW_CTX_TASK_ID=etl_from_radb_to_mrrdimcproducts
AIRFLOW_CTX_EXECUTION_DATE=2023-03-29T16:12:54.048655+00:00
AIRFLOW_CTX_DAG_RUN_ID=manual__2023-03-29T16:12:54.048655+00:00
[2023-03-29 16:12:57,970] {python.py:151} INFO - Done. Returned value was: None
[2023-03-29 16:12:57,993] {taskinstance.py:1219} INFO - Marking task as SUCCESS. dag_id=postgres_22222222222, task_id=etl_from_radb_to_mrrdimcproducts, execution_date=20230329T161254, start_date=20230329T161257, end_date=20230329T161257
[2023-03-29 16:12:58,043] {local_task_job.py:151} INFO - Task exited with return code 0
[2023-03-29 16:12:58,086] {local_task_job.py:261} INFO - 1 downstream tasks scheduled from follow-on schedule check
