[2023-03-29 16:09:18,069] {taskinstance.py:903} INFO - Dependencies all met for <TaskInstance: postgres_22222222222.log_suc 2023-03-29T16:09:10.315165+00:00 [queued]>
[2023-03-29 16:09:18,098] {taskinstance.py:903} INFO - Dependencies all met for <TaskInstance: postgres_22222222222.log_suc 2023-03-29T16:09:10.315165+00:00 [queued]>
[2023-03-29 16:09:18,103] {taskinstance.py:1095} INFO - 
--------------------------------------------------------------------------------
[2023-03-29 16:09:18,105] {taskinstance.py:1096} INFO - Starting attempt 1 of 1
[2023-03-29 16:09:18,106] {taskinstance.py:1097} INFO - 
--------------------------------------------------------------------------------
[2023-03-29 16:09:18,123] {taskinstance.py:1115} INFO - Executing <Task(PythonOperator): log_suc> on 2023-03-29T16:09:10.315165+00:00
[2023-03-29 16:09:18,131] {standard_task_runner.py:52} INFO - Started process 25956 to run task
[2023-03-29 16:09:18,144] {standard_task_runner.py:76} INFO - Running: ['***', 'tasks', 'run', 'postgres_22222222222', 'log_suc', '2023-03-29T16:09:10.315165+00:00', '--job-id', '283', '--pool', 'default_pool', '--raw', '--subdir', 'DAGS_FOLDER/ETL.py', '--cfg-path', '/tmp/tmp8o0jkucb', '--error-file', '/tmp/tmp065o5klj']
[2023-03-29 16:09:18,148] {standard_task_runner.py:77} INFO - Job 283: Subtask log_suc
[2023-03-29 16:09:18,279] {logging_mixin.py:109} INFO - Running <TaskInstance: postgres_22222222222.log_suc 2023-03-29T16:09:10.315165+00:00 [running]> on host 0bc3da97cebb
[2023-03-29 16:09:18,360] {taskinstance.py:1254} INFO - Exporting the following env vars:
AIRFLOW_CTX_DAG_OWNER=***
AIRFLOW_CTX_DAG_ID=postgres_22222222222
AIRFLOW_CTX_TASK_ID=log_suc
AIRFLOW_CTX_EXECUTION_DATE=2023-03-29T16:09:10.315165+00:00
AIRFLOW_CTX_DAG_RUN_ID=manual__2023-03-29T16:09:10.315165+00:00
[2023-03-29 16:09:18,363] {ETL.py:53} INFO - completed
[2023-03-29 16:09:18,391] {python.py:151} INFO - Done. Returned value was: None
[2023-03-29 16:09:18,425] {taskinstance.py:1219} INFO - Marking task as SUCCESS. dag_id=postgres_22222222222, task_id=log_suc, execution_date=20230329T160910, start_date=20230329T160918, end_date=20230329T160918
[2023-03-29 16:09:18,481] {local_task_job.py:151} INFO - Task exited with return code 0
[2023-03-29 16:09:18,519] {local_task_job.py:261} INFO - 0 downstream tasks scheduled from follow-on schedule check
