[2023-03-28 18:51:45,742] {taskinstance.py:903} INFO - Dependencies all met for <TaskInstance: inovus_etl_dag_stg_to_dwh.etl_from_stgdimcustomer_to_dwhdimcustomer 2023-03-28T18:51:44.530657+00:00 [queued]>
[2023-03-28 18:51:45,777] {taskinstance.py:903} INFO - Dependencies all met for <TaskInstance: inovus_etl_dag_stg_to_dwh.etl_from_stgdimcustomer_to_dwhdimcustomer 2023-03-28T18:51:44.530657+00:00 [queued]>
[2023-03-28 18:51:45,779] {taskinstance.py:1095} INFO - 
--------------------------------------------------------------------------------
[2023-03-28 18:51:45,780] {taskinstance.py:1096} INFO - Starting attempt 1 of 1
[2023-03-28 18:51:45,781] {taskinstance.py:1097} INFO - 
--------------------------------------------------------------------------------
[2023-03-28 18:51:45,807] {taskinstance.py:1115} INFO - Executing <Task(PythonOperator): etl_from_stgdimcustomer_to_dwhdimcustomer> on 2023-03-28T18:51:44.530657+00:00
[2023-03-28 18:51:45,814] {standard_task_runner.py:52} INFO - Started process 9927 to run task
[2023-03-28 18:51:45,821] {standard_task_runner.py:76} INFO - Running: ['***', 'tasks', 'run', 'inovus_etl_dag_stg_to_dwh', 'etl_from_stgdimcustomer_to_dwhdimcustomer', '2023-03-28T18:51:44.530657+00:00', '--job-id', '97', '--pool', 'default_pool', '--raw', '--subdir', 'DAGS_FOLDER/inovus_etl_stg_dwh.py', '--cfg-path', '/tmp/tmphpbauxd3', '--error-file', '/tmp/tmpzu5qzvr0']
[2023-03-28 18:51:45,822] {standard_task_runner.py:77} INFO - Job 97: Subtask etl_from_stgdimcustomer_to_dwhdimcustomer
[2023-03-28 18:51:45,895] {logging_mixin.py:109} INFO - Running <TaskInstance: inovus_etl_dag_stg_to_dwh.etl_from_stgdimcustomer_to_dwhdimcustomer 2023-03-28T18:51:44.530657+00:00 [running]> on host 0bc3da97cebb
[2023-03-28 18:51:45,956] {taskinstance.py:1254} INFO - Exporting the following env vars:
AIRFLOW_CTX_DAG_OWNER=***
AIRFLOW_CTX_DAG_ID=inovus_etl_dag_stg_to_dwh
AIRFLOW_CTX_TASK_ID=etl_from_stgdimcustomer_to_dwhdimcustomer
AIRFLOW_CTX_EXECUTION_DATE=2023-03-28T18:51:44.530657+00:00
AIRFLOW_CTX_DAG_RUN_ID=manual__2023-03-28T18:51:44.530657+00:00
[2023-03-28 18:51:46,004] {python.py:151} INFO - Done. Returned value was: None
[2023-03-28 18:51:46,024] {taskinstance.py:1219} INFO - Marking task as SUCCESS. dag_id=inovus_etl_dag_stg_to_dwh, task_id=etl_from_stgdimcustomer_to_dwhdimcustomer, execution_date=20230328T185144, start_date=20230328T185145, end_date=20230328T185146
[2023-03-28 18:51:46,107] {local_task_job.py:151} INFO - Task exited with return code 0
[2023-03-28 18:51:46,189] {local_task_job.py:261} INFO - 1 downstream tasks scheduled from follow-on schedule check
