[2023-03-29 07:47:30,761] {taskinstance.py:903} INFO - Dependencies all met for <TaskInstance: postgres_etl_dag_radb_to_mrr.etl_from_radb_to_mrrdimcproducts 2023-03-29T07:47:24.648300+00:00 [queued]>
[2023-03-29 07:47:30,773] {taskinstance.py:903} INFO - Dependencies all met for <TaskInstance: postgres_etl_dag_radb_to_mrr.etl_from_radb_to_mrrdimcproducts 2023-03-29T07:47:24.648300+00:00 [queued]>
[2023-03-29 07:47:30,774] {taskinstance.py:1095} INFO - 
--------------------------------------------------------------------------------
[2023-03-29 07:47:30,776] {taskinstance.py:1096} INFO - Starting attempt 1 of 1
[2023-03-29 07:47:30,777] {taskinstance.py:1097} INFO - 
--------------------------------------------------------------------------------
[2023-03-29 07:47:30,792] {taskinstance.py:1115} INFO - Executing <Task(PythonOperator): etl_from_radb_to_mrrdimcproducts> on 2023-03-29T07:47:24.648300+00:00
[2023-03-29 07:47:30,797] {standard_task_runner.py:52} INFO - Started process 2949 to run task
[2023-03-29 07:47:30,803] {standard_task_runner.py:76} INFO - Running: ['***', 'tasks', 'run', 'postgres_etl_dag_radb_to_mrr', 'etl_from_radb_to_mrrdimcproducts', '2023-03-29T07:47:24.648300+00:00', '--job-id', '133', '--pool', 'default_pool', '--raw', '--subdir', 'DAGS_FOLDER/inovus_etl_radb_mrr.py', '--cfg-path', '/tmp/tmpwcts5tut', '--error-file', '/tmp/tmpojeenjd4']
[2023-03-29 07:47:30,805] {standard_task_runner.py:77} INFO - Job 133: Subtask etl_from_radb_to_mrrdimcproducts
[2023-03-29 07:47:30,893] {logging_mixin.py:109} INFO - Running <TaskInstance: postgres_etl_dag_radb_to_mrr.etl_from_radb_to_mrrdimcproducts 2023-03-29T07:47:24.648300+00:00 [running]> on host 0bc3da97cebb
[2023-03-29 07:47:30,974] {taskinstance.py:1254} INFO - Exporting the following env vars:
AIRFLOW_CTX_DAG_OWNER=***
AIRFLOW_CTX_DAG_ID=postgres_etl_dag_radb_to_mrr
AIRFLOW_CTX_TASK_ID=etl_from_radb_to_mrrdimcproducts
AIRFLOW_CTX_EXECUTION_DATE=2023-03-29T07:47:24.648300+00:00
AIRFLOW_CTX_DAG_RUN_ID=manual__2023-03-29T07:47:24.648300+00:00
[2023-03-29 07:47:31,037] {python.py:151} INFO - Done. Returned value was: None
[2023-03-29 07:47:31,052] {taskinstance.py:1219} INFO - Marking task as SUCCESS. dag_id=postgres_etl_dag_radb_to_mrr, task_id=etl_from_radb_to_mrrdimcproducts, execution_date=20230329T074724, start_date=20230329T074730, end_date=20230329T074731
[2023-03-29 07:47:31,106] {local_task_job.py:151} INFO - Task exited with return code 0
[2023-03-29 07:47:31,139] {local_task_job.py:261} INFO - 1 downstream tasks scheduled from follow-on schedule check
