[2023-03-29 16:29:34,254] {taskinstance.py:903} INFO - Dependencies all met for <TaskInstance: postgres_22222222222.etl_from_radb_to_mrrfsales 2023-03-29T16:29:32.714295+00:00 [queued]>
[2023-03-29 16:29:34,284] {taskinstance.py:903} INFO - Dependencies all met for <TaskInstance: postgres_22222222222.etl_from_radb_to_mrrfsales 2023-03-29T16:29:32.714295+00:00 [queued]>
[2023-03-29 16:29:34,287] {taskinstance.py:1095} INFO - 
--------------------------------------------------------------------------------
[2023-03-29 16:29:34,289] {taskinstance.py:1096} INFO - Starting attempt 1 of 1
[2023-03-29 16:29:34,291] {taskinstance.py:1097} INFO - 
--------------------------------------------------------------------------------
[2023-03-29 16:29:34,321] {taskinstance.py:1115} INFO - Executing <Task(PythonOperator): etl_from_radb_to_mrrfsales> on 2023-03-29T16:29:32.714295+00:00
[2023-03-29 16:29:34,326] {standard_task_runner.py:52} INFO - Started process 27019 to run task
[2023-03-29 16:29:34,347] {standard_task_runner.py:76} INFO - Running: ['***', 'tasks', 'run', 'postgres_22222222222', 'etl_from_radb_to_mrrfsales', '2023-03-29T16:29:32.714295+00:00', '--job-id', '356', '--pool', 'default_pool', '--raw', '--subdir', 'DAGS_FOLDER/ETL.py', '--cfg-path', '/tmp/tmp1r49q1cw', '--error-file', '/tmp/tmpl_nj2ts8']
[2023-03-29 16:29:34,350] {standard_task_runner.py:77} INFO - Job 356: Subtask etl_from_radb_to_mrrfsales
[2023-03-29 16:29:34,457] {logging_mixin.py:109} INFO - Running <TaskInstance: postgres_22222222222.etl_from_radb_to_mrrfsales 2023-03-29T16:29:32.714295+00:00 [running]> on host 0bc3da97cebb
[2023-03-29 16:29:34,560] {taskinstance.py:1254} INFO - Exporting the following env vars:
AIRFLOW_CTX_DAG_OWNER=***
AIRFLOW_CTX_DAG_ID=postgres_22222222222
AIRFLOW_CTX_TASK_ID=etl_from_radb_to_mrrfsales
AIRFLOW_CTX_EXECUTION_DATE=2023-03-29T16:29:32.714295+00:00
AIRFLOW_CTX_DAG_RUN_ID=manual__2023-03-29T16:29:32.714295+00:00
[2023-03-29 16:29:34,673] {python.py:151} INFO - Done. Returned value was: None
[2023-03-29 16:29:34,699] {taskinstance.py:1219} INFO - Marking task as SUCCESS. dag_id=postgres_22222222222, task_id=etl_from_radb_to_mrrfsales, execution_date=20230329T162932, start_date=20230329T162934, end_date=20230329T162934
[2023-03-29 16:29:34,731] {local_task_job.py:151} INFO - Task exited with return code 0
[2023-03-29 16:29:34,773] {local_task_job.py:261} INFO - 1 downstream tasks scheduled from follow-on schedule check
