[2023-03-31 18:01:10,467] {taskinstance.py:903} INFO - Dependencies all met for <TaskInstance: inovus_etl_dag_stg_to_dwh.etl_from_stgdimcustomer_to_dwhdimcustomer 2023-03-31T18:01:09.398522+00:00 [queued]>
[2023-03-31 18:01:10,486] {taskinstance.py:903} INFO - Dependencies all met for <TaskInstance: inovus_etl_dag_stg_to_dwh.etl_from_stgdimcustomer_to_dwhdimcustomer 2023-03-31T18:01:09.398522+00:00 [queued]>
[2023-03-31 18:01:10,488] {taskinstance.py:1095} INFO - 
--------------------------------------------------------------------------------
[2023-03-31 18:01:10,489] {taskinstance.py:1096} INFO - Starting attempt 1 of 1
[2023-03-31 18:01:10,490] {taskinstance.py:1097} INFO - 
--------------------------------------------------------------------------------
[2023-03-31 18:01:10,505] {taskinstance.py:1115} INFO - Executing <Task(PythonOperator): etl_from_stgdimcustomer_to_dwhdimcustomer> on 2023-03-31T18:01:09.398522+00:00
[2023-03-31 18:01:10,511] {standard_task_runner.py:52} INFO - Started process 969 to run task
[2023-03-31 18:01:10,532] {standard_task_runner.py:76} INFO - Running: ['***', 'tasks', 'run', 'inovus_etl_dag_stg_to_dwh', 'etl_from_stgdimcustomer_to_dwhdimcustomer', '2023-03-31T18:01:09.398522+00:00', '--job-id', '509', '--pool', 'default_pool', '--raw', '--subdir', 'DAGS_FOLDER/inovus_etl_stg_dwh.py', '--cfg-path', '/tmp/tmpm2eo7i02', '--error-file', '/tmp/tmpw9xlzvif']
[2023-03-31 18:01:10,533] {standard_task_runner.py:77} INFO - Job 509: Subtask etl_from_stgdimcustomer_to_dwhdimcustomer
[2023-03-31 18:01:10,608] {logging_mixin.py:109} INFO - Running <TaskInstance: inovus_etl_dag_stg_to_dwh.etl_from_stgdimcustomer_to_dwhdimcustomer 2023-03-31T18:01:09.398522+00:00 [running]> on host 0bc3da97cebb
[2023-03-31 18:01:10,710] {taskinstance.py:1254} INFO - Exporting the following env vars:
AIRFLOW_CTX_DAG_OWNER=***
AIRFLOW_CTX_DAG_ID=inovus_etl_dag_stg_to_dwh
AIRFLOW_CTX_TASK_ID=etl_from_stgdimcustomer_to_dwhdimcustomer
AIRFLOW_CTX_EXECUTION_DATE=2023-03-31T18:01:09.398522+00:00
AIRFLOW_CTX_DAG_RUN_ID=manual__2023-03-31T18:01:09.398522+00:00
[2023-03-31 18:01:10,796] {python.py:151} INFO - Done. Returned value was: None
[2023-03-31 18:01:10,814] {taskinstance.py:1219} INFO - Marking task as SUCCESS. dag_id=inovus_etl_dag_stg_to_dwh, task_id=etl_from_stgdimcustomer_to_dwhdimcustomer, execution_date=20230331T180109, start_date=20230331T180110, end_date=20230331T180110
[2023-03-31 18:01:10,866] {local_task_job.py:151} INFO - Task exited with return code 0
[2023-03-31 18:01:10,913] {local_task_job.py:261} INFO - 0 downstream tasks scheduled from follow-on schedule check
