[2023-03-29 14:24:43,154] {taskinstance.py:903} INFO - Dependencies all met for <TaskInstance: postgres_2222.etl_from_radb_to_mrrdimcustomer 2023-03-27T00:00:00+00:00 [queued]>
[2023-03-29 14:24:43,213] {taskinstance.py:903} INFO - Dependencies all met for <TaskInstance: postgres_2222.etl_from_radb_to_mrrdimcustomer 2023-03-27T00:00:00+00:00 [queued]>
[2023-03-29 14:24:43,216] {taskinstance.py:1095} INFO - 
--------------------------------------------------------------------------------
[2023-03-29 14:24:43,218] {taskinstance.py:1096} INFO - Starting attempt 1 of 1
[2023-03-29 14:24:43,219] {taskinstance.py:1097} INFO - 
--------------------------------------------------------------------------------
[2023-03-29 14:24:43,269] {taskinstance.py:1115} INFO - Executing <Task(PythonOperator): etl_from_radb_to_mrrdimcustomer> on 2023-03-27T00:00:00+00:00
[2023-03-29 14:24:43,350] {standard_task_runner.py:76} INFO - Running: ['***', 'tasks', 'run', 'postgres_2222', 'etl_from_radb_to_mrrdimcustomer', '2023-03-27T00:00:00+00:00', '--job-id', '145', '--pool', 'default_pool', '--raw', '--subdir', 'DAGS_FOLDER/ETL.py', '--cfg-path', '/tmp/tmppslkkzv2', '--error-file', '/tmp/tmp40ya0ba2']
[2023-03-29 14:24:43,367] {standard_task_runner.py:77} INFO - Job 145: Subtask etl_from_radb_to_mrrdimcustomer
[2023-03-29 14:24:43,308] {standard_task_runner.py:52} INFO - Started process 20901 to run task
[2023-03-29 14:24:43,538] {logging_mixin.py:109} INFO - Running <TaskInstance: postgres_2222.etl_from_radb_to_mrrdimcustomer 2023-03-27T00:00:00+00:00 [running]> on host 0bc3da97cebb
[2023-03-29 14:24:43,745] {taskinstance.py:1254} INFO - Exporting the following env vars:
AIRFLOW_CTX_DAG_OWNER=***
AIRFLOW_CTX_DAG_ID=postgres_2222
AIRFLOW_CTX_TASK_ID=etl_from_radb_to_mrrdimcustomer
AIRFLOW_CTX_EXECUTION_DATE=2023-03-27T00:00:00+00:00
AIRFLOW_CTX_DAG_RUN_ID=scheduled__2023-03-27T00:00:00+00:00
[2023-03-29 14:24:43,835] {python.py:151} INFO - Done. Returned value was: None
[2023-03-29 14:24:43,916] {taskinstance.py:1219} INFO - Marking task as SUCCESS. dag_id=postgres_2222, task_id=etl_from_radb_to_mrrdimcustomer, execution_date=20230327T000000, start_date=20230329T142443, end_date=20230329T142443
[2023-03-29 14:24:44,013] {local_task_job.py:151} INFO - Task exited with return code 0
[2023-03-29 14:24:44,089] {local_task_job.py:261} INFO - 1 downstream tasks scheduled from follow-on schedule check
