[2023-03-31 18:05:23,977] {taskinstance.py:903} INFO - Dependencies all met for <TaskInstance: inovus_etl_odb_to_mrr.etl_odb_to_mrr_dim_customer 2023-03-31T18:05:20.224484+00:00 [queued]>
[2023-03-31 18:05:23,997] {taskinstance.py:903} INFO - Dependencies all met for <TaskInstance: inovus_etl_odb_to_mrr.etl_odb_to_mrr_dim_customer 2023-03-31T18:05:20.224484+00:00 [queued]>
[2023-03-31 18:05:23,998] {taskinstance.py:1095} INFO - 
--------------------------------------------------------------------------------
[2023-03-31 18:05:24,000] {taskinstance.py:1096} INFO - Starting attempt 1 of 1
[2023-03-31 18:05:24,002] {taskinstance.py:1097} INFO - 
--------------------------------------------------------------------------------
[2023-03-31 18:05:24,013] {taskinstance.py:1115} INFO - Executing <Task(PythonOperator): etl_odb_to_mrr_dim_customer> on 2023-03-31T18:05:20.224484+00:00
[2023-03-31 18:05:24,019] {standard_task_runner.py:52} INFO - Started process 1184 to run task
[2023-03-31 18:05:24,024] {standard_task_runner.py:76} INFO - Running: ['***', 'tasks', 'run', 'inovus_etl_odb_to_mrr', 'etl_odb_to_mrr_dim_customer', '2023-03-31T18:05:20.224484+00:00', '--job-id', '513', '--pool', 'default_pool', '--raw', '--subdir', 'DAGS_FOLDER/inovus_etl_odb_mrr.py', '--cfg-path', '/tmp/tmp4xz6ffnd', '--error-file', '/tmp/tmpostk3wpx']
[2023-03-31 18:05:24,027] {standard_task_runner.py:77} INFO - Job 513: Subtask etl_odb_to_mrr_dim_customer
[2023-03-31 18:05:24,081] {logging_mixin.py:109} INFO - Running <TaskInstance: inovus_etl_odb_to_mrr.etl_odb_to_mrr_dim_customer 2023-03-31T18:05:20.224484+00:00 [running]> on host 0bc3da97cebb
[2023-03-31 18:05:24,135] {taskinstance.py:1254} INFO - Exporting the following env vars:
AIRFLOW_CTX_DAG_OWNER=***
AIRFLOW_CTX_DAG_ID=inovus_etl_odb_to_mrr
AIRFLOW_CTX_TASK_ID=etl_odb_to_mrr_dim_customer
AIRFLOW_CTX_EXECUTION_DATE=2023-03-31T18:05:20.224484+00:00
AIRFLOW_CTX_DAG_RUN_ID=manual__2023-03-31T18:05:20.224484+00:00
[2023-03-31 18:05:24,218] {python.py:151} INFO - Done. Returned value was: None
[2023-03-31 18:05:24,235] {taskinstance.py:1219} INFO - Marking task as SUCCESS. dag_id=inovus_etl_odb_to_mrr, task_id=etl_odb_to_mrr_dim_customer, execution_date=20230331T180520, start_date=20230331T180523, end_date=20230331T180524
[2023-03-31 18:05:24,283] {local_task_job.py:151} INFO - Task exited with return code 0
[2023-03-31 18:05:24,315] {local_task_job.py:261} INFO - 1 downstream tasks scheduled from follow-on schedule check
