[2023-03-28 18:51:24,736] {taskinstance.py:903} INFO - Dependencies all met for <TaskInstance: postgres_etl_dag_radb_to_mrr.etl_from_radb_to_mrrfsales 2023-03-28T18:51:22.164948+00:00 [queued]>
[2023-03-28 18:51:24,941] {taskinstance.py:903} INFO - Dependencies all met for <TaskInstance: postgres_etl_dag_radb_to_mrr.etl_from_radb_to_mrrfsales 2023-03-28T18:51:22.164948+00:00 [queued]>
[2023-03-28 18:51:24,943] {taskinstance.py:1095} INFO - 
--------------------------------------------------------------------------------
[2023-03-28 18:51:24,957] {taskinstance.py:1096} INFO - Starting attempt 1 of 1
[2023-03-28 18:51:24,959] {taskinstance.py:1097} INFO - 
--------------------------------------------------------------------------------
[2023-03-28 18:51:25,020] {taskinstance.py:1115} INFO - Executing <Task(PythonOperator): etl_from_radb_to_mrrfsales> on 2023-03-28T18:51:22.164948+00:00
[2023-03-28 18:51:25,052] {standard_task_runner.py:52} INFO - Started process 9908 to run task
[2023-03-28 18:51:25,095] {standard_task_runner.py:76} INFO - Running: ['***', 'tasks', 'run', 'postgres_etl_dag_radb_to_mrr', 'etl_from_radb_to_mrrfsales', '2023-03-28T18:51:22.164948+00:00', '--job-id', '92', '--pool', 'default_pool', '--raw', '--subdir', 'DAGS_FOLDER/inovus_etl_radb_mrr.py', '--cfg-path', '/tmp/tmpamj6j741', '--error-file', '/tmp/tmphb006xrb']
[2023-03-28 18:51:25,110] {standard_task_runner.py:77} INFO - Job 92: Subtask etl_from_radb_to_mrrfsales
[2023-03-28 18:51:25,298] {logging_mixin.py:109} INFO - Running <TaskInstance: postgres_etl_dag_radb_to_mrr.etl_from_radb_to_mrrfsales 2023-03-28T18:51:22.164948+00:00 [running]> on host 0bc3da97cebb
[2023-03-28 18:51:25,472] {taskinstance.py:1254} INFO - Exporting the following env vars:
AIRFLOW_CTX_DAG_OWNER=***
AIRFLOW_CTX_DAG_ID=postgres_etl_dag_radb_to_mrr
AIRFLOW_CTX_TASK_ID=etl_from_radb_to_mrrfsales
AIRFLOW_CTX_EXECUTION_DATE=2023-03-28T18:51:22.164948+00:00
AIRFLOW_CTX_DAG_RUN_ID=manual__2023-03-28T18:51:22.164948+00:00
[2023-03-28 18:51:25,708] {python.py:151} INFO - Done. Returned value was: None
[2023-03-28 18:51:25,837] {taskinstance.py:1219} INFO - Marking task as SUCCESS. dag_id=postgres_etl_dag_radb_to_mrr, task_id=etl_from_radb_to_mrrfsales, execution_date=20230328T185122, start_date=20230328T185124, end_date=20230328T185125
[2023-03-28 18:51:25,986] {local_task_job.py:151} INFO - Task exited with return code 0
[2023-03-28 18:51:26,053] {local_task_job.py:261} INFO - 0 downstream tasks scheduled from follow-on schedule check
