[2023-03-30 03:45:27,378] {taskinstance.py:903} INFO - Dependencies all met for <TaskInstance: postgres_22222222222.etl_odb_to_mrr_dim_customer 2023-03-30T03:45:24.444381+00:00 [queued]>
[2023-03-30 03:45:27,413] {taskinstance.py:903} INFO - Dependencies all met for <TaskInstance: postgres_22222222222.etl_odb_to_mrr_dim_customer 2023-03-30T03:45:24.444381+00:00 [queued]>
[2023-03-30 03:45:27,415] {taskinstance.py:1095} INFO - 
--------------------------------------------------------------------------------
[2023-03-30 03:45:27,417] {taskinstance.py:1096} INFO - Starting attempt 1 of 1
[2023-03-30 03:45:27,420] {taskinstance.py:1097} INFO - 
--------------------------------------------------------------------------------
[2023-03-30 03:45:27,444] {taskinstance.py:1115} INFO - Executing <Task(PythonOperator): etl_odb_to_mrr_dim_customer> on 2023-03-30T03:45:24.444381+00:00
[2023-03-30 03:45:27,451] {standard_task_runner.py:52} INFO - Started process 4558 to run task
[2023-03-30 03:45:27,460] {standard_task_runner.py:76} INFO - Running: ['***', 'tasks', 'run', 'postgres_22222222222', 'etl_odb_to_mrr_dim_customer', '2023-03-30T03:45:24.444381+00:00', '--job-id', '464', '--pool', 'default_pool', '--raw', '--subdir', 'DAGS_FOLDER/ETL.py', '--cfg-path', '/tmp/tmpwg0cmlpj', '--error-file', '/tmp/tmp88glmm6g']
[2023-03-30 03:45:27,462] {standard_task_runner.py:77} INFO - Job 464: Subtask etl_odb_to_mrr_dim_customer
[2023-03-30 03:45:27,534] {logging_mixin.py:109} INFO - Running <TaskInstance: postgres_22222222222.etl_odb_to_mrr_dim_customer 2023-03-30T03:45:24.444381+00:00 [running]> on host 0bc3da97cebb
[2023-03-30 03:45:27,624] {taskinstance.py:1254} INFO - Exporting the following env vars:
AIRFLOW_CTX_DAG_OWNER=***
AIRFLOW_CTX_DAG_ID=postgres_22222222222
AIRFLOW_CTX_TASK_ID=etl_odb_to_mrr_dim_customer
AIRFLOW_CTX_EXECUTION_DATE=2023-03-30T03:45:24.444381+00:00
AIRFLOW_CTX_DAG_RUN_ID=manual__2023-03-30T03:45:24.444381+00:00
[2023-03-30 03:45:27,713] {python.py:151} INFO - Done. Returned value was: None
[2023-03-30 03:45:27,737] {taskinstance.py:1219} INFO - Marking task as SUCCESS. dag_id=postgres_22222222222, task_id=etl_odb_to_mrr_dim_customer, execution_date=20230330T034524, start_date=20230330T034527, end_date=20230330T034527
[2023-03-30 03:45:27,801] {local_task_job.py:151} INFO - Task exited with return code 0
[2023-03-30 03:45:27,841] {local_task_job.py:261} INFO - 1 downstream tasks scheduled from follow-on schedule check
