[2023-03-29 16:17:40,899] {taskinstance.py:903} INFO - Dependencies all met for <TaskInstance: postgres_22222222222.date_update_mrr 2023-03-29T16:17:34.561041+00:00 [queued]>
[2023-03-29 16:17:40,912] {taskinstance.py:903} INFO - Dependencies all met for <TaskInstance: postgres_22222222222.date_update_mrr 2023-03-29T16:17:34.561041+00:00 [queued]>
[2023-03-29 16:17:40,913] {taskinstance.py:1095} INFO - 
--------------------------------------------------------------------------------
[2023-03-29 16:17:40,915] {taskinstance.py:1096} INFO - Starting attempt 1 of 1
[2023-03-29 16:17:40,916] {taskinstance.py:1097} INFO - 
--------------------------------------------------------------------------------
[2023-03-29 16:17:40,932] {taskinstance.py:1115} INFO - Executing <Task(PythonOperator): date_update_mrr> on 2023-03-29T16:17:34.561041+00:00
[2023-03-29 16:17:40,940] {standard_task_runner.py:52} INFO - Started process 26389 to run task
[2023-03-29 16:17:40,945] {standard_task_runner.py:76} INFO - Running: ['***', 'tasks', 'run', 'postgres_22222222222', 'date_update_mrr', '2023-03-29T16:17:34.561041+00:00', '--job-id', '312', '--pool', 'default_pool', '--raw', '--subdir', 'DAGS_FOLDER/ETL.py', '--cfg-path', '/tmp/tmpwc4g4ao3', '--error-file', '/tmp/tmp48d9ow7s']
[2023-03-29 16:17:40,947] {standard_task_runner.py:77} INFO - Job 312: Subtask date_update_mrr
[2023-03-29 16:17:40,999] {logging_mixin.py:109} INFO - Running <TaskInstance: postgres_22222222222.date_update_mrr 2023-03-29T16:17:34.561041+00:00 [running]> on host 0bc3da97cebb
[2023-03-29 16:17:41,053] {taskinstance.py:1254} INFO - Exporting the following env vars:
AIRFLOW_CTX_DAG_OWNER=***
AIRFLOW_CTX_DAG_ID=postgres_22222222222
AIRFLOW_CTX_TASK_ID=date_update_mrr
AIRFLOW_CTX_EXECUTION_DATE=2023-03-29T16:17:34.561041+00:00
AIRFLOW_CTX_DAG_RUN_ID=manual__2023-03-29T16:17:34.561041+00:00
[2023-03-29 16:17:41,098] {python.py:151} INFO - Done. Returned value was: None
[2023-03-29 16:17:41,117] {taskinstance.py:1219} INFO - Marking task as SUCCESS. dag_id=postgres_22222222222, task_id=date_update_mrr, execution_date=20230329T161734, start_date=20230329T161740, end_date=20230329T161741
[2023-03-29 16:17:41,164] {local_task_job.py:151} INFO - Task exited with return code 0
[2023-03-29 16:17:41,217] {local_task_job.py:261} INFO - 1 downstream tasks scheduled from follow-on schedule check
