[2023-03-30 05:08:27,624] {taskinstance.py:903} INFO - Dependencies all met for <TaskInstance: inovus_etl_dag_stg_to_dwh.etl_from_stgdimcustomer_to_dwhdimcustomer 2023-03-30T05:08:25.604848+00:00 [queued]>
[2023-03-30 05:08:27,685] {taskinstance.py:903} INFO - Dependencies all met for <TaskInstance: inovus_etl_dag_stg_to_dwh.etl_from_stgdimcustomer_to_dwhdimcustomer 2023-03-30T05:08:25.604848+00:00 [queued]>
[2023-03-30 05:08:27,691] {taskinstance.py:1095} INFO - 
--------------------------------------------------------------------------------
[2023-03-30 05:08:27,697] {taskinstance.py:1096} INFO - Starting attempt 1 of 1
[2023-03-30 05:08:27,699] {taskinstance.py:1097} INFO - 
--------------------------------------------------------------------------------
[2023-03-30 05:08:27,740] {taskinstance.py:1115} INFO - Executing <Task(PythonOperator): etl_from_stgdimcustomer_to_dwhdimcustomer> on 2023-03-30T05:08:25.604848+00:00
[2023-03-30 05:08:27,758] {standard_task_runner.py:52} INFO - Started process 8009 to run task
[2023-03-30 05:08:27,785] {standard_task_runner.py:76} INFO - Running: ['***', 'tasks', 'run', 'inovus_etl_dag_stg_to_dwh', 'etl_from_stgdimcustomer_to_dwhdimcustomer', '2023-03-30T05:08:25.604848+00:00', '--job-id', '485', '--pool', 'default_pool', '--raw', '--subdir', 'DAGS_FOLDER/inovus_etl_stg_dwh.py', '--cfg-path', '/tmp/tmp6d9lsw3f', '--error-file', '/tmp/tmppfpp3oxc']
[2023-03-30 05:08:27,852] {standard_task_runner.py:77} INFO - Job 485: Subtask etl_from_stgdimcustomer_to_dwhdimcustomer
[2023-03-30 05:08:28,084] {logging_mixin.py:109} INFO - Running <TaskInstance: inovus_etl_dag_stg_to_dwh.etl_from_stgdimcustomer_to_dwhdimcustomer 2023-03-30T05:08:25.604848+00:00 [running]> on host 0bc3da97cebb
[2023-03-30 05:08:28,319] {taskinstance.py:1254} INFO - Exporting the following env vars:
AIRFLOW_CTX_DAG_OWNER=***
AIRFLOW_CTX_DAG_ID=inovus_etl_dag_stg_to_dwh
AIRFLOW_CTX_TASK_ID=etl_from_stgdimcustomer_to_dwhdimcustomer
AIRFLOW_CTX_EXECUTION_DATE=2023-03-30T05:08:25.604848+00:00
AIRFLOW_CTX_DAG_RUN_ID=manual__2023-03-30T05:08:25.604848+00:00
[2023-03-30 05:08:28,507] {python.py:151} INFO - Done. Returned value was: None
[2023-03-30 05:08:28,612] {taskinstance.py:1219} INFO - Marking task as SUCCESS. dag_id=inovus_etl_dag_stg_to_dwh, task_id=etl_from_stgdimcustomer_to_dwhdimcustomer, execution_date=20230330T050825, start_date=20230330T050827, end_date=20230330T050828
[2023-03-30 05:08:28,737] {local_task_job.py:151} INFO - Task exited with return code 0
[2023-03-30 05:08:28,866] {local_task_job.py:261} INFO - 1 downstream tasks scheduled from follow-on schedule check
