[2023-03-28 10:16:35,428] {taskinstance.py:903} INFO - Dependencies all met for <TaskInstance: example_python_operator.sleep_for_3 2023-03-28T10:16:30.912776+00:00 [queued]>
[2023-03-28 10:16:35,490] {taskinstance.py:903} INFO - Dependencies all met for <TaskInstance: example_python_operator.sleep_for_3 2023-03-28T10:16:30.912776+00:00 [queued]>
[2023-03-28 10:16:35,492] {taskinstance.py:1095} INFO - 
--------------------------------------------------------------------------------
[2023-03-28 10:16:35,494] {taskinstance.py:1096} INFO - Starting attempt 1 of 1
[2023-03-28 10:16:35,495] {taskinstance.py:1097} INFO - 
--------------------------------------------------------------------------------
[2023-03-28 10:16:35,526] {taskinstance.py:1115} INFO - Executing <Task(PythonOperator): sleep_for_3> on 2023-03-28T10:16:30.912776+00:00
[2023-03-28 10:16:35,565] {standard_task_runner.py:52} INFO - Started process 422 to run task
[2023-03-28 10:16:35,601] {standard_task_runner.py:76} INFO - Running: ['***', 'tasks', 'run', 'example_python_operator', 'sleep_for_3', '2023-03-28T10:16:30.912776+00:00', '--job-id', '6', '--pool', 'default_pool', '--raw', '--subdir', '/home/***/.local/lib/python3.6/site-packages/***/example_dags/example_python_operator.py', '--cfg-path', '/tmp/tmp62ve27_r', '--error-file', '/tmp/tmpu8o4jmb3']
[2023-03-28 10:16:35,620] {standard_task_runner.py:77} INFO - Job 6: Subtask sleep_for_3
[2023-03-28 10:16:35,928] {logging_mixin.py:109} INFO - Running <TaskInstance: example_python_operator.sleep_for_3 2023-03-28T10:16:30.912776+00:00 [running]> on host da0f6ea143ee
[2023-03-28 10:16:36,086] {taskinstance.py:1254} INFO - Exporting the following env vars:
AIRFLOW_CTX_DAG_OWNER=***
AIRFLOW_CTX_DAG_ID=example_python_operator
AIRFLOW_CTX_TASK_ID=sleep_for_3
AIRFLOW_CTX_EXECUTION_DATE=2023-03-28T10:16:30.912776+00:00
AIRFLOW_CTX_DAG_RUN_ID=manual__2023-03-28T10:16:30.912776+00:00
[2023-03-28 10:16:36,398] {python.py:151} INFO - Done. Returned value was: None
[2023-03-28 10:16:36,437] {taskinstance.py:1219} INFO - Marking task as SUCCESS. dag_id=example_python_operator, task_id=sleep_for_3, execution_date=20230328T101630, start_date=20230328T101635, end_date=20230328T101636
[2023-03-28 10:16:36,506] {local_task_job.py:151} INFO - Task exited with return code 0
[2023-03-28 10:16:36,579] {local_task_job.py:261} INFO - 0 downstream tasks scheduled from follow-on schedule check
