[2023-03-29 16:21:55,612] {taskinstance.py:903} INFO - Dependencies all met for <TaskInstance: postgres_22222222222.etl_from_radb_to_mrrdimcproducts 2023-03-29T16:21:51.925717+00:00 [queued]>
[2023-03-29 16:21:55,643] {taskinstance.py:903} INFO - Dependencies all met for <TaskInstance: postgres_22222222222.etl_from_radb_to_mrrdimcproducts 2023-03-29T16:21:51.925717+00:00 [queued]>
[2023-03-29 16:21:55,645] {taskinstance.py:1095} INFO - 
--------------------------------------------------------------------------------
[2023-03-29 16:21:55,646] {taskinstance.py:1096} INFO - Starting attempt 1 of 1
[2023-03-29 16:21:55,647] {taskinstance.py:1097} INFO - 
--------------------------------------------------------------------------------
[2023-03-29 16:21:55,683] {taskinstance.py:1115} INFO - Executing <Task(PythonOperator): etl_from_radb_to_mrrdimcproducts> on 2023-03-29T16:21:51.925717+00:00
[2023-03-29 16:21:55,699] {standard_task_runner.py:52} INFO - Started process 26605 to run task
[2023-03-29 16:21:55,724] {standard_task_runner.py:76} INFO - Running: ['***', 'tasks', 'run', 'postgres_22222222222', 'etl_from_radb_to_mrrdimcproducts', '2023-03-29T16:21:51.925717+00:00', '--job-id', '323', '--pool', 'default_pool', '--raw', '--subdir', 'DAGS_FOLDER/ETL.py', '--cfg-path', '/tmp/tmpxpafq4f3', '--error-file', '/tmp/tmp3cffs5y0']
[2023-03-29 16:21:55,726] {standard_task_runner.py:77} INFO - Job 323: Subtask etl_from_radb_to_mrrdimcproducts
[2023-03-29 16:21:55,806] {logging_mixin.py:109} INFO - Running <TaskInstance: postgres_22222222222.etl_from_radb_to_mrrdimcproducts 2023-03-29T16:21:51.925717+00:00 [running]> on host 0bc3da97cebb
[2023-03-29 16:21:55,877] {taskinstance.py:1254} INFO - Exporting the following env vars:
AIRFLOW_CTX_DAG_OWNER=***
AIRFLOW_CTX_DAG_ID=postgres_22222222222
AIRFLOW_CTX_TASK_ID=etl_from_radb_to_mrrdimcproducts
AIRFLOW_CTX_EXECUTION_DATE=2023-03-29T16:21:51.925717+00:00
AIRFLOW_CTX_DAG_RUN_ID=manual__2023-03-29T16:21:51.925717+00:00
[2023-03-29 16:21:55,941] {python.py:151} INFO - Done. Returned value was: None
[2023-03-29 16:21:55,957] {taskinstance.py:1219} INFO - Marking task as SUCCESS. dag_id=postgres_22222222222, task_id=etl_from_radb_to_mrrdimcproducts, execution_date=20230329T162151, start_date=20230329T162155, end_date=20230329T162155
[2023-03-29 16:21:56,017] {local_task_job.py:151} INFO - Task exited with return code 0
[2023-03-29 16:21:56,058] {local_task_job.py:261} INFO - 1 downstream tasks scheduled from follow-on schedule check
