[2023-03-30 05:07:04,325] {taskinstance.py:903} INFO - Dependencies all met for <TaskInstance: inovus_etl_odb_to_mrr.etl_odb_to_mrr_dim_products 2023-03-30T05:06:56.493958+00:00 [queued]>
[2023-03-30 05:07:04,347] {taskinstance.py:903} INFO - Dependencies all met for <TaskInstance: inovus_etl_odb_to_mrr.etl_odb_to_mrr_dim_products 2023-03-30T05:06:56.493958+00:00 [queued]>
[2023-03-30 05:07:04,349] {taskinstance.py:1095} INFO - 
--------------------------------------------------------------------------------
[2023-03-30 05:07:04,352] {taskinstance.py:1096} INFO - Starting attempt 1 of 1
[2023-03-30 05:07:04,353] {taskinstance.py:1097} INFO - 
--------------------------------------------------------------------------------
[2023-03-30 05:07:04,365] {taskinstance.py:1115} INFO - Executing <Task(PythonOperator): etl_odb_to_mrr_dim_products> on 2023-03-30T05:06:56.493958+00:00
[2023-03-30 05:07:04,371] {standard_task_runner.py:52} INFO - Started process 7944 to run task
[2023-03-30 05:07:04,379] {standard_task_runner.py:76} INFO - Running: ['***', 'tasks', 'run', 'inovus_etl_odb_to_mrr', 'etl_odb_to_mrr_dim_products', '2023-03-30T05:06:56.493958+00:00', '--job-id', '480', '--pool', 'default_pool', '--raw', '--subdir', 'DAGS_FOLDER/inovus_etl_odb_mrr.py', '--cfg-path', '/tmp/tmpftctlwzu', '--error-file', '/tmp/tmpd6gudb2t']
[2023-03-30 05:07:04,381] {standard_task_runner.py:77} INFO - Job 480: Subtask etl_odb_to_mrr_dim_products
[2023-03-30 05:07:04,434] {logging_mixin.py:109} INFO - Running <TaskInstance: inovus_etl_odb_to_mrr.etl_odb_to_mrr_dim_products 2023-03-30T05:06:56.493958+00:00 [running]> on host 0bc3da97cebb
[2023-03-30 05:07:04,496] {taskinstance.py:1254} INFO - Exporting the following env vars:
AIRFLOW_CTX_DAG_OWNER=***
AIRFLOW_CTX_DAG_ID=inovus_etl_odb_to_mrr
AIRFLOW_CTX_TASK_ID=etl_odb_to_mrr_dim_products
AIRFLOW_CTX_EXECUTION_DATE=2023-03-30T05:06:56.493958+00:00
AIRFLOW_CTX_DAG_RUN_ID=manual__2023-03-30T05:06:56.493958+00:00
[2023-03-30 05:07:04,575] {python.py:151} INFO - Done. Returned value was: None
[2023-03-30 05:07:04,594] {taskinstance.py:1219} INFO - Marking task as SUCCESS. dag_id=inovus_etl_odb_to_mrr, task_id=etl_odb_to_mrr_dim_products, execution_date=20230330T050656, start_date=20230330T050704, end_date=20230330T050704
[2023-03-30 05:07:04,637] {local_task_job.py:151} INFO - Task exited with return code 0
[2023-03-30 05:07:04,669] {local_task_job.py:261} INFO - 1 downstream tasks scheduled from follow-on schedule check
