[2023-03-29 16:32:17,428] {taskinstance.py:903} INFO - Dependencies all met for <TaskInstance: postgres_22222222222.log_error 2023-03-29T16:32:16.131585+00:00 [queued]>
[2023-03-29 16:32:17,468] {taskinstance.py:903} INFO - Dependencies all met for <TaskInstance: postgres_22222222222.log_error 2023-03-29T16:32:16.131585+00:00 [queued]>
[2023-03-29 16:32:17,471] {taskinstance.py:1095} INFO - 
--------------------------------------------------------------------------------
[2023-03-29 16:32:17,473] {taskinstance.py:1096} INFO - Starting attempt 1 of 1
[2023-03-29 16:32:17,480] {taskinstance.py:1097} INFO - 
--------------------------------------------------------------------------------
[2023-03-29 16:32:17,516] {taskinstance.py:1115} INFO - Executing <Task(PythonOperator): log_error> on 2023-03-29T16:32:16.131585+00:00
[2023-03-29 16:32:17,523] {standard_task_runner.py:52} INFO - Started process 27163 to run task
[2023-03-29 16:32:17,541] {standard_task_runner.py:76} INFO - Running: ['***', 'tasks', 'run', 'postgres_22222222222', 'log_error', '2023-03-29T16:32:16.131585+00:00', '--job-id', '362', '--pool', 'default_pool', '--raw', '--subdir', 'DAGS_FOLDER/ETL.py', '--cfg-path', '/tmp/tmpvgjav2jj', '--error-file', '/tmp/tmpgc_xxua8']
[2023-03-29 16:32:17,543] {standard_task_runner.py:77} INFO - Job 362: Subtask log_error
[2023-03-29 16:32:17,621] {logging_mixin.py:109} INFO - Running <TaskInstance: postgres_22222222222.log_error 2023-03-29T16:32:16.131585+00:00 [running]> on host 0bc3da97cebb
[2023-03-29 16:32:17,705] {taskinstance.py:1254} INFO - Exporting the following env vars:
AIRFLOW_CTX_DAG_OWNER=***
AIRFLOW_CTX_DAG_ID=postgres_22222222222
AIRFLOW_CTX_TASK_ID=log_error
AIRFLOW_CTX_EXECUTION_DATE=2023-03-29T16:32:16.131585+00:00
AIRFLOW_CTX_DAG_RUN_ID=manual__2023-03-29T16:32:16.131585+00:00
[2023-03-29 16:32:17,708] {ETL.py:70} ERROR - task is NOT completed
[2023-03-29 16:32:17,735] {python.py:151} INFO - Done. Returned value was: None
[2023-03-29 16:32:17,785] {taskinstance.py:1219} INFO - Marking task as SUCCESS. dag_id=postgres_22222222222, task_id=log_error, execution_date=20230329T163216, start_date=20230329T163217, end_date=20230329T163217
[2023-03-29 16:32:17,836] {local_task_job.py:151} INFO - Task exited with return code 0
[2023-03-29 16:32:17,903] {local_task_job.py:261} INFO - 0 downstream tasks scheduled from follow-on schedule check
