[2023-03-29 16:50:38,053] {taskinstance.py:903} INFO - Dependencies all met for <TaskInstance: postgres_22222222222.log_suc 2023-03-29T16:50:31.554255+00:00 [queued]>
[2023-03-29 16:50:38,069] {taskinstance.py:903} INFO - Dependencies all met for <TaskInstance: postgres_22222222222.log_suc 2023-03-29T16:50:31.554255+00:00 [queued]>
[2023-03-29 16:50:38,070] {taskinstance.py:1095} INFO - 
--------------------------------------------------------------------------------
[2023-03-29 16:50:38,072] {taskinstance.py:1096} INFO - Starting attempt 1 of 1
[2023-03-29 16:50:38,073] {taskinstance.py:1097} INFO - 
--------------------------------------------------------------------------------
[2023-03-29 16:50:38,093] {taskinstance.py:1115} INFO - Executing <Task(PythonOperator): log_suc> on 2023-03-29T16:50:31.554255+00:00
[2023-03-29 16:50:38,100] {standard_task_runner.py:52} INFO - Started process 28118 to run task
[2023-03-29 16:50:38,115] {standard_task_runner.py:76} INFO - Running: ['***', 'tasks', 'run', 'postgres_22222222222', 'log_suc', '2023-03-29T16:50:31.554255+00:00', '--job-id', '433', '--pool', 'default_pool', '--raw', '--subdir', 'DAGS_FOLDER/ETL.py', '--cfg-path', '/tmp/tmpmzd2gp73', '--error-file', '/tmp/tmpbge2212z']
[2023-03-29 16:50:38,117] {standard_task_runner.py:77} INFO - Job 433: Subtask log_suc
[2023-03-29 16:50:38,194] {logging_mixin.py:109} INFO - Running <TaskInstance: postgres_22222222222.log_suc 2023-03-29T16:50:31.554255+00:00 [running]> on host 0bc3da97cebb
[2023-03-29 16:50:38,278] {taskinstance.py:1254} INFO - Exporting the following env vars:
AIRFLOW_CTX_DAG_OWNER=***
AIRFLOW_CTX_DAG_ID=postgres_22222222222
AIRFLOW_CTX_TASK_ID=log_suc
AIRFLOW_CTX_EXECUTION_DATE=2023-03-29T16:50:31.554255+00:00
AIRFLOW_CTX_DAG_RUN_ID=manual__2023-03-29T16:50:31.554255+00:00
[2023-03-29 16:50:38,328] {python.py:151} INFO - Done. Returned value was: None
[2023-03-29 16:50:38,379] {taskinstance.py:1219} INFO - Marking task as SUCCESS. dag_id=postgres_22222222222, task_id=log_suc, execution_date=20230329T165031, start_date=20230329T165038, end_date=20230329T165038
[2023-03-29 16:50:38,494] {local_task_job.py:151} INFO - Task exited with return code 0
[2023-03-29 16:50:38,544] {local_task_job.py:261} INFO - 0 downstream tasks scheduled from follow-on schedule check
