[2023-03-29 16:08:29,392] {taskinstance.py:903} INFO - Dependencies all met for <TaskInstance: postgres_22222222222.date_update_mrr 2023-03-29T16:08:24.404959+00:00 [queued]>
[2023-03-29 16:08:29,409] {taskinstance.py:903} INFO - Dependencies all met for <TaskInstance: postgres_22222222222.date_update_mrr 2023-03-29T16:08:24.404959+00:00 [queued]>
[2023-03-29 16:08:29,410] {taskinstance.py:1095} INFO - 
--------------------------------------------------------------------------------
[2023-03-29 16:08:29,412] {taskinstance.py:1096} INFO - Starting attempt 1 of 1
[2023-03-29 16:08:29,413] {taskinstance.py:1097} INFO - 
--------------------------------------------------------------------------------
[2023-03-29 16:08:29,446] {taskinstance.py:1115} INFO - Executing <Task(PythonOperator): date_update_mrr> on 2023-03-29T16:08:24.404959+00:00
[2023-03-29 16:08:29,452] {standard_task_runner.py:52} INFO - Started process 25900 to run task
[2023-03-29 16:08:29,460] {standard_task_runner.py:76} INFO - Running: ['***', 'tasks', 'run', 'postgres_22222222222', 'date_update_mrr', '2023-03-29T16:08:24.404959+00:00', '--job-id', '276', '--pool', 'default_pool', '--raw', '--subdir', 'DAGS_FOLDER/ETL.py', '--cfg-path', '/tmp/tmp8pjkq3pu', '--error-file', '/tmp/tmpy7d99xrj']
[2023-03-29 16:08:29,461] {standard_task_runner.py:77} INFO - Job 276: Subtask date_update_mrr
[2023-03-29 16:08:29,514] {logging_mixin.py:109} INFO - Running <TaskInstance: postgres_22222222222.date_update_mrr 2023-03-29T16:08:24.404959+00:00 [running]> on host 0bc3da97cebb
[2023-03-29 16:08:29,565] {taskinstance.py:1254} INFO - Exporting the following env vars:
AIRFLOW_CTX_DAG_OWNER=***
AIRFLOW_CTX_DAG_ID=postgres_22222222222
AIRFLOW_CTX_TASK_ID=date_update_mrr
AIRFLOW_CTX_EXECUTION_DATE=2023-03-29T16:08:24.404959+00:00
AIRFLOW_CTX_DAG_RUN_ID=manual__2023-03-29T16:08:24.404959+00:00
[2023-03-29 16:08:29,591] {python.py:151} INFO - Done. Returned value was: None
[2023-03-29 16:08:29,606] {taskinstance.py:1219} INFO - Marking task as SUCCESS. dag_id=postgres_22222222222, task_id=date_update_mrr, execution_date=20230329T160824, start_date=20230329T160829, end_date=20230329T160829
[2023-03-29 16:08:29,640] {local_task_job.py:151} INFO - Task exited with return code 0
[2023-03-29 16:08:29,671] {local_task_job.py:261} INFO - 1 downstream tasks scheduled from follow-on schedule check
