[2023-03-28 10:16:35,331] {taskinstance.py:903} INFO - Dependencies all met for <TaskInstance: example_python_operator.sleep_for_2 2023-03-28T10:16:30.912776+00:00 [queued]>
[2023-03-28 10:16:35,399] {taskinstance.py:903} INFO - Dependencies all met for <TaskInstance: example_python_operator.sleep_for_2 2023-03-28T10:16:30.912776+00:00 [queued]>
[2023-03-28 10:16:35,405] {taskinstance.py:1095} INFO - 
--------------------------------------------------------------------------------
[2023-03-28 10:16:35,414] {taskinstance.py:1096} INFO - Starting attempt 1 of 1
[2023-03-28 10:16:35,416] {taskinstance.py:1097} INFO - 
--------------------------------------------------------------------------------
[2023-03-28 10:16:35,458] {taskinstance.py:1115} INFO - Executing <Task(PythonOperator): sleep_for_2> on 2023-03-28T10:16:30.912776+00:00
[2023-03-28 10:16:35,480] {standard_task_runner.py:52} INFO - Started process 421 to run task
[2023-03-28 10:16:35,554] {standard_task_runner.py:76} INFO - Running: ['***', 'tasks', 'run', 'example_python_operator', 'sleep_for_2', '2023-03-28T10:16:30.912776+00:00', '--job-id', '5', '--pool', 'default_pool', '--raw', '--subdir', '/home/***/.local/lib/python3.6/site-packages/***/example_dags/example_python_operator.py', '--cfg-path', '/tmp/tmpd4cx5hr5', '--error-file', '/tmp/tmpr0h83sm5']
[2023-03-28 10:16:35,556] {standard_task_runner.py:77} INFO - Job 5: Subtask sleep_for_2
[2023-03-28 10:16:35,701] {logging_mixin.py:109} INFO - Running <TaskInstance: example_python_operator.sleep_for_2 2023-03-28T10:16:30.912776+00:00 [running]> on host da0f6ea143ee
[2023-03-28 10:16:35,831] {taskinstance.py:1254} INFO - Exporting the following env vars:
AIRFLOW_CTX_DAG_OWNER=***
AIRFLOW_CTX_DAG_ID=example_python_operator
AIRFLOW_CTX_TASK_ID=sleep_for_2
AIRFLOW_CTX_EXECUTION_DATE=2023-03-28T10:16:30.912776+00:00
AIRFLOW_CTX_DAG_RUN_ID=manual__2023-03-28T10:16:30.912776+00:00
[2023-03-28 10:16:36,034] {python.py:151} INFO - Done. Returned value was: None
[2023-03-28 10:16:36,058] {taskinstance.py:1219} INFO - Marking task as SUCCESS. dag_id=example_python_operator, task_id=sleep_for_2, execution_date=20230328T101630, start_date=20230328T101635, end_date=20230328T101636
[2023-03-28 10:16:36,142] {local_task_job.py:151} INFO - Task exited with return code 0
[2023-03-28 10:16:36,217] {local_task_job.py:261} INFO - 0 downstream tasks scheduled from follow-on schedule check
