[2023-03-28 18:45:58,246] {taskinstance.py:903} INFO - Dependencies all met for <TaskInstance: inovus_etl_dag_mrr_to_stg.etl_from_mrrdimcustomer_to_stgdimcustomer 2023-03-28T18:45:56.353836+00:00 [queued]>
[2023-03-28 18:45:58,280] {taskinstance.py:903} INFO - Dependencies all met for <TaskInstance: inovus_etl_dag_mrr_to_stg.etl_from_mrrdimcustomer_to_stgdimcustomer 2023-03-28T18:45:56.353836+00:00 [queued]>
[2023-03-28 18:45:58,284] {taskinstance.py:1095} INFO - 
--------------------------------------------------------------------------------
[2023-03-28 18:45:58,285] {taskinstance.py:1096} INFO - Starting attempt 1 of 1
[2023-03-28 18:45:58,286] {taskinstance.py:1097} INFO - 
--------------------------------------------------------------------------------
[2023-03-28 18:45:58,305] {taskinstance.py:1115} INFO - Executing <Task(PythonOperator): etl_from_mrrdimcustomer_to_stgdimcustomer> on 2023-03-28T18:45:56.353836+00:00
[2023-03-28 18:45:58,315] {standard_task_runner.py:52} INFO - Started process 9644 to run task
[2023-03-28 18:45:58,337] {standard_task_runner.py:76} INFO - Running: ['***', 'tasks', 'run', 'inovus_etl_dag_mrr_to_stg', 'etl_from_mrrdimcustomer_to_stgdimcustomer', '2023-03-28T18:45:56.353836+00:00', '--job-id', '86', '--pool', 'default_pool', '--raw', '--subdir', 'DAGS_FOLDER/inovus_etl_mrr_stg.py', '--cfg-path', '/tmp/tmpk9h6ofei', '--error-file', '/tmp/tmp2po48e1y']
[2023-03-28 18:45:58,340] {standard_task_runner.py:77} INFO - Job 86: Subtask etl_from_mrrdimcustomer_to_stgdimcustomer
[2023-03-28 18:45:58,449] {logging_mixin.py:109} INFO - Running <TaskInstance: inovus_etl_dag_mrr_to_stg.etl_from_mrrdimcustomer_to_stgdimcustomer 2023-03-28T18:45:56.353836+00:00 [running]> on host 0bc3da97cebb
[2023-03-28 18:45:58,653] {taskinstance.py:1254} INFO - Exporting the following env vars:
AIRFLOW_CTX_DAG_OWNER=***
AIRFLOW_CTX_DAG_ID=inovus_etl_dag_mrr_to_stg
AIRFLOW_CTX_TASK_ID=etl_from_mrrdimcustomer_to_stgdimcustomer
AIRFLOW_CTX_EXECUTION_DATE=2023-03-28T18:45:56.353836+00:00
AIRFLOW_CTX_DAG_RUN_ID=manual__2023-03-28T18:45:56.353836+00:00
[2023-03-28 18:45:58,758] {python.py:151} INFO - Done. Returned value was: None
[2023-03-28 18:45:58,821] {taskinstance.py:1219} INFO - Marking task as SUCCESS. dag_id=inovus_etl_dag_mrr_to_stg, task_id=etl_from_mrrdimcustomer_to_stgdimcustomer, execution_date=20230328T184556, start_date=20230328T184558, end_date=20230328T184558
[2023-03-28 18:45:58,929] {local_task_job.py:151} INFO - Task exited with return code 0
[2023-03-28 18:45:59,012] {local_task_job.py:261} INFO - 0 downstream tasks scheduled from follow-on schedule check
