[2023-03-31 00:09:09,675] {taskinstance.py:903} INFO - Dependencies all met for <TaskInstance: inovus_etl_dag_mrr_to_stg.etl_from_mrr_dimcproducts_to_stg_dimcproducts 2023-03-30T00:00:00+00:00 [queued]>
[2023-03-31 00:09:09,798] {taskinstance.py:903} INFO - Dependencies all met for <TaskInstance: inovus_etl_dag_mrr_to_stg.etl_from_mrr_dimcproducts_to_stg_dimcproducts 2023-03-30T00:00:00+00:00 [queued]>
[2023-03-31 00:09:09,812] {taskinstance.py:1095} INFO - 
--------------------------------------------------------------------------------
[2023-03-31 00:09:09,815] {taskinstance.py:1096} INFO - Starting attempt 1 of 1
[2023-03-31 00:09:09,818] {taskinstance.py:1097} INFO - 
--------------------------------------------------------------------------------
[2023-03-31 00:09:09,896] {taskinstance.py:1115} INFO - Executing <Task(PythonOperator): etl_from_mrr_dimcproducts_to_stg_dimcproducts> on 2023-03-30T00:00:00+00:00
[2023-03-31 00:09:09,940] {standard_task_runner.py:52} INFO - Started process 1434 to run task
[2023-03-31 00:09:10,018] {standard_task_runner.py:76} INFO - Running: ['***', 'tasks', 'run', 'inovus_etl_dag_mrr_to_stg', 'etl_from_mrr_dimcproducts_to_stg_dimcproducts', '2023-03-30T00:00:00+00:00', '--job-id', '495', '--pool', 'default_pool', '--raw', '--subdir', 'DAGS_FOLDER/inovus_etl_mrr_stg.py', '--cfg-path', '/tmp/tmp7q1uhwax', '--error-file', '/tmp/tmpplvqeiu9']
[2023-03-31 00:09:10,053] {standard_task_runner.py:77} INFO - Job 495: Subtask etl_from_mrr_dimcproducts_to_stg_dimcproducts
[2023-03-31 00:09:10,868] {logging_mixin.py:109} INFO - Running <TaskInstance: inovus_etl_dag_mrr_to_stg.etl_from_mrr_dimcproducts_to_stg_dimcproducts 2023-03-30T00:00:00+00:00 [running]> on host 0bc3da97cebb
[2023-03-31 00:09:11,563] {taskinstance.py:1254} INFO - Exporting the following env vars:
AIRFLOW_CTX_DAG_OWNER=***
AIRFLOW_CTX_DAG_ID=inovus_etl_dag_mrr_to_stg
AIRFLOW_CTX_TASK_ID=etl_from_mrr_dimcproducts_to_stg_dimcproducts
AIRFLOW_CTX_EXECUTION_DATE=2023-03-30T00:00:00+00:00
AIRFLOW_CTX_DAG_RUN_ID=scheduled__2023-03-30T00:00:00+00:00
[2023-03-31 00:09:11,975] {python.py:151} INFO - Done. Returned value was: None
[2023-03-31 00:09:12,185] {taskinstance.py:1219} INFO - Marking task as SUCCESS. dag_id=inovus_etl_dag_mrr_to_stg, task_id=etl_from_mrr_dimcproducts_to_stg_dimcproducts, execution_date=20230330T000000, start_date=20230331T000909, end_date=20230331T000912
[2023-03-31 00:09:12,737] {local_task_job.py:151} INFO - Task exited with return code 0
[2023-03-31 00:09:13,036] {local_task_job.py:261} INFO - 0 downstream tasks scheduled from follow-on schedule check
