[2023-03-28 18:51:25,080] {taskinstance.py:903} INFO - Dependencies all met for <TaskInstance: postgres_etl_dag_radb_to_mrr.etl_from_radb_to_mrrdimcproducts 2023-03-28T18:51:22.164948+00:00 [queued]>
[2023-03-28 18:51:25,180] {taskinstance.py:903} INFO - Dependencies all met for <TaskInstance: postgres_etl_dag_radb_to_mrr.etl_from_radb_to_mrrdimcproducts 2023-03-28T18:51:22.164948+00:00 [queued]>
[2023-03-28 18:51:25,182] {taskinstance.py:1095} INFO - 
--------------------------------------------------------------------------------
[2023-03-28 18:51:25,185] {taskinstance.py:1096} INFO - Starting attempt 1 of 1
[2023-03-28 18:51:25,188] {taskinstance.py:1097} INFO - 
--------------------------------------------------------------------------------
[2023-03-28 18:51:25,235] {taskinstance.py:1115} INFO - Executing <Task(PythonOperator): etl_from_radb_to_mrrdimcproducts> on 2023-03-28T18:51:22.164948+00:00
[2023-03-28 18:51:25,250] {standard_task_runner.py:52} INFO - Started process 9909 to run task
[2023-03-28 18:51:25,320] {standard_task_runner.py:76} INFO - Running: ['***', 'tasks', 'run', 'postgres_etl_dag_radb_to_mrr', 'etl_from_radb_to_mrrdimcproducts', '2023-03-28T18:51:22.164948+00:00', '--job-id', '93', '--pool', 'default_pool', '--raw', '--subdir', 'DAGS_FOLDER/inovus_etl_radb_mrr.py', '--cfg-path', '/tmp/tmp_2nax2k1', '--error-file', '/tmp/tmpvevpt6_q']
[2023-03-28 18:51:25,323] {standard_task_runner.py:77} INFO - Job 93: Subtask etl_from_radb_to_mrrdimcproducts
[2023-03-28 18:51:25,513] {logging_mixin.py:109} INFO - Running <TaskInstance: postgres_etl_dag_radb_to_mrr.etl_from_radb_to_mrrdimcproducts 2023-03-28T18:51:22.164948+00:00 [running]> on host 0bc3da97cebb
[2023-03-28 18:51:25,666] {taskinstance.py:1254} INFO - Exporting the following env vars:
AIRFLOW_CTX_DAG_OWNER=***
AIRFLOW_CTX_DAG_ID=postgres_etl_dag_radb_to_mrr
AIRFLOW_CTX_TASK_ID=etl_from_radb_to_mrrdimcproducts
AIRFLOW_CTX_EXECUTION_DATE=2023-03-28T18:51:22.164948+00:00
AIRFLOW_CTX_DAG_RUN_ID=manual__2023-03-28T18:51:22.164948+00:00
[2023-03-28 18:51:25,830] {python.py:151} INFO - Done. Returned value was: None
[2023-03-28 18:51:25,891] {taskinstance.py:1219} INFO - Marking task as SUCCESS. dag_id=postgres_etl_dag_radb_to_mrr, task_id=etl_from_radb_to_mrrdimcproducts, execution_date=20230328T185122, start_date=20230328T185125, end_date=20230328T185125
[2023-03-28 18:51:25,986] {local_task_job.py:151} INFO - Task exited with return code 0
[2023-03-28 18:51:26,095] {local_task_job.py:261} INFO - 0 downstream tasks scheduled from follow-on schedule check
