[2023-03-29 16:56:45,588] {taskinstance.py:903} INFO - Dependencies all met for <TaskInstance: postgres_22222222222.etl_from_radb_to_mrrdimcproducts 2023-03-29T16:56:39.409417+00:00 [queued]>
[2023-03-29 16:56:45,603] {taskinstance.py:903} INFO - Dependencies all met for <TaskInstance: postgres_22222222222.etl_from_radb_to_mrrdimcproducts 2023-03-29T16:56:39.409417+00:00 [queued]>
[2023-03-29 16:56:45,605] {taskinstance.py:1095} INFO - 
--------------------------------------------------------------------------------
[2023-03-29 16:56:45,606] {taskinstance.py:1096} INFO - Starting attempt 1 of 1
[2023-03-29 16:56:45,607] {taskinstance.py:1097} INFO - 
--------------------------------------------------------------------------------
[2023-03-29 16:56:45,629] {taskinstance.py:1115} INFO - Executing <Task(PythonOperator): etl_from_radb_to_mrrdimcproducts> on 2023-03-29T16:56:39.409417+00:00
[2023-03-29 16:56:45,635] {standard_task_runner.py:52} INFO - Started process 28435 to run task
[2023-03-29 16:56:45,656] {standard_task_runner.py:76} INFO - Running: ['***', 'tasks', 'run', 'postgres_22222222222', 'etl_from_radb_to_mrrdimcproducts', '2023-03-29T16:56:39.409417+00:00', '--job-id', '448', '--pool', 'default_pool', '--raw', '--subdir', 'DAGS_FOLDER/ETL.py', '--cfg-path', '/tmp/tmp6ymjylxs', '--error-file', '/tmp/tmpkxujca90']
[2023-03-29 16:56:45,658] {standard_task_runner.py:77} INFO - Job 448: Subtask etl_from_radb_to_mrrdimcproducts
[2023-03-29 16:56:45,730] {logging_mixin.py:109} INFO - Running <TaskInstance: postgres_22222222222.etl_from_radb_to_mrrdimcproducts 2023-03-29T16:56:39.409417+00:00 [running]> on host 0bc3da97cebb
[2023-03-29 16:56:45,801] {taskinstance.py:1254} INFO - Exporting the following env vars:
AIRFLOW_CTX_DAG_OWNER=***
AIRFLOW_CTX_DAG_ID=postgres_22222222222
AIRFLOW_CTX_TASK_ID=etl_from_radb_to_mrrdimcproducts
AIRFLOW_CTX_EXECUTION_DATE=2023-03-29T16:56:39.409417+00:00
AIRFLOW_CTX_DAG_RUN_ID=manual__2023-03-29T16:56:39.409417+00:00
[2023-03-29 16:56:45,858] {python.py:151} INFO - Done. Returned value was: None
[2023-03-29 16:56:45,882] {taskinstance.py:1219} INFO - Marking task as SUCCESS. dag_id=postgres_22222222222, task_id=etl_from_radb_to_mrrdimcproducts, execution_date=20230329T165639, start_date=20230329T165645, end_date=20230329T165645
[2023-03-29 16:56:45,951] {local_task_job.py:151} INFO - Task exited with return code 0
[2023-03-29 16:56:45,990] {local_task_job.py:261} INFO - 1 downstream tasks scheduled from follow-on schedule check
