[2023-03-28 18:45:17,800] {taskinstance.py:903} INFO - Dependencies all met for <TaskInstance: inovus_etl_dag_mrr_to_stg.etl_from_mrrfsales_to_stgfsales 2023-03-28T18:45:11.634228+00:00 [queued]>
[2023-03-28 18:45:18,101] {taskinstance.py:903} INFO - Dependencies all met for <TaskInstance: inovus_etl_dag_mrr_to_stg.etl_from_mrrfsales_to_stgfsales 2023-03-28T18:45:11.634228+00:00 [queued]>
[2023-03-28 18:45:18,105] {taskinstance.py:1095} INFO - 
--------------------------------------------------------------------------------
[2023-03-28 18:45:18,110] {taskinstance.py:1096} INFO - Starting attempt 1 of 1
[2023-03-28 18:45:18,112] {taskinstance.py:1097} INFO - 
--------------------------------------------------------------------------------
[2023-03-28 18:45:18,209] {taskinstance.py:1115} INFO - Executing <Task(PythonOperator): etl_from_mrrfsales_to_stgfsales> on 2023-03-28T18:45:11.634228+00:00
[2023-03-28 18:45:18,383] {standard_task_runner.py:76} INFO - Running: ['***', 'tasks', 'run', 'inovus_etl_dag_mrr_to_stg', 'etl_from_mrrfsales_to_stgfsales', '2023-03-28T18:45:11.634228+00:00', '--job-id', '80', '--pool', 'default_pool', '--raw', '--subdir', 'DAGS_FOLDER/inovus_etl_mrr_stg.py', '--cfg-path', '/tmp/tmpj9b57bao', '--error-file', '/tmp/tmpj7l2kc9l']
[2023-03-28 18:45:18,405] {standard_task_runner.py:77} INFO - Job 80: Subtask etl_from_mrrfsales_to_stgfsales
[2023-03-28 18:45:18,290] {standard_task_runner.py:52} INFO - Started process 9601 to run task
[2023-03-28 18:45:18,815] {logging_mixin.py:109} INFO - Running <TaskInstance: inovus_etl_dag_mrr_to_stg.etl_from_mrrfsales_to_stgfsales 2023-03-28T18:45:11.634228+00:00 [running]> on host 0bc3da97cebb
[2023-03-28 18:45:19,150] {taskinstance.py:1254} INFO - Exporting the following env vars:
AIRFLOW_CTX_DAG_OWNER=***
AIRFLOW_CTX_DAG_ID=inovus_etl_dag_mrr_to_stg
AIRFLOW_CTX_TASK_ID=etl_from_mrrfsales_to_stgfsales
AIRFLOW_CTX_EXECUTION_DATE=2023-03-28T18:45:11.634228+00:00
AIRFLOW_CTX_DAG_RUN_ID=manual__2023-03-28T18:45:11.634228+00:00
[2023-03-28 18:45:19,290] {python.py:151} INFO - Done. Returned value was: None
[2023-03-28 18:45:19,407] {taskinstance.py:1219} INFO - Marking task as SUCCESS. dag_id=inovus_etl_dag_mrr_to_stg, task_id=etl_from_mrrfsales_to_stgfsales, execution_date=20230328T184511, start_date=20230328T184517, end_date=20230328T184519
[2023-03-28 18:45:19,633] {local_task_job.py:151} INFO - Task exited with return code 0
[2023-03-28 18:45:19,724] {local_task_job.py:261} INFO - 0 downstream tasks scheduled from follow-on schedule check
