[2023-03-29 14:24:37,740] {taskinstance.py:903} INFO - Dependencies all met for <TaskInstance: postgres_2222.etl_from_radb_to_mrrfsales 2023-03-27T00:00:00+00:00 [queued]>
[2023-03-29 14:24:38,026] {taskinstance.py:903} INFO - Dependencies all met for <TaskInstance: postgres_2222.etl_from_radb_to_mrrfsales 2023-03-27T00:00:00+00:00 [queued]>
[2023-03-29 14:24:38,030] {taskinstance.py:1095} INFO - 
--------------------------------------------------------------------------------
[2023-03-29 14:24:38,038] {taskinstance.py:1096} INFO - Starting attempt 1 of 1
[2023-03-29 14:24:38,085] {taskinstance.py:1097} INFO - 
--------------------------------------------------------------------------------
[2023-03-29 14:24:38,387] {taskinstance.py:1115} INFO - Executing <Task(PythonOperator): etl_from_radb_to_mrrfsales> on 2023-03-27T00:00:00+00:00
[2023-03-29 14:24:38,515] {standard_task_runner.py:76} INFO - Running: ['***', 'tasks', 'run', 'postgres_2222', 'etl_from_radb_to_mrrfsales', '2023-03-27T00:00:00+00:00', '--job-id', '142', '--pool', 'default_pool', '--raw', '--subdir', 'DAGS_FOLDER/ETL.py', '--cfg-path', '/tmp/tmpequtjhau', '--error-file', '/tmp/tmp8ft0xkz_']
[2023-03-29 14:24:38,624] {standard_task_runner.py:77} INFO - Job 142: Subtask etl_from_radb_to_mrrfsales
[2023-03-29 14:24:38,472] {standard_task_runner.py:52} INFO - Started process 20896 to run task
[2023-03-29 14:24:38,901] {logging_mixin.py:109} INFO - Running <TaskInstance: postgres_2222.etl_from_radb_to_mrrfsales 2023-03-27T00:00:00+00:00 [running]> on host 0bc3da97cebb
[2023-03-29 14:24:39,387] {taskinstance.py:1254} INFO - Exporting the following env vars:
AIRFLOW_CTX_DAG_OWNER=***
AIRFLOW_CTX_DAG_ID=postgres_2222
AIRFLOW_CTX_TASK_ID=etl_from_radb_to_mrrfsales
AIRFLOW_CTX_EXECUTION_DATE=2023-03-27T00:00:00+00:00
AIRFLOW_CTX_DAG_RUN_ID=scheduled__2023-03-27T00:00:00+00:00
[2023-03-29 14:24:40,832] {python.py:151} INFO - Done. Returned value was: None
[2023-03-29 14:24:40,898] {taskinstance.py:1219} INFO - Marking task as SUCCESS. dag_id=postgres_2222, task_id=etl_from_radb_to_mrrfsales, execution_date=20230327T000000, start_date=20230329T142437, end_date=20230329T142440
[2023-03-29 14:24:41,157] {local_task_job.py:151} INFO - Task exited with return code 0
[2023-03-29 14:24:41,330] {local_task_job.py:261} INFO - 1 downstream tasks scheduled from follow-on schedule check
