[2023-03-29 07:40:19,462] {taskinstance.py:903} INFO - Dependencies all met for <TaskInstance: postgres_etl_dag_radb_to_mrr.date_update_mrr 2023-03-29T07:40:14.704395+00:00 [queued]>
[2023-03-29 07:40:19,488] {taskinstance.py:903} INFO - Dependencies all met for <TaskInstance: postgres_etl_dag_radb_to_mrr.date_update_mrr 2023-03-29T07:40:14.704395+00:00 [queued]>
[2023-03-29 07:40:19,493] {taskinstance.py:1095} INFO - 
--------------------------------------------------------------------------------
[2023-03-29 07:40:19,494] {taskinstance.py:1096} INFO - Starting attempt 1 of 1
[2023-03-29 07:40:19,495] {taskinstance.py:1097} INFO - 
--------------------------------------------------------------------------------
[2023-03-29 07:40:19,516] {taskinstance.py:1115} INFO - Executing <Task(PythonOperator): date_update_mrr> on 2023-03-29T07:40:14.704395+00:00
[2023-03-29 07:40:19,525] {standard_task_runner.py:52} INFO - Started process 2589 to run task
[2023-03-29 07:40:19,541] {standard_task_runner.py:76} INFO - Running: ['***', 'tasks', 'run', 'postgres_etl_dag_radb_to_mrr', 'date_update_mrr', '2023-03-29T07:40:14.704395+00:00', '--job-id', '130', '--pool', 'default_pool', '--raw', '--subdir', 'DAGS_FOLDER/inovus_etl_radb_mrr.py', '--cfg-path', '/tmp/tmp3e9kjh5c', '--error-file', '/tmp/tmp6rnukavu']
[2023-03-29 07:40:19,548] {standard_task_runner.py:77} INFO - Job 130: Subtask date_update_mrr
[2023-03-29 07:40:19,618] {logging_mixin.py:109} INFO - Running <TaskInstance: postgres_etl_dag_radb_to_mrr.date_update_mrr 2023-03-29T07:40:14.704395+00:00 [running]> on host 0bc3da97cebb
[2023-03-29 07:40:19,669] {taskinstance.py:1254} INFO - Exporting the following env vars:
AIRFLOW_CTX_DAG_OWNER=***
AIRFLOW_CTX_DAG_ID=postgres_etl_dag_radb_to_mrr
AIRFLOW_CTX_TASK_ID=date_update_mrr
AIRFLOW_CTX_EXECUTION_DATE=2023-03-29T07:40:14.704395+00:00
AIRFLOW_CTX_DAG_RUN_ID=manual__2023-03-29T07:40:14.704395+00:00
[2023-03-29 07:40:19,695] {python.py:151} INFO - Done. Returned value was: None
[2023-03-29 07:40:19,709] {taskinstance.py:1219} INFO - Marking task as SUCCESS. dag_id=postgres_etl_dag_radb_to_mrr, task_id=date_update_mrr, execution_date=20230329T074014, start_date=20230329T074019, end_date=20230329T074019
[2023-03-29 07:40:19,759] {local_task_job.py:151} INFO - Task exited with return code 0
[2023-03-29 07:40:19,789] {local_task_job.py:261} INFO - 0 downstream tasks scheduled from follow-on schedule check
