[2023-03-28 18:08:42,394] {taskinstance.py:903} INFO - Dependencies all met for <TaskInstance: postgres_etl_dag_radb_to_mmr.etl_from_radb_to_mrrfsales 2023-03-28T18:08:39.265702+00:00 [queued]>
[2023-03-28 18:08:42,468] {taskinstance.py:903} INFO - Dependencies all met for <TaskInstance: postgres_etl_dag_radb_to_mmr.etl_from_radb_to_mrrfsales 2023-03-28T18:08:39.265702+00:00 [queued]>
[2023-03-28 18:08:42,470] {taskinstance.py:1095} INFO - 
--------------------------------------------------------------------------------
[2023-03-28 18:08:42,472] {taskinstance.py:1096} INFO - Starting attempt 1 of 1
[2023-03-28 18:08:42,474] {taskinstance.py:1097} INFO - 
--------------------------------------------------------------------------------
[2023-03-28 18:08:42,506] {taskinstance.py:1115} INFO - Executing <Task(PythonOperator): etl_from_radb_to_mrrfsales> on 2023-03-28T18:08:39.265702+00:00
[2023-03-28 18:08:42,521] {standard_task_runner.py:52} INFO - Started process 7790 to run task
[2023-03-28 18:08:42,567] {standard_task_runner.py:76} INFO - Running: ['***', 'tasks', 'run', 'postgres_etl_dag_radb_to_mmr', 'etl_from_radb_to_mrrfsales', '2023-03-28T18:08:39.265702+00:00', '--job-id', '34', '--pool', 'default_pool', '--raw', '--subdir', 'DAGS_FOLDER/inovus_etl_radb_mrr_stg_dwh.py', '--cfg-path', '/tmp/tmpe9x96kp0', '--error-file', '/tmp/tmp_qe9s5ai']
[2023-03-28 18:08:42,580] {standard_task_runner.py:77} INFO - Job 34: Subtask etl_from_radb_to_mrrfsales
[2023-03-28 18:08:42,721] {logging_mixin.py:109} INFO - Running <TaskInstance: postgres_etl_dag_radb_to_mmr.etl_from_radb_to_mrrfsales 2023-03-28T18:08:39.265702+00:00 [running]> on host 0bc3da97cebb
[2023-03-28 18:08:42,790] {taskinstance.py:1254} INFO - Exporting the following env vars:
AIRFLOW_CTX_DAG_OWNER=***
AIRFLOW_CTX_DAG_ID=postgres_etl_dag_radb_to_mmr
AIRFLOW_CTX_TASK_ID=etl_from_radb_to_mrrfsales
AIRFLOW_CTX_EXECUTION_DATE=2023-03-28T18:08:39.265702+00:00
AIRFLOW_CTX_DAG_RUN_ID=manual__2023-03-28T18:08:39.265702+00:00
[2023-03-28 18:08:43,028] {python.py:151} INFO - Done. Returned value was: None
[2023-03-28 18:08:43,054] {taskinstance.py:1219} INFO - Marking task as SUCCESS. dag_id=postgres_etl_dag_radb_to_mmr, task_id=etl_from_radb_to_mrrfsales, execution_date=20230328T180839, start_date=20230328T180842, end_date=20230328T180843
[2023-03-28 18:08:43,132] {local_task_job.py:151} INFO - Task exited with return code 0
[2023-03-28 18:08:43,188] {local_task_job.py:261} INFO - 0 downstream tasks scheduled from follow-on schedule check
