[2023-04-02 17:30:00,467] {taskinstance.py:903} INFO - Dependencies all met for <TaskInstance: inovus_etl_dag_stg_to_dwh.etl_from_stgdimcproducts_to_dwhdimcproducts 2023-04-02T17:29:57.741593+00:00 [queued]>
[2023-04-02 17:30:00,487] {taskinstance.py:903} INFO - Dependencies all met for <TaskInstance: inovus_etl_dag_stg_to_dwh.etl_from_stgdimcproducts_to_dwhdimcproducts 2023-04-02T17:29:57.741593+00:00 [queued]>
[2023-04-02 17:30:00,488] {taskinstance.py:1095} INFO - 
--------------------------------------------------------------------------------
[2023-04-02 17:30:00,490] {taskinstance.py:1096} INFO - Starting attempt 1 of 1
[2023-04-02 17:30:00,491] {taskinstance.py:1097} INFO - 
--------------------------------------------------------------------------------
[2023-04-02 17:30:00,527] {taskinstance.py:1115} INFO - Executing <Task(PythonOperator): etl_from_stgdimcproducts_to_dwhdimcproducts> on 2023-04-02T17:29:57.741593+00:00
[2023-04-02 17:30:00,533] {standard_task_runner.py:52} INFO - Started process 1027 to run task
[2023-04-02 17:30:00,540] {standard_task_runner.py:76} INFO - Running: ['***', 'tasks', 'run', 'inovus_etl_dag_stg_to_dwh', 'etl_from_stgdimcproducts_to_dwhdimcproducts', '2023-04-02T17:29:57.741593+00:00', '--job-id', '555', '--pool', 'default_pool', '--raw', '--subdir', 'DAGS_FOLDER/inovus_etl_stg_dwh.py', '--cfg-path', '/tmp/tmp7mersnd2', '--error-file', '/tmp/tmpf_9ue5ad']
[2023-04-02 17:30:00,542] {standard_task_runner.py:77} INFO - Job 555: Subtask etl_from_stgdimcproducts_to_dwhdimcproducts
[2023-04-02 17:30:00,603] {logging_mixin.py:109} INFO - Running <TaskInstance: inovus_etl_dag_stg_to_dwh.etl_from_stgdimcproducts_to_dwhdimcproducts 2023-04-02T17:29:57.741593+00:00 [running]> on host 580553a30a83
[2023-04-02 17:30:00,662] {taskinstance.py:1254} INFO - Exporting the following env vars:
AIRFLOW_CTX_DAG_OWNER=***
AIRFLOW_CTX_DAG_ID=inovus_etl_dag_stg_to_dwh
AIRFLOW_CTX_TASK_ID=etl_from_stgdimcproducts_to_dwhdimcproducts
AIRFLOW_CTX_EXECUTION_DATE=2023-04-02T17:29:57.741593+00:00
AIRFLOW_CTX_DAG_RUN_ID=manual__2023-04-02T17:29:57.741593+00:00
[2023-04-02 17:30:00,730] {python.py:151} INFO - Done. Returned value was: None
[2023-04-02 17:30:00,747] {taskinstance.py:1219} INFO - Marking task as SUCCESS. dag_id=inovus_etl_dag_stg_to_dwh, task_id=etl_from_stgdimcproducts_to_dwhdimcproducts, execution_date=20230402T172957, start_date=20230402T173000, end_date=20230402T173000
[2023-04-02 17:30:00,800] {local_task_job.py:151} INFO - Task exited with return code 0
[2023-04-02 17:30:00,834] {local_task_job.py:261} INFO - 1 downstream tasks scheduled from follow-on schedule check
