[2023-03-29 15:03:55,582] {taskinstance.py:903} INFO - Dependencies all met for <TaskInstance: postgres_22222222222.date_update_mrr 2023-03-29T15:03:53.055546+00:00 [queued]>
[2023-03-29 15:03:55,663] {taskinstance.py:903} INFO - Dependencies all met for <TaskInstance: postgres_22222222222.date_update_mrr 2023-03-29T15:03:53.055546+00:00 [queued]>
[2023-03-29 15:03:55,665] {taskinstance.py:1095} INFO - 
--------------------------------------------------------------------------------
[2023-03-29 15:03:55,667] {taskinstance.py:1096} INFO - Starting attempt 1 of 1
[2023-03-29 15:03:55,670] {taskinstance.py:1097} INFO - 
--------------------------------------------------------------------------------
[2023-03-29 15:03:55,741] {taskinstance.py:1115} INFO - Executing <Task(PythonOperator): date_update_mrr> on 2023-03-29T15:03:53.055546+00:00
[2023-03-29 15:03:55,823] {standard_task_runner.py:76} INFO - Running: ['***', 'tasks', 'run', 'postgres_22222222222', 'date_update_mrr', '2023-03-29T15:03:53.055546+00:00', '--job-id', '190', '--pool', 'default_pool', '--raw', '--subdir', 'DAGS_FOLDER/ETL.py', '--cfg-path', '/tmp/tmpoh10wgv2', '--error-file', '/tmp/tmpe9y7m15q']
[2023-03-29 15:03:55,852] {standard_task_runner.py:77} INFO - Job 190: Subtask date_update_mrr
[2023-03-29 15:03:55,774] {standard_task_runner.py:52} INFO - Started process 22773 to run task
[2023-03-29 15:03:56,131] {logging_mixin.py:109} INFO - Running <TaskInstance: postgres_22222222222.date_update_mrr 2023-03-29T15:03:53.055546+00:00 [running]> on host 0bc3da97cebb
[2023-03-29 15:03:56,282] {taskinstance.py:1254} INFO - Exporting the following env vars:
AIRFLOW_CTX_DAG_OWNER=***
AIRFLOW_CTX_DAG_ID=postgres_22222222222
AIRFLOW_CTX_TASK_ID=date_update_mrr
AIRFLOW_CTX_EXECUTION_DATE=2023-03-29T15:03:53.055546+00:00
AIRFLOW_CTX_DAG_RUN_ID=manual__2023-03-29T15:03:53.055546+00:00
[2023-03-29 15:03:56,349] {python.py:151} INFO - Done. Returned value was: None
[2023-03-29 15:03:56,375] {taskinstance.py:1219} INFO - Marking task as SUCCESS. dag_id=postgres_22222222222, task_id=date_update_mrr, execution_date=20230329T150353, start_date=20230329T150355, end_date=20230329T150356
[2023-03-29 15:03:56,446] {local_task_job.py:151} INFO - Task exited with return code 0
[2023-03-29 15:03:56,480] {local_task_job.py:261} INFO - 0 downstream tasks scheduled from follow-on schedule check
