[2023-03-29 15:01:29,341] {taskinstance.py:903} INFO - Dependencies all met for <TaskInstance: postgres_22222222222.etl_from_radb_to_mrrfsales 2023-03-29T15:01:24.221224+00:00 [queued]>
[2023-03-29 15:01:29,366] {taskinstance.py:903} INFO - Dependencies all met for <TaskInstance: postgres_22222222222.etl_from_radb_to_mrrfsales 2023-03-29T15:01:24.221224+00:00 [queued]>
[2023-03-29 15:01:29,367] {taskinstance.py:1095} INFO - 
--------------------------------------------------------------------------------
[2023-03-29 15:01:29,368] {taskinstance.py:1096} INFO - Starting attempt 1 of 1
[2023-03-29 15:01:29,371] {taskinstance.py:1097} INFO - 
--------------------------------------------------------------------------------
[2023-03-29 15:01:29,397] {taskinstance.py:1115} INFO - Executing <Task(PythonOperator): etl_from_radb_to_mrrfsales> on 2023-03-29T15:01:24.221224+00:00
[2023-03-29 15:01:29,418] {standard_task_runner.py:76} INFO - Running: ['***', 'tasks', 'run', 'postgres_22222222222', 'etl_from_radb_to_mrrfsales', '2023-03-29T15:01:24.221224+00:00', '--job-id', '185', '--pool', 'default_pool', '--raw', '--subdir', 'DAGS_FOLDER/ETL.py', '--cfg-path', '/tmp/tmp0e9x57fz', '--error-file', '/tmp/tmpyht3z_gh']
[2023-03-29 15:01:29,423] {standard_task_runner.py:77} INFO - Job 185: Subtask etl_from_radb_to_mrrfsales
[2023-03-29 15:01:29,409] {standard_task_runner.py:52} INFO - Started process 22653 to run task
[2023-03-29 15:01:29,527] {logging_mixin.py:109} INFO - Running <TaskInstance: postgres_22222222222.etl_from_radb_to_mrrfsales 2023-03-29T15:01:24.221224+00:00 [running]> on host 0bc3da97cebb
[2023-03-29 15:01:29,617] {taskinstance.py:1254} INFO - Exporting the following env vars:
AIRFLOW_CTX_DAG_OWNER=***
AIRFLOW_CTX_DAG_ID=postgres_22222222222
AIRFLOW_CTX_TASK_ID=etl_from_radb_to_mrrfsales
AIRFLOW_CTX_EXECUTION_DATE=2023-03-29T15:01:24.221224+00:00
AIRFLOW_CTX_DAG_RUN_ID=manual__2023-03-29T15:01:24.221224+00:00
[2023-03-29 15:01:29,733] {python.py:151} INFO - Done. Returned value was: None
[2023-03-29 15:01:29,757] {taskinstance.py:1219} INFO - Marking task as SUCCESS. dag_id=postgres_22222222222, task_id=etl_from_radb_to_mrrfsales, execution_date=20230329T150124, start_date=20230329T150129, end_date=20230329T150129
[2023-03-29 15:01:29,869] {local_task_job.py:151} INFO - Task exited with return code 0
[2023-03-29 15:01:29,935] {local_task_job.py:261} INFO - 0 downstream tasks scheduled from follow-on schedule check
