[2023-03-31 18:01:11,405] {taskinstance.py:903} INFO - Dependencies all met for <TaskInstance: inovus_etl_dag_stg_to_dwh.etl_from_stgdimcproducts_to_dwhdimcproducts 2023-03-31T18:01:09.398522+00:00 [queued]>
[2023-03-31 18:01:11,424] {taskinstance.py:903} INFO - Dependencies all met for <TaskInstance: inovus_etl_dag_stg_to_dwh.etl_from_stgdimcproducts_to_dwhdimcproducts 2023-03-31T18:01:09.398522+00:00 [queued]>
[2023-03-31 18:01:11,426] {taskinstance.py:1095} INFO - 
--------------------------------------------------------------------------------
[2023-03-31 18:01:11,428] {taskinstance.py:1096} INFO - Starting attempt 1 of 1
[2023-03-31 18:01:11,429] {taskinstance.py:1097} INFO - 
--------------------------------------------------------------------------------
[2023-03-31 18:01:11,439] {taskinstance.py:1115} INFO - Executing <Task(PythonOperator): etl_from_stgdimcproducts_to_dwhdimcproducts> on 2023-03-31T18:01:09.398522+00:00
[2023-03-31 18:01:11,448] {standard_task_runner.py:76} INFO - Running: ['***', 'tasks', 'run', 'inovus_etl_dag_stg_to_dwh', 'etl_from_stgdimcproducts_to_dwhdimcproducts', '2023-03-31T18:01:09.398522+00:00', '--job-id', '510', '--pool', 'default_pool', '--raw', '--subdir', 'DAGS_FOLDER/inovus_etl_stg_dwh.py', '--cfg-path', '/tmp/tmpmm5yfgh7', '--error-file', '/tmp/tmpogqcwesw']
[2023-03-31 18:01:11,444] {standard_task_runner.py:52} INFO - Started process 971 to run task
[2023-03-31 18:01:11,451] {standard_task_runner.py:77} INFO - Job 510: Subtask etl_from_stgdimcproducts_to_dwhdimcproducts
[2023-03-31 18:01:11,502] {logging_mixin.py:109} INFO - Running <TaskInstance: inovus_etl_dag_stg_to_dwh.etl_from_stgdimcproducts_to_dwhdimcproducts 2023-03-31T18:01:09.398522+00:00 [running]> on host 0bc3da97cebb
[2023-03-31 18:01:11,555] {taskinstance.py:1254} INFO - Exporting the following env vars:
AIRFLOW_CTX_DAG_OWNER=***
AIRFLOW_CTX_DAG_ID=inovus_etl_dag_stg_to_dwh
AIRFLOW_CTX_TASK_ID=etl_from_stgdimcproducts_to_dwhdimcproducts
AIRFLOW_CTX_EXECUTION_DATE=2023-03-31T18:01:09.398522+00:00
AIRFLOW_CTX_DAG_RUN_ID=manual__2023-03-31T18:01:09.398522+00:00
[2023-03-31 18:01:11,623] {python.py:151} INFO - Done. Returned value was: None
[2023-03-31 18:01:11,639] {taskinstance.py:1219} INFO - Marking task as SUCCESS. dag_id=inovus_etl_dag_stg_to_dwh, task_id=etl_from_stgdimcproducts_to_dwhdimcproducts, execution_date=20230331T180109, start_date=20230331T180111, end_date=20230331T180111
[2023-03-31 18:01:11,671] {local_task_job.py:151} INFO - Task exited with return code 0
[2023-03-31 18:01:11,703] {local_task_job.py:261} INFO - 1 downstream tasks scheduled from follow-on schedule check
