[2023-03-29 15:55:46,379] {taskinstance.py:903} INFO - Dependencies all met for <TaskInstance: postgres_22222222222.etl_from_radb_to_mrrdimcproducts 2023-03-29T15:55:41.644804+00:00 [queued]>
[2023-03-29 15:55:46,412] {taskinstance.py:903} INFO - Dependencies all met for <TaskInstance: postgres_22222222222.etl_from_radb_to_mrrdimcproducts 2023-03-29T15:55:41.644804+00:00 [queued]>
[2023-03-29 15:55:46,414] {taskinstance.py:1095} INFO - 
--------------------------------------------------------------------------------
[2023-03-29 15:55:46,416] {taskinstance.py:1096} INFO - Starting attempt 1 of 1
[2023-03-29 15:55:46,418] {taskinstance.py:1097} INFO - 
--------------------------------------------------------------------------------
[2023-03-29 15:55:46,453] {taskinstance.py:1115} INFO - Executing <Task(PythonOperator): etl_from_radb_to_mrrdimcproducts> on 2023-03-29T15:55:41.644804+00:00
[2023-03-29 15:55:46,466] {standard_task_runner.py:52} INFO - Started process 25178 to run task
[2023-03-29 15:55:46,495] {standard_task_runner.py:76} INFO - Running: ['***', 'tasks', 'run', 'postgres_22222222222', 'etl_from_radb_to_mrrdimcproducts', '2023-03-29T15:55:41.644804+00:00', '--job-id', '209', '--pool', 'default_pool', '--raw', '--subdir', 'DAGS_FOLDER/ETL.py', '--cfg-path', '/tmp/tmp_wcqc17l', '--error-file', '/tmp/tmpyss8qcku']
[2023-03-29 15:55:46,497] {standard_task_runner.py:77} INFO - Job 209: Subtask etl_from_radb_to_mrrdimcproducts
[2023-03-29 15:55:46,603] {logging_mixin.py:109} INFO - Running <TaskInstance: postgres_22222222222.etl_from_radb_to_mrrdimcproducts 2023-03-29T15:55:41.644804+00:00 [running]> on host 0bc3da97cebb
[2023-03-29 15:55:46,853] {taskinstance.py:1254} INFO - Exporting the following env vars:
AIRFLOW_CTX_DAG_OWNER=***
AIRFLOW_CTX_DAG_ID=postgres_22222222222
AIRFLOW_CTX_TASK_ID=etl_from_radb_to_mrrdimcproducts
AIRFLOW_CTX_EXECUTION_DATE=2023-03-29T15:55:41.644804+00:00
AIRFLOW_CTX_DAG_RUN_ID=manual__2023-03-29T15:55:41.644804+00:00
[2023-03-29 15:55:46,987] {python.py:151} INFO - Done. Returned value was: None
[2023-03-29 15:55:47,013] {taskinstance.py:1219} INFO - Marking task as SUCCESS. dag_id=postgres_22222222222, task_id=etl_from_radb_to_mrrdimcproducts, execution_date=20230329T155541, start_date=20230329T155546, end_date=20230329T155547
[2023-03-29 15:55:47,081] {local_task_job.py:151} INFO - Task exited with return code 0
[2023-03-29 15:55:47,150] {local_task_job.py:261} INFO - 1 downstream tasks scheduled from follow-on schedule check
