[2023-03-29 16:19:08,755] {taskinstance.py:903} INFO - Dependencies all met for <TaskInstance: postgres_22222222222.etl_from_radb_to_mrrdimcustomer 2023-03-29T16:19:05.131633+00:00 [queued]>
[2023-03-29 16:19:08,780] {taskinstance.py:903} INFO - Dependencies all met for <TaskInstance: postgres_22222222222.etl_from_radb_to_mrrdimcustomer 2023-03-29T16:19:05.131633+00:00 [queued]>
[2023-03-29 16:19:08,782] {taskinstance.py:1095} INFO - 
--------------------------------------------------------------------------------
[2023-03-29 16:19:08,783] {taskinstance.py:1096} INFO - Starting attempt 1 of 1
[2023-03-29 16:19:08,785] {taskinstance.py:1097} INFO - 
--------------------------------------------------------------------------------
[2023-03-29 16:19:08,806] {taskinstance.py:1115} INFO - Executing <Task(PythonOperator): etl_from_radb_to_mrrdimcustomer> on 2023-03-29T16:19:05.131633+00:00
[2023-03-29 16:19:08,815] {standard_task_runner.py:52} INFO - Started process 26462 to run task
[2023-03-29 16:19:08,828] {standard_task_runner.py:76} INFO - Running: ['***', 'tasks', 'run', 'postgres_22222222222', 'etl_from_radb_to_mrrdimcustomer', '2023-03-29T16:19:05.131633+00:00', '--job-id', '316', '--pool', 'default_pool', '--raw', '--subdir', 'DAGS_FOLDER/ETL.py', '--cfg-path', '/tmp/tmp2dzw5kyd', '--error-file', '/tmp/tmpb6genbaj']
[2023-03-29 16:19:08,833] {standard_task_runner.py:77} INFO - Job 316: Subtask etl_from_radb_to_mrrdimcustomer
[2023-03-29 16:19:08,930] {logging_mixin.py:109} INFO - Running <TaskInstance: postgres_22222222222.etl_from_radb_to_mrrdimcustomer 2023-03-29T16:19:05.131633+00:00 [running]> on host 0bc3da97cebb
[2023-03-29 16:19:09,041] {taskinstance.py:1254} INFO - Exporting the following env vars:
AIRFLOW_CTX_DAG_OWNER=***
AIRFLOW_CTX_DAG_ID=postgres_22222222222
AIRFLOW_CTX_TASK_ID=etl_from_radb_to_mrrdimcustomer
AIRFLOW_CTX_EXECUTION_DATE=2023-03-29T16:19:05.131633+00:00
AIRFLOW_CTX_DAG_RUN_ID=manual__2023-03-29T16:19:05.131633+00:00
[2023-03-29 16:19:09,137] {python.py:151} INFO - Done. Returned value was: None
[2023-03-29 16:19:09,163] {taskinstance.py:1219} INFO - Marking task as SUCCESS. dag_id=postgres_22222222222, task_id=etl_from_radb_to_mrrdimcustomer, execution_date=20230329T161905, start_date=20230329T161908, end_date=20230329T161909
[2023-03-29 16:19:09,209] {local_task_job.py:151} INFO - Task exited with return code 0
[2023-03-29 16:19:09,263] {local_task_job.py:261} INFO - 1 downstream tasks scheduled from follow-on schedule check
