[2023-03-30 05:00:56,050] {taskinstance.py:903} INFO - Dependencies all met for <TaskInstance: inovus_etl_dag_mrr_to_stg.etl_from_mrr_dimcproducts_to_stg_dimcproducts 2023-03-30T05:00:53.948234+00:00 [queued]>
[2023-03-30 05:00:56,117] {taskinstance.py:903} INFO - Dependencies all met for <TaskInstance: inovus_etl_dag_mrr_to_stg.etl_from_mrr_dimcproducts_to_stg_dimcproducts 2023-03-30T05:00:53.948234+00:00 [queued]>
[2023-03-30 05:00:56,119] {taskinstance.py:1095} INFO - 
--------------------------------------------------------------------------------
[2023-03-30 05:00:56,123] {taskinstance.py:1096} INFO - Starting attempt 1 of 1
[2023-03-30 05:00:56,132] {taskinstance.py:1097} INFO - 
--------------------------------------------------------------------------------
[2023-03-30 05:00:56,159] {taskinstance.py:1115} INFO - Executing <Task(PythonOperator): etl_from_mrr_dimcproducts_to_stg_dimcproducts> on 2023-03-30T05:00:53.948234+00:00
[2023-03-30 05:00:56,170] {standard_task_runner.py:52} INFO - Started process 7648 to run task
[2023-03-30 05:00:56,186] {standard_task_runner.py:76} INFO - Running: ['***', 'tasks', 'run', 'inovus_etl_dag_mrr_to_stg', 'etl_from_mrr_dimcproducts_to_stg_dimcproducts', '2023-03-30T05:00:53.948234+00:00', '--job-id', '474', '--pool', 'default_pool', '--raw', '--subdir', 'DAGS_FOLDER/inovus_etl_mrr_stg.py', '--cfg-path', '/tmp/tmp122x_zpx', '--error-file', '/tmp/tmpr70d3j5u']
[2023-03-30 05:00:56,191] {standard_task_runner.py:77} INFO - Job 474: Subtask etl_from_mrr_dimcproducts_to_stg_dimcproducts
[2023-03-30 05:00:56,309] {logging_mixin.py:109} INFO - Running <TaskInstance: inovus_etl_dag_mrr_to_stg.etl_from_mrr_dimcproducts_to_stg_dimcproducts 2023-03-30T05:00:53.948234+00:00 [running]> on host 0bc3da97cebb
[2023-03-30 05:00:56,460] {taskinstance.py:1254} INFO - Exporting the following env vars:
AIRFLOW_CTX_DAG_OWNER=***
AIRFLOW_CTX_DAG_ID=inovus_etl_dag_mrr_to_stg
AIRFLOW_CTX_TASK_ID=etl_from_mrr_dimcproducts_to_stg_dimcproducts
AIRFLOW_CTX_EXECUTION_DATE=2023-03-30T05:00:53.948234+00:00
AIRFLOW_CTX_DAG_RUN_ID=manual__2023-03-30T05:00:53.948234+00:00
[2023-03-30 05:00:58,158] {python.py:151} INFO - Done. Returned value was: None
[2023-03-30 05:00:58,187] {taskinstance.py:1219} INFO - Marking task as SUCCESS. dag_id=inovus_etl_dag_mrr_to_stg, task_id=etl_from_mrr_dimcproducts_to_stg_dimcproducts, execution_date=20230330T050053, start_date=20230330T050056, end_date=20230330T050058
[2023-03-30 05:00:58,289] {local_task_job.py:151} INFO - Task exited with return code 0
[2023-03-30 05:00:58,323] {local_task_job.py:261} INFO - 0 downstream tasks scheduled from follow-on schedule check
