[2023-03-31 00:09:17,842] {taskinstance.py:903} INFO - Dependencies all met for <TaskInstance: inovus_etl_odb_to_mrr.etl_odb_to_mrr_dim_customer 2023-03-30T00:00:00+00:00 [queued]>
[2023-03-31 00:09:17,893] {taskinstance.py:903} INFO - Dependencies all met for <TaskInstance: inovus_etl_odb_to_mrr.etl_odb_to_mrr_dim_customer 2023-03-30T00:00:00+00:00 [queued]>
[2023-03-31 00:09:17,899] {taskinstance.py:1095} INFO - 
--------------------------------------------------------------------------------
[2023-03-31 00:09:17,904] {taskinstance.py:1096} INFO - Starting attempt 1 of 1
[2023-03-31 00:09:17,906] {taskinstance.py:1097} INFO - 
--------------------------------------------------------------------------------
[2023-03-31 00:09:17,934] {taskinstance.py:1115} INFO - Executing <Task(PythonOperator): etl_odb_to_mrr_dim_customer> on 2023-03-30T00:00:00+00:00
[2023-03-31 00:09:17,947] {standard_task_runner.py:52} INFO - Started process 1443 to run task
[2023-03-31 00:09:17,981] {standard_task_runner.py:76} INFO - Running: ['***', 'tasks', 'run', 'inovus_etl_odb_to_mrr', 'etl_odb_to_mrr_dim_customer', '2023-03-30T00:00:00+00:00', '--job-id', '498', '--pool', 'default_pool', '--raw', '--subdir', 'DAGS_FOLDER/inovus_etl_odb_mrr.py', '--cfg-path', '/tmp/tmp2ifuotvt', '--error-file', '/tmp/tmplgt6dsev']
[2023-03-31 00:09:17,986] {standard_task_runner.py:77} INFO - Job 498: Subtask etl_odb_to_mrr_dim_customer
[2023-03-31 00:09:18,119] {logging_mixin.py:109} INFO - Running <TaskInstance: inovus_etl_odb_to_mrr.etl_odb_to_mrr_dim_customer 2023-03-30T00:00:00+00:00 [running]> on host 0bc3da97cebb
[2023-03-31 00:09:18,260] {taskinstance.py:1254} INFO - Exporting the following env vars:
AIRFLOW_CTX_DAG_OWNER=***
AIRFLOW_CTX_DAG_ID=inovus_etl_odb_to_mrr
AIRFLOW_CTX_TASK_ID=etl_odb_to_mrr_dim_customer
AIRFLOW_CTX_EXECUTION_DATE=2023-03-30T00:00:00+00:00
AIRFLOW_CTX_DAG_RUN_ID=scheduled__2023-03-30T00:00:00+00:00
[2023-03-31 00:09:18,419] {python.py:151} INFO - Done. Returned value was: None
[2023-03-31 00:09:18,438] {taskinstance.py:1219} INFO - Marking task as SUCCESS. dag_id=inovus_etl_odb_to_mrr, task_id=etl_odb_to_mrr_dim_customer, execution_date=20230330T000000, start_date=20230331T000917, end_date=20230331T000918
[2023-03-31 00:09:18,539] {local_task_job.py:151} INFO - Task exited with return code 0
[2023-03-31 00:09:18,614] {local_task_job.py:261} INFO - 1 downstream tasks scheduled from follow-on schedule check
