[2023-03-31 18:05:55,432] {taskinstance.py:903} INFO - Dependencies all met for <TaskInstance: inovus_etl_dag_stg_to_dwh.etl_from_stgfsales_to_dwhfsales 2023-03-31T18:05:51.630844+00:00 [queued]>
[2023-03-31 18:05:55,455] {taskinstance.py:903} INFO - Dependencies all met for <TaskInstance: inovus_etl_dag_stg_to_dwh.etl_from_stgfsales_to_dwhfsales 2023-03-31T18:05:51.630844+00:00 [queued]>
[2023-03-31 18:05:55,458] {taskinstance.py:1095} INFO - 
--------------------------------------------------------------------------------
[2023-03-31 18:05:55,465] {taskinstance.py:1096} INFO - Starting attempt 1 of 1
[2023-03-31 18:05:55,468] {taskinstance.py:1097} INFO - 
--------------------------------------------------------------------------------
[2023-03-31 18:05:55,490] {taskinstance.py:1115} INFO - Executing <Task(PythonOperator): etl_from_stgfsales_to_dwhfsales> on 2023-03-31T18:05:51.630844+00:00
[2023-03-31 18:05:55,514] {standard_task_runner.py:76} INFO - Running: ['***', 'tasks', 'run', 'inovus_etl_dag_stg_to_dwh', 'etl_from_stgfsales_to_dwhfsales', '2023-03-31T18:05:51.630844+00:00', '--job-id', '521', '--pool', 'default_pool', '--raw', '--subdir', 'DAGS_FOLDER/inovus_etl_stg_dwh.py', '--cfg-path', '/tmp/tmp39sc2hvt', '--error-file', '/tmp/tmpftzc1f3p']
[2023-03-31 18:05:55,500] {standard_task_runner.py:52} INFO - Started process 1222 to run task
[2023-03-31 18:05:55,515] {standard_task_runner.py:77} INFO - Job 521: Subtask etl_from_stgfsales_to_dwhfsales
[2023-03-31 18:05:55,594] {logging_mixin.py:109} INFO - Running <TaskInstance: inovus_etl_dag_stg_to_dwh.etl_from_stgfsales_to_dwhfsales 2023-03-31T18:05:51.630844+00:00 [running]> on host 0bc3da97cebb
[2023-03-31 18:05:55,655] {taskinstance.py:1254} INFO - Exporting the following env vars:
AIRFLOW_CTX_DAG_OWNER=***
AIRFLOW_CTX_DAG_ID=inovus_etl_dag_stg_to_dwh
AIRFLOW_CTX_TASK_ID=etl_from_stgfsales_to_dwhfsales
AIRFLOW_CTX_EXECUTION_DATE=2023-03-31T18:05:51.630844+00:00
AIRFLOW_CTX_DAG_RUN_ID=manual__2023-03-31T18:05:51.630844+00:00
[2023-03-31 18:05:55,752] {python.py:151} INFO - Done. Returned value was: None
[2023-03-31 18:05:55,777] {taskinstance.py:1219} INFO - Marking task as SUCCESS. dag_id=inovus_etl_dag_stg_to_dwh, task_id=etl_from_stgfsales_to_dwhfsales, execution_date=20230331T180551, start_date=20230331T180555, end_date=20230331T180555
[2023-03-31 18:05:55,823] {local_task_job.py:151} INFO - Task exited with return code 0
[2023-03-31 18:05:55,856] {local_task_job.py:261} INFO - 1 downstream tasks scheduled from follow-on schedule check
