[2023-04-02 17:10:18,006] {taskinstance.py:903} INFO - Dependencies all met for <TaskInstance: inovus_etl_odb_to_mrr.etl_odb_to_mrr_f_sales 2023-03-31T00:00:00+00:00 [queued]>
[2023-04-02 17:10:19,624] {taskinstance.py:903} INFO - Dependencies all met for <TaskInstance: inovus_etl_odb_to_mrr.etl_odb_to_mrr_f_sales 2023-03-31T00:00:00+00:00 [queued]>
[2023-04-02 17:10:19,626] {taskinstance.py:1095} INFO - 
--------------------------------------------------------------------------------
[2023-04-02 17:10:19,630] {taskinstance.py:1096} INFO - Starting attempt 1 of 1
[2023-04-02 17:10:19,633] {taskinstance.py:1097} INFO - 
--------------------------------------------------------------------------------
[2023-04-02 17:10:20,833] {taskinstance.py:1115} INFO - Executing <Task(PythonOperator): etl_odb_to_mrr_f_sales> on 2023-03-31T00:00:00+00:00
[2023-04-02 17:10:22,304] {standard_task_runner.py:76} INFO - Running: ['***', 'tasks', 'run', 'inovus_etl_odb_to_mrr', 'etl_odb_to_mrr_f_sales', '2023-03-31T00:00:00+00:00', '--job-id', '533', '--pool', 'default_pool', '--raw', '--subdir', 'DAGS_FOLDER/inovus_etl_odb_mrr.py', '--cfg-path', '/tmp/tmpaj181jfs', '--error-file', '/tmp/tmpflp9nqpx']
[2023-04-02 17:10:22,365] {standard_task_runner.py:77} INFO - Job 533: Subtask etl_odb_to_mrr_f_sales
[2023-04-02 17:10:21,580] {standard_task_runner.py:52} INFO - Started process 116 to run task
[2023-04-02 17:10:29,019] {logging_mixin.py:109} INFO - Running <TaskInstance: inovus_etl_odb_to_mrr.etl_odb_to_mrr_f_sales 2023-03-31T00:00:00+00:00 [running]> on host 580553a30a83
[2023-04-02 17:10:30,491] {taskinstance.py:1254} INFO - Exporting the following env vars:
AIRFLOW_CTX_DAG_OWNER=***
AIRFLOW_CTX_DAG_ID=inovus_etl_odb_to_mrr
AIRFLOW_CTX_TASK_ID=etl_odb_to_mrr_f_sales
AIRFLOW_CTX_EXECUTION_DATE=2023-03-31T00:00:00+00:00
AIRFLOW_CTX_DAG_RUN_ID=scheduled__2023-03-31T00:00:00+00:00
[2023-04-02 17:10:31,136] {python.py:151} INFO - Done. Returned value was: None
[2023-04-02 17:10:32,138] {taskinstance.py:1219} INFO - Marking task as SUCCESS. dag_id=inovus_etl_odb_to_mrr, task_id=etl_odb_to_mrr_f_sales, execution_date=20230331T000000, start_date=20230402T171018, end_date=20230402T171032
[2023-04-02 17:10:33,153] {local_task_job.py:151} INFO - Task exited with return code 0
[2023-04-02 17:10:34,233] {local_task_job.py:261} INFO - 1 downstream tasks scheduled from follow-on schedule check
