[2023-04-02 17:20:06,555] {taskinstance.py:903} INFO - Dependencies all met for <TaskInstance: inovus_etl_odb_to_mrr.date_update_mrr 2023-04-02T17:20:00.547505+00:00 [queued]>
[2023-04-02 17:20:06,568] {taskinstance.py:903} INFO - Dependencies all met for <TaskInstance: inovus_etl_odb_to_mrr.date_update_mrr 2023-04-02T17:20:00.547505+00:00 [queued]>
[2023-04-02 17:20:06,569] {taskinstance.py:1095} INFO - 
--------------------------------------------------------------------------------
[2023-04-02 17:20:06,570] {taskinstance.py:1096} INFO - Starting attempt 1 of 1
[2023-04-02 17:20:06,572] {taskinstance.py:1097} INFO - 
--------------------------------------------------------------------------------
[2023-04-02 17:20:06,586] {taskinstance.py:1115} INFO - Executing <Task(PythonOperator): date_update_mrr> on 2023-04-02T17:20:00.547505+00:00
[2023-04-02 17:20:06,592] {standard_task_runner.py:52} INFO - Started process 552 to run task
[2023-04-02 17:20:06,599] {standard_task_runner.py:76} INFO - Running: ['***', 'tasks', 'run', 'inovus_etl_odb_to_mrr', 'date_update_mrr', '2023-04-02T17:20:00.547505+00:00', '--job-id', '543', '--pool', 'default_pool', '--raw', '--subdir', 'DAGS_FOLDER/inovus_etl_odb_mrr.py', '--cfg-path', '/tmp/tmp91t0kqdq', '--error-file', '/tmp/tmp3e2s2wdw']
[2023-04-02 17:20:06,600] {standard_task_runner.py:77} INFO - Job 543: Subtask date_update_mrr
[2023-04-02 17:20:06,654] {logging_mixin.py:109} INFO - Running <TaskInstance: inovus_etl_odb_to_mrr.date_update_mrr 2023-04-02T17:20:00.547505+00:00 [running]> on host 580553a30a83
[2023-04-02 17:20:06,704] {taskinstance.py:1254} INFO - Exporting the following env vars:
AIRFLOW_CTX_DAG_OWNER=***
AIRFLOW_CTX_DAG_ID=inovus_etl_odb_to_mrr
AIRFLOW_CTX_TASK_ID=date_update_mrr
AIRFLOW_CTX_EXECUTION_DATE=2023-04-02T17:20:00.547505+00:00
AIRFLOW_CTX_DAG_RUN_ID=manual__2023-04-02T17:20:00.547505+00:00
[2023-04-02 17:20:06,731] {python.py:151} INFO - Done. Returned value was: None
[2023-04-02 17:20:06,747] {taskinstance.py:1219} INFO - Marking task as SUCCESS. dag_id=inovus_etl_odb_to_mrr, task_id=date_update_mrr, execution_date=20230402T172000, start_date=20230402T172006, end_date=20230402T172006
[2023-04-02 17:20:06,775] {local_task_job.py:151} INFO - Task exited with return code 0
[2023-04-02 17:20:06,800] {local_task_job.py:261} INFO - 0 downstream tasks scheduled from follow-on schedule check
