[2023-03-28 18:44:49,043] {taskinstance.py:903} INFO - Dependencies all met for <TaskInstance: postgres_etl_dag_radb_to_mrr.etl_from_radb_to_mrrdimcustomer 2023-03-28T18:44:47.491852+00:00 [queued]>
[2023-03-28 18:44:49,078] {taskinstance.py:903} INFO - Dependencies all met for <TaskInstance: postgres_etl_dag_radb_to_mrr.etl_from_radb_to_mrrdimcustomer 2023-03-28T18:44:47.491852+00:00 [queued]>
[2023-03-28 18:44:49,082] {taskinstance.py:1095} INFO - 
--------------------------------------------------------------------------------
[2023-03-28 18:44:49,083] {taskinstance.py:1096} INFO - Starting attempt 1 of 1
[2023-03-28 18:44:49,084] {taskinstance.py:1097} INFO - 
--------------------------------------------------------------------------------
[2023-03-28 18:44:49,107] {taskinstance.py:1115} INFO - Executing <Task(PythonOperator): etl_from_radb_to_mrrdimcustomer> on 2023-03-28T18:44:47.491852+00:00
[2023-03-28 18:44:49,115] {standard_task_runner.py:52} INFO - Started process 9564 to run task
[2023-03-28 18:44:49,135] {standard_task_runner.py:76} INFO - Running: ['***', 'tasks', 'run', 'postgres_etl_dag_radb_to_mrr', 'etl_from_radb_to_mrrdimcustomer', '2023-03-28T18:44:47.491852+00:00', '--job-id', '74', '--pool', 'default_pool', '--raw', '--subdir', 'DAGS_FOLDER/inovus_etl_radb_mrr.py', '--cfg-path', '/tmp/tmp32jylm61', '--error-file', '/tmp/tmptze42iri']
[2023-03-28 18:44:49,137] {standard_task_runner.py:77} INFO - Job 74: Subtask etl_from_radb_to_mrrdimcustomer
[2023-03-28 18:44:49,334] {logging_mixin.py:109} INFO - Running <TaskInstance: postgres_etl_dag_radb_to_mrr.etl_from_radb_to_mrrdimcustomer 2023-03-28T18:44:47.491852+00:00 [running]> on host 0bc3da97cebb
[2023-03-28 18:44:49,472] {taskinstance.py:1254} INFO - Exporting the following env vars:
AIRFLOW_CTX_DAG_OWNER=***
AIRFLOW_CTX_DAG_ID=postgres_etl_dag_radb_to_mrr
AIRFLOW_CTX_TASK_ID=etl_from_radb_to_mrrdimcustomer
AIRFLOW_CTX_EXECUTION_DATE=2023-03-28T18:44:47.491852+00:00
AIRFLOW_CTX_DAG_RUN_ID=manual__2023-03-28T18:44:47.491852+00:00
[2023-03-28 18:44:49,681] {python.py:151} INFO - Done. Returned value was: None
[2023-03-28 18:44:49,714] {taskinstance.py:1219} INFO - Marking task as SUCCESS. dag_id=postgres_etl_dag_radb_to_mrr, task_id=etl_from_radb_to_mrrdimcustomer, execution_date=20230328T184447, start_date=20230328T184449, end_date=20230328T184449
[2023-03-28 18:44:49,778] {local_task_job.py:151} INFO - Task exited with return code 0
[2023-03-28 18:44:49,831] {local_task_job.py:261} INFO - 0 downstream tasks scheduled from follow-on schedule check
