[2023-03-30 03:45:29,949] {taskinstance.py:903} INFO - Dependencies all met for <TaskInstance: postgres_22222222222.date_update_mrr 2023-03-30T03:45:24.444381+00:00 [queued]>
[2023-03-30 03:45:29,977] {taskinstance.py:903} INFO - Dependencies all met for <TaskInstance: postgres_22222222222.date_update_mrr 2023-03-30T03:45:24.444381+00:00 [queued]>
[2023-03-30 03:45:29,978] {taskinstance.py:1095} INFO - 
--------------------------------------------------------------------------------
[2023-03-30 03:45:29,980] {taskinstance.py:1096} INFO - Starting attempt 1 of 1
[2023-03-30 03:45:29,981] {taskinstance.py:1097} INFO - 
--------------------------------------------------------------------------------
[2023-03-30 03:45:29,997] {taskinstance.py:1115} INFO - Executing <Task(PythonOperator): date_update_mrr> on 2023-03-30T03:45:24.444381+00:00
[2023-03-30 03:45:30,006] {standard_task_runner.py:52} INFO - Started process 4562 to run task
[2023-03-30 03:45:30,034] {standard_task_runner.py:76} INFO - Running: ['***', 'tasks', 'run', 'postgres_22222222222', 'date_update_mrr', '2023-03-30T03:45:24.444381+00:00', '--job-id', '466', '--pool', 'default_pool', '--raw', '--subdir', 'DAGS_FOLDER/ETL.py', '--cfg-path', '/tmp/tmp5vwjs8_b', '--error-file', '/tmp/tmpjcqdy9og']
[2023-03-30 03:45:30,036] {standard_task_runner.py:77} INFO - Job 466: Subtask date_update_mrr
[2023-03-30 03:45:30,106] {logging_mixin.py:109} INFO - Running <TaskInstance: postgres_22222222222.date_update_mrr 2023-03-30T03:45:24.444381+00:00 [running]> on host 0bc3da97cebb
[2023-03-30 03:45:30,175] {taskinstance.py:1254} INFO - Exporting the following env vars:
AIRFLOW_CTX_DAG_OWNER=***
AIRFLOW_CTX_DAG_ID=postgres_22222222222
AIRFLOW_CTX_TASK_ID=date_update_mrr
AIRFLOW_CTX_EXECUTION_DATE=2023-03-30T03:45:24.444381+00:00
AIRFLOW_CTX_DAG_RUN_ID=manual__2023-03-30T03:45:24.444381+00:00
[2023-03-30 03:45:30,238] {python.py:151} INFO - Done. Returned value was: None
[2023-03-30 03:45:30,275] {taskinstance.py:1219} INFO - Marking task as SUCCESS. dag_id=postgres_22222222222, task_id=date_update_mrr, execution_date=20230330T034524, start_date=20230330T034529, end_date=20230330T034530
[2023-03-30 03:45:30,327] {local_task_job.py:151} INFO - Task exited with return code 0
[2023-03-30 03:45:30,360] {local_task_job.py:261} INFO - 0 downstream tasks scheduled from follow-on schedule check
