[2023-03-29 16:37:35,116] {taskinstance.py:903} INFO - Dependencies all met for <TaskInstance: postgres_22222222222.etl_from_radb_to_mrrfsales 2023-03-29T16:37:33.049343+00:00 [queued]>
[2023-03-29 16:37:35,147] {taskinstance.py:903} INFO - Dependencies all met for <TaskInstance: postgres_22222222222.etl_from_radb_to_mrrfsales 2023-03-29T16:37:33.049343+00:00 [queued]>
[2023-03-29 16:37:35,149] {taskinstance.py:1095} INFO - 
--------------------------------------------------------------------------------
[2023-03-29 16:37:35,151] {taskinstance.py:1096} INFO - Starting attempt 1 of 1
[2023-03-29 16:37:35,152] {taskinstance.py:1097} INFO - 
--------------------------------------------------------------------------------
[2023-03-29 16:37:35,174] {taskinstance.py:1115} INFO - Executing <Task(PythonOperator): etl_from_radb_to_mrrfsales> on 2023-03-29T16:37:33.049343+00:00
[2023-03-29 16:37:35,178] {standard_task_runner.py:52} INFO - Started process 27474 to run task
[2023-03-29 16:37:35,207] {standard_task_runner.py:76} INFO - Running: ['***', 'tasks', 'run', 'postgres_22222222222', 'etl_from_radb_to_mrrfsales', '2023-03-29T16:37:33.049343+00:00', '--job-id', '393', '--pool', 'default_pool', '--raw', '--subdir', 'DAGS_FOLDER/ETL.py', '--cfg-path', '/tmp/tmp8etieu5m', '--error-file', '/tmp/tmpgugydvx2']
[2023-03-29 16:37:35,212] {standard_task_runner.py:77} INFO - Job 393: Subtask etl_from_radb_to_mrrfsales
[2023-03-29 16:37:35,311] {logging_mixin.py:109} INFO - Running <TaskInstance: postgres_22222222222.etl_from_radb_to_mrrfsales 2023-03-29T16:37:33.049343+00:00 [running]> on host 0bc3da97cebb
[2023-03-29 16:37:35,713] {taskinstance.py:1254} INFO - Exporting the following env vars:
AIRFLOW_CTX_DAG_OWNER=***
AIRFLOW_CTX_DAG_ID=postgres_22222222222
AIRFLOW_CTX_TASK_ID=etl_from_radb_to_mrrfsales
AIRFLOW_CTX_EXECUTION_DATE=2023-03-29T16:37:33.049343+00:00
AIRFLOW_CTX_DAG_RUN_ID=manual__2023-03-29T16:37:33.049343+00:00
[2023-03-29 16:37:37,384] {python.py:151} INFO - Done. Returned value was: None
[2023-03-29 16:37:37,424] {taskinstance.py:1219} INFO - Marking task as SUCCESS. dag_id=postgres_22222222222, task_id=etl_from_radb_to_mrrfsales, execution_date=20230329T163733, start_date=20230329T163735, end_date=20230329T163737
[2023-03-29 16:37:37,494] {local_task_job.py:151} INFO - Task exited with return code 0
[2023-03-29 16:37:37,549] {local_task_job.py:261} INFO - 1 downstream tasks scheduled from follow-on schedule check
