[2023-03-29 14:24:46,425] {taskinstance.py:903} INFO - Dependencies all met for <TaskInstance: postgres_2222.etl_from_radb_to_mrrdimcproducts 2023-03-27T00:00:00+00:00 [queued]>
[2023-03-29 14:24:46,462] {taskinstance.py:903} INFO - Dependencies all met for <TaskInstance: postgres_2222.etl_from_radb_to_mrrdimcproducts 2023-03-27T00:00:00+00:00 [queued]>
[2023-03-29 14:24:46,463] {taskinstance.py:1095} INFO - 
--------------------------------------------------------------------------------
[2023-03-29 14:24:46,466] {taskinstance.py:1096} INFO - Starting attempt 1 of 1
[2023-03-29 14:24:46,469] {taskinstance.py:1097} INFO - 
--------------------------------------------------------------------------------
[2023-03-29 14:24:46,500] {taskinstance.py:1115} INFO - Executing <Task(PythonOperator): etl_from_radb_to_mrrdimcproducts> on 2023-03-27T00:00:00+00:00
[2023-03-29 14:24:46,525] {standard_task_runner.py:76} INFO - Running: ['***', 'tasks', 'run', 'postgres_2222', 'etl_from_radb_to_mrrdimcproducts', '2023-03-27T00:00:00+00:00', '--job-id', '147', '--pool', 'default_pool', '--raw', '--subdir', 'DAGS_FOLDER/ETL.py', '--cfg-path', '/tmp/tmpyfa4_60j', '--error-file', '/tmp/tmp0ub_2j2j']
[2023-03-29 14:24:46,529] {standard_task_runner.py:77} INFO - Job 147: Subtask etl_from_radb_to_mrrdimcproducts
[2023-03-29 14:24:46,516] {standard_task_runner.py:52} INFO - Started process 20906 to run task
[2023-03-29 14:24:46,665] {logging_mixin.py:109} INFO - Running <TaskInstance: postgres_2222.etl_from_radb_to_mrrdimcproducts 2023-03-27T00:00:00+00:00 [running]> on host 0bc3da97cebb
[2023-03-29 14:24:46,748] {taskinstance.py:1254} INFO - Exporting the following env vars:
AIRFLOW_CTX_DAG_OWNER=***
AIRFLOW_CTX_DAG_ID=postgres_2222
AIRFLOW_CTX_TASK_ID=etl_from_radb_to_mrrdimcproducts
AIRFLOW_CTX_EXECUTION_DATE=2023-03-27T00:00:00+00:00
AIRFLOW_CTX_DAG_RUN_ID=scheduled__2023-03-27T00:00:00+00:00
[2023-03-29 14:24:46,884] {python.py:151} INFO - Done. Returned value was: None
[2023-03-29 14:24:46,928] {taskinstance.py:1219} INFO - Marking task as SUCCESS. dag_id=postgres_2222, task_id=etl_from_radb_to_mrrdimcproducts, execution_date=20230327T000000, start_date=20230329T142446, end_date=20230329T142446
[2023-03-29 14:24:46,987] {local_task_job.py:151} INFO - Task exited with return code 0
[2023-03-29 14:24:47,042] {local_task_job.py:261} INFO - 0 downstream tasks scheduled from follow-on schedule check
