[2023-03-29 15:40:27,405] {taskinstance.py:903} INFO - Dependencies all met for <TaskInstance: postgres_22222222222.etl_from_radb_to_mrrdimcustomer 2023-03-29T15:40:22.954967+00:00 [queued]>
[2023-03-29 15:40:27,430] {taskinstance.py:903} INFO - Dependencies all met for <TaskInstance: postgres_22222222222.etl_from_radb_to_mrrdimcustomer 2023-03-29T15:40:22.954967+00:00 [queued]>
[2023-03-29 15:40:27,431] {taskinstance.py:1095} INFO - 
--------------------------------------------------------------------------------
[2023-03-29 15:40:27,432] {taskinstance.py:1096} INFO - Starting attempt 1 of 1
[2023-03-29 15:40:27,434] {taskinstance.py:1097} INFO - 
--------------------------------------------------------------------------------
[2023-03-29 15:40:27,497] {taskinstance.py:1115} INFO - Executing <Task(PythonOperator): etl_from_radb_to_mrrdimcustomer> on 2023-03-29T15:40:22.954967+00:00
[2023-03-29 15:40:27,522] {standard_task_runner.py:76} INFO - Running: ['***', 'tasks', 'run', 'postgres_22222222222', 'etl_from_radb_to_mrrdimcustomer', '2023-03-29T15:40:22.954967+00:00', '--job-id', '196', '--pool', 'default_pool', '--raw', '--subdir', 'DAGS_FOLDER/ETL.py', '--cfg-path', '/tmp/tmpfgz42dok', '--error-file', '/tmp/tmp6amq9bu1']
[2023-03-29 15:40:27,526] {standard_task_runner.py:77} INFO - Job 196: Subtask etl_from_radb_to_mrrdimcustomer
[2023-03-29 15:40:27,507] {standard_task_runner.py:52} INFO - Started process 24451 to run task
[2023-03-29 15:40:27,660] {logging_mixin.py:109} INFO - Running <TaskInstance: postgres_22222222222.etl_from_radb_to_mrrdimcustomer 2023-03-29T15:40:22.954967+00:00 [running]> on host 0bc3da97cebb
[2023-03-29 15:40:27,784] {taskinstance.py:1254} INFO - Exporting the following env vars:
AIRFLOW_CTX_DAG_OWNER=***
AIRFLOW_CTX_DAG_ID=postgres_22222222222
AIRFLOW_CTX_TASK_ID=etl_from_radb_to_mrrdimcustomer
AIRFLOW_CTX_EXECUTION_DATE=2023-03-29T15:40:22.954967+00:00
AIRFLOW_CTX_DAG_RUN_ID=manual__2023-03-29T15:40:22.954967+00:00
[2023-03-29 15:40:27,861] {python.py:151} INFO - Done. Returned value was: None
[2023-03-29 15:40:27,885] {taskinstance.py:1219} INFO - Marking task as SUCCESS. dag_id=postgres_22222222222, task_id=etl_from_radb_to_mrrdimcustomer, execution_date=20230329T154022, start_date=20230329T154027, end_date=20230329T154027
[2023-03-29 15:40:27,973] {local_task_job.py:151} INFO - Task exited with return code 0
[2023-03-29 15:40:28,032] {local_task_job.py:261} INFO - 1 downstream tasks scheduled from follow-on schedule check
