[2023-03-29 07:37:12,128] {taskinstance.py:903} INFO - Dependencies all met for <TaskInstance: postgres_etl_dag_radb_to_mrr.etl_from_radb_to_mrrfsales 2023-03-29T07:37:10.538959+00:00 [queued]>
[2023-03-29 07:37:12,157] {taskinstance.py:903} INFO - Dependencies all met for <TaskInstance: postgres_etl_dag_radb_to_mrr.etl_from_radb_to_mrrfsales 2023-03-29T07:37:10.538959+00:00 [queued]>
[2023-03-29 07:37:12,159] {taskinstance.py:1095} INFO - 
--------------------------------------------------------------------------------
[2023-03-29 07:37:12,163] {taskinstance.py:1096} INFO - Starting attempt 1 of 1
[2023-03-29 07:37:12,165] {taskinstance.py:1097} INFO - 
--------------------------------------------------------------------------------
[2023-03-29 07:37:12,196] {taskinstance.py:1115} INFO - Executing <Task(PythonOperator): etl_from_radb_to_mrrfsales> on 2023-03-29T07:37:10.538959+00:00
[2023-03-29 07:37:12,205] {standard_task_runner.py:52} INFO - Started process 2408 to run task
[2023-03-29 07:37:12,248] {standard_task_runner.py:76} INFO - Running: ['***', 'tasks', 'run', 'postgres_etl_dag_radb_to_mrr', 'etl_from_radb_to_mrrfsales', '2023-03-29T07:37:10.538959+00:00', '--job-id', '118', '--pool', 'default_pool', '--raw', '--subdir', 'DAGS_FOLDER/inovus_etl_radb_mrr.py', '--cfg-path', '/tmp/tmp0o46qvm4', '--error-file', '/tmp/tmp9qp267dw']
[2023-03-29 07:37:12,250] {standard_task_runner.py:77} INFO - Job 118: Subtask etl_from_radb_to_mrrfsales
[2023-03-29 07:37:12,391] {logging_mixin.py:109} INFO - Running <TaskInstance: postgres_etl_dag_radb_to_mrr.etl_from_radb_to_mrrfsales 2023-03-29T07:37:10.538959+00:00 [running]> on host 0bc3da97cebb
[2023-03-29 07:37:12,641] {taskinstance.py:1254} INFO - Exporting the following env vars:
AIRFLOW_CTX_DAG_OWNER=***
AIRFLOW_CTX_DAG_ID=postgres_etl_dag_radb_to_mrr
AIRFLOW_CTX_TASK_ID=etl_from_radb_to_mrrfsales
AIRFLOW_CTX_EXECUTION_DATE=2023-03-29T07:37:10.538959+00:00
AIRFLOW_CTX_DAG_RUN_ID=manual__2023-03-29T07:37:10.538959+00:00
[2023-03-29 07:37:13,058] {python.py:151} INFO - Done. Returned value was: None
[2023-03-29 07:37:13,102] {taskinstance.py:1219} INFO - Marking task as SUCCESS. dag_id=postgres_etl_dag_radb_to_mrr, task_id=etl_from_radb_to_mrrfsales, execution_date=20230329T073710, start_date=20230329T073712, end_date=20230329T073713
[2023-03-29 07:37:13,183] {local_task_job.py:151} INFO - Task exited with return code 0
[2023-03-29 07:37:13,232] {local_task_job.py:261} INFO - 0 downstream tasks scheduled from follow-on schedule check
