[2023-03-29 16:06:25,067] {taskinstance.py:903} INFO - Dependencies all met for <TaskInstance: postgres_22222222222.log_suc 2023-03-29T16:06:17.650861+00:00 [queued]>
[2023-03-29 16:06:25,089] {taskinstance.py:903} INFO - Dependencies all met for <TaskInstance: postgres_22222222222.log_suc 2023-03-29T16:06:17.650861+00:00 [queued]>
[2023-03-29 16:06:25,092] {taskinstance.py:1095} INFO - 
--------------------------------------------------------------------------------
[2023-03-29 16:06:25,093] {taskinstance.py:1096} INFO - Starting attempt 1 of 1
[2023-03-29 16:06:25,095] {taskinstance.py:1097} INFO - 
--------------------------------------------------------------------------------
[2023-03-29 16:06:25,117] {taskinstance.py:1115} INFO - Executing <Task(PythonOperator): log_suc> on 2023-03-29T16:06:17.650861+00:00
[2023-03-29 16:06:25,134] {standard_task_runner.py:52} INFO - Started process 25791 to run task
[2023-03-29 16:06:25,155] {standard_task_runner.py:76} INFO - Running: ['***', 'tasks', 'run', 'postgres_22222222222', 'log_suc', '2023-03-29T16:06:17.650861+00:00', '--job-id', '271', '--pool', 'default_pool', '--raw', '--subdir', 'DAGS_FOLDER/ETL.py', '--cfg-path', '/tmp/tmpv31arqjz', '--error-file', '/tmp/tmpo3nnxcen']
[2023-03-29 16:06:25,157] {standard_task_runner.py:77} INFO - Job 271: Subtask log_suc
[2023-03-29 16:06:25,249] {logging_mixin.py:109} INFO - Running <TaskInstance: postgres_22222222222.log_suc 2023-03-29T16:06:17.650861+00:00 [running]> on host 0bc3da97cebb
[2023-03-29 16:06:25,315] {taskinstance.py:1254} INFO - Exporting the following env vars:
AIRFLOW_CTX_DAG_OWNER=***
AIRFLOW_CTX_DAG_ID=postgres_22222222222
AIRFLOW_CTX_TASK_ID=log_suc
AIRFLOW_CTX_EXECUTION_DATE=2023-03-29T16:06:17.650861+00:00
AIRFLOW_CTX_DAG_RUN_ID=manual__2023-03-29T16:06:17.650861+00:00
[2023-03-29 16:06:25,317] {ETL.py:53} INFO - completed
[2023-03-29 16:06:25,343] {python.py:151} INFO - Done. Returned value was: None
[2023-03-29 16:06:25,369] {taskinstance.py:1219} INFO - Marking task as SUCCESS. dag_id=postgres_22222222222, task_id=log_suc, execution_date=20230329T160617, start_date=20230329T160625, end_date=20230329T160625
[2023-03-29 16:06:25,411] {local_task_job.py:151} INFO - Task exited with return code 0
[2023-03-29 16:06:25,447] {local_task_job.py:261} INFO - 0 downstream tasks scheduled from follow-on schedule check
