[2023-03-29 07:48:14,823] {taskinstance.py:903} INFO - Dependencies all met for <TaskInstance: inovus_etl_dag_mrr_to_stg.etl_from_mrrdimcproducts_to_stgdimcproducts 2023-03-29T07:48:12.624770+00:00 [queued]>
[2023-03-29 07:48:14,854] {taskinstance.py:903} INFO - Dependencies all met for <TaskInstance: inovus_etl_dag_mrr_to_stg.etl_from_mrrdimcproducts_to_stgdimcproducts 2023-03-29T07:48:12.624770+00:00 [queued]>
[2023-03-29 07:48:14,856] {taskinstance.py:1095} INFO - 
--------------------------------------------------------------------------------
[2023-03-29 07:48:14,858] {taskinstance.py:1096} INFO - Starting attempt 1 of 1
[2023-03-29 07:48:14,860] {taskinstance.py:1097} INFO - 
--------------------------------------------------------------------------------
[2023-03-29 07:48:14,906] {taskinstance.py:1115} INFO - Executing <Task(PythonOperator): etl_from_mrrdimcproducts_to_stgdimcproducts> on 2023-03-29T07:48:12.624770+00:00
[2023-03-29 07:48:14,911] {standard_task_runner.py:52} INFO - Started process 2987 to run task
[2023-03-29 07:48:14,938] {standard_task_runner.py:76} INFO - Running: ['***', 'tasks', 'run', 'inovus_etl_dag_mrr_to_stg', 'etl_from_mrrdimcproducts_to_stgdimcproducts', '2023-03-29T07:48:12.624770+00:00', '--job-id', '135', '--pool', 'default_pool', '--raw', '--subdir', 'DAGS_FOLDER/inovus_etl_mrr_stg.py', '--cfg-path', '/tmp/tmp96b4c9pz', '--error-file', '/tmp/tmpofyquq_9']
[2023-03-29 07:48:14,958] {standard_task_runner.py:77} INFO - Job 135: Subtask etl_from_mrrdimcproducts_to_stgdimcproducts
[2023-03-29 07:48:15,130] {logging_mixin.py:109} INFO - Running <TaskInstance: inovus_etl_dag_mrr_to_stg.etl_from_mrrdimcproducts_to_stgdimcproducts 2023-03-29T07:48:12.624770+00:00 [running]> on host 0bc3da97cebb
[2023-03-29 07:48:15,303] {taskinstance.py:1254} INFO - Exporting the following env vars:
AIRFLOW_CTX_DAG_OWNER=***
AIRFLOW_CTX_DAG_ID=inovus_etl_dag_mrr_to_stg
AIRFLOW_CTX_TASK_ID=etl_from_mrrdimcproducts_to_stgdimcproducts
AIRFLOW_CTX_EXECUTION_DATE=2023-03-29T07:48:12.624770+00:00
AIRFLOW_CTX_DAG_RUN_ID=manual__2023-03-29T07:48:12.624770+00:00
[2023-03-29 07:48:15,382] {python.py:151} INFO - Done. Returned value was: None
[2023-03-29 07:48:15,411] {taskinstance.py:1219} INFO - Marking task as SUCCESS. dag_id=inovus_etl_dag_mrr_to_stg, task_id=etl_from_mrrdimcproducts_to_stgdimcproducts, execution_date=20230329T074812, start_date=20230329T074814, end_date=20230329T074815
[2023-03-29 07:48:15,540] {local_task_job.py:151} INFO - Task exited with return code 0
[2023-03-29 07:48:15,619] {local_task_job.py:261} INFO - 0 downstream tasks scheduled from follow-on schedule check
