[2023-03-29 16:37:40,725] {taskinstance.py:903} INFO - Dependencies all met for <TaskInstance: postgres_22222222222.date_update_mrr 2023-03-29T16:37:33.049343+00:00 [queued]>
[2023-03-29 16:37:40,748] {taskinstance.py:903} INFO - Dependencies all met for <TaskInstance: postgres_22222222222.date_update_mrr 2023-03-29T16:37:33.049343+00:00 [queued]>
[2023-03-29 16:37:40,750] {taskinstance.py:1095} INFO - 
--------------------------------------------------------------------------------
[2023-03-29 16:37:40,752] {taskinstance.py:1096} INFO - Starting attempt 1 of 1
[2023-03-29 16:37:40,753] {taskinstance.py:1097} INFO - 
--------------------------------------------------------------------------------
[2023-03-29 16:37:40,770] {taskinstance.py:1115} INFO - Executing <Task(PythonOperator): date_update_mrr> on 2023-03-29T16:37:33.049343+00:00
[2023-03-29 16:37:40,776] {standard_task_runner.py:52} INFO - Started process 27482 to run task
[2023-03-29 16:37:40,783] {standard_task_runner.py:76} INFO - Running: ['***', 'tasks', 'run', 'postgres_22222222222', 'date_update_mrr', '2023-03-29T16:37:33.049343+00:00', '--job-id', '396', '--pool', 'default_pool', '--raw', '--subdir', 'DAGS_FOLDER/ETL.py', '--cfg-path', '/tmp/tmpq93atd1t', '--error-file', '/tmp/tmp0_80w49i']
[2023-03-29 16:37:40,784] {standard_task_runner.py:77} INFO - Job 396: Subtask date_update_mrr
[2023-03-29 16:37:40,836] {logging_mixin.py:109} INFO - Running <TaskInstance: postgres_22222222222.date_update_mrr 2023-03-29T16:37:33.049343+00:00 [running]> on host 0bc3da97cebb
[2023-03-29 16:37:40,895] {taskinstance.py:1254} INFO - Exporting the following env vars:
AIRFLOW_CTX_DAG_OWNER=***
AIRFLOW_CTX_DAG_ID=postgres_22222222222
AIRFLOW_CTX_TASK_ID=date_update_mrr
AIRFLOW_CTX_EXECUTION_DATE=2023-03-29T16:37:33.049343+00:00
AIRFLOW_CTX_DAG_RUN_ID=manual__2023-03-29T16:37:33.049343+00:00
[2023-03-29 16:37:40,922] {python.py:151} INFO - Done. Returned value was: None
[2023-03-29 16:37:40,937] {taskinstance.py:1219} INFO - Marking task as SUCCESS. dag_id=postgres_22222222222, task_id=date_update_mrr, execution_date=20230329T163733, start_date=20230329T163740, end_date=20230329T163740
[2023-03-29 16:37:41,002] {local_task_job.py:151} INFO - Task exited with return code 0
[2023-03-29 16:37:41,039] {local_task_job.py:261} INFO - 1 downstream tasks scheduled from follow-on schedule check
