[2023-03-29 16:53:57,249] {taskinstance.py:903} INFO - Dependencies all met for <TaskInstance: postgres_22222222222.date_update_mrr 2023-03-29T16:53:48.583212+00:00 [queued]>
[2023-03-29 16:53:57,262] {taskinstance.py:903} INFO - Dependencies all met for <TaskInstance: postgres_22222222222.date_update_mrr 2023-03-29T16:53:48.583212+00:00 [queued]>
[2023-03-29 16:53:57,265] {taskinstance.py:1095} INFO - 
--------------------------------------------------------------------------------
[2023-03-29 16:53:57,268] {taskinstance.py:1096} INFO - Starting attempt 1 of 1
[2023-03-29 16:53:57,269] {taskinstance.py:1097} INFO - 
--------------------------------------------------------------------------------
[2023-03-29 16:53:57,285] {taskinstance.py:1115} INFO - Executing <Task(PythonOperator): date_update_mrr> on 2023-03-29T16:53:48.583212+00:00
[2023-03-29 16:53:57,291] {standard_task_runner.py:52} INFO - Started process 28284 to run task
[2023-03-29 16:53:57,298] {standard_task_runner.py:76} INFO - Running: ['***', 'tasks', 'run', 'postgres_22222222222', 'date_update_mrr', '2023-03-29T16:53:48.583212+00:00', '--job-id', '438', '--pool', 'default_pool', '--raw', '--subdir', 'DAGS_FOLDER/ETL.py', '--cfg-path', '/tmp/tmpcyx_gksy', '--error-file', '/tmp/tmpwd_jox9w']
[2023-03-29 16:53:57,300] {standard_task_runner.py:77} INFO - Job 438: Subtask date_update_mrr
[2023-03-29 16:53:57,352] {logging_mixin.py:109} INFO - Running <TaskInstance: postgres_22222222222.date_update_mrr 2023-03-29T16:53:48.583212+00:00 [running]> on host 0bc3da97cebb
[2023-03-29 16:53:57,414] {taskinstance.py:1254} INFO - Exporting the following env vars:
AIRFLOW_CTX_DAG_OWNER=***
AIRFLOW_CTX_DAG_ID=postgres_22222222222
AIRFLOW_CTX_TASK_ID=date_update_mrr
AIRFLOW_CTX_EXECUTION_DATE=2023-03-29T16:53:48.583212+00:00
AIRFLOW_CTX_DAG_RUN_ID=manual__2023-03-29T16:53:48.583212+00:00
[2023-03-29 16:53:57,445] {python.py:151} INFO - Done. Returned value was: None
[2023-03-29 16:53:57,463] {taskinstance.py:1219} INFO - Marking task as SUCCESS. dag_id=postgres_22222222222, task_id=date_update_mrr, execution_date=20230329T165348, start_date=20230329T165357, end_date=20230329T165357
[2023-03-29 16:53:57,517] {local_task_job.py:151} INFO - Task exited with return code 0
[2023-03-29 16:53:57,550] {local_task_job.py:261} INFO - 1 downstream tasks scheduled from follow-on schedule check
