[2023-03-28 18:35:37,831] {taskinstance.py:903} INFO - Dependencies all met for <TaskInstance: inovus_etl_dag_stg_to_dwh.etl_from_stgfsales_to_dwhfsales 2023-03-26T00:00:00+00:00 [queued]>
[2023-03-28 18:35:37,887] {taskinstance.py:903} INFO - Dependencies all met for <TaskInstance: inovus_etl_dag_stg_to_dwh.etl_from_stgfsales_to_dwhfsales 2023-03-26T00:00:00+00:00 [queued]>
[2023-03-28 18:35:37,888] {taskinstance.py:1095} INFO - 
--------------------------------------------------------------------------------
[2023-03-28 18:35:37,890] {taskinstance.py:1096} INFO - Starting attempt 1 of 1
[2023-03-28 18:35:37,896] {taskinstance.py:1097} INFO - 
--------------------------------------------------------------------------------
[2023-03-28 18:35:38,005] {taskinstance.py:1115} INFO - Executing <Task(PythonOperator): etl_from_stgfsales_to_dwhfsales> on 2023-03-26T00:00:00+00:00
[2023-03-28 18:35:38,028] {standard_task_runner.py:52} INFO - Started process 9102 to run task
[2023-03-28 18:35:38,115] {standard_task_runner.py:76} INFO - Running: ['***', 'tasks', 'run', 'inovus_etl_dag_stg_to_dwh', 'etl_from_stgfsales_to_dwhfsales', '2023-03-26T00:00:00+00:00', '--job-id', '60', '--pool', 'default_pool', '--raw', '--subdir', 'DAGS_FOLDER/inovus_etl_stg_dwh.py', '--cfg-path', '/tmp/tmpiosj9p6k', '--error-file', '/tmp/tmp5pj999jg']
[2023-03-28 18:35:38,125] {standard_task_runner.py:77} INFO - Job 60: Subtask etl_from_stgfsales_to_dwhfsales
[2023-03-28 18:35:38,293] {logging_mixin.py:109} INFO - Running <TaskInstance: inovus_etl_dag_stg_to_dwh.etl_from_stgfsales_to_dwhfsales 2023-03-26T00:00:00+00:00 [running]> on host 0bc3da97cebb
[2023-03-28 18:35:38,423] {taskinstance.py:1254} INFO - Exporting the following env vars:
AIRFLOW_CTX_DAG_OWNER=***
AIRFLOW_CTX_DAG_ID=inovus_etl_dag_stg_to_dwh
AIRFLOW_CTX_TASK_ID=etl_from_stgfsales_to_dwhfsales
AIRFLOW_CTX_EXECUTION_DATE=2023-03-26T00:00:00+00:00
AIRFLOW_CTX_DAG_RUN_ID=scheduled__2023-03-26T00:00:00+00:00
[2023-03-28 18:35:38,459] {python.py:151} INFO - Done. Returned value was: None
[2023-03-28 18:35:38,493] {taskinstance.py:1219} INFO - Marking task as SUCCESS. dag_id=inovus_etl_dag_stg_to_dwh, task_id=etl_from_stgfsales_to_dwhfsales, execution_date=20230326T000000, start_date=20230328T183537, end_date=20230328T183538
[2023-03-28 18:35:38,605] {local_task_job.py:151} INFO - Task exited with return code 0
[2023-03-28 18:35:38,862] {local_task_job.py:261} INFO - 0 downstream tasks scheduled from follow-on schedule check
