[2023-03-28 18:35:40,475] {taskinstance.py:903} INFO - Dependencies all met for <TaskInstance: inovus_etl_dag_stg_to_dwh.etl_from_stgdimcproducts_to_dwhdimcproducts 2023-03-28T18:35:36.260160+00:00 [queued]>
[2023-03-28 18:35:40,513] {taskinstance.py:903} INFO - Dependencies all met for <TaskInstance: inovus_etl_dag_stg_to_dwh.etl_from_stgdimcproducts_to_dwhdimcproducts 2023-03-28T18:35:36.260160+00:00 [queued]>
[2023-03-28 18:35:40,515] {taskinstance.py:1095} INFO - 
--------------------------------------------------------------------------------
[2023-03-28 18:35:40,516] {taskinstance.py:1096} INFO - Starting attempt 1 of 1
[2023-03-28 18:35:40,518] {taskinstance.py:1097} INFO - 
--------------------------------------------------------------------------------
[2023-03-28 18:35:40,535] {taskinstance.py:1115} INFO - Executing <Task(PythonOperator): etl_from_stgdimcproducts_to_dwhdimcproducts> on 2023-03-28T18:35:36.260160+00:00
[2023-03-28 18:35:40,545] {standard_task_runner.py:52} INFO - Started process 9109 to run task
[2023-03-28 18:35:40,564] {standard_task_runner.py:76} INFO - Running: ['***', 'tasks', 'run', 'inovus_etl_dag_stg_to_dwh', 'etl_from_stgdimcproducts_to_dwhdimcproducts', '2023-03-28T18:35:36.260160+00:00', '--job-id', '63', '--pool', 'default_pool', '--raw', '--subdir', 'DAGS_FOLDER/inovus_etl_stg_dwh.py', '--cfg-path', '/tmp/tmprsx0jslm', '--error-file', '/tmp/tmpf7x4gd4p']
[2023-03-28 18:35:40,566] {standard_task_runner.py:77} INFO - Job 63: Subtask etl_from_stgdimcproducts_to_dwhdimcproducts
[2023-03-28 18:35:40,636] {logging_mixin.py:109} INFO - Running <TaskInstance: inovus_etl_dag_stg_to_dwh.etl_from_stgdimcproducts_to_dwhdimcproducts 2023-03-28T18:35:36.260160+00:00 [running]> on host 0bc3da97cebb
[2023-03-28 18:35:40,712] {taskinstance.py:1254} INFO - Exporting the following env vars:
AIRFLOW_CTX_DAG_OWNER=***
AIRFLOW_CTX_DAG_ID=inovus_etl_dag_stg_to_dwh
AIRFLOW_CTX_TASK_ID=etl_from_stgdimcproducts_to_dwhdimcproducts
AIRFLOW_CTX_EXECUTION_DATE=2023-03-28T18:35:36.260160+00:00
AIRFLOW_CTX_DAG_RUN_ID=manual__2023-03-28T18:35:36.260160+00:00
[2023-03-28 18:35:40,739] {python.py:151} INFO - Done. Returned value was: None
[2023-03-28 18:35:40,763] {taskinstance.py:1219} INFO - Marking task as SUCCESS. dag_id=inovus_etl_dag_stg_to_dwh, task_id=etl_from_stgdimcproducts_to_dwhdimcproducts, execution_date=20230328T183536, start_date=20230328T183540, end_date=20230328T183540
[2023-03-28 18:35:40,815] {local_task_job.py:151} INFO - Task exited with return code 0
[2023-03-28 18:35:40,851] {local_task_job.py:261} INFO - 1 downstream tasks scheduled from follow-on schedule check
