[2023-03-31 18:00:56,765] {taskinstance.py:903} INFO - Dependencies all met for <TaskInstance: inovus_etl_dag_mrr_to_stg.etl_from_mrr_dimcproducts_to_stg_dimcproducts 2023-03-31T18:00:54.591633+00:00 [queued]>
[2023-03-31 18:00:56,796] {taskinstance.py:903} INFO - Dependencies all met for <TaskInstance: inovus_etl_dag_mrr_to_stg.etl_from_mrr_dimcproducts_to_stg_dimcproducts 2023-03-31T18:00:54.591633+00:00 [queued]>
[2023-03-31 18:00:56,798] {taskinstance.py:1095} INFO - 
--------------------------------------------------------------------------------
[2023-03-31 18:00:56,799] {taskinstance.py:1096} INFO - Starting attempt 1 of 1
[2023-03-31 18:00:56,801] {taskinstance.py:1097} INFO - 
--------------------------------------------------------------------------------
[2023-03-31 18:00:56,821] {taskinstance.py:1115} INFO - Executing <Task(PythonOperator): etl_from_mrr_dimcproducts_to_stg_dimcproducts> on 2023-03-31T18:00:54.591633+00:00
[2023-03-31 18:00:56,845] {standard_task_runner.py:52} INFO - Started process 954 to run task
[2023-03-31 18:00:56,859] {standard_task_runner.py:76} INFO - Running: ['***', 'tasks', 'run', 'inovus_etl_dag_mrr_to_stg', 'etl_from_mrr_dimcproducts_to_stg_dimcproducts', '2023-03-31T18:00:54.591633+00:00', '--job-id', '506', '--pool', 'default_pool', '--raw', '--subdir', 'DAGS_FOLDER/inovus_etl_mrr_stg.py', '--cfg-path', '/tmp/tmpm2pzmuwx', '--error-file', '/tmp/tmpwwmzg9ap']
[2023-03-31 18:00:56,861] {standard_task_runner.py:77} INFO - Job 506: Subtask etl_from_mrr_dimcproducts_to_stg_dimcproducts
[2023-03-31 18:00:56,932] {logging_mixin.py:109} INFO - Running <TaskInstance: inovus_etl_dag_mrr_to_stg.etl_from_mrr_dimcproducts_to_stg_dimcproducts 2023-03-31T18:00:54.591633+00:00 [running]> on host 0bc3da97cebb
[2023-03-31 18:00:57,054] {taskinstance.py:1254} INFO - Exporting the following env vars:
AIRFLOW_CTX_DAG_OWNER=***
AIRFLOW_CTX_DAG_ID=inovus_etl_dag_mrr_to_stg
AIRFLOW_CTX_TASK_ID=etl_from_mrr_dimcproducts_to_stg_dimcproducts
AIRFLOW_CTX_EXECUTION_DATE=2023-03-31T18:00:54.591633+00:00
AIRFLOW_CTX_DAG_RUN_ID=manual__2023-03-31T18:00:54.591633+00:00
[2023-03-31 18:00:57,169] {python.py:151} INFO - Done. Returned value was: None
[2023-03-31 18:00:57,191] {taskinstance.py:1219} INFO - Marking task as SUCCESS. dag_id=inovus_etl_dag_mrr_to_stg, task_id=etl_from_mrr_dimcproducts_to_stg_dimcproducts, execution_date=20230331T180054, start_date=20230331T180056, end_date=20230331T180057
[2023-03-31 18:00:57,231] {local_task_job.py:151} INFO - Task exited with return code 0
[2023-03-31 18:00:57,278] {local_task_job.py:261} INFO - 0 downstream tasks scheduled from follow-on schedule check
