[2023-03-29 14:39:05,721] {taskinstance.py:903} INFO - Dependencies all met for <TaskInstance: postgres_22222222222.etl_from_radb_to_mrrfsales 2023-03-28T00:00:00+00:00 [queued]>
[2023-03-29 14:39:05,800] {taskinstance.py:903} INFO - Dependencies all met for <TaskInstance: postgres_22222222222.etl_from_radb_to_mrrfsales 2023-03-28T00:00:00+00:00 [queued]>
[2023-03-29 14:39:05,808] {taskinstance.py:1095} INFO - 
--------------------------------------------------------------------------------
[2023-03-29 14:39:05,814] {taskinstance.py:1096} INFO - Starting attempt 1 of 1
[2023-03-29 14:39:05,817] {taskinstance.py:1097} INFO - 
--------------------------------------------------------------------------------
[2023-03-29 14:39:05,842] {taskinstance.py:1115} INFO - Executing <Task(PythonOperator): etl_from_radb_to_mrrfsales> on 2023-03-28T00:00:00+00:00
[2023-03-29 14:39:05,874] {standard_task_runner.py:76} INFO - Running: ['***', 'tasks', 'run', 'postgres_22222222222', 'etl_from_radb_to_mrrfsales', '2023-03-28T00:00:00+00:00', '--job-id', '155', '--pool', 'default_pool', '--raw', '--subdir', 'DAGS_FOLDER/ETL.py', '--cfg-path', '/tmp/tmpfaln2li5', '--error-file', '/tmp/tmpm7owovhs']
[2023-03-29 14:39:05,877] {standard_task_runner.py:77} INFO - Job 155: Subtask etl_from_radb_to_mrrfsales
[2023-03-29 14:39:05,868] {standard_task_runner.py:52} INFO - Started process 21574 to run task
[2023-03-29 14:39:06,008] {logging_mixin.py:109} INFO - Running <TaskInstance: postgres_22222222222.etl_from_radb_to_mrrfsales 2023-03-28T00:00:00+00:00 [running]> on host 0bc3da97cebb
[2023-03-29 14:39:06,097] {taskinstance.py:1254} INFO - Exporting the following env vars:
AIRFLOW_CTX_DAG_OWNER=***
AIRFLOW_CTX_DAG_ID=postgres_22222222222
AIRFLOW_CTX_TASK_ID=etl_from_radb_to_mrrfsales
AIRFLOW_CTX_EXECUTION_DATE=2023-03-28T00:00:00+00:00
AIRFLOW_CTX_DAG_RUN_ID=scheduled__2023-03-28T00:00:00+00:00
[2023-03-29 14:39:06,304] {python.py:151} INFO - Done. Returned value was: None
[2023-03-29 14:39:06,326] {taskinstance.py:1219} INFO - Marking task as SUCCESS. dag_id=postgres_22222222222, task_id=etl_from_radb_to_mrrfsales, execution_date=20230328T000000, start_date=20230329T143905, end_date=20230329T143906
[2023-03-29 14:39:06,374] {local_task_job.py:151} INFO - Task exited with return code 0
[2023-03-29 14:39:06,444] {local_task_job.py:261} INFO - 1 downstream tasks scheduled from follow-on schedule check
