[2023-03-31 18:05:42,613] {taskinstance.py:903} INFO - Dependencies all met for <TaskInstance: inovus_etl_dag_mrr_to_stg.etl_from_mrr_fsales_to_stg_fsales 2023-03-31T18:05:40.471606+00:00 [queued]>
[2023-03-31 18:05:42,699] {taskinstance.py:903} INFO - Dependencies all met for <TaskInstance: inovus_etl_dag_mrr_to_stg.etl_from_mrr_fsales_to_stg_fsales 2023-03-31T18:05:40.471606+00:00 [queued]>
[2023-03-31 18:05:42,700] {taskinstance.py:1095} INFO - 
--------------------------------------------------------------------------------
[2023-03-31 18:05:42,703] {taskinstance.py:1096} INFO - Starting attempt 1 of 1
[2023-03-31 18:05:42,706] {taskinstance.py:1097} INFO - 
--------------------------------------------------------------------------------
[2023-03-31 18:05:42,738] {taskinstance.py:1115} INFO - Executing <Task(PythonOperator): etl_from_mrr_fsales_to_stg_fsales> on 2023-03-31T18:05:40.471606+00:00
[2023-03-31 18:05:42,806] {standard_task_runner.py:76} INFO - Running: ['***', 'tasks', 'run', 'inovus_etl_dag_mrr_to_stg', 'etl_from_mrr_fsales_to_stg_fsales', '2023-03-31T18:05:40.471606+00:00', '--job-id', '517', '--pool', 'default_pool', '--raw', '--subdir', 'DAGS_FOLDER/inovus_etl_mrr_stg.py', '--cfg-path', '/tmp/tmpsuez3mjv', '--error-file', '/tmp/tmptd_bapa4']
[2023-03-31 18:05:42,808] {standard_task_runner.py:77} INFO - Job 517: Subtask etl_from_mrr_fsales_to_stg_fsales
[2023-03-31 18:05:42,774] {standard_task_runner.py:52} INFO - Started process 1204 to run task
[2023-03-31 18:05:42,994] {logging_mixin.py:109} INFO - Running <TaskInstance: inovus_etl_dag_mrr_to_stg.etl_from_mrr_fsales_to_stg_fsales 2023-03-31T18:05:40.471606+00:00 [running]> on host 0bc3da97cebb
[2023-03-31 18:05:43,175] {taskinstance.py:1254} INFO - Exporting the following env vars:
AIRFLOW_CTX_DAG_OWNER=***
AIRFLOW_CTX_DAG_ID=inovus_etl_dag_mrr_to_stg
AIRFLOW_CTX_TASK_ID=etl_from_mrr_fsales_to_stg_fsales
AIRFLOW_CTX_EXECUTION_DATE=2023-03-31T18:05:40.471606+00:00
AIRFLOW_CTX_DAG_RUN_ID=manual__2023-03-31T18:05:40.471606+00:00
[2023-03-31 18:05:43,283] {python.py:151} INFO - Done. Returned value was: None
[2023-03-31 18:05:43,312] {taskinstance.py:1219} INFO - Marking task as SUCCESS. dag_id=inovus_etl_dag_mrr_to_stg, task_id=etl_from_mrr_fsales_to_stg_fsales, execution_date=20230331T180540, start_date=20230331T180542, end_date=20230331T180543
[2023-03-31 18:05:43,369] {local_task_job.py:151} INFO - Task exited with return code 0
[2023-03-31 18:05:43,415] {local_task_job.py:261} INFO - 0 downstream tasks scheduled from follow-on schedule check
