[2023-03-28 18:36:49,258] {taskinstance.py:903} INFO - Dependencies all met for <TaskInstance: inovus_etl_dag_mrr_to_stg.etl_from_mrrdimcustomer_to_stgdimcustomer 2023-03-28T18:36:47.412876+00:00 [queued]>
[2023-03-28 18:36:49,297] {taskinstance.py:903} INFO - Dependencies all met for <TaskInstance: inovus_etl_dag_mrr_to_stg.etl_from_mrrdimcustomer_to_stgdimcustomer 2023-03-28T18:36:47.412876+00:00 [queued]>
[2023-03-28 18:36:49,299] {taskinstance.py:1095} INFO - 
--------------------------------------------------------------------------------
[2023-03-28 18:36:49,301] {taskinstance.py:1096} INFO - Starting attempt 1 of 1
[2023-03-28 18:36:49,303] {taskinstance.py:1097} INFO - 
--------------------------------------------------------------------------------
[2023-03-28 18:36:49,326] {taskinstance.py:1115} INFO - Executing <Task(PythonOperator): etl_from_mrrdimcustomer_to_stgdimcustomer> on 2023-03-28T18:36:47.412876+00:00
[2023-03-28 18:36:49,369] {standard_task_runner.py:76} INFO - Running: ['***', 'tasks', 'run', 'inovus_etl_dag_mrr_to_stg', 'etl_from_mrrdimcustomer_to_stgdimcustomer', '2023-03-28T18:36:47.412876+00:00', '--job-id', '66', '--pool', 'default_pool', '--raw', '--subdir', 'DAGS_FOLDER/inovus_etl_mrr_stg.py', '--cfg-path', '/tmp/tmpc5qhip5u', '--error-file', '/tmp/tmp1tqzl7b8']
[2023-03-28 18:36:49,374] {standard_task_runner.py:77} INFO - Job 66: Subtask etl_from_mrrdimcustomer_to_stgdimcustomer
[2023-03-28 18:36:49,354] {standard_task_runner.py:52} INFO - Started process 9162 to run task
[2023-03-28 18:36:49,476] {logging_mixin.py:109} INFO - Running <TaskInstance: inovus_etl_dag_mrr_to_stg.etl_from_mrrdimcustomer_to_stgdimcustomer 2023-03-28T18:36:47.412876+00:00 [running]> on host 0bc3da97cebb
[2023-03-28 18:36:49,586] {taskinstance.py:1254} INFO - Exporting the following env vars:
AIRFLOW_CTX_DAG_OWNER=***
AIRFLOW_CTX_DAG_ID=inovus_etl_dag_mrr_to_stg
AIRFLOW_CTX_TASK_ID=etl_from_mrrdimcustomer_to_stgdimcustomer
AIRFLOW_CTX_EXECUTION_DATE=2023-03-28T18:36:47.412876+00:00
AIRFLOW_CTX_DAG_RUN_ID=manual__2023-03-28T18:36:47.412876+00:00
[2023-03-28 18:36:49,800] {python.py:151} INFO - Done. Returned value was: None
[2023-03-28 18:36:49,828] {taskinstance.py:1219} INFO - Marking task as SUCCESS. dag_id=inovus_etl_dag_mrr_to_stg, task_id=etl_from_mrrdimcustomer_to_stgdimcustomer, execution_date=20230328T183647, start_date=20230328T183649, end_date=20230328T183649
[2023-03-28 18:36:49,998] {local_task_job.py:151} INFO - Task exited with return code 0
[2023-03-28 18:36:50,082] {local_task_job.py:261} INFO - 0 downstream tasks scheduled from follow-on schedule check
