[2023-03-29 16:16:33,604] {taskinstance.py:903} INFO - Dependencies all met for <TaskInstance: postgres_22222222222.log_error 2023-03-29T16:16:32.320899+00:00 [queued]>
[2023-03-29 16:16:33,629] {taskinstance.py:903} INFO - Dependencies all met for <TaskInstance: postgres_22222222222.log_error 2023-03-29T16:16:32.320899+00:00 [queued]>
[2023-03-29 16:16:33,630] {taskinstance.py:1095} INFO - 
--------------------------------------------------------------------------------
[2023-03-29 16:16:33,632] {taskinstance.py:1096} INFO - Starting attempt 1 of 1
[2023-03-29 16:16:33,633] {taskinstance.py:1097} INFO - 
--------------------------------------------------------------------------------
[2023-03-29 16:16:33,658] {taskinstance.py:1115} INFO - Executing <Task(PythonOperator): log_error> on 2023-03-29T16:16:32.320899+00:00
[2023-03-29 16:16:33,668] {standard_task_runner.py:52} INFO - Started process 26318 to run task
[2023-03-29 16:16:33,676] {standard_task_runner.py:76} INFO - Running: ['***', 'tasks', 'run', 'postgres_22222222222', 'log_error', '2023-03-29T16:16:32.320899+00:00', '--job-id', '302', '--pool', 'default_pool', '--raw', '--subdir', 'DAGS_FOLDER/ETL.py', '--cfg-path', '/tmp/tmp04csfnud', '--error-file', '/tmp/tmpbwc0hx9_']
[2023-03-29 16:16:33,682] {standard_task_runner.py:77} INFO - Job 302: Subtask log_error
[2023-03-29 16:16:33,754] {logging_mixin.py:109} INFO - Running <TaskInstance: postgres_22222222222.log_error 2023-03-29T16:16:32.320899+00:00 [running]> on host 0bc3da97cebb
[2023-03-29 16:16:33,827] {taskinstance.py:1254} INFO - Exporting the following env vars:
AIRFLOW_CTX_DAG_OWNER=***
AIRFLOW_CTX_DAG_ID=postgres_22222222222
AIRFLOW_CTX_TASK_ID=log_error
AIRFLOW_CTX_EXECUTION_DATE=2023-03-29T16:16:32.320899+00:00
AIRFLOW_CTX_DAG_RUN_ID=manual__2023-03-29T16:16:32.320899+00:00
[2023-03-29 16:16:33,832] {ETL.py:67} ERROR - task is NOT completed
[2023-03-29 16:16:33,856] {python.py:151} INFO - Done. Returned value was: None
[2023-03-29 16:16:33,876] {taskinstance.py:1219} INFO - Marking task as SUCCESS. dag_id=postgres_22222222222, task_id=log_error, execution_date=20230329T161632, start_date=20230329T161633, end_date=20230329T161633
[2023-03-29 16:16:33,900] {local_task_job.py:151} INFO - Task exited with return code 0
[2023-03-29 16:16:33,926] {local_task_job.py:261} INFO - 0 downstream tasks scheduled from follow-on schedule check
