[2023-03-30 05:07:05,538] {taskinstance.py:903} INFO - Dependencies all met for <TaskInstance: inovus_etl_odb_to_mrr.date_update_mrr 2023-03-30T05:06:56.493958+00:00 [queued]>
[2023-03-30 05:07:05,568] {taskinstance.py:903} INFO - Dependencies all met for <TaskInstance: inovus_etl_odb_to_mrr.date_update_mrr 2023-03-30T05:06:56.493958+00:00 [queued]>
[2023-03-30 05:07:05,570] {taskinstance.py:1095} INFO - 
--------------------------------------------------------------------------------
[2023-03-30 05:07:05,571] {taskinstance.py:1096} INFO - Starting attempt 1 of 1
[2023-03-30 05:07:05,572] {taskinstance.py:1097} INFO - 
--------------------------------------------------------------------------------
[2023-03-30 05:07:05,581] {taskinstance.py:1115} INFO - Executing <Task(PythonOperator): date_update_mrr> on 2023-03-30T05:06:56.493958+00:00
[2023-03-30 05:07:05,587] {standard_task_runner.py:52} INFO - Started process 7946 to run task
[2023-03-30 05:07:05,594] {standard_task_runner.py:76} INFO - Running: ['***', 'tasks', 'run', 'inovus_etl_odb_to_mrr', 'date_update_mrr', '2023-03-30T05:06:56.493958+00:00', '--job-id', '481', '--pool', 'default_pool', '--raw', '--subdir', 'DAGS_FOLDER/inovus_etl_odb_mrr.py', '--cfg-path', '/tmp/tmpoz53ccgk', '--error-file', '/tmp/tmp8b1dtvwu']
[2023-03-30 05:07:05,596] {standard_task_runner.py:77} INFO - Job 481: Subtask date_update_mrr
[2023-03-30 05:07:05,648] {logging_mixin.py:109} INFO - Running <TaskInstance: inovus_etl_odb_to_mrr.date_update_mrr 2023-03-30T05:06:56.493958+00:00 [running]> on host 0bc3da97cebb
[2023-03-30 05:07:05,702] {taskinstance.py:1254} INFO - Exporting the following env vars:
AIRFLOW_CTX_DAG_OWNER=***
AIRFLOW_CTX_DAG_ID=inovus_etl_odb_to_mrr
AIRFLOW_CTX_TASK_ID=date_update_mrr
AIRFLOW_CTX_EXECUTION_DATE=2023-03-30T05:06:56.493958+00:00
AIRFLOW_CTX_DAG_RUN_ID=manual__2023-03-30T05:06:56.493958+00:00
[2023-03-30 05:07:05,728] {python.py:151} INFO - Done. Returned value was: None
[2023-03-30 05:07:05,744] {taskinstance.py:1219} INFO - Marking task as SUCCESS. dag_id=inovus_etl_odb_to_mrr, task_id=date_update_mrr, execution_date=20230330T050656, start_date=20230330T050705, end_date=20230330T050705
[2023-03-30 05:07:05,774] {local_task_job.py:151} INFO - Task exited with return code 0
[2023-03-30 05:07:05,798] {local_task_job.py:261} INFO - 0 downstream tasks scheduled from follow-on schedule check
