[2023-03-29 14:39:09,746] {taskinstance.py:903} INFO - Dependencies all met for <TaskInstance: postgres_22222222222.etl_from_radb_to_mrrdimcproducts 2023-03-27T00:00:00+00:00 [queued]>
[2023-03-29 14:39:09,778] {taskinstance.py:903} INFO - Dependencies all met for <TaskInstance: postgres_22222222222.etl_from_radb_to_mrrdimcproducts 2023-03-27T00:00:00+00:00 [queued]>
[2023-03-29 14:39:09,779] {taskinstance.py:1095} INFO - 
--------------------------------------------------------------------------------
[2023-03-29 14:39:09,781] {taskinstance.py:1096} INFO - Starting attempt 1 of 1
[2023-03-29 14:39:09,783] {taskinstance.py:1097} INFO - 
--------------------------------------------------------------------------------
[2023-03-29 14:39:09,835] {taskinstance.py:1115} INFO - Executing <Task(PythonOperator): etl_from_radb_to_mrrdimcproducts> on 2023-03-27T00:00:00+00:00
[2023-03-29 14:39:09,847] {standard_task_runner.py:52} INFO - Started process 21587 to run task
[2023-03-29 14:39:09,871] {standard_task_runner.py:76} INFO - Running: ['***', 'tasks', 'run', 'postgres_22222222222', 'etl_from_radb_to_mrrdimcproducts', '2023-03-27T00:00:00+00:00', '--job-id', '158', '--pool', 'default_pool', '--raw', '--subdir', 'DAGS_FOLDER/ETL.py', '--cfg-path', '/tmp/tmpfqx2xdjs', '--error-file', '/tmp/tmpojjflptd']
[2023-03-29 14:39:09,874] {standard_task_runner.py:77} INFO - Job 158: Subtask etl_from_radb_to_mrrdimcproducts
[2023-03-29 14:39:09,961] {logging_mixin.py:109} INFO - Running <TaskInstance: postgres_22222222222.etl_from_radb_to_mrrdimcproducts 2023-03-27T00:00:00+00:00 [running]> on host 0bc3da97cebb
[2023-03-29 14:39:10,083] {taskinstance.py:1254} INFO - Exporting the following env vars:
AIRFLOW_CTX_DAG_OWNER=***
AIRFLOW_CTX_DAG_ID=postgres_22222222222
AIRFLOW_CTX_TASK_ID=etl_from_radb_to_mrrdimcproducts
AIRFLOW_CTX_EXECUTION_DATE=2023-03-27T00:00:00+00:00
AIRFLOW_CTX_DAG_RUN_ID=scheduled__2023-03-27T00:00:00+00:00
[2023-03-29 14:39:10,197] {python.py:151} INFO - Done. Returned value was: None
[2023-03-29 14:39:10,257] {taskinstance.py:1219} INFO - Marking task as SUCCESS. dag_id=postgres_22222222222, task_id=etl_from_radb_to_mrrdimcproducts, execution_date=20230327T000000, start_date=20230329T143909, end_date=20230329T143910
[2023-03-29 14:39:10,390] {local_task_job.py:151} INFO - Task exited with return code 0
[2023-03-29 14:39:10,479] {local_task_job.py:261} INFO - 0 downstream tasks scheduled from follow-on schedule check
