[2023-03-30 05:08:32,849] {taskinstance.py:903} INFO - Dependencies all met for <TaskInstance: inovus_etl_dag_stg_to_dwh.etl_from_stgfsales_to_dwhfsales 2023-03-30T05:08:25.604848+00:00 [queued]>
[2023-03-30 05:08:32,913] {taskinstance.py:903} INFO - Dependencies all met for <TaskInstance: inovus_etl_dag_stg_to_dwh.etl_from_stgfsales_to_dwhfsales 2023-03-30T05:08:25.604848+00:00 [queued]>
[2023-03-30 05:08:32,914] {taskinstance.py:1095} INFO - 
--------------------------------------------------------------------------------
[2023-03-30 05:08:32,916] {taskinstance.py:1096} INFO - Starting attempt 1 of 1
[2023-03-30 05:08:32,919] {taskinstance.py:1097} INFO - 
--------------------------------------------------------------------------------
[2023-03-30 05:08:32,958] {taskinstance.py:1115} INFO - Executing <Task(PythonOperator): etl_from_stgfsales_to_dwhfsales> on 2023-03-30T05:08:25.604848+00:00
[2023-03-30 05:08:32,976] {standard_task_runner.py:52} INFO - Started process 8023 to run task
[2023-03-30 05:08:33,015] {standard_task_runner.py:76} INFO - Running: ['***', 'tasks', 'run', 'inovus_etl_dag_stg_to_dwh', 'etl_from_stgfsales_to_dwhfsales', '2023-03-30T05:08:25.604848+00:00', '--job-id', '487', '--pool', 'default_pool', '--raw', '--subdir', 'DAGS_FOLDER/inovus_etl_stg_dwh.py', '--cfg-path', '/tmp/tmpw6gb3eom', '--error-file', '/tmp/tmprnb6vj1w']
[2023-03-30 05:08:33,026] {standard_task_runner.py:77} INFO - Job 487: Subtask etl_from_stgfsales_to_dwhfsales
[2023-03-30 05:08:33,222] {logging_mixin.py:109} INFO - Running <TaskInstance: inovus_etl_dag_stg_to_dwh.etl_from_stgfsales_to_dwhfsales 2023-03-30T05:08:25.604848+00:00 [running]> on host 0bc3da97cebb
[2023-03-30 05:08:33,430] {taskinstance.py:1254} INFO - Exporting the following env vars:
AIRFLOW_CTX_DAG_OWNER=***
AIRFLOW_CTX_DAG_ID=inovus_etl_dag_stg_to_dwh
AIRFLOW_CTX_TASK_ID=etl_from_stgfsales_to_dwhfsales
AIRFLOW_CTX_EXECUTION_DATE=2023-03-30T05:08:25.604848+00:00
AIRFLOW_CTX_DAG_RUN_ID=manual__2023-03-30T05:08:25.604848+00:00
[2023-03-30 05:08:33,648] {python.py:151} INFO - Done. Returned value was: None
[2023-03-30 05:08:33,728] {taskinstance.py:1219} INFO - Marking task as SUCCESS. dag_id=inovus_etl_dag_stg_to_dwh, task_id=etl_from_stgfsales_to_dwhfsales, execution_date=20230330T050825, start_date=20230330T050832, end_date=20230330T050833
[2023-03-30 05:08:33,905] {local_task_job.py:151} INFO - Task exited with return code 0
[2023-03-30 05:08:34,133] {local_task_job.py:261} INFO - 1 downstream tasks scheduled from follow-on schedule check
