[2023-04-02 17:21:12,067] {taskinstance.py:903} INFO - Dependencies all met for <TaskInstance: inovus_etl_dag_mrr_to_stg.etl_from_mrr_dimcproducts_to_stg_dimcproducts 2023-04-02T17:21:10.251763+00:00 [queued]>
[2023-04-02 17:21:12,112] {taskinstance.py:903} INFO - Dependencies all met for <TaskInstance: inovus_etl_dag_mrr_to_stg.etl_from_mrr_dimcproducts_to_stg_dimcproducts 2023-04-02T17:21:10.251763+00:00 [queued]>
[2023-04-02 17:21:12,114] {taskinstance.py:1095} INFO - 
--------------------------------------------------------------------------------
[2023-04-02 17:21:12,115] {taskinstance.py:1096} INFO - Starting attempt 1 of 1
[2023-04-02 17:21:12,117] {taskinstance.py:1097} INFO - 
--------------------------------------------------------------------------------
[2023-04-02 17:21:12,137] {taskinstance.py:1115} INFO - Executing <Task(PythonOperator): etl_from_mrr_dimcproducts_to_stg_dimcproducts> on 2023-04-02T17:21:10.251763+00:00
[2023-04-02 17:21:12,167] {standard_task_runner.py:76} INFO - Running: ['***', 'tasks', 'run', 'inovus_etl_dag_mrr_to_stg', 'etl_from_mrr_dimcproducts_to_stg_dimcproducts', '2023-04-02T17:21:10.251763+00:00', '--job-id', '544', '--pool', 'default_pool', '--raw', '--subdir', 'DAGS_FOLDER/inovus_etl_mrr_stg.py', '--cfg-path', '/tmp/tmph3xq9pau', '--error-file', '/tmp/tmp8va9leje']
[2023-04-02 17:21:12,150] {standard_task_runner.py:52} INFO - Started process 600 to run task
[2023-04-02 17:21:12,174] {standard_task_runner.py:77} INFO - Job 544: Subtask etl_from_mrr_dimcproducts_to_stg_dimcproducts
[2023-04-02 17:21:12,267] {logging_mixin.py:109} INFO - Running <TaskInstance: inovus_etl_dag_mrr_to_stg.etl_from_mrr_dimcproducts_to_stg_dimcproducts 2023-04-02T17:21:10.251763+00:00 [running]> on host 580553a30a83
[2023-04-02 17:21:12,368] {taskinstance.py:1254} INFO - Exporting the following env vars:
AIRFLOW_CTX_DAG_OWNER=***
AIRFLOW_CTX_DAG_ID=inovus_etl_dag_mrr_to_stg
AIRFLOW_CTX_TASK_ID=etl_from_mrr_dimcproducts_to_stg_dimcproducts
AIRFLOW_CTX_EXECUTION_DATE=2023-04-02T17:21:10.251763+00:00
AIRFLOW_CTX_DAG_RUN_ID=manual__2023-04-02T17:21:10.251763+00:00
[2023-04-02 17:21:12,496] {python.py:151} INFO - Done. Returned value was: None
[2023-04-02 17:21:12,524] {taskinstance.py:1219} INFO - Marking task as SUCCESS. dag_id=inovus_etl_dag_mrr_to_stg, task_id=etl_from_mrr_dimcproducts_to_stg_dimcproducts, execution_date=20230402T172110, start_date=20230402T172112, end_date=20230402T172112
[2023-04-02 17:21:12,603] {local_task_job.py:151} INFO - Task exited with return code 0
[2023-04-02 17:21:12,664] {local_task_job.py:261} INFO - 0 downstream tasks scheduled from follow-on schedule check
