[2023-03-29 15:00:33,616] {taskinstance.py:903} INFO - Dependencies all met for <TaskInstance: postgres_22222222222.etl_from_radb_to_mrrdimcproducts 2023-03-29T15:00:29.427098+00:00 [queued]>
[2023-03-29 15:00:33,630] {taskinstance.py:903} INFO - Dependencies all met for <TaskInstance: postgres_22222222222.etl_from_radb_to_mrrdimcproducts 2023-03-29T15:00:29.427098+00:00 [queued]>
[2023-03-29 15:00:33,632] {taskinstance.py:1095} INFO - 
--------------------------------------------------------------------------------
[2023-03-29 15:00:33,633] {taskinstance.py:1096} INFO - Starting attempt 1 of 1
[2023-03-29 15:00:33,635] {taskinstance.py:1097} INFO - 
--------------------------------------------------------------------------------
[2023-03-29 15:00:33,653] {taskinstance.py:1115} INFO - Executing <Task(PythonOperator): etl_from_radb_to_mrrdimcproducts> on 2023-03-29T15:00:29.427098+00:00
[2023-03-29 15:00:33,659] {standard_task_runner.py:52} INFO - Started process 22600 to run task
[2023-03-29 15:00:33,664] {standard_task_runner.py:76} INFO - Running: ['***', 'tasks', 'run', 'postgres_22222222222', 'etl_from_radb_to_mrrdimcproducts', '2023-03-29T15:00:29.427098+00:00', '--job-id', '180', '--pool', 'default_pool', '--raw', '--subdir', 'DAGS_FOLDER/ETL.py', '--cfg-path', '/tmp/tmphtnoudty', '--error-file', '/tmp/tmph21rp4h3']
[2023-03-29 15:00:33,666] {standard_task_runner.py:77} INFO - Job 180: Subtask etl_from_radb_to_mrrdimcproducts
[2023-03-29 15:00:33,717] {logging_mixin.py:109} INFO - Running <TaskInstance: postgres_22222222222.etl_from_radb_to_mrrdimcproducts 2023-03-29T15:00:29.427098+00:00 [running]> on host 0bc3da97cebb
[2023-03-29 15:00:33,775] {taskinstance.py:1254} INFO - Exporting the following env vars:
AIRFLOW_CTX_DAG_OWNER=***
AIRFLOW_CTX_DAG_ID=postgres_22222222222
AIRFLOW_CTX_TASK_ID=etl_from_radb_to_mrrdimcproducts
AIRFLOW_CTX_EXECUTION_DATE=2023-03-29T15:00:29.427098+00:00
AIRFLOW_CTX_DAG_RUN_ID=manual__2023-03-29T15:00:29.427098+00:00
[2023-03-29 15:00:33,837] {python.py:151} INFO - Done. Returned value was: None
[2023-03-29 15:00:33,852] {taskinstance.py:1219} INFO - Marking task as SUCCESS. dag_id=postgres_22222222222, task_id=etl_from_radb_to_mrrdimcproducts, execution_date=20230329T150029, start_date=20230329T150033, end_date=20230329T150033
[2023-03-29 15:00:33,882] {local_task_job.py:151} INFO - Task exited with return code 0
[2023-03-29 15:00:33,915] {local_task_job.py:261} INFO - 1 downstream tasks scheduled from follow-on schedule check
