[2023-03-28 18:21:13,112] {taskinstance.py:903} INFO - Dependencies all met for <TaskInstance: inovus_etl_dag_mrr_to_stg.etl_from_mrrdimcproducts_to_stgdimcproducts 2023-03-26T00:00:00+00:00 [queued]>
[2023-03-28 18:21:13,311] {taskinstance.py:903} INFO - Dependencies all met for <TaskInstance: inovus_etl_dag_mrr_to_stg.etl_from_mrrdimcproducts_to_stgdimcproducts 2023-03-26T00:00:00+00:00 [queued]>
[2023-03-28 18:21:13,319] {taskinstance.py:1095} INFO - 
--------------------------------------------------------------------------------
[2023-03-28 18:21:13,321] {taskinstance.py:1096} INFO - Starting attempt 1 of 1
[2023-03-28 18:21:13,330] {taskinstance.py:1097} INFO - 
--------------------------------------------------------------------------------
[2023-03-28 18:21:13,397] {taskinstance.py:1115} INFO - Executing <Task(PythonOperator): etl_from_mrrdimcproducts_to_stgdimcproducts> on 2023-03-26T00:00:00+00:00
[2023-03-28 18:21:13,435] {standard_task_runner.py:52} INFO - Started process 8393 to run task
[2023-03-28 18:21:13,554] {standard_task_runner.py:76} INFO - Running: ['***', 'tasks', 'run', 'inovus_etl_dag_mrr_to_stg', 'etl_from_mrrdimcproducts_to_stgdimcproducts', '2023-03-26T00:00:00+00:00', '--job-id', '40', '--pool', 'default_pool', '--raw', '--subdir', 'DAGS_FOLDER/inovus_etl_mrr_stg.py', '--cfg-path', '/tmp/tmpv8653sba', '--error-file', '/tmp/tmp8roj7dcm']
[2023-03-28 18:21:13,576] {standard_task_runner.py:77} INFO - Job 40: Subtask etl_from_mrrdimcproducts_to_stgdimcproducts
[2023-03-28 18:21:14,099] {logging_mixin.py:109} INFO - Running <TaskInstance: inovus_etl_dag_mrr_to_stg.etl_from_mrrdimcproducts_to_stgdimcproducts 2023-03-26T00:00:00+00:00 [running]> on host 0bc3da97cebb
[2023-03-28 18:21:14,619] {taskinstance.py:1254} INFO - Exporting the following env vars:
AIRFLOW_CTX_DAG_OWNER=***
AIRFLOW_CTX_DAG_ID=inovus_etl_dag_mrr_to_stg
AIRFLOW_CTX_TASK_ID=etl_from_mrrdimcproducts_to_stgdimcproducts
AIRFLOW_CTX_EXECUTION_DATE=2023-03-26T00:00:00+00:00
AIRFLOW_CTX_DAG_RUN_ID=scheduled__2023-03-26T00:00:00+00:00
[2023-03-28 18:21:14,711] {python.py:151} INFO - Done. Returned value was: None
[2023-03-28 18:21:14,824] {taskinstance.py:1219} INFO - Marking task as SUCCESS. dag_id=inovus_etl_dag_mrr_to_stg, task_id=etl_from_mrrdimcproducts_to_stgdimcproducts, execution_date=20230326T000000, start_date=20230328T182113, end_date=20230328T182114
[2023-03-28 18:21:15,077] {local_task_job.py:151} INFO - Task exited with return code 0
[2023-03-28 18:21:15,203] {local_task_job.py:261} INFO - 0 downstream tasks scheduled from follow-on schedule check
