[2023-03-29 16:21:53,003] {taskinstance.py:903} INFO - Dependencies all met for <TaskInstance: postgres_22222222222.log_error 2023-03-29T16:21:51.925717+00:00 [queued]>
[2023-03-29 16:21:53,019] {taskinstance.py:903} INFO - Dependencies all met for <TaskInstance: postgres_22222222222.log_error 2023-03-29T16:21:51.925717+00:00 [queued]>
[2023-03-29 16:21:53,021] {taskinstance.py:1095} INFO - 
--------------------------------------------------------------------------------
[2023-03-29 16:21:53,023] {taskinstance.py:1096} INFO - Starting attempt 1 of 1
[2023-03-29 16:21:53,024] {taskinstance.py:1097} INFO - 
--------------------------------------------------------------------------------
[2023-03-29 16:21:53,053] {taskinstance.py:1115} INFO - Executing <Task(PythonOperator): log_error> on 2023-03-29T16:21:51.925717+00:00
[2023-03-29 16:21:53,062] {standard_task_runner.py:52} INFO - Started process 26600 to run task
[2023-03-29 16:21:53,084] {standard_task_runner.py:76} INFO - Running: ['***', 'tasks', 'run', 'postgres_22222222222', 'log_error', '2023-03-29T16:21:51.925717+00:00', '--job-id', '320', '--pool', 'default_pool', '--raw', '--subdir', 'DAGS_FOLDER/ETL.py', '--cfg-path', '/tmp/tmpmwmxspd7', '--error-file', '/tmp/tmpudo15b9y']
[2023-03-29 16:21:53,087] {standard_task_runner.py:77} INFO - Job 320: Subtask log_error
[2023-03-29 16:21:53,165] {logging_mixin.py:109} INFO - Running <TaskInstance: postgres_22222222222.log_error 2023-03-29T16:21:51.925717+00:00 [running]> on host 0bc3da97cebb
[2023-03-29 16:21:53,239] {taskinstance.py:1254} INFO - Exporting the following env vars:
AIRFLOW_CTX_DAG_OWNER=***
AIRFLOW_CTX_DAG_ID=postgres_22222222222
AIRFLOW_CTX_TASK_ID=log_error
AIRFLOW_CTX_EXECUTION_DATE=2023-03-29T16:21:51.925717+00:00
AIRFLOW_CTX_DAG_RUN_ID=manual__2023-03-29T16:21:51.925717+00:00
[2023-03-29 16:21:53,242] {ETL.py:67} ERROR - task is NOT completed
[2023-03-29 16:21:53,263] {python.py:151} INFO - Done. Returned value was: None
[2023-03-29 16:21:53,286] {taskinstance.py:1219} INFO - Marking task as SUCCESS. dag_id=postgres_22222222222, task_id=log_error, execution_date=20230329T162151, start_date=20230329T162153, end_date=20230329T162153
[2023-03-29 16:21:53,343] {local_task_job.py:151} INFO - Task exited with return code 0
[2023-03-29 16:21:53,368] {local_task_job.py:261} INFO - 0 downstream tasks scheduled from follow-on schedule check
