[2023-03-29 07:37:51,023] {taskinstance.py:903} INFO - Dependencies all met for <TaskInstance: postgres_etl_dag_radb_to_mrr.etl_from_radb_to_mrrdimcustomer 2023-03-29T07:37:49.446724+00:00 [queued]>
[2023-03-29 07:37:51,065] {taskinstance.py:903} INFO - Dependencies all met for <TaskInstance: postgres_etl_dag_radb_to_mrr.etl_from_radb_to_mrrdimcustomer 2023-03-29T07:37:49.446724+00:00 [queued]>
[2023-03-29 07:37:51,071] {taskinstance.py:1095} INFO - 
--------------------------------------------------------------------------------
[2023-03-29 07:37:51,073] {taskinstance.py:1096} INFO - Starting attempt 1 of 1
[2023-03-29 07:37:51,075] {taskinstance.py:1097} INFO - 
--------------------------------------------------------------------------------
[2023-03-29 07:37:51,115] {taskinstance.py:1115} INFO - Executing <Task(PythonOperator): etl_from_radb_to_mrrdimcustomer> on 2023-03-29T07:37:49.446724+00:00
[2023-03-29 07:37:51,144] {standard_task_runner.py:76} INFO - Running: ['***', 'tasks', 'run', 'postgres_etl_dag_radb_to_mrr', 'etl_from_radb_to_mrrdimcustomer', '2023-03-29T07:37:49.446724+00:00', '--job-id', '121', '--pool', 'default_pool', '--raw', '--subdir', 'DAGS_FOLDER/inovus_etl_radb_mrr.py', '--cfg-path', '/tmp/tmp9u3044aq', '--error-file', '/tmp/tmp68k8yg55']
[2023-03-29 07:37:51,126] {standard_task_runner.py:52} INFO - Started process 2450 to run task
[2023-03-29 07:37:51,151] {standard_task_runner.py:77} INFO - Job 121: Subtask etl_from_radb_to_mrrdimcustomer
[2023-03-29 07:37:51,340] {logging_mixin.py:109} INFO - Running <TaskInstance: postgres_etl_dag_radb_to_mrr.etl_from_radb_to_mrrdimcustomer 2023-03-29T07:37:49.446724+00:00 [running]> on host 0bc3da97cebb
[2023-03-29 07:37:51,753] {taskinstance.py:1254} INFO - Exporting the following env vars:
AIRFLOW_CTX_DAG_OWNER=***
AIRFLOW_CTX_DAG_ID=postgres_etl_dag_radb_to_mrr
AIRFLOW_CTX_TASK_ID=etl_from_radb_to_mrrdimcustomer
AIRFLOW_CTX_EXECUTION_DATE=2023-03-29T07:37:49.446724+00:00
AIRFLOW_CTX_DAG_RUN_ID=manual__2023-03-29T07:37:49.446724+00:00
[2023-03-29 07:37:51,881] {python.py:151} INFO - Done. Returned value was: None
[2023-03-29 07:37:51,939] {taskinstance.py:1219} INFO - Marking task as SUCCESS. dag_id=postgres_etl_dag_radb_to_mrr, task_id=etl_from_radb_to_mrrdimcustomer, execution_date=20230329T073749, start_date=20230329T073751, end_date=20230329T073751
[2023-03-29 07:37:52,035] {local_task_job.py:151} INFO - Task exited with return code 0
[2023-03-29 07:37:52,104] {local_task_job.py:261} INFO - 0 downstream tasks scheduled from follow-on schedule check
