[2023-03-31 00:09:20,321] {taskinstance.py:903} INFO - Dependencies all met for <TaskInstance: inovus_etl_odb_to_mrr.etl_odb_to_mrr_dim_products 2023-03-30T00:00:00+00:00 [queued]>
[2023-03-31 00:09:20,357] {taskinstance.py:903} INFO - Dependencies all met for <TaskInstance: inovus_etl_odb_to_mrr.etl_odb_to_mrr_dim_products 2023-03-30T00:00:00+00:00 [queued]>
[2023-03-31 00:09:20,358] {taskinstance.py:1095} INFO - 
--------------------------------------------------------------------------------
[2023-03-31 00:09:20,360] {taskinstance.py:1096} INFO - Starting attempt 1 of 1
[2023-03-31 00:09:20,361] {taskinstance.py:1097} INFO - 
--------------------------------------------------------------------------------
[2023-03-31 00:09:20,386] {taskinstance.py:1115} INFO - Executing <Task(PythonOperator): etl_odb_to_mrr_dim_products> on 2023-03-30T00:00:00+00:00
[2023-03-31 00:09:20,398] {standard_task_runner.py:52} INFO - Started process 1445 to run task
[2023-03-31 00:09:20,490] {standard_task_runner.py:76} INFO - Running: ['***', 'tasks', 'run', 'inovus_etl_odb_to_mrr', 'etl_odb_to_mrr_dim_products', '2023-03-30T00:00:00+00:00', '--job-id', '499', '--pool', 'default_pool', '--raw', '--subdir', 'DAGS_FOLDER/inovus_etl_odb_mrr.py', '--cfg-path', '/tmp/tmpd78e9_ly', '--error-file', '/tmp/tmpcxu88h1z']
[2023-03-31 00:09:20,515] {standard_task_runner.py:77} INFO - Job 499: Subtask etl_odb_to_mrr_dim_products
[2023-03-31 00:09:21,208] {logging_mixin.py:109} INFO - Running <TaskInstance: inovus_etl_odb_to_mrr.etl_odb_to_mrr_dim_products 2023-03-30T00:00:00+00:00 [running]> on host 0bc3da97cebb
[2023-03-31 00:09:21,437] {taskinstance.py:1254} INFO - Exporting the following env vars:
AIRFLOW_CTX_DAG_OWNER=***
AIRFLOW_CTX_DAG_ID=inovus_etl_odb_to_mrr
AIRFLOW_CTX_TASK_ID=etl_odb_to_mrr_dim_products
AIRFLOW_CTX_EXECUTION_DATE=2023-03-30T00:00:00+00:00
AIRFLOW_CTX_DAG_RUN_ID=scheduled__2023-03-30T00:00:00+00:00
[2023-03-31 00:09:21,576] {python.py:151} INFO - Done. Returned value was: None
[2023-03-31 00:09:21,619] {taskinstance.py:1219} INFO - Marking task as SUCCESS. dag_id=inovus_etl_odb_to_mrr, task_id=etl_odb_to_mrr_dim_products, execution_date=20230330T000000, start_date=20230331T000920, end_date=20230331T000921
[2023-03-31 00:09:21,695] {local_task_job.py:151} INFO - Task exited with return code 0
[2023-03-31 00:09:21,770] {local_task_job.py:261} INFO - 1 downstream tasks scheduled from follow-on schedule check
