[2023-03-31 18:05:52,815] {taskinstance.py:903} INFO - Dependencies all met for <TaskInstance: inovus_etl_dag_stg_to_dwh.etl_from_stgdimcustomer_to_dwhdimcustomer 2023-03-31T18:05:51.630844+00:00 [queued]>
[2023-03-31 18:05:52,839] {taskinstance.py:903} INFO - Dependencies all met for <TaskInstance: inovus_etl_dag_stg_to_dwh.etl_from_stgdimcustomer_to_dwhdimcustomer 2023-03-31T18:05:51.630844+00:00 [queued]>
[2023-03-31 18:05:52,841] {taskinstance.py:1095} INFO - 
--------------------------------------------------------------------------------
[2023-03-31 18:05:52,842] {taskinstance.py:1096} INFO - Starting attempt 1 of 1
[2023-03-31 18:05:52,843] {taskinstance.py:1097} INFO - 
--------------------------------------------------------------------------------
[2023-03-31 18:05:52,863] {taskinstance.py:1115} INFO - Executing <Task(PythonOperator): etl_from_stgdimcustomer_to_dwhdimcustomer> on 2023-03-31T18:05:51.630844+00:00
[2023-03-31 18:05:52,877] {standard_task_runner.py:76} INFO - Running: ['***', 'tasks', 'run', 'inovus_etl_dag_stg_to_dwh', 'etl_from_stgdimcustomer_to_dwhdimcustomer', '2023-03-31T18:05:51.630844+00:00', '--job-id', '519', '--pool', 'default_pool', '--raw', '--subdir', 'DAGS_FOLDER/inovus_etl_stg_dwh.py', '--cfg-path', '/tmp/tmprnjtvdex', '--error-file', '/tmp/tmptnc6sgon']
[2023-03-31 18:05:52,880] {standard_task_runner.py:77} INFO - Job 519: Subtask etl_from_stgdimcustomer_to_dwhdimcustomer
[2023-03-31 18:05:52,870] {standard_task_runner.py:52} INFO - Started process 1218 to run task
[2023-03-31 18:05:52,957] {logging_mixin.py:109} INFO - Running <TaskInstance: inovus_etl_dag_stg_to_dwh.etl_from_stgdimcustomer_to_dwhdimcustomer 2023-03-31T18:05:51.630844+00:00 [running]> on host 0bc3da97cebb
[2023-03-31 18:05:53,030] {taskinstance.py:1254} INFO - Exporting the following env vars:
AIRFLOW_CTX_DAG_OWNER=***
AIRFLOW_CTX_DAG_ID=inovus_etl_dag_stg_to_dwh
AIRFLOW_CTX_TASK_ID=etl_from_stgdimcustomer_to_dwhdimcustomer
AIRFLOW_CTX_EXECUTION_DATE=2023-03-31T18:05:51.630844+00:00
AIRFLOW_CTX_DAG_RUN_ID=manual__2023-03-31T18:05:51.630844+00:00
[2023-03-31 18:05:53,103] {python.py:151} INFO - Done. Returned value was: None
[2023-03-31 18:05:53,128] {taskinstance.py:1219} INFO - Marking task as SUCCESS. dag_id=inovus_etl_dag_stg_to_dwh, task_id=etl_from_stgdimcustomer_to_dwhdimcustomer, execution_date=20230331T180551, start_date=20230331T180552, end_date=20230331T180553
[2023-03-31 18:05:53,183] {local_task_job.py:151} INFO - Task exited with return code 0
[2023-03-31 18:05:53,218] {local_task_job.py:261} INFO - 1 downstream tasks scheduled from follow-on schedule check
