[2023-04-02 17:10:12,499] {taskinstance.py:903} INFO - Dependencies all met for <TaskInstance: inovus_etl_dag_mrr_to_stg.etl_from_mrr_fsales_to_stg_fsales 2023-04-01T00:00:00+00:00 [queued]>
[2023-04-02 17:10:13,346] {taskinstance.py:903} INFO - Dependencies all met for <TaskInstance: inovus_etl_dag_mrr_to_stg.etl_from_mrr_fsales_to_stg_fsales 2023-04-01T00:00:00+00:00 [queued]>
[2023-04-02 17:10:13,375] {taskinstance.py:1095} INFO - 
--------------------------------------------------------------------------------
[2023-04-02 17:10:13,389] {taskinstance.py:1096} INFO - Starting attempt 1 of 1
[2023-04-02 17:10:13,409] {taskinstance.py:1097} INFO - 
--------------------------------------------------------------------------------
[2023-04-02 17:10:15,755] {taskinstance.py:1115} INFO - Executing <Task(PythonOperator): etl_from_mrr_fsales_to_stg_fsales> on 2023-04-01T00:00:00+00:00
[2023-04-02 17:10:17,504] {standard_task_runner.py:76} INFO - Running: ['***', 'tasks', 'run', 'inovus_etl_dag_mrr_to_stg', 'etl_from_mrr_fsales_to_stg_fsales', '2023-04-01T00:00:00+00:00', '--job-id', '525', '--pool', 'default_pool', '--raw', '--subdir', 'DAGS_FOLDER/inovus_etl_mrr_stg.py', '--cfg-path', '/tmp/tmp_pag1g6e', '--error-file', '/tmp/tmpsnb7rphj']
[2023-04-02 17:10:17,948] {standard_task_runner.py:77} INFO - Job 525: Subtask etl_from_mrr_fsales_to_stg_fsales
[2023-04-02 17:10:17,256] {standard_task_runner.py:52} INFO - Started process 110 to run task
[2023-04-02 17:10:22,097] {logging_mixin.py:109} INFO - Running <TaskInstance: inovus_etl_dag_mrr_to_stg.etl_from_mrr_fsales_to_stg_fsales 2023-04-01T00:00:00+00:00 [running]> on host 580553a30a83
[2023-04-02 17:10:25,256] {taskinstance.py:1254} INFO - Exporting the following env vars:
AIRFLOW_CTX_DAG_OWNER=***
AIRFLOW_CTX_DAG_ID=inovus_etl_dag_mrr_to_stg
AIRFLOW_CTX_TASK_ID=etl_from_mrr_fsales_to_stg_fsales
AIRFLOW_CTX_EXECUTION_DATE=2023-04-01T00:00:00+00:00
AIRFLOW_CTX_DAG_RUN_ID=scheduled__2023-04-01T00:00:00+00:00
[2023-04-02 17:10:26,729] {python.py:151} INFO - Done. Returned value was: None
[2023-04-02 17:10:27,772] {taskinstance.py:1219} INFO - Marking task as SUCCESS. dag_id=inovus_etl_dag_mrr_to_stg, task_id=etl_from_mrr_fsales_to_stg_fsales, execution_date=20230401T000000, start_date=20230402T171012, end_date=20230402T171027
[2023-04-02 17:10:29,713] {local_task_job.py:151} INFO - Task exited with return code 0
[2023-04-02 17:10:31,161] {local_task_job.py:261} INFO - 0 downstream tasks scheduled from follow-on schedule check
