[2023-03-28 18:35:35,561] {taskinstance.py:903} INFO - Dependencies all met for <TaskInstance: inovus_etl_dag_stg_to_dwh.etl_from_stgdimcproducts_to_dwhdimcproducts 2023-03-26T00:00:00+00:00 [queued]>
[2023-03-28 18:35:35,614] {taskinstance.py:903} INFO - Dependencies all met for <TaskInstance: inovus_etl_dag_stg_to_dwh.etl_from_stgdimcproducts_to_dwhdimcproducts 2023-03-26T00:00:00+00:00 [queued]>
[2023-03-28 18:35:35,616] {taskinstance.py:1095} INFO - 
--------------------------------------------------------------------------------
[2023-03-28 18:35:35,617] {taskinstance.py:1096} INFO - Starting attempt 1 of 1
[2023-03-28 18:35:35,620] {taskinstance.py:1097} INFO - 
--------------------------------------------------------------------------------
[2023-03-28 18:35:35,643] {taskinstance.py:1115} INFO - Executing <Task(PythonOperator): etl_from_stgdimcproducts_to_dwhdimcproducts> on 2023-03-26T00:00:00+00:00
[2023-03-28 18:35:35,682] {standard_task_runner.py:76} INFO - Running: ['***', 'tasks', 'run', 'inovus_etl_dag_stg_to_dwh', 'etl_from_stgdimcproducts_to_dwhdimcproducts', '2023-03-26T00:00:00+00:00', '--job-id', '58', '--pool', 'default_pool', '--raw', '--subdir', 'DAGS_FOLDER/inovus_etl_stg_dwh.py', '--cfg-path', '/tmp/tmp5exow8_3', '--error-file', '/tmp/tmpd14x_oyh']
[2023-03-28 18:35:35,686] {standard_task_runner.py:77} INFO - Job 58: Subtask etl_from_stgdimcproducts_to_dwhdimcproducts
[2023-03-28 18:35:35,658] {standard_task_runner.py:52} INFO - Started process 9090 to run task
[2023-03-28 18:35:35,859] {logging_mixin.py:109} INFO - Running <TaskInstance: inovus_etl_dag_stg_to_dwh.etl_from_stgdimcproducts_to_dwhdimcproducts 2023-03-26T00:00:00+00:00 [running]> on host 0bc3da97cebb
[2023-03-28 18:35:35,958] {taskinstance.py:1254} INFO - Exporting the following env vars:
AIRFLOW_CTX_DAG_OWNER=***
AIRFLOW_CTX_DAG_ID=inovus_etl_dag_stg_to_dwh
AIRFLOW_CTX_TASK_ID=etl_from_stgdimcproducts_to_dwhdimcproducts
AIRFLOW_CTX_EXECUTION_DATE=2023-03-26T00:00:00+00:00
AIRFLOW_CTX_DAG_RUN_ID=scheduled__2023-03-26T00:00:00+00:00
[2023-03-28 18:35:36,001] {python.py:151} INFO - Done. Returned value was: None
[2023-03-28 18:35:36,031] {taskinstance.py:1219} INFO - Marking task as SUCCESS. dag_id=inovus_etl_dag_stg_to_dwh, task_id=etl_from_stgdimcproducts_to_dwhdimcproducts, execution_date=20230326T000000, start_date=20230328T183535, end_date=20230328T183536
[2023-03-28 18:35:36,125] {local_task_job.py:151} INFO - Task exited with return code 0
[2023-03-28 18:35:36,199] {local_task_job.py:261} INFO - 1 downstream tasks scheduled from follow-on schedule check
