[2023-03-29 07:47:27,246] {taskinstance.py:903} INFO - Dependencies all met for <TaskInstance: postgres_etl_dag_radb_to_mrr.etl_from_radb_to_mrrfsales 2023-03-29T07:47:24.648300+00:00 [queued]>
[2023-03-29 07:47:27,286] {taskinstance.py:903} INFO - Dependencies all met for <TaskInstance: postgres_etl_dag_radb_to_mrr.etl_from_radb_to_mrrfsales 2023-03-29T07:47:24.648300+00:00 [queued]>
[2023-03-29 07:47:27,291] {taskinstance.py:1095} INFO - 
--------------------------------------------------------------------------------
[2023-03-29 07:47:27,294] {taskinstance.py:1096} INFO - Starting attempt 1 of 1
[2023-03-29 07:47:27,297] {taskinstance.py:1097} INFO - 
--------------------------------------------------------------------------------
[2023-03-29 07:47:27,333] {taskinstance.py:1115} INFO - Executing <Task(PythonOperator): etl_from_radb_to_mrrfsales> on 2023-03-29T07:47:24.648300+00:00
[2023-03-29 07:47:27,401] {standard_task_runner.py:76} INFO - Running: ['***', 'tasks', 'run', 'postgres_etl_dag_radb_to_mrr', 'etl_from_radb_to_mrrfsales', '2023-03-29T07:47:24.648300+00:00', '--job-id', '131', '--pool', 'default_pool', '--raw', '--subdir', 'DAGS_FOLDER/inovus_etl_radb_mrr.py', '--cfg-path', '/tmp/tmpbml64uf4', '--error-file', '/tmp/tmpb6ogkwge']
[2023-03-29 07:47:27,410] {standard_task_runner.py:77} INFO - Job 131: Subtask etl_from_radb_to_mrrfsales
[2023-03-29 07:47:27,350] {standard_task_runner.py:52} INFO - Started process 2942 to run task
[2023-03-29 07:47:27,598] {logging_mixin.py:109} INFO - Running <TaskInstance: postgres_etl_dag_radb_to_mrr.etl_from_radb_to_mrrfsales 2023-03-29T07:47:24.648300+00:00 [running]> on host 0bc3da97cebb
[2023-03-29 07:47:27,731] {taskinstance.py:1254} INFO - Exporting the following env vars:
AIRFLOW_CTX_DAG_OWNER=***
AIRFLOW_CTX_DAG_ID=postgres_etl_dag_radb_to_mrr
AIRFLOW_CTX_TASK_ID=etl_from_radb_to_mrrfsales
AIRFLOW_CTX_EXECUTION_DATE=2023-03-29T07:47:24.648300+00:00
AIRFLOW_CTX_DAG_RUN_ID=manual__2023-03-29T07:47:24.648300+00:00
[2023-03-29 07:47:27,957] {python.py:151} INFO - Done. Returned value was: None
[2023-03-29 07:47:28,009] {taskinstance.py:1219} INFO - Marking task as SUCCESS. dag_id=postgres_etl_dag_radb_to_mrr, task_id=etl_from_radb_to_mrrfsales, execution_date=20230329T074724, start_date=20230329T074727, end_date=20230329T074728
[2023-03-29 07:47:28,068] {local_task_job.py:151} INFO - Task exited with return code 0
[2023-03-29 07:47:28,120] {local_task_job.py:261} INFO - 1 downstream tasks scheduled from follow-on schedule check
