[2023-03-29 15:59:19,800] {taskinstance.py:903} INFO - Dependencies all met for <TaskInstance: postgres_22222222222.etl_from_radb_to_mrrdimcproducts 2023-03-29T15:59:16.052262+00:00 [queued]>
[2023-03-29 15:59:19,816] {taskinstance.py:903} INFO - Dependencies all met for <TaskInstance: postgres_22222222222.etl_from_radb_to_mrrdimcproducts 2023-03-29T15:59:16.052262+00:00 [queued]>
[2023-03-29 15:59:19,818] {taskinstance.py:1095} INFO - 
--------------------------------------------------------------------------------
[2023-03-29 15:59:19,821] {taskinstance.py:1096} INFO - Starting attempt 1 of 1
[2023-03-29 15:59:19,823] {taskinstance.py:1097} INFO - 
--------------------------------------------------------------------------------
[2023-03-29 15:59:19,843] {taskinstance.py:1115} INFO - Executing <Task(PythonOperator): etl_from_radb_to_mrrdimcproducts> on 2023-03-29T15:59:16.052262+00:00
[2023-03-29 15:59:19,854] {standard_task_runner.py:76} INFO - Running: ['***', 'tasks', 'run', 'postgres_22222222222', 'etl_from_radb_to_mrrdimcproducts', '2023-03-29T15:59:16.052262+00:00', '--job-id', '233', '--pool', 'default_pool', '--raw', '--subdir', 'DAGS_FOLDER/ETL.py', '--cfg-path', '/tmp/tmpayu1yw7k', '--error-file', '/tmp/tmpxdszm_su']
[2023-03-29 15:59:19,857] {standard_task_runner.py:77} INFO - Job 233: Subtask etl_from_radb_to_mrrdimcproducts
[2023-03-29 15:59:19,848] {standard_task_runner.py:52} INFO - Started process 25386 to run task
[2023-03-29 15:59:19,916] {logging_mixin.py:109} INFO - Running <TaskInstance: postgres_22222222222.etl_from_radb_to_mrrdimcproducts 2023-03-29T15:59:16.052262+00:00 [running]> on host 0bc3da97cebb
[2023-03-29 15:59:19,976] {taskinstance.py:1254} INFO - Exporting the following env vars:
AIRFLOW_CTX_DAG_OWNER=***
AIRFLOW_CTX_DAG_ID=postgres_22222222222
AIRFLOW_CTX_TASK_ID=etl_from_radb_to_mrrdimcproducts
AIRFLOW_CTX_EXECUTION_DATE=2023-03-29T15:59:16.052262+00:00
AIRFLOW_CTX_DAG_RUN_ID=manual__2023-03-29T15:59:16.052262+00:00
[2023-03-29 15:59:20,041] {python.py:151} INFO - Done. Returned value was: None
[2023-03-29 15:59:20,070] {taskinstance.py:1219} INFO - Marking task as SUCCESS. dag_id=postgres_22222222222, task_id=etl_from_radb_to_mrrdimcproducts, execution_date=20230329T155916, start_date=20230329T155919, end_date=20230329T155920
[2023-03-29 15:59:20,119] {local_task_job.py:151} INFO - Task exited with return code 0
[2023-03-29 15:59:20,165] {local_task_job.py:261} INFO - 1 downstream tasks scheduled from follow-on schedule check
