[2023-03-29 16:36:48,074] {taskinstance.py:903} INFO - Dependencies all met for <TaskInstance: postgres_22222222222.log_error 2023-03-29T16:36:46.397724+00:00 [queued]>
[2023-03-29 16:36:48,090] {taskinstance.py:903} INFO - Dependencies all met for <TaskInstance: postgres_22222222222.log_error 2023-03-29T16:36:46.397724+00:00 [queued]>
[2023-03-29 16:36:48,092] {taskinstance.py:1095} INFO - 
--------------------------------------------------------------------------------
[2023-03-29 16:36:48,093] {taskinstance.py:1096} INFO - Starting attempt 1 of 1
[2023-03-29 16:36:48,094] {taskinstance.py:1097} INFO - 
--------------------------------------------------------------------------------
[2023-03-29 16:36:48,113] {taskinstance.py:1115} INFO - Executing <Task(PythonOperator): log_error> on 2023-03-29T16:36:46.397724+00:00
[2023-03-29 16:36:48,125] {standard_task_runner.py:52} INFO - Started process 27430 to run task
[2023-03-29 16:36:48,156] {standard_task_runner.py:76} INFO - Running: ['***', 'tasks', 'run', 'postgres_22222222222', 'log_error', '2023-03-29T16:36:46.397724+00:00', '--job-id', '387', '--pool', 'default_pool', '--raw', '--subdir', 'DAGS_FOLDER/ETL.py', '--cfg-path', '/tmp/tmp1f9k44uy', '--error-file', '/tmp/tmp7_vtfk88']
[2023-03-29 16:36:48,169] {standard_task_runner.py:77} INFO - Job 387: Subtask log_error
[2023-03-29 16:36:48,319] {logging_mixin.py:109} INFO - Running <TaskInstance: postgres_22222222222.log_error 2023-03-29T16:36:46.397724+00:00 [running]> on host 0bc3da97cebb
[2023-03-29 16:36:48,428] {taskinstance.py:1254} INFO - Exporting the following env vars:
AIRFLOW_CTX_DAG_OWNER=***
AIRFLOW_CTX_DAG_ID=postgres_22222222222
AIRFLOW_CTX_TASK_ID=log_error
AIRFLOW_CTX_EXECUTION_DATE=2023-03-29T16:36:46.397724+00:00
AIRFLOW_CTX_DAG_RUN_ID=manual__2023-03-29T16:36:46.397724+00:00
[2023-03-29 16:36:48,431] {ETL.py:67} ERROR - task is NOT completed
[2023-03-29 16:36:48,450] {python.py:151} INFO - Done. Returned value was: None
[2023-03-29 16:36:48,465] {taskinstance.py:1219} INFO - Marking task as SUCCESS. dag_id=postgres_22222222222, task_id=log_error, execution_date=20230329T163646, start_date=20230329T163648, end_date=20230329T163648
[2023-03-29 16:36:48,538] {local_task_job.py:151} INFO - Task exited with return code 0
[2023-03-29 16:36:48,579] {local_task_job.py:261} INFO - 0 downstream tasks scheduled from follow-on schedule check
