[2023-03-29 14:59:16,152] {taskinstance.py:903} INFO - Dependencies all met for <TaskInstance: postgres_22222222222.etl_from_radb_to_mrrdimcproducts 2023-03-29T14:59:08.582224+00:00 [queued]>
[2023-03-29 14:59:16,173] {taskinstance.py:903} INFO - Dependencies all met for <TaskInstance: postgres_22222222222.etl_from_radb_to_mrrdimcproducts 2023-03-29T14:59:08.582224+00:00 [queued]>
[2023-03-29 14:59:16,175] {taskinstance.py:1095} INFO - 
--------------------------------------------------------------------------------
[2023-03-29 14:59:16,178] {taskinstance.py:1096} INFO - Starting attempt 1 of 1
[2023-03-29 14:59:16,179] {taskinstance.py:1097} INFO - 
--------------------------------------------------------------------------------
[2023-03-29 14:59:16,233] {taskinstance.py:1115} INFO - Executing <Task(PythonOperator): etl_from_radb_to_mrrdimcproducts> on 2023-03-29T14:59:08.582224+00:00
[2023-03-29 14:59:16,326] {standard_task_runner.py:76} INFO - Running: ['***', 'tasks', 'run', 'postgres_22222222222', 'etl_from_radb_to_mrrdimcproducts', '2023-03-29T14:59:08.582224+00:00', '--job-id', '176', '--pool', 'default_pool', '--raw', '--subdir', 'DAGS_FOLDER/ETL.py', '--cfg-path', '/tmp/tmp3viyu6kf', '--error-file', '/tmp/tmpkmntc4rj']
[2023-03-29 14:59:16,295] {standard_task_runner.py:52} INFO - Started process 22540 to run task
[2023-03-29 14:59:16,335] {standard_task_runner.py:77} INFO - Job 176: Subtask etl_from_radb_to_mrrdimcproducts
[2023-03-29 14:59:16,469] {logging_mixin.py:109} INFO - Running <TaskInstance: postgres_22222222222.etl_from_radb_to_mrrdimcproducts 2023-03-29T14:59:08.582224+00:00 [running]> on host 0bc3da97cebb
[2023-03-29 14:59:16,632] {taskinstance.py:1254} INFO - Exporting the following env vars:
AIRFLOW_CTX_DAG_OWNER=***
AIRFLOW_CTX_DAG_ID=postgres_22222222222
AIRFLOW_CTX_TASK_ID=etl_from_radb_to_mrrdimcproducts
AIRFLOW_CTX_EXECUTION_DATE=2023-03-29T14:59:08.582224+00:00
AIRFLOW_CTX_DAG_RUN_ID=manual__2023-03-29T14:59:08.582224+00:00
[2023-03-29 14:59:16,713] {python.py:151} INFO - Done. Returned value was: None
[2023-03-29 14:59:16,728] {taskinstance.py:1219} INFO - Marking task as SUCCESS. dag_id=postgres_22222222222, task_id=etl_from_radb_to_mrrdimcproducts, execution_date=20230329T145908, start_date=20230329T145916, end_date=20230329T145916
[2023-03-29 14:59:16,766] {local_task_job.py:151} INFO - Task exited with return code 0
[2023-03-29 14:59:16,801] {local_task_job.py:261} INFO - 1 downstream tasks scheduled from follow-on schedule check
