[2023-03-28 10:16:36,655] {taskinstance.py:903} INFO - Dependencies all met for <TaskInstance: example_python_operator.sleep_for_1 2023-03-28T10:16:30.912776+00:00 [queued]>
[2023-03-28 10:16:36,732] {taskinstance.py:903} INFO - Dependencies all met for <TaskInstance: example_python_operator.sleep_for_1 2023-03-28T10:16:30.912776+00:00 [queued]>
[2023-03-28 10:16:36,733] {taskinstance.py:1095} INFO - 
--------------------------------------------------------------------------------
[2023-03-28 10:16:36,735] {taskinstance.py:1096} INFO - Starting attempt 1 of 1
[2023-03-28 10:16:36,740] {taskinstance.py:1097} INFO - 
--------------------------------------------------------------------------------
[2023-03-28 10:16:36,764] {taskinstance.py:1115} INFO - Executing <Task(PythonOperator): sleep_for_1> on 2023-03-28T10:16:30.912776+00:00
[2023-03-28 10:16:36,785] {standard_task_runner.py:52} INFO - Started process 428 to run task
[2023-03-28 10:16:36,813] {standard_task_runner.py:76} INFO - Running: ['***', 'tasks', 'run', 'example_python_operator', 'sleep_for_1', '2023-03-28T10:16:30.912776+00:00', '--job-id', '9', '--pool', 'default_pool', '--raw', '--subdir', '/home/***/.local/lib/python3.6/site-packages/***/example_dags/example_python_operator.py', '--cfg-path', '/tmp/tmppnu_zqrw', '--error-file', '/tmp/tmpcucn072v']
[2023-03-28 10:16:36,815] {standard_task_runner.py:77} INFO - Job 9: Subtask sleep_for_1
[2023-03-28 10:16:36,974] {logging_mixin.py:109} INFO - Running <TaskInstance: example_python_operator.sleep_for_1 2023-03-28T10:16:30.912776+00:00 [running]> on host da0f6ea143ee
[2023-03-28 10:16:37,081] {taskinstance.py:1254} INFO - Exporting the following env vars:
AIRFLOW_CTX_DAG_OWNER=***
AIRFLOW_CTX_DAG_ID=example_python_operator
AIRFLOW_CTX_TASK_ID=sleep_for_1
AIRFLOW_CTX_EXECUTION_DATE=2023-03-28T10:16:30.912776+00:00
AIRFLOW_CTX_DAG_RUN_ID=manual__2023-03-28T10:16:30.912776+00:00
[2023-03-28 10:16:37,184] {python.py:151} INFO - Done. Returned value was: None
[2023-03-28 10:16:37,197] {taskinstance.py:1219} INFO - Marking task as SUCCESS. dag_id=example_python_operator, task_id=sleep_for_1, execution_date=20230328T101630, start_date=20230328T101636, end_date=20230328T101637
[2023-03-28 10:16:37,248] {local_task_job.py:151} INFO - Task exited with return code 0
[2023-03-28 10:16:37,278] {local_task_job.py:261} INFO - 0 downstream tasks scheduled from follow-on schedule check
