[2023-03-29 16:42:54,884] {taskinstance.py:903} INFO - Dependencies all met for <TaskInstance: postgres_22222222222.date_update_mrr 2023-03-29T16:42:48.576301+00:00 [queued]>
[2023-03-29 16:42:54,899] {taskinstance.py:903} INFO - Dependencies all met for <TaskInstance: postgres_22222222222.date_update_mrr 2023-03-29T16:42:48.576301+00:00 [queued]>
[2023-03-29 16:42:54,900] {taskinstance.py:1095} INFO - 
--------------------------------------------------------------------------------
[2023-03-29 16:42:54,901] {taskinstance.py:1096} INFO - Starting attempt 1 of 1
[2023-03-29 16:42:54,903] {taskinstance.py:1097} INFO - 
--------------------------------------------------------------------------------
[2023-03-29 16:42:54,919] {taskinstance.py:1115} INFO - Executing <Task(PythonOperator): date_update_mrr> on 2023-03-29T16:42:48.576301+00:00
[2023-03-29 16:42:54,925] {standard_task_runner.py:52} INFO - Started process 27765 to run task
[2023-03-29 16:42:54,931] {standard_task_runner.py:76} INFO - Running: ['***', 'tasks', 'run', 'postgres_22222222222', 'date_update_mrr', '2023-03-29T16:42:48.576301+00:00', '--job-id', '420', '--pool', 'default_pool', '--raw', '--subdir', 'DAGS_FOLDER/ETL.py', '--cfg-path', '/tmp/tmpblnzkea0', '--error-file', '/tmp/tmp10yera80']
[2023-03-29 16:42:54,933] {standard_task_runner.py:77} INFO - Job 420: Subtask date_update_mrr
[2023-03-29 16:42:54,983] {logging_mixin.py:109} INFO - Running <TaskInstance: postgres_22222222222.date_update_mrr 2023-03-29T16:42:48.576301+00:00 [running]> on host 0bc3da97cebb
[2023-03-29 16:42:55,036] {taskinstance.py:1254} INFO - Exporting the following env vars:
AIRFLOW_CTX_DAG_OWNER=***
AIRFLOW_CTX_DAG_ID=postgres_22222222222
AIRFLOW_CTX_TASK_ID=date_update_mrr
AIRFLOW_CTX_EXECUTION_DATE=2023-03-29T16:42:48.576301+00:00
AIRFLOW_CTX_DAG_RUN_ID=manual__2023-03-29T16:42:48.576301+00:00
[2023-03-29 16:42:55,073] {python.py:151} INFO - Done. Returned value was: None
[2023-03-29 16:42:55,089] {taskinstance.py:1219} INFO - Marking task as SUCCESS. dag_id=postgres_22222222222, task_id=date_update_mrr, execution_date=20230329T164248, start_date=20230329T164254, end_date=20230329T164255
[2023-03-29 16:42:55,150] {local_task_job.py:151} INFO - Task exited with return code 0
[2023-03-29 16:42:55,187] {local_task_job.py:261} INFO - 1 downstream tasks scheduled from follow-on schedule check
