[2023-03-30 04:56:22,121] {processor.py:162} INFO - Started process (PID=18723) to work on /opt/airflow/dags/inovus_etl_odb_mrr1.py
[2023-03-30 04:56:22,140] {processor.py:613} INFO - Processing file /opt/airflow/dags/inovus_etl_odb_mrr1.py for tasks to queue
[2023-03-30 04:56:22,152] {logging_mixin.py:109} INFO - [2023-03-30 04:56:22,151] {dagbag.py:496} INFO - Filling up the DagBag from /opt/airflow/dags/inovus_etl_odb_mrr1.py
[2023-03-30 04:56:22,289] {processor.py:623} INFO - DAG(s) dict_keys(['inovus_etl_odb_to_mrr']) retrieved from /opt/airflow/dags/inovus_etl_odb_mrr1.py
[2023-03-30 04:56:22,989] {logging_mixin.py:109} INFO - [2023-03-30 04:56:22,989] {dag.py:1834} INFO - Sync 1 DAGs
[2023-03-30 04:56:23,011] {logging_mixin.py:109} INFO - [2023-03-30 04:56:23,011] {dag.py:2287} INFO - Setting next_dagrun for inovus_etl_odb_to_mrr to 2023-03-28 00:00:00+00:00
[2023-03-30 04:56:23,044] {processor.py:170} INFO - Processing /opt/airflow/dags/inovus_etl_odb_mrr1.py took 1.005 seconds
[2023-03-30 04:56:54,027] {processor.py:162} INFO - Started process (PID=18789) to work on /opt/airflow/dags/inovus_etl_odb_mrr1.py
[2023-03-30 04:56:54,044] {processor.py:613} INFO - Processing file /opt/airflow/dags/inovus_etl_odb_mrr1.py for tasks to queue
[2023-03-30 04:56:54,052] {logging_mixin.py:109} INFO - [2023-03-30 04:56:54,052] {dagbag.py:496} INFO - Filling up the DagBag from /opt/airflow/dags/inovus_etl_odb_mrr1.py
[2023-03-30 04:56:54,127] {processor.py:623} INFO - DAG(s) dict_keys(['inovus_etl_odb_to_mrr']) retrieved from /opt/airflow/dags/inovus_etl_odb_mrr1.py
[2023-03-30 04:56:54,215] {logging_mixin.py:109} INFO - [2023-03-30 04:56:54,215] {dag.py:1834} INFO - Sync 1 DAGs
[2023-03-30 04:56:54,309] {logging_mixin.py:109} INFO - [2023-03-30 04:56:54,309] {dag.py:2287} INFO - Setting next_dagrun for inovus_etl_odb_to_mrr to 2023-03-28 00:00:00+00:00
[2023-03-30 04:56:54,349] {processor.py:170} INFO - Processing /opt/airflow/dags/inovus_etl_odb_mrr1.py took 0.331 seconds
[2023-03-30 04:57:26,394] {processor.py:162} INFO - Started process (PID=18833) to work on /opt/airflow/dags/inovus_etl_odb_mrr1.py
[2023-03-30 04:57:26,411] {processor.py:613} INFO - Processing file /opt/airflow/dags/inovus_etl_odb_mrr1.py for tasks to queue
[2023-03-30 04:57:26,416] {logging_mixin.py:109} INFO - [2023-03-30 04:57:26,415] {dagbag.py:496} INFO - Filling up the DagBag from /opt/airflow/dags/inovus_etl_odb_mrr1.py
[2023-03-30 04:57:26,592] {processor.py:623} INFO - DAG(s) dict_keys(['inovus_etl_odb_to_mrr']) retrieved from /opt/airflow/dags/inovus_etl_odb_mrr1.py
[2023-03-30 04:57:26,828] {logging_mixin.py:109} INFO - [2023-03-30 04:57:26,827] {dag.py:1834} INFO - Sync 1 DAGs
[2023-03-30 04:57:27,012] {logging_mixin.py:109} INFO - [2023-03-30 04:57:27,012] {dag.py:2287} INFO - Setting next_dagrun for inovus_etl_odb_to_mrr to 2023-03-30 00:00:00+00:00
[2023-03-30 04:57:27,093] {processor.py:170} INFO - Processing /opt/airflow/dags/inovus_etl_odb_mrr1.py took 0.732 seconds
[2023-03-30 04:57:58,176] {processor.py:162} INFO - Started process (PID=18886) to work on /opt/airflow/dags/inovus_etl_odb_mrr1.py
[2023-03-30 04:57:58,186] {processor.py:613} INFO - Processing file /opt/airflow/dags/inovus_etl_odb_mrr1.py for tasks to queue
[2023-03-30 04:57:58,188] {logging_mixin.py:109} INFO - [2023-03-30 04:57:58,188] {dagbag.py:496} INFO - Filling up the DagBag from /opt/airflow/dags/inovus_etl_odb_mrr1.py
[2023-03-30 04:57:58,213] {processor.py:623} INFO - DAG(s) dict_keys(['inovus_etl_odb_to_mrr']) retrieved from /opt/airflow/dags/inovus_etl_odb_mrr1.py
[2023-03-30 04:57:58,245] {logging_mixin.py:109} INFO - [2023-03-30 04:57:58,245] {dag.py:1834} INFO - Sync 1 DAGs
[2023-03-30 04:57:58,265] {logging_mixin.py:109} INFO - [2023-03-30 04:57:58,265] {dag.py:2287} INFO - Setting next_dagrun for inovus_etl_odb_to_mrr to 2023-03-30 00:00:00+00:00
[2023-03-30 04:57:58,285] {processor.py:170} INFO - Processing /opt/airflow/dags/inovus_etl_odb_mrr1.py took 0.120 seconds
[2023-03-30 04:58:28,863] {processor.py:162} INFO - Started process (PID=18941) to work on /opt/airflow/dags/inovus_etl_odb_mrr1.py
[2023-03-30 04:58:28,901] {processor.py:613} INFO - Processing file /opt/airflow/dags/inovus_etl_odb_mrr1.py for tasks to queue
[2023-03-30 04:58:28,906] {logging_mixin.py:109} INFO - [2023-03-30 04:58:28,906] {dagbag.py:496} INFO - Filling up the DagBag from /opt/airflow/dags/inovus_etl_odb_mrr1.py
[2023-03-30 04:58:28,963] {processor.py:623} INFO - DAG(s) dict_keys(['inovus_etl_odb_to_mrr']) retrieved from /opt/airflow/dags/inovus_etl_odb_mrr1.py
[2023-03-30 04:58:29,033] {logging_mixin.py:109} INFO - [2023-03-30 04:58:29,032] {dag.py:1834} INFO - Sync 1 DAGs
[2023-03-30 04:58:29,069] {logging_mixin.py:109} INFO - [2023-03-30 04:58:29,069] {dag.py:2287} INFO - Setting next_dagrun for inovus_etl_odb_to_mrr to 2023-03-30 00:00:00+00:00
[2023-03-30 04:58:29,111] {processor.py:170} INFO - Processing /opt/airflow/dags/inovus_etl_odb_mrr1.py took 0.263 seconds
[2023-03-30 04:58:36,805] {processor.py:162} INFO - Started process (PID=18957) to work on /opt/airflow/dags/inovus_etl_odb_mrr1.py
[2023-03-30 04:58:36,815] {processor.py:613} INFO - Processing file /opt/airflow/dags/inovus_etl_odb_mrr1.py for tasks to queue
[2023-03-30 04:58:36,819] {logging_mixin.py:109} INFO - [2023-03-30 04:58:36,819] {dagbag.py:496} INFO - Filling up the DagBag from /opt/airflow/dags/inovus_etl_odb_mrr1.py
[2023-03-30 04:58:36,973] {processor.py:623} INFO - DAG(s) dict_keys(['inovus_etl_odb_to_mrr']) retrieved from /opt/airflow/dags/inovus_etl_odb_mrr1.py
[2023-03-30 04:58:37,103] {logging_mixin.py:109} INFO - [2023-03-30 04:58:37,102] {dag.py:1834} INFO - Sync 1 DAGs
[2023-03-30 04:58:37,352] {logging_mixin.py:109} INFO - [2023-03-30 04:58:37,352] {dag.py:2287} INFO - Setting next_dagrun for inovus_etl_odb_to_mrr to 2023-03-30 00:00:00+00:00
[2023-03-30 04:58:37,500] {processor.py:170} INFO - Processing /opt/airflow/dags/inovus_etl_odb_mrr1.py took 0.727 seconds
[2023-03-30 04:59:08,012] {processor.py:162} INFO - Started process (PID=19008) to work on /opt/airflow/dags/inovus_etl_odb_mrr1.py
[2023-03-30 04:59:08,047] {processor.py:613} INFO - Processing file /opt/airflow/dags/inovus_etl_odb_mrr1.py for tasks to queue
[2023-03-30 04:59:08,072] {logging_mixin.py:109} INFO - [2023-03-30 04:59:08,071] {dagbag.py:496} INFO - Filling up the DagBag from /opt/airflow/dags/inovus_etl_odb_mrr1.py
[2023-03-30 04:59:08,250] {processor.py:623} INFO - DAG(s) dict_keys(['inovus_etl_odb_to_mrr']) retrieved from /opt/airflow/dags/inovus_etl_odb_mrr1.py
[2023-03-30 04:59:08,436] {logging_mixin.py:109} INFO - [2023-03-30 04:59:08,435] {dag.py:1834} INFO - Sync 1 DAGs
[2023-03-30 04:59:08,502] {logging_mixin.py:109} INFO - [2023-03-30 04:59:08,501] {dag.py:2287} INFO - Setting next_dagrun for inovus_etl_odb_to_mrr to 2023-03-30 00:00:00+00:00
[2023-03-30 04:59:08,545] {processor.py:170} INFO - Processing /opt/airflow/dags/inovus_etl_odb_mrr1.py took 0.564 seconds
