[2023-03-31 18:00:35,479] {taskinstance.py:903} INFO - Dependencies all met for <TaskInstance: inovus_etl_odb_to_mrr.date_update_mrr 2023-03-31T18:00:25.021049+00:00 [queued]>
[2023-03-31 18:00:35,502] {taskinstance.py:903} INFO - Dependencies all met for <TaskInstance: inovus_etl_odb_to_mrr.date_update_mrr 2023-03-31T18:00:25.021049+00:00 [queued]>
[2023-03-31 18:00:35,504] {taskinstance.py:1095} INFO - 
--------------------------------------------------------------------------------
[2023-03-31 18:00:35,506] {taskinstance.py:1096} INFO - Starting attempt 1 of 1
[2023-03-31 18:00:35,508] {taskinstance.py:1097} INFO - 
--------------------------------------------------------------------------------
[2023-03-31 18:00:35,522] {taskinstance.py:1115} INFO - Executing <Task(PythonOperator): date_update_mrr> on 2023-03-31T18:00:25.021049+00:00
[2023-03-31 18:00:35,530] {standard_task_runner.py:52} INFO - Started process 938 to run task
[2023-03-31 18:00:35,546] {standard_task_runner.py:76} INFO - Running: ['***', 'tasks', 'run', 'inovus_etl_odb_to_mrr', 'date_update_mrr', '2023-03-31T18:00:25.021049+00:00', '--job-id', '505', '--pool', 'default_pool', '--raw', '--subdir', 'DAGS_FOLDER/inovus_etl_odb_mrr.py', '--cfg-path', '/tmp/tmp55180aot', '--error-file', '/tmp/tmpv_6qg6m0']
[2023-03-31 18:00:35,549] {standard_task_runner.py:77} INFO - Job 505: Subtask date_update_mrr
[2023-03-31 18:00:35,619] {logging_mixin.py:109} INFO - Running <TaskInstance: inovus_etl_odb_to_mrr.date_update_mrr 2023-03-31T18:00:25.021049+00:00 [running]> on host 0bc3da97cebb
[2023-03-31 18:00:35,680] {taskinstance.py:1254} INFO - Exporting the following env vars:
AIRFLOW_CTX_DAG_OWNER=***
AIRFLOW_CTX_DAG_ID=inovus_etl_odb_to_mrr
AIRFLOW_CTX_TASK_ID=date_update_mrr
AIRFLOW_CTX_EXECUTION_DATE=2023-03-31T18:00:25.021049+00:00
AIRFLOW_CTX_DAG_RUN_ID=manual__2023-03-31T18:00:25.021049+00:00
[2023-03-31 18:00:35,711] {python.py:151} INFO - Done. Returned value was: None
[2023-03-31 18:00:35,733] {taskinstance.py:1219} INFO - Marking task as SUCCESS. dag_id=inovus_etl_odb_to_mrr, task_id=date_update_mrr, execution_date=20230331T180025, start_date=20230331T180035, end_date=20230331T180035
[2023-03-31 18:00:35,794] {local_task_job.py:151} INFO - Task exited with return code 0
[2023-03-31 18:00:35,876] {local_task_job.py:261} INFO - 0 downstream tasks scheduled from follow-on schedule check
