[2023-03-29 16:36:05,533] {taskinstance.py:903} INFO - Dependencies all met for <TaskInstance: postgres_22222222222.etl_from_radb_to_mrrfsales 2023-03-29T16:36:03.811821+00:00 [queued]>
[2023-03-29 16:36:05,583] {taskinstance.py:903} INFO - Dependencies all met for <TaskInstance: postgres_22222222222.etl_from_radb_to_mrrfsales 2023-03-29T16:36:03.811821+00:00 [queued]>
[2023-03-29 16:36:05,588] {taskinstance.py:1095} INFO - 
--------------------------------------------------------------------------------
[2023-03-29 16:36:05,590] {taskinstance.py:1096} INFO - Starting attempt 1 of 1
[2023-03-29 16:36:05,591] {taskinstance.py:1097} INFO - 
--------------------------------------------------------------------------------
[2023-03-29 16:36:05,640] {taskinstance.py:1115} INFO - Executing <Task(PythonOperator): etl_from_radb_to_mrrfsales> on 2023-03-29T16:36:03.811821+00:00
[2023-03-29 16:36:05,664] {standard_task_runner.py:52} INFO - Started process 27384 to run task
[2023-03-29 16:36:05,717] {standard_task_runner.py:76} INFO - Running: ['***', 'tasks', 'run', 'postgres_22222222222', 'etl_from_radb_to_mrrfsales', '2023-03-29T16:36:03.811821+00:00', '--job-id', '380', '--pool', 'default_pool', '--raw', '--subdir', 'DAGS_FOLDER/ETL.py', '--cfg-path', '/tmp/tmpuqn7ask2', '--error-file', '/tmp/tmpm_eu26if']
[2023-03-29 16:36:05,728] {standard_task_runner.py:77} INFO - Job 380: Subtask etl_from_radb_to_mrrfsales
[2023-03-29 16:36:05,862] {logging_mixin.py:109} INFO - Running <TaskInstance: postgres_22222222222.etl_from_radb_to_mrrfsales 2023-03-29T16:36:03.811821+00:00 [running]> on host 0bc3da97cebb
[2023-03-29 16:36:05,969] {taskinstance.py:1254} INFO - Exporting the following env vars:
AIRFLOW_CTX_DAG_OWNER=***
AIRFLOW_CTX_DAG_ID=postgres_22222222222
AIRFLOW_CTX_TASK_ID=etl_from_radb_to_mrrfsales
AIRFLOW_CTX_EXECUTION_DATE=2023-03-29T16:36:03.811821+00:00
AIRFLOW_CTX_DAG_RUN_ID=manual__2023-03-29T16:36:03.811821+00:00
[2023-03-29 16:36:06,049] {python.py:151} INFO - Done. Returned value was: None
[2023-03-29 16:36:06,072] {taskinstance.py:1219} INFO - Marking task as SUCCESS. dag_id=postgres_22222222222, task_id=etl_from_radb_to_mrrfsales, execution_date=20230329T163603, start_date=20230329T163605, end_date=20230329T163606
[2023-03-29 16:36:06,136] {local_task_job.py:151} INFO - Task exited with return code 0
[2023-03-29 16:36:06,219] {local_task_job.py:261} INFO - 0 downstream tasks scheduled from follow-on schedule check
