[2023-03-29 16:24:11,674] {taskinstance.py:903} INFO - Dependencies all met for <TaskInstance: postgres_22222222222.etl_from_radb_to_mrrdimcproducts 2023-03-29T16:24:06.547280+00:00 [queued]>
[2023-03-29 16:24:11,709] {taskinstance.py:903} INFO - Dependencies all met for <TaskInstance: postgres_22222222222.etl_from_radb_to_mrrdimcproducts 2023-03-29T16:24:06.547280+00:00 [queued]>
[2023-03-29 16:24:11,719] {taskinstance.py:1095} INFO - 
--------------------------------------------------------------------------------
[2023-03-29 16:24:11,725] {taskinstance.py:1096} INFO - Starting attempt 1 of 1
[2023-03-29 16:24:11,747] {taskinstance.py:1097} INFO - 
--------------------------------------------------------------------------------
[2023-03-29 16:24:11,836] {taskinstance.py:1115} INFO - Executing <Task(PythonOperator): etl_from_radb_to_mrrdimcproducts> on 2023-03-29T16:24:06.547280+00:00
[2023-03-29 16:24:11,866] {standard_task_runner.py:76} INFO - Running: ['***', 'tasks', 'run', 'postgres_22222222222', 'etl_from_radb_to_mrrdimcproducts', '2023-03-29T16:24:06.547280+00:00', '--job-id', '335', '--pool', 'default_pool', '--raw', '--subdir', 'DAGS_FOLDER/ETL.py', '--cfg-path', '/tmp/tmp0p0lylc8', '--error-file', '/tmp/tmpatbkto1s']
[2023-03-29 16:24:11,869] {standard_task_runner.py:77} INFO - Job 335: Subtask etl_from_radb_to_mrrdimcproducts
[2023-03-29 16:24:11,853] {standard_task_runner.py:52} INFO - Started process 26739 to run task
[2023-03-29 16:24:12,004] {logging_mixin.py:109} INFO - Running <TaskInstance: postgres_22222222222.etl_from_radb_to_mrrdimcproducts 2023-03-29T16:24:06.547280+00:00 [running]> on host 0bc3da97cebb
[2023-03-29 16:24:12,089] {taskinstance.py:1254} INFO - Exporting the following env vars:
AIRFLOW_CTX_DAG_OWNER=***
AIRFLOW_CTX_DAG_ID=postgres_22222222222
AIRFLOW_CTX_TASK_ID=etl_from_radb_to_mrrdimcproducts
AIRFLOW_CTX_EXECUTION_DATE=2023-03-29T16:24:06.547280+00:00
AIRFLOW_CTX_DAG_RUN_ID=manual__2023-03-29T16:24:06.547280+00:00
[2023-03-29 16:24:12,165] {python.py:151} INFO - Done. Returned value was: None
[2023-03-29 16:24:12,197] {taskinstance.py:1219} INFO - Marking task as SUCCESS. dag_id=postgres_22222222222, task_id=etl_from_radb_to_mrrdimcproducts, execution_date=20230329T162406, start_date=20230329T162411, end_date=20230329T162412
[2023-03-29 16:24:12,260] {local_task_job.py:151} INFO - Task exited with return code 0
[2023-03-29 16:24:12,329] {local_task_job.py:261} INFO - 1 downstream tasks scheduled from follow-on schedule check
