[2023-04-02 17:29:59,222] {taskinstance.py:903} INFO - Dependencies all met for <TaskInstance: inovus_etl_dag_stg_to_dwh.etl_from_stgdimcustomer_to_dwhdimcustomer 2023-04-02T17:29:57.741593+00:00 [queued]>
[2023-04-02 17:29:59,243] {taskinstance.py:903} INFO - Dependencies all met for <TaskInstance: inovus_etl_dag_stg_to_dwh.etl_from_stgdimcustomer_to_dwhdimcustomer 2023-04-02T17:29:57.741593+00:00 [queued]>
[2023-04-02 17:29:59,244] {taskinstance.py:1095} INFO - 
--------------------------------------------------------------------------------
[2023-04-02 17:29:59,245] {taskinstance.py:1096} INFO - Starting attempt 1 of 1
[2023-04-02 17:29:59,246] {taskinstance.py:1097} INFO - 
--------------------------------------------------------------------------------
[2023-04-02 17:29:59,257] {taskinstance.py:1115} INFO - Executing <Task(PythonOperator): etl_from_stgdimcustomer_to_dwhdimcustomer> on 2023-04-02T17:29:57.741593+00:00
[2023-04-02 17:29:59,274] {standard_task_runner.py:52} INFO - Started process 1025 to run task
[2023-04-02 17:29:59,280] {standard_task_runner.py:76} INFO - Running: ['***', 'tasks', 'run', 'inovus_etl_dag_stg_to_dwh', 'etl_from_stgdimcustomer_to_dwhdimcustomer', '2023-04-02T17:29:57.741593+00:00', '--job-id', '554', '--pool', 'default_pool', '--raw', '--subdir', 'DAGS_FOLDER/inovus_etl_stg_dwh.py', '--cfg-path', '/tmp/tmplv6jb08f', '--error-file', '/tmp/tmp1hdjvyy3']
[2023-04-02 17:29:59,287] {standard_task_runner.py:77} INFO - Job 554: Subtask etl_from_stgdimcustomer_to_dwhdimcustomer
[2023-04-02 17:29:59,379] {logging_mixin.py:109} INFO - Running <TaskInstance: inovus_etl_dag_stg_to_dwh.etl_from_stgdimcustomer_to_dwhdimcustomer 2023-04-02T17:29:57.741593+00:00 [running]> on host 580553a30a83
[2023-04-02 17:29:59,458] {taskinstance.py:1254} INFO - Exporting the following env vars:
AIRFLOW_CTX_DAG_OWNER=***
AIRFLOW_CTX_DAG_ID=inovus_etl_dag_stg_to_dwh
AIRFLOW_CTX_TASK_ID=etl_from_stgdimcustomer_to_dwhdimcustomer
AIRFLOW_CTX_EXECUTION_DATE=2023-04-02T17:29:57.741593+00:00
AIRFLOW_CTX_DAG_RUN_ID=manual__2023-04-02T17:29:57.741593+00:00
[2023-04-02 17:29:59,640] {python.py:151} INFO - Done. Returned value was: None
[2023-04-02 17:29:59,663] {taskinstance.py:1219} INFO - Marking task as SUCCESS. dag_id=inovus_etl_dag_stg_to_dwh, task_id=etl_from_stgdimcustomer_to_dwhdimcustomer, execution_date=20230402T172957, start_date=20230402T172959, end_date=20230402T172959
[2023-04-02 17:29:59,742] {local_task_job.py:151} INFO - Task exited with return code 0
[2023-04-02 17:29:59,837] {local_task_job.py:261} INFO - 0 downstream tasks scheduled from follow-on schedule check
