[2023-03-28 18:51:46,819] {taskinstance.py:903} INFO - Dependencies all met for <TaskInstance: inovus_etl_dag_stg_to_dwh.etl_from_stgdimcproducts_to_dwhdimcproducts 2023-03-28T18:51:44.530657+00:00 [queued]>
[2023-03-28 18:51:46,842] {taskinstance.py:903} INFO - Dependencies all met for <TaskInstance: inovus_etl_dag_stg_to_dwh.etl_from_stgdimcproducts_to_dwhdimcproducts 2023-03-28T18:51:44.530657+00:00 [queued]>
[2023-03-28 18:51:46,844] {taskinstance.py:1095} INFO - 
--------------------------------------------------------------------------------
[2023-03-28 18:51:46,845] {taskinstance.py:1096} INFO - Starting attempt 1 of 1
[2023-03-28 18:51:46,847] {taskinstance.py:1097} INFO - 
--------------------------------------------------------------------------------
[2023-03-28 18:51:46,858] {taskinstance.py:1115} INFO - Executing <Task(PythonOperator): etl_from_stgdimcproducts_to_dwhdimcproducts> on 2023-03-28T18:51:44.530657+00:00
[2023-03-28 18:51:46,865] {standard_task_runner.py:52} INFO - Started process 9929 to run task
[2023-03-28 18:51:46,872] {standard_task_runner.py:76} INFO - Running: ['***', 'tasks', 'run', 'inovus_etl_dag_stg_to_dwh', 'etl_from_stgdimcproducts_to_dwhdimcproducts', '2023-03-28T18:51:44.530657+00:00', '--job-id', '98', '--pool', 'default_pool', '--raw', '--subdir', 'DAGS_FOLDER/inovus_etl_stg_dwh.py', '--cfg-path', '/tmp/tmppd4ce4sa', '--error-file', '/tmp/tmpbcvd7_lq']
[2023-03-28 18:51:46,874] {standard_task_runner.py:77} INFO - Job 98: Subtask etl_from_stgdimcproducts_to_dwhdimcproducts
[2023-03-28 18:51:46,936] {logging_mixin.py:109} INFO - Running <TaskInstance: inovus_etl_dag_stg_to_dwh.etl_from_stgdimcproducts_to_dwhdimcproducts 2023-03-28T18:51:44.530657+00:00 [running]> on host 0bc3da97cebb
[2023-03-28 18:51:47,009] {taskinstance.py:1254} INFO - Exporting the following env vars:
AIRFLOW_CTX_DAG_OWNER=***
AIRFLOW_CTX_DAG_ID=inovus_etl_dag_stg_to_dwh
AIRFLOW_CTX_TASK_ID=etl_from_stgdimcproducts_to_dwhdimcproducts
AIRFLOW_CTX_EXECUTION_DATE=2023-03-28T18:51:44.530657+00:00
AIRFLOW_CTX_DAG_RUN_ID=manual__2023-03-28T18:51:44.530657+00:00
[2023-03-28 18:51:47,066] {python.py:151} INFO - Done. Returned value was: None
[2023-03-28 18:51:47,083] {taskinstance.py:1219} INFO - Marking task as SUCCESS. dag_id=inovus_etl_dag_stg_to_dwh, task_id=etl_from_stgdimcproducts_to_dwhdimcproducts, execution_date=20230328T185144, start_date=20230328T185146, end_date=20230328T185147
[2023-03-28 18:51:47,130] {local_task_job.py:151} INFO - Task exited with return code 0
[2023-03-28 18:51:47,168] {local_task_job.py:261} INFO - 1 downstream tasks scheduled from follow-on schedule check
