[2023-03-29 15:59:20,742] {taskinstance.py:903} INFO - Dependencies all met for <TaskInstance: postgres_22222222222.date_update_mrr 2023-03-29T15:59:16.052262+00:00 [queued]>
[2023-03-29 15:59:20,760] {taskinstance.py:903} INFO - Dependencies all met for <TaskInstance: postgres_22222222222.date_update_mrr 2023-03-29T15:59:16.052262+00:00 [queued]>
[2023-03-29 15:59:20,762] {taskinstance.py:1095} INFO - 
--------------------------------------------------------------------------------
[2023-03-29 15:59:20,763] {taskinstance.py:1096} INFO - Starting attempt 1 of 1
[2023-03-29 15:59:20,765] {taskinstance.py:1097} INFO - 
--------------------------------------------------------------------------------
[2023-03-29 15:59:20,785] {taskinstance.py:1115} INFO - Executing <Task(PythonOperator): date_update_mrr> on 2023-03-29T15:59:16.052262+00:00
[2023-03-29 15:59:20,790] {standard_task_runner.py:52} INFO - Started process 25397 to run task
[2023-03-29 15:59:20,803] {standard_task_runner.py:76} INFO - Running: ['***', 'tasks', 'run', 'postgres_22222222222', 'date_update_mrr', '2023-03-29T15:59:16.052262+00:00', '--job-id', '234', '--pool', 'default_pool', '--raw', '--subdir', 'DAGS_FOLDER/ETL.py', '--cfg-path', '/tmp/tmpfpfyo3hx', '--error-file', '/tmp/tmpk3eu9e3v']
[2023-03-29 15:59:20,804] {standard_task_runner.py:77} INFO - Job 234: Subtask date_update_mrr
[2023-03-29 15:59:20,877] {logging_mixin.py:109} INFO - Running <TaskInstance: postgres_22222222222.date_update_mrr 2023-03-29T15:59:16.052262+00:00 [running]> on host 0bc3da97cebb
[2023-03-29 15:59:20,942] {taskinstance.py:1254} INFO - Exporting the following env vars:
AIRFLOW_CTX_DAG_OWNER=***
AIRFLOW_CTX_DAG_ID=postgres_22222222222
AIRFLOW_CTX_TASK_ID=date_update_mrr
AIRFLOW_CTX_EXECUTION_DATE=2023-03-29T15:59:16.052262+00:00
AIRFLOW_CTX_DAG_RUN_ID=manual__2023-03-29T15:59:16.052262+00:00
[2023-03-29 15:59:20,967] {python.py:151} INFO - Done. Returned value was: None
[2023-03-29 15:59:20,989] {taskinstance.py:1219} INFO - Marking task as SUCCESS. dag_id=postgres_22222222222, task_id=date_update_mrr, execution_date=20230329T155916, start_date=20230329T155920, end_date=20230329T155920
[2023-03-29 15:59:21,019] {local_task_job.py:151} INFO - Task exited with return code 0
[2023-03-29 15:59:21,053] {local_task_job.py:261} INFO - 1 downstream tasks scheduled from follow-on schedule check
