[2023-03-29 16:36:51,551] {taskinstance.py:903} INFO - Dependencies all met for <TaskInstance: postgres_22222222222.etl_from_radb_to_mrrdimcproducts 2023-03-29T16:36:46.397724+00:00 [queued]>
[2023-03-29 16:36:51,572] {taskinstance.py:903} INFO - Dependencies all met for <TaskInstance: postgres_22222222222.etl_from_radb_to_mrrdimcproducts 2023-03-29T16:36:46.397724+00:00 [queued]>
[2023-03-29 16:36:51,574] {taskinstance.py:1095} INFO - 
--------------------------------------------------------------------------------
[2023-03-29 16:36:51,575] {taskinstance.py:1096} INFO - Starting attempt 1 of 1
[2023-03-29 16:36:51,577] {taskinstance.py:1097} INFO - 
--------------------------------------------------------------------------------
[2023-03-29 16:36:51,597] {taskinstance.py:1115} INFO - Executing <Task(PythonOperator): etl_from_radb_to_mrrdimcproducts> on 2023-03-29T16:36:46.397724+00:00
[2023-03-29 16:36:51,604] {standard_task_runner.py:52} INFO - Started process 27435 to run task
[2023-03-29 16:36:51,613] {standard_task_runner.py:76} INFO - Running: ['***', 'tasks', 'run', 'postgres_22222222222', 'etl_from_radb_to_mrrdimcproducts', '2023-03-29T16:36:46.397724+00:00', '--job-id', '389', '--pool', 'default_pool', '--raw', '--subdir', 'DAGS_FOLDER/ETL.py', '--cfg-path', '/tmp/tmpfhbxx4j5', '--error-file', '/tmp/tmpcdy4xovo']
[2023-03-29 16:36:51,617] {standard_task_runner.py:77} INFO - Job 389: Subtask etl_from_radb_to_mrrdimcproducts
[2023-03-29 16:36:51,675] {logging_mixin.py:109} INFO - Running <TaskInstance: postgres_22222222222.etl_from_radb_to_mrrdimcproducts 2023-03-29T16:36:46.397724+00:00 [running]> on host 0bc3da97cebb
[2023-03-29 16:36:51,784] {taskinstance.py:1254} INFO - Exporting the following env vars:
AIRFLOW_CTX_DAG_OWNER=***
AIRFLOW_CTX_DAG_ID=postgres_22222222222
AIRFLOW_CTX_TASK_ID=etl_from_radb_to_mrrdimcproducts
AIRFLOW_CTX_EXECUTION_DATE=2023-03-29T16:36:46.397724+00:00
AIRFLOW_CTX_DAG_RUN_ID=manual__2023-03-29T16:36:46.397724+00:00
[2023-03-29 16:36:51,847] {python.py:151} INFO - Done. Returned value was: None
[2023-03-29 16:36:51,868] {taskinstance.py:1219} INFO - Marking task as SUCCESS. dag_id=postgres_22222222222, task_id=etl_from_radb_to_mrrdimcproducts, execution_date=20230329T163646, start_date=20230329T163651, end_date=20230329T163651
[2023-03-29 16:36:51,897] {local_task_job.py:151} INFO - Task exited with return code 0
[2023-03-29 16:36:51,933] {local_task_job.py:261} INFO - 1 downstream tasks scheduled from follow-on schedule check
