[2023-03-29 16:37:39,545] {taskinstance.py:903} INFO - Dependencies all met for <TaskInstance: postgres_22222222222.etl_from_radb_to_mrrdimcproducts 2023-03-29T16:37:33.049343+00:00 [queued]>
[2023-03-29 16:37:39,557] {taskinstance.py:903} INFO - Dependencies all met for <TaskInstance: postgres_22222222222.etl_from_radb_to_mrrdimcproducts 2023-03-29T16:37:33.049343+00:00 [queued]>
[2023-03-29 16:37:39,559] {taskinstance.py:1095} INFO - 
--------------------------------------------------------------------------------
[2023-03-29 16:37:39,560] {taskinstance.py:1096} INFO - Starting attempt 1 of 1
[2023-03-29 16:37:39,562] {taskinstance.py:1097} INFO - 
--------------------------------------------------------------------------------
[2023-03-29 16:37:39,578] {taskinstance.py:1115} INFO - Executing <Task(PythonOperator): etl_from_radb_to_mrrdimcproducts> on 2023-03-29T16:37:33.049343+00:00
[2023-03-29 16:37:39,583] {standard_task_runner.py:52} INFO - Started process 27480 to run task
[2023-03-29 16:37:39,589] {standard_task_runner.py:76} INFO - Running: ['***', 'tasks', 'run', 'postgres_22222222222', 'etl_from_radb_to_mrrdimcproducts', '2023-03-29T16:37:33.049343+00:00', '--job-id', '395', '--pool', 'default_pool', '--raw', '--subdir', 'DAGS_FOLDER/ETL.py', '--cfg-path', '/tmp/tmpq4ujvghr', '--error-file', '/tmp/tmpbd9jdq96']
[2023-03-29 16:37:39,591] {standard_task_runner.py:77} INFO - Job 395: Subtask etl_from_radb_to_mrrdimcproducts
[2023-03-29 16:37:39,641] {logging_mixin.py:109} INFO - Running <TaskInstance: postgres_22222222222.etl_from_radb_to_mrrdimcproducts 2023-03-29T16:37:33.049343+00:00 [running]> on host 0bc3da97cebb
[2023-03-29 16:37:39,695] {taskinstance.py:1254} INFO - Exporting the following env vars:
AIRFLOW_CTX_DAG_OWNER=***
AIRFLOW_CTX_DAG_ID=postgres_22222222222
AIRFLOW_CTX_TASK_ID=etl_from_radb_to_mrrdimcproducts
AIRFLOW_CTX_EXECUTION_DATE=2023-03-29T16:37:33.049343+00:00
AIRFLOW_CTX_DAG_RUN_ID=manual__2023-03-29T16:37:33.049343+00:00
[2023-03-29 16:37:39,765] {python.py:151} INFO - Done. Returned value was: None
[2023-03-29 16:37:39,800] {taskinstance.py:1219} INFO - Marking task as SUCCESS. dag_id=postgres_22222222222, task_id=etl_from_radb_to_mrrdimcproducts, execution_date=20230329T163733, start_date=20230329T163739, end_date=20230329T163739
[2023-03-29 16:37:39,890] {local_task_job.py:151} INFO - Task exited with return code 0
[2023-03-29 16:37:39,936] {local_task_job.py:261} INFO - 1 downstream tasks scheduled from follow-on schedule check
