[2023-03-29 14:24:38,705] {taskinstance.py:903} INFO - Dependencies all met for <TaskInstance: postgres_2222.etl_from_radb_to_mrrfsales 2023-03-28T00:00:00+00:00 [queued]>
[2023-03-29 14:24:38,790] {taskinstance.py:903} INFO - Dependencies all met for <TaskInstance: postgres_2222.etl_from_radb_to_mrrfsales 2023-03-28T00:00:00+00:00 [queued]>
[2023-03-29 14:24:38,794] {taskinstance.py:1095} INFO - 
--------------------------------------------------------------------------------
[2023-03-29 14:24:38,796] {taskinstance.py:1096} INFO - Starting attempt 1 of 1
[2023-03-29 14:24:38,797] {taskinstance.py:1097} INFO - 
--------------------------------------------------------------------------------
[2023-03-29 14:24:38,854] {taskinstance.py:1115} INFO - Executing <Task(PythonOperator): etl_from_radb_to_mrrfsales> on 2023-03-28T00:00:00+00:00
[2023-03-29 14:24:38,889] {standard_task_runner.py:52} INFO - Started process 20897 to run task
[2023-03-29 14:24:38,933] {standard_task_runner.py:76} INFO - Running: ['***', 'tasks', 'run', 'postgres_2222', 'etl_from_radb_to_mrrfsales', '2023-03-28T00:00:00+00:00', '--job-id', '143', '--pool', 'default_pool', '--raw', '--subdir', 'DAGS_FOLDER/ETL.py', '--cfg-path', '/tmp/tmpsc2y1rfl', '--error-file', '/tmp/tmpwub2df96']
[2023-03-29 14:24:38,947] {standard_task_runner.py:77} INFO - Job 143: Subtask etl_from_radb_to_mrrfsales
[2023-03-29 14:24:39,083] {logging_mixin.py:109} INFO - Running <TaskInstance: postgres_2222.etl_from_radb_to_mrrfsales 2023-03-28T00:00:00+00:00 [running]> on host 0bc3da97cebb
[2023-03-29 14:24:39,389] {taskinstance.py:1254} INFO - Exporting the following env vars:
AIRFLOW_CTX_DAG_OWNER=***
AIRFLOW_CTX_DAG_ID=postgres_2222
AIRFLOW_CTX_TASK_ID=etl_from_radb_to_mrrfsales
AIRFLOW_CTX_EXECUTION_DATE=2023-03-28T00:00:00+00:00
AIRFLOW_CTX_DAG_RUN_ID=scheduled__2023-03-28T00:00:00+00:00
[2023-03-29 14:24:40,845] {python.py:151} INFO - Done. Returned value was: None
[2023-03-29 14:24:40,925] {taskinstance.py:1219} INFO - Marking task as SUCCESS. dag_id=postgres_2222, task_id=etl_from_radb_to_mrrfsales, execution_date=20230328T000000, start_date=20230329T142438, end_date=20230329T142440
[2023-03-29 14:24:41,157] {local_task_job.py:151} INFO - Task exited with return code 0
[2023-03-29 14:24:41,332] {local_task_job.py:261} INFO - 1 downstream tasks scheduled from follow-on schedule check
