[2023-03-29 14:40:28,006] {taskinstance.py:903} INFO - Dependencies all met for <TaskInstance: postgres_22222222222.etl_from_radb_to_mrrfsales 2023-03-29T14:40:26.558841+00:00 [queued]>
[2023-03-29 14:40:28,040] {taskinstance.py:903} INFO - Dependencies all met for <TaskInstance: postgres_22222222222.etl_from_radb_to_mrrfsales 2023-03-29T14:40:26.558841+00:00 [queued]>
[2023-03-29 14:40:28,041] {taskinstance.py:1095} INFO - 
--------------------------------------------------------------------------------
[2023-03-29 14:40:28,043] {taskinstance.py:1096} INFO - Starting attempt 1 of 1
[2023-03-29 14:40:28,045] {taskinstance.py:1097} INFO - 
--------------------------------------------------------------------------------
[2023-03-29 14:40:28,095] {taskinstance.py:1115} INFO - Executing <Task(PythonOperator): etl_from_radb_to_mrrfsales> on 2023-03-29T14:40:26.558841+00:00
[2023-03-29 14:40:28,121] {standard_task_runner.py:52} INFO - Started process 21663 to run task
[2023-03-29 14:40:28,139] {standard_task_runner.py:76} INFO - Running: ['***', 'tasks', 'run', 'postgres_22222222222', 'etl_from_radb_to_mrrfsales', '2023-03-29T14:40:26.558841+00:00', '--job-id', '166', '--pool', 'default_pool', '--raw', '--subdir', 'DAGS_FOLDER/ETL.py', '--cfg-path', '/tmp/tmpb7m1moe7', '--error-file', '/tmp/tmp9jssl8ge']
[2023-03-29 14:40:28,142] {standard_task_runner.py:77} INFO - Job 166: Subtask etl_from_radb_to_mrrfsales
[2023-03-29 14:40:28,218] {logging_mixin.py:109} INFO - Running <TaskInstance: postgres_22222222222.etl_from_radb_to_mrrfsales 2023-03-29T14:40:26.558841+00:00 [running]> on host 0bc3da97cebb
[2023-03-29 14:40:28,277] {taskinstance.py:1254} INFO - Exporting the following env vars:
AIRFLOW_CTX_DAG_OWNER=***
AIRFLOW_CTX_DAG_ID=postgres_22222222222
AIRFLOW_CTX_TASK_ID=etl_from_radb_to_mrrfsales
AIRFLOW_CTX_EXECUTION_DATE=2023-03-29T14:40:26.558841+00:00
AIRFLOW_CTX_DAG_RUN_ID=manual__2023-03-29T14:40:26.558841+00:00
[2023-03-29 14:40:28,498] {python.py:151} INFO - Done. Returned value was: None
[2023-03-29 14:40:28,519] {taskinstance.py:1219} INFO - Marking task as SUCCESS. dag_id=postgres_22222222222, task_id=etl_from_radb_to_mrrfsales, execution_date=20230329T144026, start_date=20230329T144028, end_date=20230329T144028
[2023-03-29 14:40:28,561] {local_task_job.py:151} INFO - Task exited with return code 0
[2023-03-29 14:40:28,593] {local_task_job.py:261} INFO - 1 downstream tasks scheduled from follow-on schedule check
