[2023-03-30 03:33:07,460] {taskinstance.py:903} INFO - Dependencies all met for <TaskInstance: postgres_22222222222.etl_from_radb_to_mrrfsales 2023-03-30T03:33:06.212733+00:00 [queued]>
[2023-03-30 03:33:07,493] {taskinstance.py:903} INFO - Dependencies all met for <TaskInstance: postgres_22222222222.etl_from_radb_to_mrrfsales 2023-03-30T03:33:06.212733+00:00 [queued]>
[2023-03-30 03:33:07,495] {taskinstance.py:1095} INFO - 
--------------------------------------------------------------------------------
[2023-03-30 03:33:07,496] {taskinstance.py:1096} INFO - Starting attempt 1 of 1
[2023-03-30 03:33:07,498] {taskinstance.py:1097} INFO - 
--------------------------------------------------------------------------------
[2023-03-30 03:33:07,522] {taskinstance.py:1115} INFO - Executing <Task(PythonOperator): etl_from_radb_to_mrrfsales> on 2023-03-30T03:33:06.212733+00:00
[2023-03-30 03:33:07,532] {standard_task_runner.py:52} INFO - Started process 4001 to run task
[2023-03-30 03:33:07,536] {standard_task_runner.py:76} INFO - Running: ['***', 'tasks', 'run', 'postgres_22222222222', 'etl_from_radb_to_mrrfsales', '2023-03-30T03:33:06.212733+00:00', '--job-id', '462', '--pool', 'default_pool', '--raw', '--subdir', 'DAGS_FOLDER/ETL.py', '--cfg-path', '/tmp/tmpbc29457j', '--error-file', '/tmp/tmp0flb5h_3']
[2023-03-30 03:33:07,548] {standard_task_runner.py:77} INFO - Job 462: Subtask etl_from_radb_to_mrrfsales
[2023-03-30 03:33:07,606] {logging_mixin.py:109} INFO - Running <TaskInstance: postgres_22222222222.etl_from_radb_to_mrrfsales 2023-03-30T03:33:06.212733+00:00 [running]> on host 0bc3da97cebb
[2023-03-30 03:33:07,672] {taskinstance.py:1254} INFO - Exporting the following env vars:
AIRFLOW_CTX_DAG_OWNER=***
AIRFLOW_CTX_DAG_ID=postgres_22222222222
AIRFLOW_CTX_TASK_ID=etl_from_radb_to_mrrfsales
AIRFLOW_CTX_EXECUTION_DATE=2023-03-30T03:33:06.212733+00:00
AIRFLOW_CTX_DAG_RUN_ID=manual__2023-03-30T03:33:06.212733+00:00
[2023-03-30 03:33:07,837] {python.py:151} INFO - Done. Returned value was: None
[2023-03-30 03:33:07,861] {taskinstance.py:1219} INFO - Marking task as SUCCESS. dag_id=postgres_22222222222, task_id=etl_from_radb_to_mrrfsales, execution_date=20230330T033306, start_date=20230330T033307, end_date=20230330T033307
[2023-03-30 03:33:07,928] {local_task_job.py:151} INFO - Task exited with return code 0
[2023-03-30 03:33:07,958] {local_task_job.py:261} INFO - 0 downstream tasks scheduled from follow-on schedule check
