[2023-04-02 17:10:18,739] {taskinstance.py:903} INFO - Dependencies all met for <TaskInstance: inovus_etl_dag_mrr_to_stg.etl_from_mrr_dimcustomer_to_stg_dimcustomer 2023-03-31T00:00:00+00:00 [queued]>
[2023-04-02 17:10:20,206] {taskinstance.py:903} INFO - Dependencies all met for <TaskInstance: inovus_etl_dag_mrr_to_stg.etl_from_mrr_dimcustomer_to_stg_dimcustomer 2023-03-31T00:00:00+00:00 [queued]>
[2023-04-02 17:10:20,284] {taskinstance.py:1095} INFO - 
--------------------------------------------------------------------------------
[2023-04-02 17:10:20,300] {taskinstance.py:1096} INFO - Starting attempt 1 of 1
[2023-04-02 17:10:20,304] {taskinstance.py:1097} INFO - 
--------------------------------------------------------------------------------
[2023-04-02 17:10:22,475] {taskinstance.py:1115} INFO - Executing <Task(PythonOperator): etl_from_mrr_dimcustomer_to_stg_dimcustomer> on 2023-03-31T00:00:00+00:00
[2023-04-02 17:10:23,425] {standard_task_runner.py:76} INFO - Running: ['***', 'tasks', 'run', 'inovus_etl_dag_mrr_to_stg', 'etl_from_mrr_dimcustomer_to_stg_dimcustomer', '2023-03-31T00:00:00+00:00', '--job-id', '532', '--pool', 'default_pool', '--raw', '--subdir', 'DAGS_FOLDER/inovus_etl_mrr_stg.py', '--cfg-path', '/tmp/tmpt5brezc0', '--error-file', '/tmp/tmpyjbkjon1']
[2023-04-02 17:10:23,516] {standard_task_runner.py:77} INFO - Job 532: Subtask etl_from_mrr_dimcustomer_to_stg_dimcustomer
[2023-04-02 17:10:23,211] {standard_task_runner.py:52} INFO - Started process 118 to run task
[2023-04-02 17:10:29,734] {logging_mixin.py:109} INFO - Running <TaskInstance: inovus_etl_dag_mrr_to_stg.etl_from_mrr_dimcustomer_to_stg_dimcustomer 2023-03-31T00:00:00+00:00 [running]> on host 580553a30a83
[2023-04-02 17:10:31,388] {taskinstance.py:1254} INFO - Exporting the following env vars:
AIRFLOW_CTX_DAG_OWNER=***
AIRFLOW_CTX_DAG_ID=inovus_etl_dag_mrr_to_stg
AIRFLOW_CTX_TASK_ID=etl_from_mrr_dimcustomer_to_stg_dimcustomer
AIRFLOW_CTX_EXECUTION_DATE=2023-03-31T00:00:00+00:00
AIRFLOW_CTX_DAG_RUN_ID=scheduled__2023-03-31T00:00:00+00:00
[2023-04-02 17:10:32,266] {python.py:151} INFO - Done. Returned value was: None
[2023-04-02 17:10:32,568] {taskinstance.py:1219} INFO - Marking task as SUCCESS. dag_id=inovus_etl_dag_mrr_to_stg, task_id=etl_from_mrr_dimcustomer_to_stg_dimcustomer, execution_date=20230331T000000, start_date=20230402T171019, end_date=20230402T171032
[2023-04-02 17:10:33,576] {local_task_job.py:151} INFO - Task exited with return code 0
[2023-04-02 17:10:34,963] {local_task_job.py:261} INFO - 0 downstream tasks scheduled from follow-on schedule check
