[2023-03-28 17:59:47,650] {processor.py:162} INFO - Started process (PID=16595) to work on /opt/airflow/dags/inovus_etl_radb_mrr_stg_dwh.py
[2023-03-28 17:59:47,661] {processor.py:613} INFO - Processing file /opt/airflow/dags/inovus_etl_radb_mrr_stg_dwh.py for tasks to queue
[2023-03-28 17:59:47,666] {logging_mixin.py:109} INFO - [2023-03-28 17:59:47,665] {dagbag.py:496} INFO - Filling up the DagBag from /opt/airflow/dags/inovus_etl_radb_mrr_stg_dwh.py
[2023-03-28 17:59:47,716] {logging_mixin.py:109} INFO - [2023-03-28 17:59:47,708] {dagbag.py:329} ERROR - Failed to import: /opt/airflow/dags/inovus_etl_radb_mrr_stg_dwh.py
Traceback (most recent call last):
  File "/home/airflow/.local/lib/python3.6/site-packages/airflow/models/dagbag.py", line 326, in _load_modules_from_file
    loader.exec_module(new_module)
  File "<frozen importlib._bootstrap_external>", line 674, in exec_module
  File "<frozen importlib._bootstrap_external>", line 781, in get_code
  File "<frozen importlib._bootstrap_external>", line 741, in source_to_code
  File "<frozen importlib._bootstrap>", line 219, in _call_with_frames_removed
  File "/opt/airflow/dags/inovus_etl_radb_mrr_stg_dwh.py", line 94
    task_1 task_2 task_3
                ^
SyntaxError: invalid syntax
[2023-03-28 17:59:47,722] {processor.py:625} WARNING - No viable dags retrieved from /opt/airflow/dags/inovus_etl_radb_mrr_stg_dwh.py
[2023-03-28 17:59:47,798] {processor.py:170} INFO - Processing /opt/airflow/dags/inovus_etl_radb_mrr_stg_dwh.py took 0.176 seconds
[2023-03-28 18:00:18,548] {processor.py:162} INFO - Started process (PID=16647) to work on /opt/airflow/dags/inovus_etl_radb_mrr_stg_dwh.py
[2023-03-28 18:00:18,559] {processor.py:613} INFO - Processing file /opt/airflow/dags/inovus_etl_radb_mrr_stg_dwh.py for tasks to queue
[2023-03-28 18:00:18,562] {logging_mixin.py:109} INFO - [2023-03-28 18:00:18,561] {dagbag.py:496} INFO - Filling up the DagBag from /opt/airflow/dags/inovus_etl_radb_mrr_stg_dwh.py
[2023-03-28 18:00:18,578] {logging_mixin.py:109} INFO - [2023-03-28 18:00:18,576] {dagbag.py:329} ERROR - Failed to import: /opt/airflow/dags/inovus_etl_radb_mrr_stg_dwh.py
Traceback (most recent call last):
  File "/home/airflow/.local/lib/python3.6/site-packages/airflow/models/dagbag.py", line 326, in _load_modules_from_file
    loader.exec_module(new_module)
  File "<frozen importlib._bootstrap_external>", line 674, in exec_module
  File "<frozen importlib._bootstrap_external>", line 781, in get_code
  File "<frozen importlib._bootstrap_external>", line 741, in source_to_code
  File "<frozen importlib._bootstrap>", line 219, in _call_with_frames_removed
  File "/opt/airflow/dags/inovus_etl_radb_mrr_stg_dwh.py", line 94
    task_1 task_2 task_3
                ^
SyntaxError: invalid syntax
[2023-03-28 18:00:18,582] {processor.py:625} WARNING - No viable dags retrieved from /opt/airflow/dags/inovus_etl_radb_mrr_stg_dwh.py
[2023-03-28 18:00:18,620] {processor.py:170} INFO - Processing /opt/airflow/dags/inovus_etl_radb_mrr_stg_dwh.py took 0.079 seconds
[2023-03-28 18:00:48,720] {processor.py:162} INFO - Started process (PID=16700) to work on /opt/airflow/dags/inovus_etl_radb_mrr_stg_dwh.py
[2023-03-28 18:00:48,726] {processor.py:613} INFO - Processing file /opt/airflow/dags/inovus_etl_radb_mrr_stg_dwh.py for tasks to queue
[2023-03-28 18:00:48,729] {logging_mixin.py:109} INFO - [2023-03-28 18:00:48,729] {dagbag.py:496} INFO - Filling up the DagBag from /opt/airflow/dags/inovus_etl_radb_mrr_stg_dwh.py
[2023-03-28 18:00:48,744] {logging_mixin.py:109} INFO - [2023-03-28 18:00:48,743] {dagbag.py:329} ERROR - Failed to import: /opt/airflow/dags/inovus_etl_radb_mrr_stg_dwh.py
Traceback (most recent call last):
  File "/home/airflow/.local/lib/python3.6/site-packages/airflow/models/dagbag.py", line 326, in _load_modules_from_file
    loader.exec_module(new_module)
  File "<frozen importlib._bootstrap_external>", line 674, in exec_module
  File "<frozen importlib._bootstrap_external>", line 781, in get_code
  File "<frozen importlib._bootstrap_external>", line 741, in source_to_code
  File "<frozen importlib._bootstrap>", line 219, in _call_with_frames_removed
  File "/opt/airflow/dags/inovus_etl_radb_mrr_stg_dwh.py", line 94
    task_1 task_2 task_3
                ^
SyntaxError: invalid syntax
[2023-03-28 18:00:48,757] {processor.py:625} WARNING - No viable dags retrieved from /opt/airflow/dags/inovus_etl_radb_mrr_stg_dwh.py
[2023-03-28 18:00:48,785] {processor.py:170} INFO - Processing /opt/airflow/dags/inovus_etl_radb_mrr_stg_dwh.py took 0.074 seconds
[2023-03-28 18:01:18,990] {processor.py:162} INFO - Started process (PID=16752) to work on /opt/airflow/dags/inovus_etl_radb_mrr_stg_dwh.py
[2023-03-28 18:01:19,014] {processor.py:613} INFO - Processing file /opt/airflow/dags/inovus_etl_radb_mrr_stg_dwh.py for tasks to queue
[2023-03-28 18:01:19,019] {logging_mixin.py:109} INFO - [2023-03-28 18:01:19,019] {dagbag.py:496} INFO - Filling up the DagBag from /opt/airflow/dags/inovus_etl_radb_mrr_stg_dwh.py
[2023-03-28 18:01:19,063] {logging_mixin.py:109} INFO - [2023-03-28 18:01:19,061] {dagbag.py:329} ERROR - Failed to import: /opt/airflow/dags/inovus_etl_radb_mrr_stg_dwh.py
Traceback (most recent call last):
  File "/home/airflow/.local/lib/python3.6/site-packages/airflow/models/dagbag.py", line 326, in _load_modules_from_file
    loader.exec_module(new_module)
  File "<frozen importlib._bootstrap_external>", line 674, in exec_module
  File "<frozen importlib._bootstrap_external>", line 781, in get_code
  File "<frozen importlib._bootstrap_external>", line 741, in source_to_code
  File "<frozen importlib._bootstrap>", line 219, in _call_with_frames_removed
  File "/opt/airflow/dags/inovus_etl_radb_mrr_stg_dwh.py", line 94
    task_1 task_2 task_3
                ^
SyntaxError: invalid syntax
[2023-03-28 18:01:19,067] {processor.py:625} WARNING - No viable dags retrieved from /opt/airflow/dags/inovus_etl_radb_mrr_stg_dwh.py
[2023-03-28 18:01:19,127] {processor.py:170} INFO - Processing /opt/airflow/dags/inovus_etl_radb_mrr_stg_dwh.py took 0.145 seconds
[2023-03-28 18:01:49,649] {processor.py:162} INFO - Started process (PID=16815) to work on /opt/airflow/dags/inovus_etl_radb_mrr_stg_dwh.py
[2023-03-28 18:01:49,658] {processor.py:613} INFO - Processing file /opt/airflow/dags/inovus_etl_radb_mrr_stg_dwh.py for tasks to queue
[2023-03-28 18:01:49,662] {logging_mixin.py:109} INFO - [2023-03-28 18:01:49,661] {dagbag.py:496} INFO - Filling up the DagBag from /opt/airflow/dags/inovus_etl_radb_mrr_stg_dwh.py
[2023-03-28 18:01:49,680] {logging_mixin.py:109} INFO - [2023-03-28 18:01:49,678] {dagbag.py:329} ERROR - Failed to import: /opt/airflow/dags/inovus_etl_radb_mrr_stg_dwh.py
Traceback (most recent call last):
  File "/home/airflow/.local/lib/python3.6/site-packages/airflow/models/dagbag.py", line 326, in _load_modules_from_file
    loader.exec_module(new_module)
  File "<frozen importlib._bootstrap_external>", line 674, in exec_module
  File "<frozen importlib._bootstrap_external>", line 781, in get_code
  File "<frozen importlib._bootstrap_external>", line 741, in source_to_code
  File "<frozen importlib._bootstrap>", line 219, in _call_with_frames_removed
  File "/opt/airflow/dags/inovus_etl_radb_mrr_stg_dwh.py", line 94
    task_1 task_2 task_3
                ^
SyntaxError: invalid syntax
[2023-03-28 18:01:49,683] {processor.py:625} WARNING - No viable dags retrieved from /opt/airflow/dags/inovus_etl_radb_mrr_stg_dwh.py
[2023-03-28 18:01:49,739] {processor.py:170} INFO - Processing /opt/airflow/dags/inovus_etl_radb_mrr_stg_dwh.py took 0.102 seconds
[2023-03-28 18:02:20,281] {processor.py:162} INFO - Started process (PID=16868) to work on /opt/airflow/dags/inovus_etl_radb_mrr_stg_dwh.py
[2023-03-28 18:02:20,285] {processor.py:613} INFO - Processing file /opt/airflow/dags/inovus_etl_radb_mrr_stg_dwh.py for tasks to queue
[2023-03-28 18:02:20,287] {logging_mixin.py:109} INFO - [2023-03-28 18:02:20,286] {dagbag.py:496} INFO - Filling up the DagBag from /opt/airflow/dags/inovus_etl_radb_mrr_stg_dwh.py
[2023-03-28 18:02:20,297] {logging_mixin.py:109} INFO - [2023-03-28 18:02:20,296] {dagbag.py:329} ERROR - Failed to import: /opt/airflow/dags/inovus_etl_radb_mrr_stg_dwh.py
Traceback (most recent call last):
  File "/home/airflow/.local/lib/python3.6/site-packages/airflow/models/dagbag.py", line 326, in _load_modules_from_file
    loader.exec_module(new_module)
  File "<frozen importlib._bootstrap_external>", line 674, in exec_module
  File "<frozen importlib._bootstrap_external>", line 781, in get_code
  File "<frozen importlib._bootstrap_external>", line 741, in source_to_code
  File "<frozen importlib._bootstrap>", line 219, in _call_with_frames_removed
  File "/opt/airflow/dags/inovus_etl_radb_mrr_stg_dwh.py", line 94
    task_1 task_2 task_3
                ^
SyntaxError: invalid syntax
[2023-03-28 18:02:20,301] {processor.py:625} WARNING - No viable dags retrieved from /opt/airflow/dags/inovus_etl_radb_mrr_stg_dwh.py
[2023-03-28 18:02:20,325] {processor.py:170} INFO - Processing /opt/airflow/dags/inovus_etl_radb_mrr_stg_dwh.py took 0.049 seconds
[2023-03-28 18:02:51,308] {processor.py:162} INFO - Started process (PID=16919) to work on /opt/airflow/dags/inovus_etl_radb_mrr_stg_dwh.py
[2023-03-28 18:02:51,317] {processor.py:613} INFO - Processing file /opt/airflow/dags/inovus_etl_radb_mrr_stg_dwh.py for tasks to queue
[2023-03-28 18:02:51,327] {logging_mixin.py:109} INFO - [2023-03-28 18:02:51,326] {dagbag.py:496} INFO - Filling up the DagBag from /opt/airflow/dags/inovus_etl_radb_mrr_stg_dwh.py
[2023-03-28 18:02:51,381] {logging_mixin.py:109} INFO - [2023-03-28 18:02:51,366] {dagbag.py:329} ERROR - Failed to import: /opt/airflow/dags/inovus_etl_radb_mrr_stg_dwh.py
Traceback (most recent call last):
  File "/home/airflow/.local/lib/python3.6/site-packages/airflow/models/dagbag.py", line 326, in _load_modules_from_file
    loader.exec_module(new_module)
  File "<frozen importlib._bootstrap_external>", line 674, in exec_module
  File "<frozen importlib._bootstrap_external>", line 781, in get_code
  File "<frozen importlib._bootstrap_external>", line 741, in source_to_code
  File "<frozen importlib._bootstrap>", line 219, in _call_with_frames_removed
  File "/opt/airflow/dags/inovus_etl_radb_mrr_stg_dwh.py", line 94
    task_1 task_2 task_3
                ^
SyntaxError: invalid syntax
[2023-03-28 18:02:51,386] {processor.py:625} WARNING - No viable dags retrieved from /opt/airflow/dags/inovus_etl_radb_mrr_stg_dwh.py
[2023-03-28 18:02:51,453] {processor.py:170} INFO - Processing /opt/airflow/dags/inovus_etl_radb_mrr_stg_dwh.py took 0.165 seconds
[2023-03-28 18:03:21,819] {processor.py:162} INFO - Started process (PID=16974) to work on /opt/airflow/dags/inovus_etl_radb_mrr_stg_dwh.py
[2023-03-28 18:03:21,840] {processor.py:613} INFO - Processing file /opt/airflow/dags/inovus_etl_radb_mrr_stg_dwh.py for tasks to queue
[2023-03-28 18:03:21,846] {logging_mixin.py:109} INFO - [2023-03-28 18:03:21,845] {dagbag.py:496} INFO - Filling up the DagBag from /opt/airflow/dags/inovus_etl_radb_mrr_stg_dwh.py
[2023-03-28 18:03:21,882] {logging_mixin.py:109} INFO - [2023-03-28 18:03:21,876] {dagbag.py:329} ERROR - Failed to import: /opt/airflow/dags/inovus_etl_radb_mrr_stg_dwh.py
Traceback (most recent call last):
  File "/home/airflow/.local/lib/python3.6/site-packages/airflow/models/dagbag.py", line 326, in _load_modules_from_file
    loader.exec_module(new_module)
  File "<frozen importlib._bootstrap_external>", line 674, in exec_module
  File "<frozen importlib._bootstrap_external>", line 781, in get_code
  File "<frozen importlib._bootstrap_external>", line 741, in source_to_code
  File "<frozen importlib._bootstrap>", line 219, in _call_with_frames_removed
  File "/opt/airflow/dags/inovus_etl_radb_mrr_stg_dwh.py", line 94
    task_1 task_2 task_3
                ^
SyntaxError: invalid syntax
[2023-03-28 18:03:21,888] {processor.py:625} WARNING - No viable dags retrieved from /opt/airflow/dags/inovus_etl_radb_mrr_stg_dwh.py
[2023-03-28 18:03:21,972] {processor.py:170} INFO - Processing /opt/airflow/dags/inovus_etl_radb_mrr_stg_dwh.py took 0.164 seconds
[2023-03-28 18:03:52,478] {processor.py:162} INFO - Started process (PID=17026) to work on /opt/airflow/dags/inovus_etl_radb_mrr_stg_dwh.py
[2023-03-28 18:03:52,484] {processor.py:613} INFO - Processing file /opt/airflow/dags/inovus_etl_radb_mrr_stg_dwh.py for tasks to queue
[2023-03-28 18:03:52,487] {logging_mixin.py:109} INFO - [2023-03-28 18:03:52,487] {dagbag.py:496} INFO - Filling up the DagBag from /opt/airflow/dags/inovus_etl_radb_mrr_stg_dwh.py
[2023-03-28 18:03:52,505] {logging_mixin.py:109} INFO - [2023-03-28 18:03:52,499] {dagbag.py:329} ERROR - Failed to import: /opt/airflow/dags/inovus_etl_radb_mrr_stg_dwh.py
Traceback (most recent call last):
  File "/home/airflow/.local/lib/python3.6/site-packages/airflow/models/dagbag.py", line 326, in _load_modules_from_file
    loader.exec_module(new_module)
  File "<frozen importlib._bootstrap_external>", line 674, in exec_module
  File "<frozen importlib._bootstrap_external>", line 781, in get_code
  File "<frozen importlib._bootstrap_external>", line 741, in source_to_code
  File "<frozen importlib._bootstrap>", line 219, in _call_with_frames_removed
  File "/opt/airflow/dags/inovus_etl_radb_mrr_stg_dwh.py", line 94
    task_1 task_2 task_3
                ^
SyntaxError: invalid syntax
[2023-03-28 18:03:52,508] {processor.py:625} WARNING - No viable dags retrieved from /opt/airflow/dags/inovus_etl_radb_mrr_stg_dwh.py
[2023-03-28 18:03:52,534] {processor.py:170} INFO - Processing /opt/airflow/dags/inovus_etl_radb_mrr_stg_dwh.py took 0.062 seconds
[2023-03-28 18:04:22,723] {processor.py:162} INFO - Started process (PID=17079) to work on /opt/airflow/dags/inovus_etl_radb_mrr_stg_dwh.py
[2023-03-28 18:04:22,730] {processor.py:613} INFO - Processing file /opt/airflow/dags/inovus_etl_radb_mrr_stg_dwh.py for tasks to queue
[2023-03-28 18:04:22,733] {logging_mixin.py:109} INFO - [2023-03-28 18:04:22,732] {dagbag.py:496} INFO - Filling up the DagBag from /opt/airflow/dags/inovus_etl_radb_mrr_stg_dwh.py
[2023-03-28 18:04:22,761] {logging_mixin.py:109} INFO - [2023-03-28 18:04:22,760] {dagbag.py:329} ERROR - Failed to import: /opt/airflow/dags/inovus_etl_radb_mrr_stg_dwh.py
Traceback (most recent call last):
  File "/home/airflow/.local/lib/python3.6/site-packages/airflow/models/dagbag.py", line 326, in _load_modules_from_file
    loader.exec_module(new_module)
  File "<frozen importlib._bootstrap_external>", line 674, in exec_module
  File "<frozen importlib._bootstrap_external>", line 781, in get_code
  File "<frozen importlib._bootstrap_external>", line 741, in source_to_code
  File "<frozen importlib._bootstrap>", line 219, in _call_with_frames_removed
  File "/opt/airflow/dags/inovus_etl_radb_mrr_stg_dwh.py", line 94
    task_1 task_2 task_3
                ^
SyntaxError: invalid syntax
[2023-03-28 18:04:22,764] {processor.py:625} WARNING - No viable dags retrieved from /opt/airflow/dags/inovus_etl_radb_mrr_stg_dwh.py
[2023-03-28 18:04:22,792] {processor.py:170} INFO - Processing /opt/airflow/dags/inovus_etl_radb_mrr_stg_dwh.py took 0.073 seconds
[2023-03-28 18:04:53,294] {processor.py:162} INFO - Started process (PID=17142) to work on /opt/airflow/dags/inovus_etl_radb_mrr_stg_dwh.py
[2023-03-28 18:04:53,303] {processor.py:613} INFO - Processing file /opt/airflow/dags/inovus_etl_radb_mrr_stg_dwh.py for tasks to queue
[2023-03-28 18:04:53,324] {logging_mixin.py:109} INFO - [2023-03-28 18:04:53,323] {dagbag.py:496} INFO - Filling up the DagBag from /opt/airflow/dags/inovus_etl_radb_mrr_stg_dwh.py
[2023-03-28 18:04:53,344] {logging_mixin.py:109} INFO - [2023-03-28 18:04:53,342] {dagbag.py:329} ERROR - Failed to import: /opt/airflow/dags/inovus_etl_radb_mrr_stg_dwh.py
Traceback (most recent call last):
  File "/home/airflow/.local/lib/python3.6/site-packages/airflow/models/dagbag.py", line 326, in _load_modules_from_file
    loader.exec_module(new_module)
  File "<frozen importlib._bootstrap_external>", line 674, in exec_module
  File "<frozen importlib._bootstrap_external>", line 781, in get_code
  File "<frozen importlib._bootstrap_external>", line 741, in source_to_code
  File "<frozen importlib._bootstrap>", line 219, in _call_with_frames_removed
  File "/opt/airflow/dags/inovus_etl_radb_mrr_stg_dwh.py", line 94
    task_1 task_2 task_3
                ^
SyntaxError: invalid syntax
[2023-03-28 18:04:53,351] {processor.py:625} WARNING - No viable dags retrieved from /opt/airflow/dags/inovus_etl_radb_mrr_stg_dwh.py
[2023-03-28 18:04:53,408] {processor.py:170} INFO - Processing /opt/airflow/dags/inovus_etl_radb_mrr_stg_dwh.py took 0.122 seconds
[2023-03-28 18:05:13,137] {processor.py:162} INFO - Started process (PID=17165) to work on /opt/airflow/dags/inovus_etl_radb_mrr_stg_dwh.py
[2023-03-28 18:05:13,145] {processor.py:613} INFO - Processing file /opt/airflow/dags/inovus_etl_radb_mrr_stg_dwh.py for tasks to queue
[2023-03-28 18:05:13,148] {logging_mixin.py:109} INFO - [2023-03-28 18:05:13,148] {dagbag.py:496} INFO - Filling up the DagBag from /opt/airflow/dags/inovus_etl_radb_mrr_stg_dwh.py
[2023-03-28 18:05:13,197] {processor.py:623} INFO - DAG(s) dict_keys(['postgres_etl_dag']) retrieved from /opt/airflow/dags/inovus_etl_radb_mrr_stg_dwh.py
[2023-03-28 18:05:14,172] {logging_mixin.py:109} INFO - [2023-03-28 18:05:14,172] {dag.py:1834} INFO - Sync 1 DAGs
[2023-03-28 18:05:14,185] {logging_mixin.py:109} INFO - [2023-03-28 18:05:14,185] {dag.py:2287} INFO - Setting next_dagrun for postgres_etl_dag to 2023-03-28 00:00:00+00:00
[2023-03-28 18:05:14,208] {processor.py:170} INFO - Processing /opt/airflow/dags/inovus_etl_radb_mrr_stg_dwh.py took 1.075 seconds
[2023-03-28 18:05:44,593] {processor.py:162} INFO - Started process (PID=17218) to work on /opt/airflow/dags/inovus_etl_radb_mrr_stg_dwh.py
[2023-03-28 18:05:44,631] {processor.py:613} INFO - Processing file /opt/airflow/dags/inovus_etl_radb_mrr_stg_dwh.py for tasks to queue
[2023-03-28 18:05:44,652] {logging_mixin.py:109} INFO - [2023-03-28 18:05:44,652] {dagbag.py:496} INFO - Filling up the DagBag from /opt/airflow/dags/inovus_etl_radb_mrr_stg_dwh.py
[2023-03-28 18:05:44,922] {processor.py:623} INFO - DAG(s) dict_keys(['postgres_etl_dag']) retrieved from /opt/airflow/dags/inovus_etl_radb_mrr_stg_dwh.py
[2023-03-28 18:05:45,036] {logging_mixin.py:109} INFO - [2023-03-28 18:05:45,036] {dag.py:1834} INFO - Sync 1 DAGs
[2023-03-28 18:05:45,138] {logging_mixin.py:109} INFO - [2023-03-28 18:05:45,138] {dag.py:2287} INFO - Setting next_dagrun for postgres_etl_dag to 2023-03-28 00:00:00+00:00
[2023-03-28 18:05:45,228] {processor.py:170} INFO - Processing /opt/airflow/dags/inovus_etl_radb_mrr_stg_dwh.py took 0.788 seconds
[2023-03-28 18:06:15,593] {processor.py:162} INFO - Started process (PID=17280) to work on /opt/airflow/dags/inovus_etl_radb_mrr_stg_dwh.py
[2023-03-28 18:06:15,604] {processor.py:613} INFO - Processing file /opt/airflow/dags/inovus_etl_radb_mrr_stg_dwh.py for tasks to queue
[2023-03-28 18:06:15,607] {logging_mixin.py:109} INFO - [2023-03-28 18:06:15,606] {dagbag.py:496} INFO - Filling up the DagBag from /opt/airflow/dags/inovus_etl_radb_mrr_stg_dwh.py
[2023-03-28 18:06:15,641] {processor.py:623} INFO - DAG(s) dict_keys(['postgres_etl_dag']) retrieved from /opt/airflow/dags/inovus_etl_radb_mrr_stg_dwh.py
[2023-03-28 18:06:15,670] {logging_mixin.py:109} INFO - [2023-03-28 18:06:15,670] {dag.py:1834} INFO - Sync 1 DAGs
[2023-03-28 18:06:15,693] {logging_mixin.py:109} INFO - [2023-03-28 18:06:15,690] {dag.py:2287} INFO - Setting next_dagrun for postgres_etl_dag to 2023-03-28 00:00:00+00:00
[2023-03-28 18:06:15,718] {processor.py:170} INFO - Processing /opt/airflow/dags/inovus_etl_radb_mrr_stg_dwh.py took 0.136 seconds
[2023-03-28 18:06:21,618] {processor.py:162} INFO - Started process (PID=17291) to work on /opt/airflow/dags/inovus_etl_radb_mrr_stg_dwh.py
[2023-03-28 18:06:21,633] {processor.py:613} INFO - Processing file /opt/airflow/dags/inovus_etl_radb_mrr_stg_dwh.py for tasks to queue
[2023-03-28 18:06:21,664] {logging_mixin.py:109} INFO - [2023-03-28 18:06:21,662] {dagbag.py:496} INFO - Filling up the DagBag from /opt/airflow/dags/inovus_etl_radb_mrr_stg_dwh.py
[2023-03-28 18:06:21,767] {processor.py:623} INFO - DAG(s) dict_keys(['postgres_etl_dag_radb_to_mmr']) retrieved from /opt/airflow/dags/inovus_etl_radb_mrr_stg_dwh.py
[2023-03-28 18:06:31,016] {logging_mixin.py:109} INFO - [2023-03-28 18:06:31,014] {dag.py:1834} INFO - Sync 1 DAGs
[2023-03-28 18:06:31,076] {logging_mixin.py:109} INFO - [2023-03-28 18:06:31,075] {dag.py:1853} INFO - Creating ORM DAG for postgres_etl_dag_radb_to_mmr
[2023-03-28 18:06:31,095] {logging_mixin.py:109} INFO - [2023-03-28 18:06:31,095] {dag.py:2287} INFO - Setting next_dagrun for postgres_etl_dag_radb_to_mmr to 2023-03-26 00:00:00+00:00
[2023-03-28 18:06:31,126] {processor.py:170} INFO - Processing /opt/airflow/dags/inovus_etl_radb_mrr_stg_dwh.py took 9.525 seconds
[2023-03-28 18:07:04,503] {processor.py:162} INFO - Started process (PID=17363) to work on /opt/airflow/dags/inovus_etl_radb_mrr_stg_dwh.py
[2023-03-28 18:07:04,512] {processor.py:613} INFO - Processing file /opt/airflow/dags/inovus_etl_radb_mrr_stg_dwh.py for tasks to queue
[2023-03-28 18:07:04,515] {logging_mixin.py:109} INFO - [2023-03-28 18:07:04,515] {dagbag.py:496} INFO - Filling up the DagBag from /opt/airflow/dags/inovus_etl_radb_mrr_stg_dwh.py
[2023-03-28 18:07:04,765] {processor.py:623} INFO - DAG(s) dict_keys(['postgres_etl_dag_radb_to_mmr']) retrieved from /opt/airflow/dags/inovus_etl_radb_mrr_stg_dwh.py
[2023-03-28 18:07:04,905] {logging_mixin.py:109} INFO - [2023-03-28 18:07:04,905] {dag.py:1834} INFO - Sync 1 DAGs
[2023-03-28 18:07:05,021] {logging_mixin.py:109} INFO - [2023-03-28 18:07:05,021] {dag.py:2287} INFO - Setting next_dagrun for postgres_etl_dag_radb_to_mmr to 2023-03-28 00:00:00+00:00
[2023-03-28 18:07:05,118] {processor.py:170} INFO - Processing /opt/airflow/dags/inovus_etl_radb_mrr_stg_dwh.py took 0.623 seconds
[2023-03-28 18:07:35,606] {processor.py:162} INFO - Started process (PID=17417) to work on /opt/airflow/dags/inovus_etl_radb_mrr_stg_dwh.py
[2023-03-28 18:07:35,613] {processor.py:613} INFO - Processing file /opt/airflow/dags/inovus_etl_radb_mrr_stg_dwh.py for tasks to queue
[2023-03-28 18:07:35,621] {logging_mixin.py:109} INFO - [2023-03-28 18:07:35,618] {dagbag.py:496} INFO - Filling up the DagBag from /opt/airflow/dags/inovus_etl_radb_mrr_stg_dwh.py
[2023-03-28 18:07:35,667] {processor.py:623} INFO - DAG(s) dict_keys(['postgres_etl_dag_radb_to_mmr']) retrieved from /opt/airflow/dags/inovus_etl_radb_mrr_stg_dwh.py
[2023-03-28 18:07:35,758] {logging_mixin.py:109} INFO - [2023-03-28 18:07:35,758] {dag.py:1834} INFO - Sync 1 DAGs
[2023-03-28 18:07:35,803] {logging_mixin.py:109} INFO - [2023-03-28 18:07:35,803] {dag.py:2287} INFO - Setting next_dagrun for postgres_etl_dag_radb_to_mmr to 2023-03-28 00:00:00+00:00
[2023-03-28 18:07:35,844] {processor.py:170} INFO - Processing /opt/airflow/dags/inovus_etl_radb_mrr_stg_dwh.py took 0.253 seconds
[2023-03-28 18:08:06,252] {processor.py:162} INFO - Started process (PID=17472) to work on /opt/airflow/dags/inovus_etl_radb_mrr_stg_dwh.py
[2023-03-28 18:08:06,257] {processor.py:613} INFO - Processing file /opt/airflow/dags/inovus_etl_radb_mrr_stg_dwh.py for tasks to queue
[2023-03-28 18:08:06,259] {logging_mixin.py:109} INFO - [2023-03-28 18:08:06,259] {dagbag.py:496} INFO - Filling up the DagBag from /opt/airflow/dags/inovus_etl_radb_mrr_stg_dwh.py
[2023-03-28 18:08:06,297] {processor.py:623} INFO - DAG(s) dict_keys(['postgres_etl_dag_radb_to_mmr']) retrieved from /opt/airflow/dags/inovus_etl_radb_mrr_stg_dwh.py
[2023-03-28 18:08:06,342] {logging_mixin.py:109} INFO - [2023-03-28 18:08:06,341] {dag.py:1834} INFO - Sync 1 DAGs
[2023-03-28 18:08:06,371] {logging_mixin.py:109} INFO - [2023-03-28 18:08:06,371] {dag.py:2287} INFO - Setting next_dagrun for postgres_etl_dag_radb_to_mmr to 2023-03-28 00:00:00+00:00
[2023-03-28 18:08:06,401] {processor.py:170} INFO - Processing /opt/airflow/dags/inovus_etl_radb_mrr_stg_dwh.py took 0.157 seconds
[2023-03-28 18:08:18,300] {processor.py:162} INFO - Started process (PID=17497) to work on /opt/airflow/dags/inovus_etl_radb_mrr_stg_dwh.py
[2023-03-28 18:08:18,307] {processor.py:613} INFO - Processing file /opt/airflow/dags/inovus_etl_radb_mrr_stg_dwh.py for tasks to queue
[2023-03-28 18:08:18,315] {logging_mixin.py:109} INFO - [2023-03-28 18:08:18,315] {dagbag.py:496} INFO - Filling up the DagBag from /opt/airflow/dags/inovus_etl_radb_mrr_stg_dwh.py
[2023-03-28 18:08:18,407] {processor.py:623} INFO - DAG(s) dict_keys(['postgres_etl_dag_radb_to_mmr']) retrieved from /opt/airflow/dags/inovus_etl_radb_mrr_stg_dwh.py
[2023-03-28 18:08:18,637] {logging_mixin.py:109} INFO - [2023-03-28 18:08:18,637] {dag.py:1834} INFO - Sync 1 DAGs
[2023-03-28 18:08:18,650] {logging_mixin.py:109} INFO - [2023-03-28 18:08:18,650] {dag.py:2287} INFO - Setting next_dagrun for postgres_etl_dag_radb_to_mmr to 2023-03-28 00:00:00+00:00
[2023-03-28 18:08:18,669] {processor.py:170} INFO - Processing /opt/airflow/dags/inovus_etl_radb_mrr_stg_dwh.py took 0.375 seconds
[2023-03-28 18:08:29,483] {processor.py:162} INFO - Started process (PID=17514) to work on /opt/airflow/dags/inovus_etl_radb_mrr_stg_dwh.py
[2023-03-28 18:08:29,486] {processor.py:613} INFO - Processing file /opt/airflow/dags/inovus_etl_radb_mrr_stg_dwh.py for tasks to queue
[2023-03-28 18:08:29,497] {logging_mixin.py:109} INFO - [2023-03-28 18:08:29,496] {dagbag.py:496} INFO - Filling up the DagBag from /opt/airflow/dags/inovus_etl_radb_mrr_stg_dwh.py
[2023-03-28 18:08:29,568] {processor.py:623} INFO - DAG(s) dict_keys(['postgres_etl_dag_radb_to_mmr']) retrieved from /opt/airflow/dags/inovus_etl_radb_mrr_stg_dwh.py
[2023-03-28 18:08:29,620] {logging_mixin.py:109} INFO - [2023-03-28 18:08:29,620] {dag.py:1834} INFO - Sync 1 DAGs
[2023-03-28 18:08:29,645] {logging_mixin.py:109} INFO - [2023-03-28 18:08:29,645] {dag.py:2287} INFO - Setting next_dagrun for postgres_etl_dag_radb_to_mmr to 2023-03-28 00:00:00+00:00
[2023-03-28 18:08:29,675] {processor.py:170} INFO - Processing /opt/airflow/dags/inovus_etl_radb_mrr_stg_dwh.py took 0.203 seconds
[2023-03-28 18:08:59,897] {processor.py:162} INFO - Started process (PID=17567) to work on /opt/airflow/dags/inovus_etl_radb_mrr_stg_dwh.py
[2023-03-28 18:08:59,903] {processor.py:613} INFO - Processing file /opt/airflow/dags/inovus_etl_radb_mrr_stg_dwh.py for tasks to queue
[2023-03-28 18:08:59,907] {logging_mixin.py:109} INFO - [2023-03-28 18:08:59,907] {dagbag.py:496} INFO - Filling up the DagBag from /opt/airflow/dags/inovus_etl_radb_mrr_stg_dwh.py
[2023-03-28 18:08:59,935] {processor.py:623} INFO - DAG(s) dict_keys(['postgres_etl_dag_radb_to_mmr']) retrieved from /opt/airflow/dags/inovus_etl_radb_mrr_stg_dwh.py
[2023-03-28 18:08:59,974] {logging_mixin.py:109} INFO - [2023-03-28 18:08:59,974] {dag.py:1834} INFO - Sync 1 DAGs
[2023-03-28 18:08:59,997] {logging_mixin.py:109} INFO - [2023-03-28 18:08:59,997] {dag.py:2287} INFO - Setting next_dagrun for postgres_etl_dag_radb_to_mmr to 2023-03-28 00:00:00+00:00
[2023-03-28 18:09:00,028] {processor.py:170} INFO - Processing /opt/airflow/dags/inovus_etl_radb_mrr_stg_dwh.py took 0.137 seconds
[2023-03-28 18:09:30,918] {processor.py:162} INFO - Started process (PID=17620) to work on /opt/airflow/dags/inovus_etl_radb_mrr_stg_dwh.py
[2023-03-28 18:09:30,932] {processor.py:613} INFO - Processing file /opt/airflow/dags/inovus_etl_radb_mrr_stg_dwh.py for tasks to queue
[2023-03-28 18:09:30,936] {logging_mixin.py:109} INFO - [2023-03-28 18:09:30,936] {dagbag.py:496} INFO - Filling up the DagBag from /opt/airflow/dags/inovus_etl_radb_mrr_stg_dwh.py
[2023-03-28 18:09:31,038] {processor.py:623} INFO - DAG(s) dict_keys(['postgres_etl_dag_radb_to_mmr']) retrieved from /opt/airflow/dags/inovus_etl_radb_mrr_stg_dwh.py
[2023-03-28 18:09:31,089] {logging_mixin.py:109} INFO - [2023-03-28 18:09:31,089] {dag.py:1834} INFO - Sync 1 DAGs
[2023-03-28 18:09:31,121] {logging_mixin.py:109} INFO - [2023-03-28 18:09:31,121] {dag.py:2287} INFO - Setting next_dagrun for postgres_etl_dag_radb_to_mmr to 2023-03-28 00:00:00+00:00
[2023-03-28 18:09:31,176] {processor.py:170} INFO - Processing /opt/airflow/dags/inovus_etl_radb_mrr_stg_dwh.py took 0.267 seconds
[2023-03-28 18:09:41,655] {processor.py:162} INFO - Started process (PID=17648) to work on /opt/airflow/dags/inovus_etl_radb_mrr_stg_dwh.py
[2023-03-28 18:09:41,664] {processor.py:613} INFO - Processing file /opt/airflow/dags/inovus_etl_radb_mrr_stg_dwh.py for tasks to queue
[2023-03-28 18:09:41,671] {logging_mixin.py:109} INFO - [2023-03-28 18:09:41,671] {dagbag.py:496} INFO - Filling up the DagBag from /opt/airflow/dags/inovus_etl_radb_mrr_stg_dwh.py
[2023-03-28 18:09:41,868] {processor.py:623} INFO - DAG(s) dict_keys(['postgres_etl_dag_radb_to_mmr']) retrieved from /opt/airflow/dags/inovus_etl_radb_mrr_stg_dwh.py
[2023-03-28 18:09:42,445] {logging_mixin.py:109} INFO - [2023-03-28 18:09:42,445] {dag.py:1834} INFO - Sync 1 DAGs
[2023-03-28 18:09:42,457] {logging_mixin.py:109} INFO - [2023-03-28 18:09:42,457] {dag.py:2287} INFO - Setting next_dagrun for postgres_etl_dag_radb_to_mmr to 2023-03-28 00:00:00+00:00
[2023-03-28 18:09:42,475] {processor.py:170} INFO - Processing /opt/airflow/dags/inovus_etl_radb_mrr_stg_dwh.py took 0.841 seconds
[2023-03-28 18:10:02,137] {processor.py:162} INFO - Started process (PID=17688) to work on /opt/airflow/dags/inovus_etl_radb_mrr_stg_dwh.py
[2023-03-28 18:10:02,141] {processor.py:613} INFO - Processing file /opt/airflow/dags/inovus_etl_radb_mrr_stg_dwh.py for tasks to queue
[2023-03-28 18:10:02,146] {logging_mixin.py:109} INFO - [2023-03-28 18:10:02,145] {dagbag.py:496} INFO - Filling up the DagBag from /opt/airflow/dags/inovus_etl_radb_mrr_stg_dwh.py
[2023-03-28 18:10:02,191] {processor.py:623} INFO - DAG(s) dict_keys(['postgres_etl_dag_radb_to_mmr']) retrieved from /opt/airflow/dags/inovus_etl_radb_mrr_stg_dwh.py
[2023-03-28 18:10:02,219] {logging_mixin.py:109} INFO - [2023-03-28 18:10:02,219] {dag.py:1834} INFO - Sync 1 DAGs
[2023-03-28 18:10:02,235] {logging_mixin.py:109} INFO - [2023-03-28 18:10:02,235] {dag.py:2287} INFO - Setting next_dagrun for postgres_etl_dag_radb_to_mmr to 2023-03-28 00:00:00+00:00
[2023-03-28 18:10:02,266] {processor.py:170} INFO - Processing /opt/airflow/dags/inovus_etl_radb_mrr_stg_dwh.py took 0.138 seconds
[2023-03-28 18:10:11,497] {processor.py:162} INFO - Started process (PID=17700) to work on /opt/airflow/dags/inovus_etl_radb_mrr_stg_dwh.py
[2023-03-28 18:10:11,510] {processor.py:613} INFO - Processing file /opt/airflow/dags/inovus_etl_radb_mrr_stg_dwh.py for tasks to queue
[2023-03-28 18:10:11,513] {logging_mixin.py:109} INFO - [2023-03-28 18:10:11,513] {dagbag.py:496} INFO - Filling up the DagBag from /opt/airflow/dags/inovus_etl_radb_mrr_stg_dwh.py
[2023-03-28 18:10:11,597] {processor.py:623} INFO - DAG(s) dict_keys(['postgres_etl_dag_radb_to_mmr']) retrieved from /opt/airflow/dags/inovus_etl_radb_mrr_stg_dwh.py
[2023-03-28 18:10:11,639] {logging_mixin.py:109} INFO - [2023-03-28 18:10:11,637] {dag.py:1834} INFO - Sync 1 DAGs
[2023-03-28 18:10:11,695] {logging_mixin.py:109} INFO - [2023-03-28 18:10:11,695] {dag.py:2287} INFO - Setting next_dagrun for postgres_etl_dag_radb_to_mmr to 2023-03-28 00:00:00+00:00
[2023-03-28 18:10:11,781] {processor.py:170} INFO - Processing /opt/airflow/dags/inovus_etl_radb_mrr_stg_dwh.py took 0.296 seconds
[2023-03-28 18:10:42,362] {processor.py:162} INFO - Started process (PID=17762) to work on /opt/airflow/dags/inovus_etl_radb_mrr_stg_dwh.py
[2023-03-28 18:10:42,366] {processor.py:613} INFO - Processing file /opt/airflow/dags/inovus_etl_radb_mrr_stg_dwh.py for tasks to queue
[2023-03-28 18:10:42,368] {logging_mixin.py:109} INFO - [2023-03-28 18:10:42,368] {dagbag.py:496} INFO - Filling up the DagBag from /opt/airflow/dags/inovus_etl_radb_mrr_stg_dwh.py
[2023-03-28 18:10:42,396] {processor.py:623} INFO - DAG(s) dict_keys(['postgres_etl_dag_radb_to_mmr']) retrieved from /opt/airflow/dags/inovus_etl_radb_mrr_stg_dwh.py
[2023-03-28 18:10:42,445] {logging_mixin.py:109} INFO - [2023-03-28 18:10:42,445] {dag.py:1834} INFO - Sync 1 DAGs
[2023-03-28 18:10:42,469] {logging_mixin.py:109} INFO - [2023-03-28 18:10:42,469] {dag.py:2287} INFO - Setting next_dagrun for postgres_etl_dag_radb_to_mmr to 2023-03-28 00:00:00+00:00
[2023-03-28 18:10:42,487] {processor.py:170} INFO - Processing /opt/airflow/dags/inovus_etl_radb_mrr_stg_dwh.py took 0.132 seconds
