[2023-03-31 18:05:25,259] {taskinstance.py:903} INFO - Dependencies all met for <TaskInstance: inovus_etl_odb_to_mrr.etl_odb_to_mrr_dim_products 2023-03-31T18:05:20.224484+00:00 [queued]>
[2023-03-31 18:05:25,293] {taskinstance.py:903} INFO - Dependencies all met for <TaskInstance: inovus_etl_odb_to_mrr.etl_odb_to_mrr_dim_products 2023-03-31T18:05:20.224484+00:00 [queued]>
[2023-03-31 18:05:25,294] {taskinstance.py:1095} INFO - 
--------------------------------------------------------------------------------
[2023-03-31 18:05:25,296] {taskinstance.py:1096} INFO - Starting attempt 1 of 1
[2023-03-31 18:05:25,297] {taskinstance.py:1097} INFO - 
--------------------------------------------------------------------------------
[2023-03-31 18:05:25,311] {taskinstance.py:1115} INFO - Executing <Task(PythonOperator): etl_odb_to_mrr_dim_products> on 2023-03-31T18:05:20.224484+00:00
[2023-03-31 18:05:25,327] {standard_task_runner.py:76} INFO - Running: ['***', 'tasks', 'run', 'inovus_etl_odb_to_mrr', 'etl_odb_to_mrr_dim_products', '2023-03-31T18:05:20.224484+00:00', '--job-id', '514', '--pool', 'default_pool', '--raw', '--subdir', 'DAGS_FOLDER/inovus_etl_odb_mrr.py', '--cfg-path', '/tmp/tmp41nlzs_o', '--error-file', '/tmp/tmpqj_g3km7']
[2023-03-31 18:05:25,321] {standard_task_runner.py:52} INFO - Started process 1186 to run task
[2023-03-31 18:05:25,329] {standard_task_runner.py:77} INFO - Job 514: Subtask etl_odb_to_mrr_dim_products
[2023-03-31 18:05:25,381] {logging_mixin.py:109} INFO - Running <TaskInstance: inovus_etl_odb_to_mrr.etl_odb_to_mrr_dim_products 2023-03-31T18:05:20.224484+00:00 [running]> on host 0bc3da97cebb
[2023-03-31 18:05:25,432] {taskinstance.py:1254} INFO - Exporting the following env vars:
AIRFLOW_CTX_DAG_OWNER=***
AIRFLOW_CTX_DAG_ID=inovus_etl_odb_to_mrr
AIRFLOW_CTX_TASK_ID=etl_odb_to_mrr_dim_products
AIRFLOW_CTX_EXECUTION_DATE=2023-03-31T18:05:20.224484+00:00
AIRFLOW_CTX_DAG_RUN_ID=manual__2023-03-31T18:05:20.224484+00:00
[2023-03-31 18:05:25,512] {python.py:151} INFO - Done. Returned value was: None
[2023-03-31 18:05:25,526] {taskinstance.py:1219} INFO - Marking task as SUCCESS. dag_id=inovus_etl_odb_to_mrr, task_id=etl_odb_to_mrr_dim_products, execution_date=20230331T180520, start_date=20230331T180525, end_date=20230331T180525
[2023-03-31 18:05:25,593] {local_task_job.py:151} INFO - Task exited with return code 0
[2023-03-31 18:05:25,640] {local_task_job.py:261} INFO - 1 downstream tasks scheduled from follow-on schedule check
