[2023-04-02 17:27:56,852] {taskinstance.py:903} INFO - Dependencies all met for <TaskInstance: inovus_etl_dag_mrr_to_stg.etl_from_mrr_dimcproducts_to_stg_dimcproducts 2023-04-02T17:27:54.964859+00:00 [queued]>
[2023-04-02 17:27:56,881] {taskinstance.py:903} INFO - Dependencies all met for <TaskInstance: inovus_etl_dag_mrr_to_stg.etl_from_mrr_dimcproducts_to_stg_dimcproducts 2023-04-02T17:27:54.964859+00:00 [queued]>
[2023-04-02 17:27:56,883] {taskinstance.py:1095} INFO - 
--------------------------------------------------------------------------------
[2023-04-02 17:27:56,884] {taskinstance.py:1096} INFO - Starting attempt 1 of 1
[2023-04-02 17:27:56,886] {taskinstance.py:1097} INFO - 
--------------------------------------------------------------------------------
[2023-04-02 17:27:56,949] {taskinstance.py:1115} INFO - Executing <Task(PythonOperator): etl_from_mrr_dimcproducts_to_stg_dimcproducts> on 2023-04-02T17:27:54.964859+00:00
[2023-04-02 17:27:56,978] {standard_task_runner.py:52} INFO - Started process 933 to run task
[2023-04-02 17:27:57,027] {standard_task_runner.py:76} INFO - Running: ['***', 'tasks', 'run', 'inovus_etl_dag_mrr_to_stg', 'etl_from_mrr_dimcproducts_to_stg_dimcproducts', '2023-04-02T17:27:54.964859+00:00', '--job-id', '551', '--pool', 'default_pool', '--raw', '--subdir', 'DAGS_FOLDER/inovus_etl_mrr_stg.py', '--cfg-path', '/tmp/tmpk7_4y61t', '--error-file', '/tmp/tmpjq6y32sk']
[2023-04-02 17:27:57,029] {standard_task_runner.py:77} INFO - Job 551: Subtask etl_from_mrr_dimcproducts_to_stg_dimcproducts
[2023-04-02 17:27:57,165] {logging_mixin.py:109} INFO - Running <TaskInstance: inovus_etl_dag_mrr_to_stg.etl_from_mrr_dimcproducts_to_stg_dimcproducts 2023-04-02T17:27:54.964859+00:00 [running]> on host 580553a30a83
[2023-04-02 17:27:57,338] {taskinstance.py:1254} INFO - Exporting the following env vars:
AIRFLOW_CTX_DAG_OWNER=***
AIRFLOW_CTX_DAG_ID=inovus_etl_dag_mrr_to_stg
AIRFLOW_CTX_TASK_ID=etl_from_mrr_dimcproducts_to_stg_dimcproducts
AIRFLOW_CTX_EXECUTION_DATE=2023-04-02T17:27:54.964859+00:00
AIRFLOW_CTX_DAG_RUN_ID=manual__2023-04-02T17:27:54.964859+00:00
[2023-04-02 17:27:57,450] {python.py:151} INFO - Done. Returned value was: None
[2023-04-02 17:27:57,479] {taskinstance.py:1219} INFO - Marking task as SUCCESS. dag_id=inovus_etl_dag_mrr_to_stg, task_id=etl_from_mrr_dimcproducts_to_stg_dimcproducts, execution_date=20230402T172754, start_date=20230402T172756, end_date=20230402T172757
[2023-04-02 17:27:57,620] {local_task_job.py:151} INFO - Task exited with return code 0
[2023-04-02 17:27:57,722] {local_task_job.py:261} INFO - 0 downstream tasks scheduled from follow-on schedule check
