[2023-03-29 16:29:35,154] {taskinstance.py:903} INFO - Dependencies all met for <TaskInstance: postgres_22222222222.etl_from_radb_to_mrrdimcustomer 2023-03-29T16:29:32.714295+00:00 [queued]>
[2023-03-29 16:29:35,172] {taskinstance.py:903} INFO - Dependencies all met for <TaskInstance: postgres_22222222222.etl_from_radb_to_mrrdimcustomer 2023-03-29T16:29:32.714295+00:00 [queued]>
[2023-03-29 16:29:35,174] {taskinstance.py:1095} INFO - 
--------------------------------------------------------------------------------
[2023-03-29 16:29:35,176] {taskinstance.py:1096} INFO - Starting attempt 1 of 1
[2023-03-29 16:29:35,177] {taskinstance.py:1097} INFO - 
--------------------------------------------------------------------------------
[2023-03-29 16:29:35,197] {taskinstance.py:1115} INFO - Executing <Task(PythonOperator): etl_from_radb_to_mrrdimcustomer> on 2023-03-29T16:29:32.714295+00:00
[2023-03-29 16:29:35,203] {standard_task_runner.py:52} INFO - Started process 27022 to run task
[2023-03-29 16:29:35,210] {standard_task_runner.py:76} INFO - Running: ['***', 'tasks', 'run', 'postgres_22222222222', 'etl_from_radb_to_mrrdimcustomer', '2023-03-29T16:29:32.714295+00:00', '--job-id', '358', '--pool', 'default_pool', '--raw', '--subdir', 'DAGS_FOLDER/ETL.py', '--cfg-path', '/tmp/tmp6mw4mk73', '--error-file', '/tmp/tmppqtc41xz']
[2023-03-29 16:29:35,212] {standard_task_runner.py:77} INFO - Job 358: Subtask etl_from_radb_to_mrrdimcustomer
[2023-03-29 16:29:35,262] {logging_mixin.py:109} INFO - Running <TaskInstance: postgres_22222222222.etl_from_radb_to_mrrdimcustomer 2023-03-29T16:29:32.714295+00:00 [running]> on host 0bc3da97cebb
[2023-03-29 16:29:35,321] {taskinstance.py:1254} INFO - Exporting the following env vars:
AIRFLOW_CTX_DAG_OWNER=***
AIRFLOW_CTX_DAG_ID=postgres_22222222222
AIRFLOW_CTX_TASK_ID=etl_from_radb_to_mrrdimcustomer
AIRFLOW_CTX_EXECUTION_DATE=2023-03-29T16:29:32.714295+00:00
AIRFLOW_CTX_DAG_RUN_ID=manual__2023-03-29T16:29:32.714295+00:00
[2023-03-29 16:29:35,376] {python.py:151} INFO - Done. Returned value was: None
[2023-03-29 16:29:35,392] {taskinstance.py:1219} INFO - Marking task as SUCCESS. dag_id=postgres_22222222222, task_id=etl_from_radb_to_mrrdimcustomer, execution_date=20230329T162932, start_date=20230329T162935, end_date=20230329T162935
[2023-03-29 16:29:35,427] {local_task_job.py:151} INFO - Task exited with return code 0
[2023-03-29 16:29:35,461] {local_task_job.py:261} INFO - 1 downstream tasks scheduled from follow-on schedule check
