[2023-03-28 18:06:47,960] {taskinstance.py:903} INFO - Dependencies all met for <TaskInstance: postgres_etl_dag_radb_to_mmr.etl_from_radb_to_mrrdimcproducts 2023-03-27T00:00:00+00:00 [queued]>
[2023-03-28 18:06:48,175] {taskinstance.py:903} INFO - Dependencies all met for <TaskInstance: postgres_etl_dag_radb_to_mmr.etl_from_radb_to_mrrdimcproducts 2023-03-27T00:00:00+00:00 [queued]>
[2023-03-28 18:06:48,184] {taskinstance.py:1095} INFO - 
--------------------------------------------------------------------------------
[2023-03-28 18:06:48,187] {taskinstance.py:1096} INFO - Starting attempt 1 of 1
[2023-03-28 18:06:48,203] {taskinstance.py:1097} INFO - 
--------------------------------------------------------------------------------
[2023-03-28 18:06:48,259] {taskinstance.py:1115} INFO - Executing <Task(PythonOperator): etl_from_radb_to_mrrdimcproducts> on 2023-03-27T00:00:00+00:00
[2023-03-28 18:06:48,301] {standard_task_runner.py:52} INFO - Started process 7693 to run task
[2023-03-28 18:06:48,387] {standard_task_runner.py:76} INFO - Running: ['***', 'tasks', 'run', 'postgres_etl_dag_radb_to_mmr', 'etl_from_radb_to_mrrdimcproducts', '2023-03-27T00:00:00+00:00', '--job-id', '29', '--pool', 'default_pool', '--raw', '--subdir', 'DAGS_FOLDER/inovus_etl_radb_mrr_stg_dwh.py', '--cfg-path', '/tmp/tmpjt2vkbef', '--error-file', '/tmp/tmpeatfzf4n']
[2023-03-28 18:06:48,572] {standard_task_runner.py:77} INFO - Job 29: Subtask etl_from_radb_to_mrrdimcproducts
[2023-03-28 18:06:49,281] {logging_mixin.py:109} INFO - Running <TaskInstance: postgres_etl_dag_radb_to_mmr.etl_from_radb_to_mrrdimcproducts 2023-03-27T00:00:00+00:00 [running]> on host 0bc3da97cebb
[2023-03-28 18:06:51,317] {taskinstance.py:1254} INFO - Exporting the following env vars:
AIRFLOW_CTX_DAG_OWNER=***
AIRFLOW_CTX_DAG_ID=postgres_etl_dag_radb_to_mmr
AIRFLOW_CTX_TASK_ID=etl_from_radb_to_mrrdimcproducts
AIRFLOW_CTX_EXECUTION_DATE=2023-03-27T00:00:00+00:00
AIRFLOW_CTX_DAG_RUN_ID=scheduled__2023-03-27T00:00:00+00:00
[2023-03-28 18:06:57,635] {python.py:151} INFO - Done. Returned value was: None
[2023-03-28 18:06:58,083] {taskinstance.py:1219} INFO - Marking task as SUCCESS. dag_id=postgres_etl_dag_radb_to_mmr, task_id=etl_from_radb_to_mrrdimcproducts, execution_date=20230327T000000, start_date=20230328T180647, end_date=20230328T180658
[2023-03-28 18:06:58,690] {local_task_job.py:151} INFO - Task exited with return code 0
[2023-03-28 18:06:58,916] {local_task_job.py:261} INFO - 0 downstream tasks scheduled from follow-on schedule check
