[2023-03-28 18:45:58,166] {taskinstance.py:903} INFO - Dependencies all met for <TaskInstance: inovus_etl_dag_mrr_to_stg.etl_from_mrrfsales_to_stgfsales 2023-03-28T18:45:56.353836+00:00 [queued]>
[2023-03-28 18:45:58,219] {taskinstance.py:903} INFO - Dependencies all met for <TaskInstance: inovus_etl_dag_mrr_to_stg.etl_from_mrrfsales_to_stgfsales 2023-03-28T18:45:56.353836+00:00 [queued]>
[2023-03-28 18:45:58,220] {taskinstance.py:1095} INFO - 
--------------------------------------------------------------------------------
[2023-03-28 18:45:58,222] {taskinstance.py:1096} INFO - Starting attempt 1 of 1
[2023-03-28 18:45:58,225] {taskinstance.py:1097} INFO - 
--------------------------------------------------------------------------------
[2023-03-28 18:45:58,250] {taskinstance.py:1115} INFO - Executing <Task(PythonOperator): etl_from_mrrfsales_to_stgfsales> on 2023-03-28T18:45:56.353836+00:00
[2023-03-28 18:45:58,264] {standard_task_runner.py:52} INFO - Started process 9643 to run task
[2023-03-28 18:45:58,279] {standard_task_runner.py:76} INFO - Running: ['***', 'tasks', 'run', 'inovus_etl_dag_mrr_to_stg', 'etl_from_mrrfsales_to_stgfsales', '2023-03-28T18:45:56.353836+00:00', '--job-id', '85', '--pool', 'default_pool', '--raw', '--subdir', 'DAGS_FOLDER/inovus_etl_mrr_stg.py', '--cfg-path', '/tmp/tmpu2kvo96n', '--error-file', '/tmp/tmpaps6poke']
[2023-03-28 18:45:58,306] {standard_task_runner.py:77} INFO - Job 85: Subtask etl_from_mrrfsales_to_stgfsales
[2023-03-28 18:45:58,471] {logging_mixin.py:109} INFO - Running <TaskInstance: inovus_etl_dag_mrr_to_stg.etl_from_mrrfsales_to_stgfsales 2023-03-28T18:45:56.353836+00:00 [running]> on host 0bc3da97cebb
[2023-03-28 18:45:58,641] {taskinstance.py:1254} INFO - Exporting the following env vars:
AIRFLOW_CTX_DAG_OWNER=***
AIRFLOW_CTX_DAG_ID=inovus_etl_dag_mrr_to_stg
AIRFLOW_CTX_TASK_ID=etl_from_mrrfsales_to_stgfsales
AIRFLOW_CTX_EXECUTION_DATE=2023-03-28T18:45:56.353836+00:00
AIRFLOW_CTX_DAG_RUN_ID=manual__2023-03-28T18:45:56.353836+00:00
[2023-03-28 18:45:58,749] {python.py:151} INFO - Done. Returned value was: None
[2023-03-28 18:45:58,811] {taskinstance.py:1219} INFO - Marking task as SUCCESS. dag_id=inovus_etl_dag_mrr_to_stg, task_id=etl_from_mrrfsales_to_stgfsales, execution_date=20230328T184556, start_date=20230328T184558, end_date=20230328T184558
[2023-03-28 18:45:58,929] {local_task_job.py:151} INFO - Task exited with return code 0
[2023-03-28 18:45:59,021] {local_task_job.py:261} INFO - 0 downstream tasks scheduled from follow-on schedule check
