[2023-03-28 18:09:55,307] {taskinstance.py:903} INFO - Dependencies all met for <TaskInstance: postgres_etl_dag_radb_to_mmr.etl_from_radb_to_mrrfsales 2023-03-28T18:09:53.433721+00:00 [queued]>
[2023-03-28 18:09:55,332] {taskinstance.py:903} INFO - Dependencies all met for <TaskInstance: postgres_etl_dag_radb_to_mmr.etl_from_radb_to_mrrfsales 2023-03-28T18:09:53.433721+00:00 [queued]>
[2023-03-28 18:09:55,333] {taskinstance.py:1095} INFO - 
--------------------------------------------------------------------------------
[2023-03-28 18:09:55,335] {taskinstance.py:1096} INFO - Starting attempt 1 of 1
[2023-03-28 18:09:55,336] {taskinstance.py:1097} INFO - 
--------------------------------------------------------------------------------
[2023-03-28 18:09:55,362] {taskinstance.py:1115} INFO - Executing <Task(PythonOperator): etl_from_radb_to_mrrfsales> on 2023-03-28T18:09:53.433721+00:00
[2023-03-28 18:09:55,381] {standard_task_runner.py:52} INFO - Started process 7848 to run task
[2023-03-28 18:09:55,403] {standard_task_runner.py:76} INFO - Running: ['***', 'tasks', 'run', 'postgres_etl_dag_radb_to_mmr', 'etl_from_radb_to_mrrfsales', '2023-03-28T18:09:53.433721+00:00', '--job-id', '36', '--pool', 'default_pool', '--raw', '--subdir', 'DAGS_FOLDER/inovus_etl_radb_mrr_stg_dwh.py', '--cfg-path', '/tmp/tmpj0ipqbrp', '--error-file', '/tmp/tmpu4hhmz_g']
[2023-03-28 18:09:55,407] {standard_task_runner.py:77} INFO - Job 36: Subtask etl_from_radb_to_mrrfsales
[2023-03-28 18:09:55,509] {logging_mixin.py:109} INFO - Running <TaskInstance: postgres_etl_dag_radb_to_mmr.etl_from_radb_to_mrrfsales 2023-03-28T18:09:53.433721+00:00 [running]> on host 0bc3da97cebb
[2023-03-28 18:09:55,647] {taskinstance.py:1254} INFO - Exporting the following env vars:
AIRFLOW_CTX_DAG_OWNER=***
AIRFLOW_CTX_DAG_ID=postgres_etl_dag_radb_to_mmr
AIRFLOW_CTX_TASK_ID=etl_from_radb_to_mrrfsales
AIRFLOW_CTX_EXECUTION_DATE=2023-03-28T18:09:53.433721+00:00
AIRFLOW_CTX_DAG_RUN_ID=manual__2023-03-28T18:09:53.433721+00:00
[2023-03-28 18:09:55,874] {python.py:151} INFO - Done. Returned value was: None
[2023-03-28 18:09:55,904] {taskinstance.py:1219} INFO - Marking task as SUCCESS. dag_id=postgres_etl_dag_radb_to_mmr, task_id=etl_from_radb_to_mrrfsales, execution_date=20230328T180953, start_date=20230328T180955, end_date=20230328T180955
[2023-03-28 18:09:55,941] {local_task_job.py:151} INFO - Task exited with return code 0
[2023-03-28 18:09:55,999] {local_task_job.py:261} INFO - 0 downstream tasks scheduled from follow-on schedule check
