[2023-03-29 16:29:34,331] {taskinstance.py:903} INFO - Dependencies all met for <TaskInstance: postgres_22222222222.log_error 2023-03-29T16:29:32.714295+00:00 [queued]>
[2023-03-29 16:29:34,351] {taskinstance.py:903} INFO - Dependencies all met for <TaskInstance: postgres_22222222222.log_error 2023-03-29T16:29:32.714295+00:00 [queued]>
[2023-03-29 16:29:34,353] {taskinstance.py:1095} INFO - 
--------------------------------------------------------------------------------
[2023-03-29 16:29:34,355] {taskinstance.py:1096} INFO - Starting attempt 1 of 1
[2023-03-29 16:29:34,356] {taskinstance.py:1097} INFO - 
--------------------------------------------------------------------------------
[2023-03-29 16:29:34,378] {taskinstance.py:1115} INFO - Executing <Task(PythonOperator): log_error> on 2023-03-29T16:29:32.714295+00:00
[2023-03-29 16:29:34,393] {standard_task_runner.py:52} INFO - Started process 27020 to run task
[2023-03-29 16:29:34,407] {standard_task_runner.py:76} INFO - Running: ['***', 'tasks', 'run', 'postgres_22222222222', 'log_error', '2023-03-29T16:29:32.714295+00:00', '--job-id', '357', '--pool', 'default_pool', '--raw', '--subdir', 'DAGS_FOLDER/ETL.py', '--cfg-path', '/tmp/tmp8vziqyo8', '--error-file', '/tmp/tmp80tyo5h6']
[2023-03-29 16:29:34,414] {standard_task_runner.py:77} INFO - Job 357: Subtask log_error
[2023-03-29 16:29:34,521] {logging_mixin.py:109} INFO - Running <TaskInstance: postgres_22222222222.log_error 2023-03-29T16:29:32.714295+00:00 [running]> on host 0bc3da97cebb
[2023-03-29 16:29:34,590] {taskinstance.py:1254} INFO - Exporting the following env vars:
AIRFLOW_CTX_DAG_OWNER=***
AIRFLOW_CTX_DAG_ID=postgres_22222222222
AIRFLOW_CTX_TASK_ID=log_error
AIRFLOW_CTX_EXECUTION_DATE=2023-03-29T16:29:32.714295+00:00
AIRFLOW_CTX_DAG_RUN_ID=manual__2023-03-29T16:29:32.714295+00:00
[2023-03-29 16:29:34,593] {ETL.py:67} ERROR - task is NOT completed
[2023-03-29 16:29:34,620] {python.py:151} INFO - Done. Returned value was: None
[2023-03-29 16:29:34,648] {taskinstance.py:1219} INFO - Marking task as SUCCESS. dag_id=postgres_22222222222, task_id=log_error, execution_date=20230329T162932, start_date=20230329T162934, end_date=20230329T162934
[2023-03-29 16:29:34,720] {local_task_job.py:151} INFO - Task exited with return code 0
[2023-03-29 16:29:34,762] {local_task_job.py:261} INFO - 0 downstream tasks scheduled from follow-on schedule check
