[2023-03-29 16:25:30,335] {taskinstance.py:903} INFO - Dependencies all met for <TaskInstance: postgres_22222222222.etl_from_radb_to_mrrdimcustomer 2023-03-29T16:25:27.591514+00:00 [queued]>
[2023-03-29 16:25:30,350] {taskinstance.py:903} INFO - Dependencies all met for <TaskInstance: postgres_22222222222.etl_from_radb_to_mrrdimcustomer 2023-03-29T16:25:27.591514+00:00 [queued]>
[2023-03-29 16:25:30,352] {taskinstance.py:1095} INFO - 
--------------------------------------------------------------------------------
[2023-03-29 16:25:30,353] {taskinstance.py:1096} INFO - Starting attempt 1 of 1
[2023-03-29 16:25:30,354] {taskinstance.py:1097} INFO - 
--------------------------------------------------------------------------------
[2023-03-29 16:25:30,372] {taskinstance.py:1115} INFO - Executing <Task(PythonOperator): etl_from_radb_to_mrrdimcustomer> on 2023-03-29T16:25:27.591514+00:00
[2023-03-29 16:25:30,380] {standard_task_runner.py:52} INFO - Started process 26804 to run task
[2023-03-29 16:25:30,391] {standard_task_runner.py:76} INFO - Running: ['***', 'tasks', 'run', 'postgres_22222222222', 'etl_from_radb_to_mrrdimcustomer', '2023-03-29T16:25:27.591514+00:00', '--job-id', '340', '--pool', 'default_pool', '--raw', '--subdir', 'DAGS_FOLDER/ETL.py', '--cfg-path', '/tmp/tmpyb169pxt', '--error-file', '/tmp/tmpxrd0hh7d']
[2023-03-29 16:25:30,395] {standard_task_runner.py:77} INFO - Job 340: Subtask etl_from_radb_to_mrrdimcustomer
[2023-03-29 16:25:30,461] {logging_mixin.py:109} INFO - Running <TaskInstance: postgres_22222222222.etl_from_radb_to_mrrdimcustomer 2023-03-29T16:25:27.591514+00:00 [running]> on host 0bc3da97cebb
[2023-03-29 16:25:30,554] {taskinstance.py:1254} INFO - Exporting the following env vars:
AIRFLOW_CTX_DAG_OWNER=***
AIRFLOW_CTX_DAG_ID=postgres_22222222222
AIRFLOW_CTX_TASK_ID=etl_from_radb_to_mrrdimcustomer
AIRFLOW_CTX_EXECUTION_DATE=2023-03-29T16:25:27.591514+00:00
AIRFLOW_CTX_DAG_RUN_ID=manual__2023-03-29T16:25:27.591514+00:00
[2023-03-29 16:25:30,619] {python.py:151} INFO - Done. Returned value was: None
[2023-03-29 16:25:30,643] {taskinstance.py:1219} INFO - Marking task as SUCCESS. dag_id=postgres_22222222222, task_id=etl_from_radb_to_mrrdimcustomer, execution_date=20230329T162527, start_date=20230329T162530, end_date=20230329T162530
[2023-03-29 16:25:30,695] {local_task_job.py:151} INFO - Task exited with return code 0
[2023-03-29 16:25:30,810] {local_task_job.py:261} INFO - 1 downstream tasks scheduled from follow-on schedule check
