[2023-03-28 13:58:51,589] {taskinstance.py:903} INFO - Dependencies all met for <TaskInstance: postgres_etl_dag.etl_from_radb 2023-03-28T13:58:50.050057+00:00 [queued]>
[2023-03-28 13:58:51,617] {taskinstance.py:903} INFO - Dependencies all met for <TaskInstance: postgres_etl_dag.etl_from_radb 2023-03-28T13:58:50.050057+00:00 [queued]>
[2023-03-28 13:58:51,618] {taskinstance.py:1095} INFO - 
--------------------------------------------------------------------------------
[2023-03-28 13:58:51,620] {taskinstance.py:1096} INFO - Starting attempt 1 of 1
[2023-03-28 13:58:51,621] {taskinstance.py:1097} INFO - 
--------------------------------------------------------------------------------
[2023-03-28 13:58:51,647] {taskinstance.py:1115} INFO - Executing <Task(PythonOperator): etl_from_radb> on 2023-03-28T13:58:50.050057+00:00
[2023-03-28 13:58:51,654] {standard_task_runner.py:52} INFO - Started process 3275 to run task
[2023-03-28 13:58:51,679] {standard_task_runner.py:76} INFO - Running: ['***', 'tasks', 'run', 'postgres_etl_dag', 'etl_from_radb', '2023-03-28T13:58:50.050057+00:00', '--job-id', '23', '--pool', 'default_pool', '--raw', '--subdir', 'DAGS_FOLDER/ETL.py', '--cfg-path', '/tmp/tmpepuwe75a', '--error-file', '/tmp/tmpm649ggk6']
[2023-03-28 13:58:51,698] {standard_task_runner.py:77} INFO - Job 23: Subtask etl_from_radb
[2023-03-28 13:58:51,808] {logging_mixin.py:109} INFO - Running <TaskInstance: postgres_etl_dag.etl_from_radb 2023-03-28T13:58:50.050057+00:00 [running]> on host 0bc3da97cebb
[2023-03-28 13:58:51,910] {taskinstance.py:1254} INFO - Exporting the following env vars:
AIRFLOW_CTX_DAG_OWNER=***
AIRFLOW_CTX_DAG_ID=postgres_etl_dag
AIRFLOW_CTX_TASK_ID=etl_from_radb
AIRFLOW_CTX_EXECUTION_DATE=2023-03-28T13:58:50.050057+00:00
AIRFLOW_CTX_DAG_RUN_ID=manual__2023-03-28T13:58:50.050057+00:00
[2023-03-28 13:58:52,168] {python.py:151} INFO - Done. Returned value was: None
[2023-03-28 13:58:52,189] {taskinstance.py:1219} INFO - Marking task as SUCCESS. dag_id=postgres_etl_dag, task_id=etl_from_radb, execution_date=20230328T135850, start_date=20230328T135851, end_date=20230328T135852
[2023-03-28 13:58:52,267] {local_task_job.py:151} INFO - Task exited with return code 0
[2023-03-28 13:58:52,333] {local_task_job.py:261} INFO - 0 downstream tasks scheduled from follow-on schedule check
