[2023-03-29 07:48:14,861] {taskinstance.py:903} INFO - Dependencies all met for <TaskInstance: inovus_etl_dag_mrr_to_stg.etl_from_mrrfsales_to_stgfsales 2023-03-29T07:48:12.624770+00:00 [queued]>
[2023-03-29 07:48:14,881] {taskinstance.py:903} INFO - Dependencies all met for <TaskInstance: inovus_etl_dag_mrr_to_stg.etl_from_mrrfsales_to_stgfsales 2023-03-29T07:48:12.624770+00:00 [queued]>
[2023-03-29 07:48:14,884] {taskinstance.py:1095} INFO - 
--------------------------------------------------------------------------------
[2023-03-29 07:48:14,888] {taskinstance.py:1096} INFO - Starting attempt 1 of 1
[2023-03-29 07:48:14,890] {taskinstance.py:1097} INFO - 
--------------------------------------------------------------------------------
[2023-03-29 07:48:14,920] {taskinstance.py:1115} INFO - Executing <Task(PythonOperator): etl_from_mrrfsales_to_stgfsales> on 2023-03-29T07:48:12.624770+00:00
[2023-03-29 07:48:14,938] {standard_task_runner.py:52} INFO - Started process 2988 to run task
[2023-03-29 07:48:14,951] {standard_task_runner.py:76} INFO - Running: ['***', 'tasks', 'run', 'inovus_etl_dag_mrr_to_stg', 'etl_from_mrrfsales_to_stgfsales', '2023-03-29T07:48:12.624770+00:00', '--job-id', '136', '--pool', 'default_pool', '--raw', '--subdir', 'DAGS_FOLDER/inovus_etl_mrr_stg.py', '--cfg-path', '/tmp/tmpb6xzj1as', '--error-file', '/tmp/tmpfo4x9htf']
[2023-03-29 07:48:14,974] {standard_task_runner.py:77} INFO - Job 136: Subtask etl_from_mrrfsales_to_stgfsales
[2023-03-29 07:48:15,114] {logging_mixin.py:109} INFO - Running <TaskInstance: inovus_etl_dag_mrr_to_stg.etl_from_mrrfsales_to_stgfsales 2023-03-29T07:48:12.624770+00:00 [running]> on host 0bc3da97cebb
[2023-03-29 07:48:15,250] {taskinstance.py:1254} INFO - Exporting the following env vars:
AIRFLOW_CTX_DAG_OWNER=***
AIRFLOW_CTX_DAG_ID=inovus_etl_dag_mrr_to_stg
AIRFLOW_CTX_TASK_ID=etl_from_mrrfsales_to_stgfsales
AIRFLOW_CTX_EXECUTION_DATE=2023-03-29T07:48:12.624770+00:00
AIRFLOW_CTX_DAG_RUN_ID=manual__2023-03-29T07:48:12.624770+00:00
[2023-03-29 07:48:15,330] {python.py:151} INFO - Done. Returned value was: None
[2023-03-29 07:48:15,375] {taskinstance.py:1219} INFO - Marking task as SUCCESS. dag_id=inovus_etl_dag_mrr_to_stg, task_id=etl_from_mrrfsales_to_stgfsales, execution_date=20230329T074812, start_date=20230329T074814, end_date=20230329T074815
[2023-03-29 07:48:15,443] {local_task_job.py:151} INFO - Task exited with return code 0
[2023-03-29 07:48:15,558] {local_task_job.py:261} INFO - 0 downstream tasks scheduled from follow-on schedule check
