[2023-03-28 18:29:09,580] {taskinstance.py:903} INFO - Dependencies all met for <TaskInstance: postgres_etl_dag_radb_to_mrr.etl_from_radb_to_mrrdimcproducts 2023-03-27T00:00:00+00:00 [queued]>
[2023-03-28 18:29:09,707] {taskinstance.py:903} INFO - Dependencies all met for <TaskInstance: postgres_etl_dag_radb_to_mrr.etl_from_radb_to_mrrdimcproducts 2023-03-27T00:00:00+00:00 [queued]>
[2023-03-28 18:29:09,721] {taskinstance.py:1095} INFO - 
--------------------------------------------------------------------------------
[2023-03-28 18:29:09,724] {taskinstance.py:1096} INFO - Starting attempt 1 of 1
[2023-03-28 18:29:09,736] {taskinstance.py:1097} INFO - 
--------------------------------------------------------------------------------
[2023-03-28 18:29:09,903] {taskinstance.py:1115} INFO - Executing <Task(PythonOperator): etl_from_radb_to_mrrdimcproducts> on 2023-03-27T00:00:00+00:00
[2023-03-28 18:29:09,968] {standard_task_runner.py:52} INFO - Started process 8796 to run task
[2023-03-28 18:29:10,111] {standard_task_runner.py:76} INFO - Running: ['***', 'tasks', 'run', 'postgres_etl_dag_radb_to_mrr', 'etl_from_radb_to_mrrdimcproducts', '2023-03-27T00:00:00+00:00', '--job-id', '54', '--pool', 'default_pool', '--raw', '--subdir', 'DAGS_FOLDER/inovus_etl_radb_mrr.py', '--cfg-path', '/tmp/tmpvpyd0ins', '--error-file', '/tmp/tmpofc_fccc']
[2023-03-28 18:29:10,115] {standard_task_runner.py:77} INFO - Job 54: Subtask etl_from_radb_to_mrrdimcproducts
[2023-03-28 18:29:10,324] {logging_mixin.py:109} INFO - Running <TaskInstance: postgres_etl_dag_radb_to_mrr.etl_from_radb_to_mrrdimcproducts 2023-03-27T00:00:00+00:00 [running]> on host 0bc3da97cebb
[2023-03-28 18:29:10,471] {taskinstance.py:1254} INFO - Exporting the following env vars:
AIRFLOW_CTX_DAG_OWNER=***
AIRFLOW_CTX_DAG_ID=postgres_etl_dag_radb_to_mrr
AIRFLOW_CTX_TASK_ID=etl_from_radb_to_mrrdimcproducts
AIRFLOW_CTX_EXECUTION_DATE=2023-03-27T00:00:00+00:00
AIRFLOW_CTX_DAG_RUN_ID=scheduled__2023-03-27T00:00:00+00:00
[2023-03-28 18:29:10,557] {python.py:151} INFO - Done. Returned value was: None
[2023-03-28 18:29:10,591] {taskinstance.py:1219} INFO - Marking task as SUCCESS. dag_id=postgres_etl_dag_radb_to_mrr, task_id=etl_from_radb_to_mrrdimcproducts, execution_date=20230327T000000, start_date=20230328T182909, end_date=20230328T182910
[2023-03-28 18:29:10,703] {local_task_job.py:151} INFO - Task exited with return code 0
[2023-03-28 18:29:10,750] {local_task_job.py:261} INFO - 0 downstream tasks scheduled from follow-on schedule check
