[2023-03-29 07:36:19,948] {taskinstance.py:903} INFO - Dependencies all met for <TaskInstance: postgres_etl_dag_radb_to_mrr.etl_from_radb_to_mrrdimcproducts 2023-03-29T07:36:16.639060+00:00 [queued]>
[2023-03-29 07:36:19,969] {taskinstance.py:903} INFO - Dependencies all met for <TaskInstance: postgres_etl_dag_radb_to_mrr.etl_from_radb_to_mrrdimcproducts 2023-03-29T07:36:16.639060+00:00 [queued]>
[2023-03-29 07:36:19,970] {taskinstance.py:1095} INFO - 
--------------------------------------------------------------------------------
[2023-03-29 07:36:19,975] {taskinstance.py:1096} INFO - Starting attempt 1 of 1
[2023-03-29 07:36:19,977] {taskinstance.py:1097} INFO - 
--------------------------------------------------------------------------------
[2023-03-29 07:36:20,056] {taskinstance.py:1115} INFO - Executing <Task(PythonOperator): etl_from_radb_to_mrrdimcproducts> on 2023-03-29T07:36:16.639060+00:00
[2023-03-29 07:36:20,070] {standard_task_runner.py:52} INFO - Started process 2353 to run task
[2023-03-29 07:36:20,098] {standard_task_runner.py:76} INFO - Running: ['***', 'tasks', 'run', 'postgres_etl_dag_radb_to_mrr', 'etl_from_radb_to_mrrdimcproducts', '2023-03-29T07:36:16.639060+00:00', '--job-id', '112', '--pool', 'default_pool', '--raw', '--subdir', 'DAGS_FOLDER/inovus_etl_radb_mrr.py', '--cfg-path', '/tmp/tmpuug9ex6v', '--error-file', '/tmp/tmp14us2in4']
[2023-03-29 07:36:20,104] {standard_task_runner.py:77} INFO - Job 112: Subtask etl_from_radb_to_mrrdimcproducts
[2023-03-29 07:36:20,218] {logging_mixin.py:109} INFO - Running <TaskInstance: postgres_etl_dag_radb_to_mrr.etl_from_radb_to_mrrdimcproducts 2023-03-29T07:36:16.639060+00:00 [running]> on host 0bc3da97cebb
[2023-03-29 07:36:20,399] {taskinstance.py:1254} INFO - Exporting the following env vars:
AIRFLOW_CTX_DAG_OWNER=***
AIRFLOW_CTX_DAG_ID=postgres_etl_dag_radb_to_mrr
AIRFLOW_CTX_TASK_ID=etl_from_radb_to_mrrdimcproducts
AIRFLOW_CTX_EXECUTION_DATE=2023-03-29T07:36:16.639060+00:00
AIRFLOW_CTX_DAG_RUN_ID=manual__2023-03-29T07:36:16.639060+00:00
[2023-03-29 07:36:21,031] {python.py:151} INFO - Done. Returned value was: None
[2023-03-29 07:36:21,069] {taskinstance.py:1219} INFO - Marking task as SUCCESS. dag_id=postgres_etl_dag_radb_to_mrr, task_id=etl_from_radb_to_mrrdimcproducts, execution_date=20230329T073616, start_date=20230329T073619, end_date=20230329T073621
[2023-03-29 07:36:21,167] {local_task_job.py:151} INFO - Task exited with return code 0
[2023-03-29 07:36:21,220] {local_task_job.py:261} INFO - 0 downstream tasks scheduled from follow-on schedule check
