[2023-03-30 05:08:11,866] {taskinstance.py:903} INFO - Dependencies all met for <TaskInstance: inovus_etl_dag_mrr_to_stg.etl_from_mrr_dimcustomer_to_stg_dimcustomer 2023-03-30T05:08:08.280411+00:00 [queued]>
[2023-03-30 05:08:11,933] {taskinstance.py:903} INFO - Dependencies all met for <TaskInstance: inovus_etl_dag_mrr_to_stg.etl_from_mrr_dimcustomer_to_stg_dimcustomer 2023-03-30T05:08:08.280411+00:00 [queued]>
[2023-03-30 05:08:11,935] {taskinstance.py:1095} INFO - 
--------------------------------------------------------------------------------
[2023-03-30 05:08:11,936] {taskinstance.py:1096} INFO - Starting attempt 1 of 1
[2023-03-30 05:08:11,937] {taskinstance.py:1097} INFO - 
--------------------------------------------------------------------------------
[2023-03-30 05:08:11,975] {taskinstance.py:1115} INFO - Executing <Task(PythonOperator): etl_from_mrr_dimcustomer_to_stg_dimcustomer> on 2023-03-30T05:08:08.280411+00:00
[2023-03-30 05:08:11,988] {standard_task_runner.py:52} INFO - Started process 8002 to run task
[2023-03-30 05:08:12,043] {standard_task_runner.py:76} INFO - Running: ['***', 'tasks', 'run', 'inovus_etl_dag_mrr_to_stg', 'etl_from_mrr_dimcustomer_to_stg_dimcustomer', '2023-03-30T05:08:08.280411+00:00', '--job-id', '483', '--pool', 'default_pool', '--raw', '--subdir', 'DAGS_FOLDER/inovus_etl_mrr_stg.py', '--cfg-path', '/tmp/tmpd_tqktsi', '--error-file', '/tmp/tmpr7g2vapf']
[2023-03-30 05:08:12,051] {standard_task_runner.py:77} INFO - Job 483: Subtask etl_from_mrr_dimcustomer_to_stg_dimcustomer
[2023-03-30 05:08:12,263] {logging_mixin.py:109} INFO - Running <TaskInstance: inovus_etl_dag_mrr_to_stg.etl_from_mrr_dimcustomer_to_stg_dimcustomer 2023-03-30T05:08:08.280411+00:00 [running]> on host 0bc3da97cebb
[2023-03-30 05:08:12,403] {taskinstance.py:1254} INFO - Exporting the following env vars:
AIRFLOW_CTX_DAG_OWNER=***
AIRFLOW_CTX_DAG_ID=inovus_etl_dag_mrr_to_stg
AIRFLOW_CTX_TASK_ID=etl_from_mrr_dimcustomer_to_stg_dimcustomer
AIRFLOW_CTX_EXECUTION_DATE=2023-03-30T05:08:08.280411+00:00
AIRFLOW_CTX_DAG_RUN_ID=manual__2023-03-30T05:08:08.280411+00:00
[2023-03-30 05:08:12,530] {python.py:151} INFO - Done. Returned value was: None
[2023-03-30 05:08:12,630] {taskinstance.py:1219} INFO - Marking task as SUCCESS. dag_id=inovus_etl_dag_mrr_to_stg, task_id=etl_from_mrr_dimcustomer_to_stg_dimcustomer, execution_date=20230330T050808, start_date=20230330T050811, end_date=20230330T050812
[2023-03-30 05:08:12,792] {local_task_job.py:151} INFO - Task exited with return code 0
[2023-03-30 05:08:12,940] {local_task_job.py:261} INFO - 0 downstream tasks scheduled from follow-on schedule check
