[2023-03-29 07:39:05,242] {taskinstance.py:903} INFO - Dependencies all met for <TaskInstance: postgres_etl_dag_radb_to_mrr.etl_from_radb_to_mrrfsales 2023-03-29T07:39:03.900845+00:00 [queued]>
[2023-03-29 07:39:05,263] {taskinstance.py:903} INFO - Dependencies all met for <TaskInstance: postgres_etl_dag_radb_to_mrr.etl_from_radb_to_mrrfsales 2023-03-29T07:39:03.900845+00:00 [queued]>
[2023-03-29 07:39:05,266] {taskinstance.py:1095} INFO - 
--------------------------------------------------------------------------------
[2023-03-29 07:39:05,269] {taskinstance.py:1096} INFO - Starting attempt 1 of 1
[2023-03-29 07:39:05,271] {taskinstance.py:1097} INFO - 
--------------------------------------------------------------------------------
[2023-03-29 07:39:05,310] {taskinstance.py:1115} INFO - Executing <Task(PythonOperator): etl_from_radb_to_mrrfsales> on 2023-03-29T07:39:03.900845+00:00
[2023-03-29 07:39:05,334] {standard_task_runner.py:76} INFO - Running: ['***', 'tasks', 'run', 'postgres_etl_dag_radb_to_mrr', 'etl_from_radb_to_mrrfsales', '2023-03-29T07:39:03.900845+00:00', '--job-id', '123', '--pool', 'default_pool', '--raw', '--subdir', 'DAGS_FOLDER/inovus_etl_radb_mrr.py', '--cfg-path', '/tmp/tmp8xvl5qi1', '--error-file', '/tmp/tmp9_20s68a']
[2023-03-29 07:39:05,340] {standard_task_runner.py:77} INFO - Job 123: Subtask etl_from_radb_to_mrrfsales
[2023-03-29 07:39:05,322] {standard_task_runner.py:52} INFO - Started process 2511 to run task
[2023-03-29 07:39:05,546] {logging_mixin.py:109} INFO - Running <TaskInstance: postgres_etl_dag_radb_to_mrr.etl_from_radb_to_mrrfsales 2023-03-29T07:39:03.900845+00:00 [running]> on host 0bc3da97cebb
[2023-03-29 07:39:05,753] {taskinstance.py:1254} INFO - Exporting the following env vars:
AIRFLOW_CTX_DAG_OWNER=***
AIRFLOW_CTX_DAG_ID=postgres_etl_dag_radb_to_mrr
AIRFLOW_CTX_TASK_ID=etl_from_radb_to_mrrfsales
AIRFLOW_CTX_EXECUTION_DATE=2023-03-29T07:39:03.900845+00:00
AIRFLOW_CTX_DAG_RUN_ID=manual__2023-03-29T07:39:03.900845+00:00
[2023-03-29 07:39:05,890] {python.py:151} INFO - Done. Returned value was: None
[2023-03-29 07:39:05,929] {taskinstance.py:1219} INFO - Marking task as SUCCESS. dag_id=postgres_etl_dag_radb_to_mrr, task_id=etl_from_radb_to_mrrfsales, execution_date=20230329T073903, start_date=20230329T073905, end_date=20230329T073905
[2023-03-29 07:39:06,041] {local_task_job.py:151} INFO - Task exited with return code 0
[2023-03-29 07:39:06,096] {local_task_job.py:261} INFO - 0 downstream tasks scheduled from follow-on schedule check
