[2023-03-29 16:22:53,329] {taskinstance.py:903} INFO - Dependencies all met for <TaskInstance: postgres_22222222222.etl_from_radb_to_mrrfsales 2023-03-29T16:22:52.086661+00:00 [queued]>
[2023-03-29 16:22:53,347] {taskinstance.py:903} INFO - Dependencies all met for <TaskInstance: postgres_22222222222.etl_from_radb_to_mrrfsales 2023-03-29T16:22:52.086661+00:00 [queued]>
[2023-03-29 16:22:53,349] {taskinstance.py:1095} INFO - 
--------------------------------------------------------------------------------
[2023-03-29 16:22:53,350] {taskinstance.py:1096} INFO - Starting attempt 1 of 1
[2023-03-29 16:22:53,351] {taskinstance.py:1097} INFO - 
--------------------------------------------------------------------------------
[2023-03-29 16:22:53,369] {taskinstance.py:1115} INFO - Executing <Task(PythonOperator): etl_from_radb_to_mrrfsales> on 2023-03-29T16:22:52.086661+00:00
[2023-03-29 16:22:53,374] {standard_task_runner.py:52} INFO - Started process 26656 to run task
[2023-03-29 16:22:53,389] {standard_task_runner.py:76} INFO - Running: ['***', 'tasks', 'run', 'postgres_22222222222', 'etl_from_radb_to_mrrfsales', '2023-03-29T16:22:52.086661+00:00', '--job-id', '327', '--pool', 'default_pool', '--raw', '--subdir', 'DAGS_FOLDER/ETL.py', '--cfg-path', '/tmp/tmpt5_lbf7t', '--error-file', '/tmp/tmpxshiks8_']
[2023-03-29 16:22:53,390] {standard_task_runner.py:77} INFO - Job 327: Subtask etl_from_radb_to_mrrfsales
[2023-03-29 16:22:53,457] {logging_mixin.py:109} INFO - Running <TaskInstance: postgres_22222222222.etl_from_radb_to_mrrfsales 2023-03-29T16:22:52.086661+00:00 [running]> on host 0bc3da97cebb
[2023-03-29 16:22:53,551] {taskinstance.py:1254} INFO - Exporting the following env vars:
AIRFLOW_CTX_DAG_OWNER=***
AIRFLOW_CTX_DAG_ID=postgres_22222222222
AIRFLOW_CTX_TASK_ID=etl_from_radb_to_mrrfsales
AIRFLOW_CTX_EXECUTION_DATE=2023-03-29T16:22:52.086661+00:00
AIRFLOW_CTX_DAG_RUN_ID=manual__2023-03-29T16:22:52.086661+00:00
[2023-03-29 16:22:53,665] {python.py:151} INFO - Done. Returned value was: None
[2023-03-29 16:22:53,692] {taskinstance.py:1219} INFO - Marking task as SUCCESS. dag_id=postgres_22222222222, task_id=etl_from_radb_to_mrrfsales, execution_date=20230329T162252, start_date=20230329T162253, end_date=20230329T162253
[2023-03-29 16:22:53,763] {local_task_job.py:151} INFO - Task exited with return code 0
[2023-03-29 16:22:53,875] {local_task_job.py:261} INFO - 1 downstream tasks scheduled from follow-on schedule check
