[2023-04-02 17:35:23,085] {taskinstance.py:903} INFO - Dependencies all met for <TaskInstance: inovus_etl_dag_stg_to_dwh.etl_from_stgfsales_to_dwhfsales 2023-04-02T17:35:17.434010+00:00 [queued]>
[2023-04-02 17:35:23,099] {taskinstance.py:903} INFO - Dependencies all met for <TaskInstance: inovus_etl_dag_stg_to_dwh.etl_from_stgfsales_to_dwhfsales 2023-04-02T17:35:17.434010+00:00 [queued]>
[2023-04-02 17:35:23,101] {taskinstance.py:1095} INFO - 
--------------------------------------------------------------------------------
[2023-04-02 17:35:23,102] {taskinstance.py:1096} INFO - Starting attempt 1 of 1
[2023-04-02 17:35:23,103] {taskinstance.py:1097} INFO - 
--------------------------------------------------------------------------------
[2023-04-02 17:35:23,120] {taskinstance.py:1115} INFO - Executing <Task(PythonOperator): etl_from_stgfsales_to_dwhfsales> on 2023-04-02T17:35:17.434010+00:00
[2023-04-02 17:35:23,126] {standard_task_runner.py:52} INFO - Started process 1300 to run task
[2023-04-02 17:35:23,133] {standard_task_runner.py:76} INFO - Running: ['***', 'tasks', 'run', 'inovus_etl_dag_stg_to_dwh', 'etl_from_stgfsales_to_dwhfsales', '2023-04-02T17:35:17.434010+00:00', '--job-id', '560', '--pool', 'default_pool', '--raw', '--subdir', 'DAGS_FOLDER/inovus_etl_stg_dwh.py', '--cfg-path', '/tmp/tmpb7fqbm55', '--error-file', '/tmp/tmpxo0ss753']
[2023-04-02 17:35:23,135] {standard_task_runner.py:77} INFO - Job 560: Subtask etl_from_stgfsales_to_dwhfsales
[2023-04-02 17:35:23,202] {logging_mixin.py:109} INFO - Running <TaskInstance: inovus_etl_dag_stg_to_dwh.etl_from_stgfsales_to_dwhfsales 2023-04-02T17:35:17.434010+00:00 [running]> on host 580553a30a83
[2023-04-02 17:35:23,262] {taskinstance.py:1254} INFO - Exporting the following env vars:
AIRFLOW_CTX_DAG_OWNER=***
AIRFLOW_CTX_DAG_ID=inovus_etl_dag_stg_to_dwh
AIRFLOW_CTX_TASK_ID=etl_from_stgfsales_to_dwhfsales
AIRFLOW_CTX_EXECUTION_DATE=2023-04-02T17:35:17.434010+00:00
AIRFLOW_CTX_DAG_RUN_ID=manual__2023-04-02T17:35:17.434010+00:00
[2023-04-02 17:35:23,392] {python.py:151} INFO - Done. Returned value was: None
[2023-04-02 17:35:23,410] {taskinstance.py:1219} INFO - Marking task as SUCCESS. dag_id=inovus_etl_dag_stg_to_dwh, task_id=etl_from_stgfsales_to_dwhfsales, execution_date=20230402T173517, start_date=20230402T173523, end_date=20230402T173523
[2023-04-02 17:35:23,476] {local_task_job.py:151} INFO - Task exited with return code 0
[2023-04-02 17:35:23,512] {local_task_job.py:261} INFO - 1 downstream tasks scheduled from follow-on schedule check
