[2023-03-30 03:28:03,214] {taskinstance.py:903} INFO - Dependencies all met for <TaskInstance: postgres_22222222222.etl_from_radb_to_mrrfsales 2023-03-30T03:28:01.102072+00:00 [queued]>
[2023-03-30 03:28:03,234] {taskinstance.py:903} INFO - Dependencies all met for <TaskInstance: postgres_22222222222.etl_from_radb_to_mrrfsales 2023-03-30T03:28:01.102072+00:00 [queued]>
[2023-03-30 03:28:03,235] {taskinstance.py:1095} INFO - 
--------------------------------------------------------------------------------
[2023-03-30 03:28:03,237] {taskinstance.py:1096} INFO - Starting attempt 1 of 1
[2023-03-30 03:28:03,238] {taskinstance.py:1097} INFO - 
--------------------------------------------------------------------------------
[2023-03-30 03:28:03,253] {taskinstance.py:1115} INFO - Executing <Task(PythonOperator): etl_from_radb_to_mrrfsales> on 2023-03-30T03:28:01.102072+00:00
[2023-03-30 03:28:03,259] {standard_task_runner.py:52} INFO - Started process 3769 to run task
[2023-03-30 03:28:03,267] {standard_task_runner.py:76} INFO - Running: ['***', 'tasks', 'run', 'postgres_22222222222', 'etl_from_radb_to_mrrfsales', '2023-03-30T03:28:01.102072+00:00', '--job-id', '460', '--pool', 'default_pool', '--raw', '--subdir', 'DAGS_FOLDER/ETL.py', '--cfg-path', '/tmp/tmpk5hjiznb', '--error-file', '/tmp/tmpg7rng78e']
[2023-03-30 03:28:03,270] {standard_task_runner.py:77} INFO - Job 460: Subtask etl_from_radb_to_mrrfsales
[2023-03-30 03:28:03,323] {logging_mixin.py:109} INFO - Running <TaskInstance: postgres_22222222222.etl_from_radb_to_mrrfsales 2023-03-30T03:28:01.102072+00:00 [running]> on host 0bc3da97cebb
[2023-03-30 03:28:03,375] {taskinstance.py:1254} INFO - Exporting the following env vars:
AIRFLOW_CTX_DAG_OWNER=***
AIRFLOW_CTX_DAG_ID=postgres_22222222222
AIRFLOW_CTX_TASK_ID=etl_from_radb_to_mrrfsales
AIRFLOW_CTX_EXECUTION_DATE=2023-03-30T03:28:01.102072+00:00
AIRFLOW_CTX_DAG_RUN_ID=manual__2023-03-30T03:28:01.102072+00:00
[2023-03-30 03:28:03,555] {python.py:151} INFO - Done. Returned value was: None
[2023-03-30 03:28:03,573] {taskinstance.py:1219} INFO - Marking task as SUCCESS. dag_id=postgres_22222222222, task_id=etl_from_radb_to_mrrfsales, execution_date=20230330T032801, start_date=20230330T032803, end_date=20230330T032803
[2023-03-30 03:28:03,606] {local_task_job.py:151} INFO - Task exited with return code 0
[2023-03-30 03:28:03,634] {local_task_job.py:261} INFO - 0 downstream tasks scheduled from follow-on schedule check
