[2023-03-28 10:16:33,175] {taskinstance.py:903} INFO - Dependencies all met for <TaskInstance: example_python_operator.print_the_context 2023-03-28T10:16:30.912776+00:00 [queued]>
[2023-03-28 10:16:33,204] {taskinstance.py:903} INFO - Dependencies all met for <TaskInstance: example_python_operator.print_the_context 2023-03-28T10:16:30.912776+00:00 [queued]>
[2023-03-28 10:16:33,208] {taskinstance.py:1095} INFO - 
--------------------------------------------------------------------------------
[2023-03-28 10:16:33,211] {taskinstance.py:1096} INFO - Starting attempt 1 of 1
[2023-03-28 10:16:33,212] {taskinstance.py:1097} INFO - 
--------------------------------------------------------------------------------
[2023-03-28 10:16:33,236] {taskinstance.py:1115} INFO - Executing <Task(PythonOperator): print_the_context> on 2023-03-28T10:16:30.912776+00:00
[2023-03-28 10:16:33,258] {standard_task_runner.py:52} INFO - Started process 413 to run task
[2023-03-28 10:16:33,275] {standard_task_runner.py:76} INFO - Running: ['***', 'tasks', 'run', 'example_python_operator', 'print_the_context', '2023-03-28T10:16:30.912776+00:00', '--job-id', '4', '--pool', 'default_pool', '--raw', '--subdir', '/home/***/.local/lib/python3.6/site-packages/***/example_dags/example_python_operator.py', '--cfg-path', '/tmp/tmprfmlnuvc', '--error-file', '/tmp/tmpr96e5f4n']
[2023-03-28 10:16:33,278] {standard_task_runner.py:77} INFO - Job 4: Subtask print_the_context
[2023-03-28 10:16:33,415] {logging_mixin.py:109} INFO - Running <TaskInstance: example_python_operator.print_the_context 2023-03-28T10:16:30.912776+00:00 [running]> on host da0f6ea143ee
[2023-03-28 10:16:33,501] {taskinstance.py:1254} INFO - Exporting the following env vars:
AIRFLOW_CTX_DAG_OWNER=***
AIRFLOW_CTX_DAG_ID=example_python_operator
AIRFLOW_CTX_TASK_ID=print_the_context
AIRFLOW_CTX_EXECUTION_DATE=2023-03-28T10:16:30.912776+00:00
AIRFLOW_CTX_DAG_RUN_ID=manual__2023-03-28T10:16:30.912776+00:00
[2023-03-28 10:16:33,533] {logging_mixin.py:109} INFO - {'conf': <***.configuration.AirflowConfigParser object at 0x7f4b900d1f98>,
 'dag': <DAG: example_python_operator>,
 'dag_run': <DagRun example_python_operator @ 2023-03-28 10:16:30.912776+00:00: manual__2023-03-28T10:16:30.912776+00:00, externally triggered: True>,
 'ds_nodash': '20230328',
 'execution_date': DateTime(2023, 3, 28, 10, 16, 30, 912776, tzinfo=Timezone('+00:00')),
 'inlets': [],
 'macros': <module '***.macros' from '/home/***/.local/lib/python3.6/site-packages/***/macros/__init__.py'>,
 'next_ds': '2023-03-28',
 'next_ds_nodash': '20230328',
 'next_execution_date': DateTime(2023, 3, 28, 10, 16, 30, 912776, tzinfo=Timezone('+00:00')),
 'outlets': [],
 'params': {},
 'prev_ds': '2023-03-28',
 'prev_ds_nodash': '20230328',
 'prev_execution_date': DateTime(2023, 3, 28, 10, 16, 30, 912776, tzinfo=Timezone('+00:00')),
 'prev_execution_date_success': <Proxy at 0x7f4b8ffe0548 with factory <function TaskInstance.get_template_context.<locals>.<lambda> at 0x7f4b7a9df158>>,
 'prev_start_date_success': <Proxy at 0x7f4b7a98d708 with factory <function TaskInstance.get_template_context.<locals>.<lambda> at 0x7f4b7a994950>>,
 'run_id': 'manual__2023-03-28T10:16:30.912776+00:00',
 'task': <Task(PythonOperator): print_the_context>,
 'task_instance': <TaskInstance: example_python_operator.print_the_context 2023-03-28T10:16:30.912776+00:00 [running]>,
 'task_instance_key_str': 'example_python_operator__print_the_context__20230328',
 'templates_dict': None,
 'test_mode': False,
 'ti': <TaskInstance: example_python_operator.print_the_context 2023-03-28T10:16:30.912776+00:00 [running]>,
 'tomorrow_ds': '2023-03-29',
 'tomorrow_ds_nodash': '20230329',
 'ts': '2023-03-28T10:16:30.912776+00:00',
 'ts_nodash': '20230328T101630',
 'ts_nodash_with_tz': '20230328T101630.912776+0000',
 'var': {'json': None, 'value': None},
 'yesterday_ds': '2023-03-27',
 'yesterday_ds_nodash': '20230327'}
[2023-03-28 10:16:33,541] {logging_mixin.py:109} INFO - 2023-03-28
[2023-03-28 10:16:33,542] {python.py:151} INFO - Done. Returned value was: Whatever you return gets printed in the logs
[2023-03-28 10:16:33,577] {taskinstance.py:1219} INFO - Marking task as SUCCESS. dag_id=example_python_operator, task_id=print_the_context, execution_date=20230328T101630, start_date=20230328T101633, end_date=20230328T101633
[2023-03-28 10:16:33,616] {local_task_job.py:151} INFO - Task exited with return code 0
[2023-03-28 10:16:33,658] {local_task_job.py:261} INFO - 5 downstream tasks scheduled from follow-on schedule check
