[2023-03-29 07:39:05,314] {taskinstance.py:903} INFO - Dependencies all met for <TaskInstance: postgres_etl_dag_radb_to_mrr.etl_from_radb_to_mrrdimcustomer 2023-03-29T07:39:03.900845+00:00 [queued]>
[2023-03-29 07:39:05,351] {taskinstance.py:903} INFO - Dependencies all met for <TaskInstance: postgres_etl_dag_radb_to_mrr.etl_from_radb_to_mrrdimcustomer 2023-03-29T07:39:03.900845+00:00 [queued]>
[2023-03-29 07:39:05,354] {taskinstance.py:1095} INFO - 
--------------------------------------------------------------------------------
[2023-03-29 07:39:05,358] {taskinstance.py:1096} INFO - Starting attempt 1 of 1
[2023-03-29 07:39:05,360] {taskinstance.py:1097} INFO - 
--------------------------------------------------------------------------------
[2023-03-29 07:39:05,388] {taskinstance.py:1115} INFO - Executing <Task(PythonOperator): etl_from_radb_to_mrrdimcustomer> on 2023-03-29T07:39:03.900845+00:00
[2023-03-29 07:39:05,412] {standard_task_runner.py:52} INFO - Started process 2512 to run task
[2023-03-29 07:39:05,458] {standard_task_runner.py:76} INFO - Running: ['***', 'tasks', 'run', 'postgres_etl_dag_radb_to_mrr', 'etl_from_radb_to_mrrdimcustomer', '2023-03-29T07:39:03.900845+00:00', '--job-id', '124', '--pool', 'default_pool', '--raw', '--subdir', 'DAGS_FOLDER/inovus_etl_radb_mrr.py', '--cfg-path', '/tmp/tmp6_11audq', '--error-file', '/tmp/tmpxwiz0lh1']
[2023-03-29 07:39:05,460] {standard_task_runner.py:77} INFO - Job 124: Subtask etl_from_radb_to_mrrdimcustomer
[2023-03-29 07:39:05,599] {logging_mixin.py:109} INFO - Running <TaskInstance: postgres_etl_dag_radb_to_mrr.etl_from_radb_to_mrrdimcustomer 2023-03-29T07:39:03.900845+00:00 [running]> on host 0bc3da97cebb
[2023-03-29 07:39:05,795] {taskinstance.py:1254} INFO - Exporting the following env vars:
AIRFLOW_CTX_DAG_OWNER=***
AIRFLOW_CTX_DAG_ID=postgres_etl_dag_radb_to_mrr
AIRFLOW_CTX_TASK_ID=etl_from_radb_to_mrrdimcustomer
AIRFLOW_CTX_EXECUTION_DATE=2023-03-29T07:39:03.900845+00:00
AIRFLOW_CTX_DAG_RUN_ID=manual__2023-03-29T07:39:03.900845+00:00
[2023-03-29 07:39:05,923] {python.py:151} INFO - Done. Returned value was: None
[2023-03-29 07:39:05,965] {taskinstance.py:1219} INFO - Marking task as SUCCESS. dag_id=postgres_etl_dag_radb_to_mrr, task_id=etl_from_radb_to_mrrdimcustomer, execution_date=20230329T073903, start_date=20230329T073905, end_date=20230329T073905
[2023-03-29 07:39:06,081] {local_task_job.py:151} INFO - Task exited with return code 0
[2023-03-29 07:39:06,184] {local_task_job.py:261} INFO - 0 downstream tasks scheduled from follow-on schedule check
