[2023-03-29 14:41:26,290] {taskinstance.py:903} INFO - Dependencies all met for <TaskInstance: postgres_22222222222.date_update_mrr 2023-03-29T14:41:20.947023+00:00 [queued]>
[2023-03-29 14:41:26,311] {taskinstance.py:903} INFO - Dependencies all met for <TaskInstance: postgres_22222222222.date_update_mrr 2023-03-29T14:41:20.947023+00:00 [queued]>
[2023-03-29 14:41:26,312] {taskinstance.py:1095} INFO - 
--------------------------------------------------------------------------------
[2023-03-29 14:41:26,313] {taskinstance.py:1096} INFO - Starting attempt 1 of 1
[2023-03-29 14:41:26,314] {taskinstance.py:1097} INFO - 
--------------------------------------------------------------------------------
[2023-03-29 14:41:26,333] {taskinstance.py:1115} INFO - Executing <Task(PythonOperator): date_update_mrr> on 2023-03-29T14:41:20.947023+00:00
[2023-03-29 14:41:26,341] {standard_task_runner.py:52} INFO - Started process 21720 to run task
[2023-03-29 14:41:26,352] {standard_task_runner.py:76} INFO - Running: ['***', 'tasks', 'run', 'postgres_22222222222', 'date_update_mrr', '2023-03-29T14:41:20.947023+00:00', '--job-id', '173', '--pool', 'default_pool', '--raw', '--subdir', 'DAGS_FOLDER/ETL.py', '--cfg-path', '/tmp/tmpl9x0r2tl', '--error-file', '/tmp/tmpnehrb_g5']
[2023-03-29 14:41:26,360] {standard_task_runner.py:77} INFO - Job 173: Subtask date_update_mrr
[2023-03-29 14:41:26,435] {logging_mixin.py:109} INFO - Running <TaskInstance: postgres_22222222222.date_update_mrr 2023-03-29T14:41:20.947023+00:00 [running]> on host 0bc3da97cebb
[2023-03-29 14:41:26,513] {taskinstance.py:1254} INFO - Exporting the following env vars:
AIRFLOW_CTX_DAG_OWNER=***
AIRFLOW_CTX_DAG_ID=postgres_22222222222
AIRFLOW_CTX_TASK_ID=date_update_mrr
AIRFLOW_CTX_EXECUTION_DATE=2023-03-29T14:41:20.947023+00:00
AIRFLOW_CTX_DAG_RUN_ID=manual__2023-03-29T14:41:20.947023+00:00
[2023-03-29 14:41:26,639] {python.py:151} INFO - Done. Returned value was: None
[2023-03-29 14:41:26,662] {taskinstance.py:1219} INFO - Marking task as SUCCESS. dag_id=postgres_22222222222, task_id=date_update_mrr, execution_date=20230329T144120, start_date=20230329T144126, end_date=20230329T144126
[2023-03-29 14:41:26,701] {local_task_job.py:151} INFO - Task exited with return code 0
[2023-03-29 14:41:26,733] {local_task_job.py:261} INFO - 0 downstream tasks scheduled from follow-on schedule check
