[2023-04-02 17:10:57,030] {taskinstance.py:903} INFO - Dependencies all met for <TaskInstance: inovus_etl_odb_to_mrr.date_update_mrr 2023-04-01T00:00:00+00:00 [queued]>
[2023-04-02 17:10:57,368] {taskinstance.py:903} INFO - Dependencies all met for <TaskInstance: inovus_etl_odb_to_mrr.date_update_mrr 2023-04-01T00:00:00+00:00 [queued]>
[2023-04-02 17:10:57,376] {taskinstance.py:1095} INFO - 
--------------------------------------------------------------------------------
[2023-04-02 17:10:57,378] {taskinstance.py:1096} INFO - Starting attempt 1 of 1
[2023-04-02 17:10:57,400] {taskinstance.py:1097} INFO - 
--------------------------------------------------------------------------------
[2023-04-02 17:10:57,572] {taskinstance.py:1115} INFO - Executing <Task(PythonOperator): date_update_mrr> on 2023-04-01T00:00:00+00:00
[2023-04-02 17:10:57,619] {standard_task_runner.py:52} INFO - Started process 150 to run task
[2023-04-02 17:10:57,674] {standard_task_runner.py:76} INFO - Running: ['***', 'tasks', 'run', 'inovus_etl_odb_to_mrr', 'date_update_mrr', '2023-04-01T00:00:00+00:00', '--job-id', '539', '--pool', 'default_pool', '--raw', '--subdir', 'DAGS_FOLDER/inovus_etl_odb_mrr.py', '--cfg-path', '/tmp/tmpsqtiot9_', '--error-file', '/tmp/tmp2147y748']
[2023-04-02 17:10:57,688] {standard_task_runner.py:77} INFO - Job 539: Subtask date_update_mrr
[2023-04-02 17:10:58,139] {logging_mixin.py:109} INFO - Running <TaskInstance: inovus_etl_odb_to_mrr.date_update_mrr 2023-04-01T00:00:00+00:00 [running]> on host 580553a30a83
[2023-04-02 17:10:58,665] {taskinstance.py:1254} INFO - Exporting the following env vars:
AIRFLOW_CTX_DAG_OWNER=***
AIRFLOW_CTX_DAG_ID=inovus_etl_odb_to_mrr
AIRFLOW_CTX_TASK_ID=date_update_mrr
AIRFLOW_CTX_EXECUTION_DATE=2023-04-01T00:00:00+00:00
AIRFLOW_CTX_DAG_RUN_ID=scheduled__2023-04-01T00:00:00+00:00
[2023-04-02 17:10:58,801] {python.py:151} INFO - Done. Returned value was: None
[2023-04-02 17:10:58,905] {taskinstance.py:1219} INFO - Marking task as SUCCESS. dag_id=inovus_etl_odb_to_mrr, task_id=date_update_mrr, execution_date=20230401T000000, start_date=20230402T171057, end_date=20230402T171058
[2023-04-02 17:10:59,106] {local_task_job.py:151} INFO - Task exited with return code 0
[2023-04-02 17:10:59,273] {local_task_job.py:261} INFO - 0 downstream tasks scheduled from follow-on schedule check
