[2023-03-31 18:05:56,565] {taskinstance.py:903} INFO - Dependencies all met for <TaskInstance: inovus_etl_dag_stg_to_dwh.date_update_dwh 2023-03-31T18:05:51.630844+00:00 [queued]>
[2023-03-31 18:05:56,588] {taskinstance.py:903} INFO - Dependencies all met for <TaskInstance: inovus_etl_dag_stg_to_dwh.date_update_dwh 2023-03-31T18:05:51.630844+00:00 [queued]>
[2023-03-31 18:05:56,590] {taskinstance.py:1095} INFO - 
--------------------------------------------------------------------------------
[2023-03-31 18:05:56,591] {taskinstance.py:1096} INFO - Starting attempt 1 of 1
[2023-03-31 18:05:56,593] {taskinstance.py:1097} INFO - 
--------------------------------------------------------------------------------
[2023-03-31 18:05:56,607] {taskinstance.py:1115} INFO - Executing <Task(PythonOperator): date_update_dwh> on 2023-03-31T18:05:51.630844+00:00
[2023-03-31 18:05:56,614] {standard_task_runner.py:52} INFO - Started process 1224 to run task
[2023-03-31 18:05:56,626] {standard_task_runner.py:76} INFO - Running: ['***', 'tasks', 'run', 'inovus_etl_dag_stg_to_dwh', 'date_update_dwh', '2023-03-31T18:05:51.630844+00:00', '--job-id', '522', '--pool', 'default_pool', '--raw', '--subdir', 'DAGS_FOLDER/inovus_etl_stg_dwh.py', '--cfg-path', '/tmp/tmped3ofroq', '--error-file', '/tmp/tmp59fa9gq3']
[2023-03-31 18:05:56,628] {standard_task_runner.py:77} INFO - Job 522: Subtask date_update_dwh
[2023-03-31 18:05:56,679] {logging_mixin.py:109} INFO - Running <TaskInstance: inovus_etl_dag_stg_to_dwh.date_update_dwh 2023-03-31T18:05:51.630844+00:00 [running]> on host 0bc3da97cebb
[2023-03-31 18:05:56,738] {taskinstance.py:1254} INFO - Exporting the following env vars:
AIRFLOW_CTX_DAG_OWNER=***
AIRFLOW_CTX_DAG_ID=inovus_etl_dag_stg_to_dwh
AIRFLOW_CTX_TASK_ID=date_update_dwh
AIRFLOW_CTX_EXECUTION_DATE=2023-03-31T18:05:51.630844+00:00
AIRFLOW_CTX_DAG_RUN_ID=manual__2023-03-31T18:05:51.630844+00:00
[2023-03-31 18:05:56,766] {python.py:151} INFO - Done. Returned value was: None
[2023-03-31 18:05:56,784] {taskinstance.py:1219} INFO - Marking task as SUCCESS. dag_id=inovus_etl_dag_stg_to_dwh, task_id=date_update_dwh, execution_date=20230331T180551, start_date=20230331T180556, end_date=20230331T180556
[2023-03-31 18:05:56,843] {local_task_job.py:151} INFO - Task exited with return code 0
[2023-03-31 18:05:56,873] {local_task_job.py:261} INFO - 0 downstream tasks scheduled from follow-on schedule check
