[2023-03-31 00:09:09,909] {taskinstance.py:903} INFO - Dependencies all met for <TaskInstance: inovus_etl_dag_mrr_to_stg.etl_from_mrr_fsales_to_stg_fsales 2023-03-30T00:00:00+00:00 [queued]>
[2023-03-31 00:09:10,067] {taskinstance.py:903} INFO - Dependencies all met for <TaskInstance: inovus_etl_dag_mrr_to_stg.etl_from_mrr_fsales_to_stg_fsales 2023-03-30T00:00:00+00:00 [queued]>
[2023-03-31 00:09:10,069] {taskinstance.py:1095} INFO - 
--------------------------------------------------------------------------------
[2023-03-31 00:09:10,076] {taskinstance.py:1096} INFO - Starting attempt 1 of 1
[2023-03-31 00:09:10,077] {taskinstance.py:1097} INFO - 
--------------------------------------------------------------------------------
[2023-03-31 00:09:10,162] {taskinstance.py:1115} INFO - Executing <Task(PythonOperator): etl_from_mrr_fsales_to_stg_fsales> on 2023-03-30T00:00:00+00:00
[2023-03-31 00:09:10,314] {standard_task_runner.py:76} INFO - Running: ['***', 'tasks', 'run', 'inovus_etl_dag_mrr_to_stg', 'etl_from_mrr_fsales_to_stg_fsales', '2023-03-30T00:00:00+00:00', '--job-id', '497', '--pool', 'default_pool', '--raw', '--subdir', 'DAGS_FOLDER/inovus_etl_mrr_stg.py', '--cfg-path', '/tmp/tmp7zf8f8p1', '--error-file', '/tmp/tmp7e49x3wf']
[2023-03-31 00:09:10,334] {standard_task_runner.py:77} INFO - Job 497: Subtask etl_from_mrr_fsales_to_stg_fsales
[2023-03-31 00:09:10,224] {standard_task_runner.py:52} INFO - Started process 1438 to run task
[2023-03-31 00:09:11,775] {logging_mixin.py:109} INFO - Running <TaskInstance: inovus_etl_dag_mrr_to_stg.etl_from_mrr_fsales_to_stg_fsales 2023-03-30T00:00:00+00:00 [running]> on host 0bc3da97cebb
[2023-03-31 00:09:12,654] {taskinstance.py:1254} INFO - Exporting the following env vars:
AIRFLOW_CTX_DAG_OWNER=***
AIRFLOW_CTX_DAG_ID=inovus_etl_dag_mrr_to_stg
AIRFLOW_CTX_TASK_ID=etl_from_mrr_fsales_to_stg_fsales
AIRFLOW_CTX_EXECUTION_DATE=2023-03-30T00:00:00+00:00
AIRFLOW_CTX_DAG_RUN_ID=scheduled__2023-03-30T00:00:00+00:00
[2023-03-31 00:09:12,906] {python.py:151} INFO - Done. Returned value was: None
[2023-03-31 00:09:12,980] {taskinstance.py:1219} INFO - Marking task as SUCCESS. dag_id=inovus_etl_dag_mrr_to_stg, task_id=etl_from_mrr_fsales_to_stg_fsales, execution_date=20230330T000000, start_date=20230331T000909, end_date=20230331T000912
[2023-03-31 00:09:13,256] {local_task_job.py:151} INFO - Task exited with return code 0
[2023-03-31 00:09:13,614] {local_task_job.py:261} INFO - 0 downstream tasks scheduled from follow-on schedule check
