[2023-04-02 17:10:12,722] {taskinstance.py:903} INFO - Dependencies all met for <TaskInstance: inovus_etl_dag_mrr_to_stg.etl_from_mrr_dimcproducts_to_stg_dimcproducts 2023-03-31T00:00:00+00:00 [queued]>
[2023-04-02 17:10:14,507] {taskinstance.py:903} INFO - Dependencies all met for <TaskInstance: inovus_etl_dag_mrr_to_stg.etl_from_mrr_dimcproducts_to_stg_dimcproducts 2023-03-31T00:00:00+00:00 [queued]>
[2023-04-02 17:10:14,566] {taskinstance.py:1095} INFO - 
--------------------------------------------------------------------------------
[2023-04-02 17:10:14,577] {taskinstance.py:1096} INFO - Starting attempt 1 of 1
[2023-04-02 17:10:14,693] {taskinstance.py:1097} INFO - 
--------------------------------------------------------------------------------
[2023-04-02 17:10:15,723] {taskinstance.py:1115} INFO - Executing <Task(PythonOperator): etl_from_mrr_dimcproducts_to_stg_dimcproducts> on 2023-03-31T00:00:00+00:00
[2023-04-02 17:10:17,458] {standard_task_runner.py:76} INFO - Running: ['***', 'tasks', 'run', 'inovus_etl_dag_mrr_to_stg', 'etl_from_mrr_dimcproducts_to_stg_dimcproducts', '2023-03-31T00:00:00+00:00', '--job-id', '526', '--pool', 'default_pool', '--raw', '--subdir', 'DAGS_FOLDER/inovus_etl_mrr_stg.py', '--cfg-path', '/tmp/tmp4g354r_p', '--error-file', '/tmp/tmp_xxdk_i9']
[2023-04-02 17:10:18,016] {standard_task_runner.py:77} INFO - Job 526: Subtask etl_from_mrr_dimcproducts_to_stg_dimcproducts
[2023-04-02 17:10:17,172] {standard_task_runner.py:52} INFO - Started process 111 to run task
[2023-04-02 17:10:23,044] {logging_mixin.py:109} INFO - Running <TaskInstance: inovus_etl_dag_mrr_to_stg.etl_from_mrr_dimcproducts_to_stg_dimcproducts 2023-03-31T00:00:00+00:00 [running]> on host 580553a30a83
[2023-04-02 17:10:26,420] {taskinstance.py:1254} INFO - Exporting the following env vars:
AIRFLOW_CTX_DAG_OWNER=***
AIRFLOW_CTX_DAG_ID=inovus_etl_dag_mrr_to_stg
AIRFLOW_CTX_TASK_ID=etl_from_mrr_dimcproducts_to_stg_dimcproducts
AIRFLOW_CTX_EXECUTION_DATE=2023-03-31T00:00:00+00:00
AIRFLOW_CTX_DAG_RUN_ID=scheduled__2023-03-31T00:00:00+00:00
[2023-04-02 17:10:28,161] {python.py:151} INFO - Done. Returned value was: None
[2023-04-02 17:10:29,306] {taskinstance.py:1219} INFO - Marking task as SUCCESS. dag_id=inovus_etl_dag_mrr_to_stg, task_id=etl_from_mrr_dimcproducts_to_stg_dimcproducts, execution_date=20230331T000000, start_date=20230402T171012, end_date=20230402T171029
[2023-04-02 17:10:30,041] {local_task_job.py:151} INFO - Task exited with return code 0
[2023-04-02 17:10:31,583] {local_task_job.py:261} INFO - 0 downstream tasks scheduled from follow-on schedule check
