[2023-03-29 16:50:36,679] {taskinstance.py:903} INFO - Dependencies all met for <TaskInstance: postgres_22222222222.date_update_mrr 2023-03-29T16:50:31.554255+00:00 [queued]>
[2023-03-29 16:50:36,695] {taskinstance.py:903} INFO - Dependencies all met for <TaskInstance: postgres_22222222222.date_update_mrr 2023-03-29T16:50:31.554255+00:00 [queued]>
[2023-03-29 16:50:36,696] {taskinstance.py:1095} INFO - 
--------------------------------------------------------------------------------
[2023-03-29 16:50:36,698] {taskinstance.py:1096} INFO - Starting attempt 1 of 1
[2023-03-29 16:50:36,701] {taskinstance.py:1097} INFO - 
--------------------------------------------------------------------------------
[2023-03-29 16:50:36,727] {taskinstance.py:1115} INFO - Executing <Task(PythonOperator): date_update_mrr> on 2023-03-29T16:50:31.554255+00:00
[2023-03-29 16:50:36,734] {standard_task_runner.py:52} INFO - Started process 28116 to run task
[2023-03-29 16:50:36,759] {standard_task_runner.py:76} INFO - Running: ['***', 'tasks', 'run', 'postgres_22222222222', 'date_update_mrr', '2023-03-29T16:50:31.554255+00:00', '--job-id', '432', '--pool', 'default_pool', '--raw', '--subdir', 'DAGS_FOLDER/ETL.py', '--cfg-path', '/tmp/tmpkmj1x15n', '--error-file', '/tmp/tmp_hn_y54u']
[2023-03-29 16:50:36,765] {standard_task_runner.py:77} INFO - Job 432: Subtask date_update_mrr
[2023-03-29 16:50:36,835] {logging_mixin.py:109} INFO - Running <TaskInstance: postgres_22222222222.date_update_mrr 2023-03-29T16:50:31.554255+00:00 [running]> on host 0bc3da97cebb
[2023-03-29 16:50:36,923] {taskinstance.py:1254} INFO - Exporting the following env vars:
AIRFLOW_CTX_DAG_OWNER=***
AIRFLOW_CTX_DAG_ID=postgres_22222222222
AIRFLOW_CTX_TASK_ID=date_update_mrr
AIRFLOW_CTX_EXECUTION_DATE=2023-03-29T16:50:31.554255+00:00
AIRFLOW_CTX_DAG_RUN_ID=manual__2023-03-29T16:50:31.554255+00:00
[2023-03-29 16:50:36,953] {python.py:151} INFO - Done. Returned value was: None
[2023-03-29 16:50:36,969] {taskinstance.py:1219} INFO - Marking task as SUCCESS. dag_id=postgres_22222222222, task_id=date_update_mrr, execution_date=20230329T165031, start_date=20230329T165036, end_date=20230329T165036
[2023-03-29 16:50:37,027] {local_task_job.py:151} INFO - Task exited with return code 0
[2023-03-29 16:50:37,075] {local_task_job.py:261} INFO - 1 downstream tasks scheduled from follow-on schedule check
