[2023-03-29 16:35:03,920] {taskinstance.py:903} INFO - Dependencies all met for <TaskInstance: postgres_22222222222.date_update_mrr 2023-03-29T16:34:58.767078+00:00 [queued]>
[2023-03-29 16:35:03,938] {taskinstance.py:903} INFO - Dependencies all met for <TaskInstance: postgres_22222222222.date_update_mrr 2023-03-29T16:34:58.767078+00:00 [queued]>
[2023-03-29 16:35:03,940] {taskinstance.py:1095} INFO - 
--------------------------------------------------------------------------------
[2023-03-29 16:35:03,942] {taskinstance.py:1096} INFO - Starting attempt 1 of 1
[2023-03-29 16:35:03,943] {taskinstance.py:1097} INFO - 
--------------------------------------------------------------------------------
[2023-03-29 16:35:03,963] {taskinstance.py:1115} INFO - Executing <Task(PythonOperator): date_update_mrr> on 2023-03-29T16:34:58.767078+00:00
[2023-03-29 16:35:03,971] {standard_task_runner.py:52} INFO - Started process 27326 to run task
[2023-03-29 16:35:03,982] {standard_task_runner.py:76} INFO - Running: ['***', 'tasks', 'run', 'postgres_22222222222', 'date_update_mrr', '2023-03-29T16:34:58.767078+00:00', '--job-id', '378', '--pool', 'default_pool', '--raw', '--subdir', 'DAGS_FOLDER/ETL.py', '--cfg-path', '/tmp/tmps8tud0r5', '--error-file', '/tmp/tmpanr2ubnk']
[2023-03-29 16:35:03,984] {standard_task_runner.py:77} INFO - Job 378: Subtask date_update_mrr
[2023-03-29 16:35:04,047] {logging_mixin.py:109} INFO - Running <TaskInstance: postgres_22222222222.date_update_mrr 2023-03-29T16:34:58.767078+00:00 [running]> on host 0bc3da97cebb
[2023-03-29 16:35:04,112] {taskinstance.py:1254} INFO - Exporting the following env vars:
AIRFLOW_CTX_DAG_OWNER=***
AIRFLOW_CTX_DAG_ID=postgres_22222222222
AIRFLOW_CTX_TASK_ID=date_update_mrr
AIRFLOW_CTX_EXECUTION_DATE=2023-03-29T16:34:58.767078+00:00
AIRFLOW_CTX_DAG_RUN_ID=manual__2023-03-29T16:34:58.767078+00:00
[2023-03-29 16:35:04,138] {python.py:151} INFO - Done. Returned value was: None
[2023-03-29 16:35:04,161] {taskinstance.py:1219} INFO - Marking task as SUCCESS. dag_id=postgres_22222222222, task_id=date_update_mrr, execution_date=20230329T163458, start_date=20230329T163503, end_date=20230329T163504
[2023-03-29 16:35:04,242] {local_task_job.py:151} INFO - Task exited with return code 0
[2023-03-29 16:35:04,278] {local_task_job.py:261} INFO - 1 downstream tasks scheduled from follow-on schedule check
