[2023-04-02 17:10:17,026] {taskinstance.py:903} INFO - Dependencies all met for <TaskInstance: inovus_etl_dag_mrr_to_stg.etl_from_mrr_dimcustomer_to_stg_dimcustomer 2023-04-01T00:00:00+00:00 [queued]>
[2023-04-02 17:10:19,819] {taskinstance.py:903} INFO - Dependencies all met for <TaskInstance: inovus_etl_dag_mrr_to_stg.etl_from_mrr_dimcustomer_to_stg_dimcustomer 2023-04-01T00:00:00+00:00 [queued]>
[2023-04-02 17:10:19,924] {taskinstance.py:1095} INFO - 
--------------------------------------------------------------------------------
[2023-04-02 17:10:19,927] {taskinstance.py:1096} INFO - Starting attempt 1 of 1
[2023-04-02 17:10:19,947] {taskinstance.py:1097} INFO - 
--------------------------------------------------------------------------------
[2023-04-02 17:10:21,848] {taskinstance.py:1115} INFO - Executing <Task(PythonOperator): etl_from_mrr_dimcustomer_to_stg_dimcustomer> on 2023-04-01T00:00:00+00:00
[2023-04-02 17:10:22,490] {standard_task_runner.py:76} INFO - Running: ['***', 'tasks', 'run', 'inovus_etl_dag_mrr_to_stg', 'etl_from_mrr_dimcustomer_to_stg_dimcustomer', '2023-04-01T00:00:00+00:00', '--job-id', '531', '--pool', 'default_pool', '--raw', '--subdir', 'DAGS_FOLDER/inovus_etl_mrr_stg.py', '--cfg-path', '/tmp/tmpk52qp153', '--error-file', '/tmp/tmp6isy13x5']
[2023-04-02 17:10:22,526] {standard_task_runner.py:77} INFO - Job 531: Subtask etl_from_mrr_dimcustomer_to_stg_dimcustomer
[2023-04-02 17:10:22,465] {standard_task_runner.py:52} INFO - Started process 117 to run task
[2023-04-02 17:10:28,664] {logging_mixin.py:109} INFO - Running <TaskInstance: inovus_etl_dag_mrr_to_stg.etl_from_mrr_dimcustomer_to_stg_dimcustomer 2023-04-01T00:00:00+00:00 [running]> on host 580553a30a83
[2023-04-02 17:10:30,327] {taskinstance.py:1254} INFO - Exporting the following env vars:
AIRFLOW_CTX_DAG_OWNER=***
AIRFLOW_CTX_DAG_ID=inovus_etl_dag_mrr_to_stg
AIRFLOW_CTX_TASK_ID=etl_from_mrr_dimcustomer_to_stg_dimcustomer
AIRFLOW_CTX_EXECUTION_DATE=2023-04-01T00:00:00+00:00
AIRFLOW_CTX_DAG_RUN_ID=scheduled__2023-04-01T00:00:00+00:00
[2023-04-02 17:10:30,752] {python.py:151} INFO - Done. Returned value was: None
[2023-04-02 17:10:31,159] {taskinstance.py:1219} INFO - Marking task as SUCCESS. dag_id=inovus_etl_dag_mrr_to_stg, task_id=etl_from_mrr_dimcustomer_to_stg_dimcustomer, execution_date=20230401T000000, start_date=20230402T171017, end_date=20230402T171031
[2023-04-02 17:10:32,580] {local_task_job.py:151} INFO - Task exited with return code 0
[2023-04-02 17:10:32,819] {local_task_job.py:261} INFO - 0 downstream tasks scheduled from follow-on schedule check
