[2023-03-28 18:45:58,410] {taskinstance.py:903} INFO - Dependencies all met for <TaskInstance: inovus_etl_dag_mrr_to_stg.etl_from_mrrdimcproducts_to_stgdimcproducts 2023-03-28T18:45:56.353836+00:00 [queued]>
[2023-03-28 18:45:58,461] {taskinstance.py:903} INFO - Dependencies all met for <TaskInstance: inovus_etl_dag_mrr_to_stg.etl_from_mrrdimcproducts_to_stgdimcproducts 2023-03-28T18:45:56.353836+00:00 [queued]>
[2023-03-28 18:45:58,463] {taskinstance.py:1095} INFO - 
--------------------------------------------------------------------------------
[2023-03-28 18:45:58,465] {taskinstance.py:1096} INFO - Starting attempt 1 of 1
[2023-03-28 18:45:58,466] {taskinstance.py:1097} INFO - 
--------------------------------------------------------------------------------
[2023-03-28 18:45:58,493] {taskinstance.py:1115} INFO - Executing <Task(PythonOperator): etl_from_mrrdimcproducts_to_stgdimcproducts> on 2023-03-28T18:45:56.353836+00:00
[2023-03-28 18:45:58,514] {standard_task_runner.py:52} INFO - Started process 9645 to run task
[2023-03-28 18:45:58,570] {standard_task_runner.py:76} INFO - Running: ['***', 'tasks', 'run', 'inovus_etl_dag_mrr_to_stg', 'etl_from_mrrdimcproducts_to_stgdimcproducts', '2023-03-28T18:45:56.353836+00:00', '--job-id', '87', '--pool', 'default_pool', '--raw', '--subdir', 'DAGS_FOLDER/inovus_etl_mrr_stg.py', '--cfg-path', '/tmp/tmppvhqgs6r', '--error-file', '/tmp/tmp882n7x3l']
[2023-03-28 18:45:58,577] {standard_task_runner.py:77} INFO - Job 87: Subtask etl_from_mrrdimcproducts_to_stgdimcproducts
[2023-03-28 18:45:58,795] {logging_mixin.py:109} INFO - Running <TaskInstance: inovus_etl_dag_mrr_to_stg.etl_from_mrrdimcproducts_to_stgdimcproducts 2023-03-28T18:45:56.353836+00:00 [running]> on host 0bc3da97cebb
[2023-03-28 18:45:58,941] {taskinstance.py:1254} INFO - Exporting the following env vars:
AIRFLOW_CTX_DAG_OWNER=***
AIRFLOW_CTX_DAG_ID=inovus_etl_dag_mrr_to_stg
AIRFLOW_CTX_TASK_ID=etl_from_mrrdimcproducts_to_stgdimcproducts
AIRFLOW_CTX_EXECUTION_DATE=2023-03-28T18:45:56.353836+00:00
AIRFLOW_CTX_DAG_RUN_ID=manual__2023-03-28T18:45:56.353836+00:00
[2023-03-28 18:45:59,000] {python.py:151} INFO - Done. Returned value was: None
[2023-03-28 18:45:59,071] {taskinstance.py:1219} INFO - Marking task as SUCCESS. dag_id=inovus_etl_dag_mrr_to_stg, task_id=etl_from_mrrdimcproducts_to_stgdimcproducts, execution_date=20230328T184556, start_date=20230328T184558, end_date=20230328T184559
[2023-03-28 18:45:59,168] {local_task_job.py:151} INFO - Task exited with return code 0
[2023-03-28 18:45:59,224] {local_task_job.py:261} INFO - 0 downstream tasks scheduled from follow-on schedule check
