[2023-03-29 16:00:41,125] {taskinstance.py:903} INFO - Dependencies all met for <TaskInstance: postgres_22222222222.etl_from_radb_to_mrrdimcproducts 2023-03-29T16:00:36.888219+00:00 [queued]>
[2023-03-29 16:00:41,174] {taskinstance.py:903} INFO - Dependencies all met for <TaskInstance: postgres_22222222222.etl_from_radb_to_mrrdimcproducts 2023-03-29T16:00:36.888219+00:00 [queued]>
[2023-03-29 16:00:41,177] {taskinstance.py:1095} INFO - 
--------------------------------------------------------------------------------
[2023-03-29 16:00:41,178] {taskinstance.py:1096} INFO - Starting attempt 1 of 1
[2023-03-29 16:00:41,180] {taskinstance.py:1097} INFO - 
--------------------------------------------------------------------------------
[2023-03-29 16:00:41,207] {taskinstance.py:1115} INFO - Executing <Task(PythonOperator): etl_from_radb_to_mrrdimcproducts> on 2023-03-29T16:00:36.888219+00:00
[2023-03-29 16:00:41,214] {standard_task_runner.py:52} INFO - Started process 25466 to run task
[2023-03-29 16:00:41,233] {standard_task_runner.py:76} INFO - Running: ['***', 'tasks', 'run', 'postgres_22222222222', 'etl_from_radb_to_mrrdimcproducts', '2023-03-29T16:00:36.888219+00:00', '--job-id', '239', '--pool', 'default_pool', '--raw', '--subdir', 'DAGS_FOLDER/ETL.py', '--cfg-path', '/tmp/tmpwtx1jkwr', '--error-file', '/tmp/tmps54b13sv']
[2023-03-29 16:00:41,234] {standard_task_runner.py:77} INFO - Job 239: Subtask etl_from_radb_to_mrrdimcproducts
[2023-03-29 16:00:41,301] {logging_mixin.py:109} INFO - Running <TaskInstance: postgres_22222222222.etl_from_radb_to_mrrdimcproducts 2023-03-29T16:00:36.888219+00:00 [running]> on host 0bc3da97cebb
[2023-03-29 16:00:41,383] {taskinstance.py:1254} INFO - Exporting the following env vars:
AIRFLOW_CTX_DAG_OWNER=***
AIRFLOW_CTX_DAG_ID=postgres_22222222222
AIRFLOW_CTX_TASK_ID=etl_from_radb_to_mrrdimcproducts
AIRFLOW_CTX_EXECUTION_DATE=2023-03-29T16:00:36.888219+00:00
AIRFLOW_CTX_DAG_RUN_ID=manual__2023-03-29T16:00:36.888219+00:00
[2023-03-29 16:00:41,460] {python.py:151} INFO - Done. Returned value was: None
[2023-03-29 16:00:41,479] {taskinstance.py:1219} INFO - Marking task as SUCCESS. dag_id=postgres_22222222222, task_id=etl_from_radb_to_mrrdimcproducts, execution_date=20230329T160036, start_date=20230329T160041, end_date=20230329T160041
[2023-03-29 16:00:41,524] {local_task_job.py:151} INFO - Task exited with return code 0
[2023-03-29 16:00:41,558] {local_task_job.py:261} INFO - 1 downstream tasks scheduled from follow-on schedule check
