[2023-03-29 15:55:43,698] {taskinstance.py:903} INFO - Dependencies all met for <TaskInstance: postgres_22222222222.etl_from_radb_to_mrrfsales 2023-03-29T15:55:41.644804+00:00 [queued]>
[2023-03-29 15:55:43,734] {taskinstance.py:903} INFO - Dependencies all met for <TaskInstance: postgres_22222222222.etl_from_radb_to_mrrfsales 2023-03-29T15:55:41.644804+00:00 [queued]>
[2023-03-29 15:55:43,735] {taskinstance.py:1095} INFO - 
--------------------------------------------------------------------------------
[2023-03-29 15:55:43,737] {taskinstance.py:1096} INFO - Starting attempt 1 of 1
[2023-03-29 15:55:43,740] {taskinstance.py:1097} INFO - 
--------------------------------------------------------------------------------
[2023-03-29 15:55:43,785] {taskinstance.py:1115} INFO - Executing <Task(PythonOperator): etl_from_radb_to_mrrfsales> on 2023-03-29T15:55:41.644804+00:00
[2023-03-29 15:55:43,793] {standard_task_runner.py:52} INFO - Started process 25163 to run task
[2023-03-29 15:55:43,814] {standard_task_runner.py:76} INFO - Running: ['***', 'tasks', 'run', 'postgres_22222222222', 'etl_from_radb_to_mrrfsales', '2023-03-29T15:55:41.644804+00:00', '--job-id', '206', '--pool', 'default_pool', '--raw', '--subdir', 'DAGS_FOLDER/ETL.py', '--cfg-path', '/tmp/tmphgn1ragg', '--error-file', '/tmp/tmpy04l98qr']
[2023-03-29 15:55:43,825] {standard_task_runner.py:77} INFO - Job 206: Subtask etl_from_radb_to_mrrfsales
[2023-03-29 15:55:43,911] {logging_mixin.py:109} INFO - Running <TaskInstance: postgres_22222222222.etl_from_radb_to_mrrfsales 2023-03-29T15:55:41.644804+00:00 [running]> on host 0bc3da97cebb
[2023-03-29 15:55:44,027] {taskinstance.py:1254} INFO - Exporting the following env vars:
AIRFLOW_CTX_DAG_OWNER=***
AIRFLOW_CTX_DAG_ID=postgres_22222222222
AIRFLOW_CTX_TASK_ID=etl_from_radb_to_mrrfsales
AIRFLOW_CTX_EXECUTION_DATE=2023-03-29T15:55:41.644804+00:00
AIRFLOW_CTX_DAG_RUN_ID=manual__2023-03-29T15:55:41.644804+00:00
[2023-03-29 15:55:44,144] {python.py:151} INFO - Done. Returned value was: None
[2023-03-29 15:55:44,164] {taskinstance.py:1219} INFO - Marking task as SUCCESS. dag_id=postgres_22222222222, task_id=etl_from_radb_to_mrrfsales, execution_date=20230329T155541, start_date=20230329T155543, end_date=20230329T155544
[2023-03-29 15:55:44,206] {local_task_job.py:151} INFO - Task exited with return code 0
[2023-03-29 15:55:44,249] {local_task_job.py:261} INFO - 1 downstream tasks scheduled from follow-on schedule check
