[2023-03-29 14:32:00,002] {taskinstance.py:903} INFO - Dependencies all met for <TaskInstance: postgres_etl_dag_radb_to_mrr.etl_from_radb_to_mrrfsales 2023-03-29T14:31:58.857280+00:00 [queued]>
[2023-03-29 14:32:00,033] {taskinstance.py:903} INFO - Dependencies all met for <TaskInstance: postgres_etl_dag_radb_to_mrr.etl_from_radb_to_mrrfsales 2023-03-29T14:31:58.857280+00:00 [queued]>
[2023-03-29 14:32:00,040] {taskinstance.py:1095} INFO - 
--------------------------------------------------------------------------------
[2023-03-29 14:32:00,043] {taskinstance.py:1096} INFO - Starting attempt 1 of 1
[2023-03-29 14:32:00,045] {taskinstance.py:1097} INFO - 
--------------------------------------------------------------------------------
[2023-03-29 14:32:00,063] {taskinstance.py:1115} INFO - Executing <Task(PythonOperator): etl_from_radb_to_mrrfsales> on 2023-03-29T14:31:58.857280+00:00
[2023-03-29 14:32:00,069] {standard_task_runner.py:52} INFO - Started process 21248 to run task
[2023-03-29 14:32:00,075] {standard_task_runner.py:76} INFO - Running: ['***', 'tasks', 'run', 'postgres_etl_dag_radb_to_mrr', 'etl_from_radb_to_mrrfsales', '2023-03-29T14:31:58.857280+00:00', '--job-id', '150', '--pool', 'default_pool', '--raw', '--subdir', 'DAGS_FOLDER/inovus_etl_radb_mrr.py', '--cfg-path', '/tmp/tmpy32epc00', '--error-file', '/tmp/tmphezrur2b']
[2023-03-29 14:32:00,077] {standard_task_runner.py:77} INFO - Job 150: Subtask etl_from_radb_to_mrrfsales
[2023-03-29 14:32:00,130] {logging_mixin.py:109} INFO - Running <TaskInstance: postgres_etl_dag_radb_to_mrr.etl_from_radb_to_mrrfsales 2023-03-29T14:31:58.857280+00:00 [running]> on host 0bc3da97cebb
[2023-03-29 14:32:00,186] {taskinstance.py:1254} INFO - Exporting the following env vars:
AIRFLOW_CTX_DAG_OWNER=***
AIRFLOW_CTX_DAG_ID=postgres_etl_dag_radb_to_mrr
AIRFLOW_CTX_TASK_ID=etl_from_radb_to_mrrfsales
AIRFLOW_CTX_EXECUTION_DATE=2023-03-29T14:31:58.857280+00:00
AIRFLOW_CTX_DAG_RUN_ID=manual__2023-03-29T14:31:58.857280+00:00
[2023-03-29 14:32:00,329] {python.py:151} INFO - Done. Returned value was: None
[2023-03-29 14:32:00,345] {taskinstance.py:1219} INFO - Marking task as SUCCESS. dag_id=postgres_etl_dag_radb_to_mrr, task_id=etl_from_radb_to_mrrfsales, execution_date=20230329T143158, start_date=20230329T143200, end_date=20230329T143200
[2023-03-29 14:32:00,390] {local_task_job.py:151} INFO - Task exited with return code 0
[2023-03-29 14:32:00,425] {local_task_job.py:261} INFO - 1 downstream tasks scheduled from follow-on schedule check
