[2023-03-29 16:17:38,689] {taskinstance.py:903} INFO - Dependencies all met for <TaskInstance: postgres_22222222222.etl_from_radb_to_mrrdimcustomer 2023-03-29T16:17:34.561041+00:00 [queued]>
[2023-03-29 16:17:38,712] {taskinstance.py:903} INFO - Dependencies all met for <TaskInstance: postgres_22222222222.etl_from_radb_to_mrrdimcustomer 2023-03-29T16:17:34.561041+00:00 [queued]>
[2023-03-29 16:17:38,715] {taskinstance.py:1095} INFO - 
--------------------------------------------------------------------------------
[2023-03-29 16:17:38,717] {taskinstance.py:1096} INFO - Starting attempt 1 of 1
[2023-03-29 16:17:38,718] {taskinstance.py:1097} INFO - 
--------------------------------------------------------------------------------
[2023-03-29 16:17:38,741] {taskinstance.py:1115} INFO - Executing <Task(PythonOperator): etl_from_radb_to_mrrdimcustomer> on 2023-03-29T16:17:34.561041+00:00
[2023-03-29 16:17:38,751] {standard_task_runner.py:52} INFO - Started process 26384 to run task
[2023-03-29 16:17:38,769] {standard_task_runner.py:76} INFO - Running: ['***', 'tasks', 'run', 'postgres_22222222222', 'etl_from_radb_to_mrrdimcustomer', '2023-03-29T16:17:34.561041+00:00', '--job-id', '310', '--pool', 'default_pool', '--raw', '--subdir', 'DAGS_FOLDER/ETL.py', '--cfg-path', '/tmp/tmpwnnkuf1s', '--error-file', '/tmp/tmpapmqw8e4']
[2023-03-29 16:17:38,771] {standard_task_runner.py:77} INFO - Job 310: Subtask etl_from_radb_to_mrrdimcustomer
[2023-03-29 16:17:38,843] {logging_mixin.py:109} INFO - Running <TaskInstance: postgres_22222222222.etl_from_radb_to_mrrdimcustomer 2023-03-29T16:17:34.561041+00:00 [running]> on host 0bc3da97cebb
[2023-03-29 16:17:38,903] {taskinstance.py:1254} INFO - Exporting the following env vars:
AIRFLOW_CTX_DAG_OWNER=***
AIRFLOW_CTX_DAG_ID=postgres_22222222222
AIRFLOW_CTX_TASK_ID=etl_from_radb_to_mrrdimcustomer
AIRFLOW_CTX_EXECUTION_DATE=2023-03-29T16:17:34.561041+00:00
AIRFLOW_CTX_DAG_RUN_ID=manual__2023-03-29T16:17:34.561041+00:00
[2023-03-29 16:17:38,969] {python.py:151} INFO - Done. Returned value was: None
[2023-03-29 16:17:38,995] {taskinstance.py:1219} INFO - Marking task as SUCCESS. dag_id=postgres_22222222222, task_id=etl_from_radb_to_mrrdimcustomer, execution_date=20230329T161734, start_date=20230329T161738, end_date=20230329T161738
[2023-03-29 16:17:39,060] {local_task_job.py:151} INFO - Task exited with return code 0
[2023-03-29 16:17:39,099] {local_task_job.py:261} INFO - 1 downstream tasks scheduled from follow-on schedule check
