[2023-03-28 18:45:11,397] {taskinstance.py:903} INFO - Dependencies all met for <TaskInstance: inovus_etl_dag_mrr_to_stg.etl_from_mrrdimcustomer_to_stgdimcustomer 2023-03-28T18:45:08.249557+00:00 [queued]>
[2023-03-28 18:45:11,632] {taskinstance.py:903} INFO - Dependencies all met for <TaskInstance: inovus_etl_dag_mrr_to_stg.etl_from_mrrdimcustomer_to_stgdimcustomer 2023-03-28T18:45:08.249557+00:00 [queued]>
[2023-03-28 18:45:11,634] {taskinstance.py:1095} INFO - 
--------------------------------------------------------------------------------
[2023-03-28 18:45:11,637] {taskinstance.py:1096} INFO - Starting attempt 1 of 1
[2023-03-28 18:45:11,639] {taskinstance.py:1097} INFO - 
--------------------------------------------------------------------------------
[2023-03-28 18:45:11,736] {taskinstance.py:1115} INFO - Executing <Task(PythonOperator): etl_from_mrrdimcustomer_to_stgdimcustomer> on 2023-03-28T18:45:08.249557+00:00
[2023-03-28 18:45:11,779] {standard_task_runner.py:52} INFO - Started process 9590 to run task
[2023-03-28 18:45:11,968] {standard_task_runner.py:76} INFO - Running: ['***', 'tasks', 'run', 'inovus_etl_dag_mrr_to_stg', 'etl_from_mrrdimcustomer_to_stgdimcustomer', '2023-03-28T18:45:08.249557+00:00', '--job-id', '78', '--pool', 'default_pool', '--raw', '--subdir', 'DAGS_FOLDER/inovus_etl_mrr_stg.py', '--cfg-path', '/tmp/tmptjpjq7ni', '--error-file', '/tmp/tmpswvcmg0i']
[2023-03-28 18:45:11,972] {standard_task_runner.py:77} INFO - Job 78: Subtask etl_from_mrrdimcustomer_to_stgdimcustomer
[2023-03-28 18:45:12,422] {logging_mixin.py:109} INFO - Running <TaskInstance: inovus_etl_dag_mrr_to_stg.etl_from_mrrdimcustomer_to_stgdimcustomer 2023-03-28T18:45:08.249557+00:00 [running]> on host 0bc3da97cebb
[2023-03-28 18:45:13,032] {taskinstance.py:1254} INFO - Exporting the following env vars:
AIRFLOW_CTX_DAG_OWNER=***
AIRFLOW_CTX_DAG_ID=inovus_etl_dag_mrr_to_stg
AIRFLOW_CTX_TASK_ID=etl_from_mrrdimcustomer_to_stgdimcustomer
AIRFLOW_CTX_EXECUTION_DATE=2023-03-28T18:45:08.249557+00:00
AIRFLOW_CTX_DAG_RUN_ID=manual__2023-03-28T18:45:08.249557+00:00
[2023-03-28 18:45:13,127] {python.py:151} INFO - Done. Returned value was: None
[2023-03-28 18:45:13,217] {taskinstance.py:1219} INFO - Marking task as SUCCESS. dag_id=inovus_etl_dag_mrr_to_stg, task_id=etl_from_mrrdimcustomer_to_stgdimcustomer, execution_date=20230328T184508, start_date=20230328T184511, end_date=20230328T184513
[2023-03-28 18:45:13,718] {local_task_job.py:151} INFO - Task exited with return code 0
[2023-03-28 18:45:13,982] {local_task_job.py:261} INFO - 0 downstream tasks scheduled from follow-on schedule check
