[2023-03-30 05:08:35,766] {taskinstance.py:903} INFO - Dependencies all met for <TaskInstance: inovus_etl_dag_stg_to_dwh.date_update_dwh 2023-03-30T05:08:25.604848+00:00 [queued]>
[2023-03-30 05:08:35,841] {taskinstance.py:903} INFO - Dependencies all met for <TaskInstance: inovus_etl_dag_stg_to_dwh.date_update_dwh 2023-03-30T05:08:25.604848+00:00 [queued]>
[2023-03-30 05:08:35,845] {taskinstance.py:1095} INFO - 
--------------------------------------------------------------------------------
[2023-03-30 05:08:35,848] {taskinstance.py:1096} INFO - Starting attempt 1 of 1
[2023-03-30 05:08:35,851] {taskinstance.py:1097} INFO - 
--------------------------------------------------------------------------------
[2023-03-30 05:08:35,911] {taskinstance.py:1115} INFO - Executing <Task(PythonOperator): date_update_dwh> on 2023-03-30T05:08:25.604848+00:00
[2023-03-30 05:08:36,057] {standard_task_runner.py:52} INFO - Started process 8025 to run task
[2023-03-30 05:08:36,117] {standard_task_runner.py:76} INFO - Running: ['***', 'tasks', 'run', 'inovus_etl_dag_stg_to_dwh', 'date_update_dwh', '2023-03-30T05:08:25.604848+00:00', '--job-id', '488', '--pool', 'default_pool', '--raw', '--subdir', 'DAGS_FOLDER/inovus_etl_stg_dwh.py', '--cfg-path', '/tmp/tmpqcvr4bvc', '--error-file', '/tmp/tmpk1_ywlst']
[2023-03-30 05:08:36,143] {standard_task_runner.py:77} INFO - Job 488: Subtask date_update_dwh
[2023-03-30 05:08:36,364] {logging_mixin.py:109} INFO - Running <TaskInstance: inovus_etl_dag_stg_to_dwh.date_update_dwh 2023-03-30T05:08:25.604848+00:00 [running]> on host 0bc3da97cebb
[2023-03-30 05:08:36,494] {taskinstance.py:1254} INFO - Exporting the following env vars:
AIRFLOW_CTX_DAG_OWNER=***
AIRFLOW_CTX_DAG_ID=inovus_etl_dag_stg_to_dwh
AIRFLOW_CTX_TASK_ID=date_update_dwh
AIRFLOW_CTX_EXECUTION_DATE=2023-03-30T05:08:25.604848+00:00
AIRFLOW_CTX_DAG_RUN_ID=manual__2023-03-30T05:08:25.604848+00:00
[2023-03-30 05:08:36,550] {python.py:151} INFO - Done. Returned value was: None
[2023-03-30 05:08:36,587] {taskinstance.py:1219} INFO - Marking task as SUCCESS. dag_id=inovus_etl_dag_stg_to_dwh, task_id=date_update_dwh, execution_date=20230330T050825, start_date=20230330T050835, end_date=20230330T050836
[2023-03-30 05:08:36,643] {local_task_job.py:151} INFO - Task exited with return code 0
[2023-03-30 05:08:36,693] {local_task_job.py:261} INFO - 0 downstream tasks scheduled from follow-on schedule check
