[2023-03-29 16:16:36,875] {taskinstance.py:903} INFO - Dependencies all met for <TaskInstance: postgres_22222222222.date_update_mrr 2023-03-29T16:16:32.320899+00:00 [queued]>
[2023-03-29 16:16:36,891] {taskinstance.py:903} INFO - Dependencies all met for <TaskInstance: postgres_22222222222.date_update_mrr 2023-03-29T16:16:32.320899+00:00 [queued]>
[2023-03-29 16:16:36,893] {taskinstance.py:1095} INFO - 
--------------------------------------------------------------------------------
[2023-03-29 16:16:36,895] {taskinstance.py:1096} INFO - Starting attempt 1 of 1
[2023-03-29 16:16:36,897] {taskinstance.py:1097} INFO - 
--------------------------------------------------------------------------------
[2023-03-29 16:16:36,912] {taskinstance.py:1115} INFO - Executing <Task(PythonOperator): date_update_mrr> on 2023-03-29T16:16:32.320899+00:00
[2023-03-29 16:16:36,918] {standard_task_runner.py:52} INFO - Started process 26325 to run task
[2023-03-29 16:16:36,925] {standard_task_runner.py:76} INFO - Running: ['***', 'tasks', 'run', 'postgres_22222222222', 'date_update_mrr', '2023-03-29T16:16:32.320899+00:00', '--job-id', '306', '--pool', 'default_pool', '--raw', '--subdir', 'DAGS_FOLDER/ETL.py', '--cfg-path', '/tmp/tmpy5tlachr', '--error-file', '/tmp/tmp8kmshpi7']
[2023-03-29 16:16:36,927] {standard_task_runner.py:77} INFO - Job 306: Subtask date_update_mrr
[2023-03-29 16:16:36,978] {logging_mixin.py:109} INFO - Running <TaskInstance: postgres_22222222222.date_update_mrr 2023-03-29T16:16:32.320899+00:00 [running]> on host 0bc3da97cebb
[2023-03-29 16:16:37,034] {taskinstance.py:1254} INFO - Exporting the following env vars:
AIRFLOW_CTX_DAG_OWNER=***
AIRFLOW_CTX_DAG_ID=postgres_22222222222
AIRFLOW_CTX_TASK_ID=date_update_mrr
AIRFLOW_CTX_EXECUTION_DATE=2023-03-29T16:16:32.320899+00:00
AIRFLOW_CTX_DAG_RUN_ID=manual__2023-03-29T16:16:32.320899+00:00
[2023-03-29 16:16:37,063] {python.py:151} INFO - Done. Returned value was: None
[2023-03-29 16:16:37,081] {taskinstance.py:1219} INFO - Marking task as SUCCESS. dag_id=postgres_22222222222, task_id=date_update_mrr, execution_date=20230329T161632, start_date=20230329T161636, end_date=20230329T161637
[2023-03-29 16:16:37,141] {local_task_job.py:151} INFO - Task exited with return code 0
[2023-03-29 16:16:37,180] {local_task_job.py:261} INFO - 1 downstream tasks scheduled from follow-on schedule check
