[2023-03-28 18:35:38,283] {taskinstance.py:903} INFO - Dependencies all met for <TaskInstance: inovus_etl_dag_stg_to_dwh.etl_from_stgfsales_to_dwhfsales 2023-03-27T00:00:00+00:00 [queued]>
[2023-03-28 18:35:38,325] {taskinstance.py:903} INFO - Dependencies all met for <TaskInstance: inovus_etl_dag_stg_to_dwh.etl_from_stgfsales_to_dwhfsales 2023-03-27T00:00:00+00:00 [queued]>
[2023-03-28 18:35:38,327] {taskinstance.py:1095} INFO - 
--------------------------------------------------------------------------------
[2023-03-28 18:35:38,328] {taskinstance.py:1096} INFO - Starting attempt 1 of 1
[2023-03-28 18:35:38,329] {taskinstance.py:1097} INFO - 
--------------------------------------------------------------------------------
[2023-03-28 18:35:38,351] {taskinstance.py:1115} INFO - Executing <Task(PythonOperator): etl_from_stgfsales_to_dwhfsales> on 2023-03-27T00:00:00+00:00
[2023-03-28 18:35:38,368] {standard_task_runner.py:52} INFO - Started process 9104 to run task
[2023-03-28 18:35:38,391] {standard_task_runner.py:76} INFO - Running: ['***', 'tasks', 'run', 'inovus_etl_dag_stg_to_dwh', 'etl_from_stgfsales_to_dwhfsales', '2023-03-27T00:00:00+00:00', '--job-id', '62', '--pool', 'default_pool', '--raw', '--subdir', 'DAGS_FOLDER/inovus_etl_stg_dwh.py', '--cfg-path', '/tmp/tmp04k7z5wk', '--error-file', '/tmp/tmp4gzl7out']
[2023-03-28 18:35:38,401] {standard_task_runner.py:77} INFO - Job 62: Subtask etl_from_stgfsales_to_dwhfsales
[2023-03-28 18:35:38,554] {logging_mixin.py:109} INFO - Running <TaskInstance: inovus_etl_dag_stg_to_dwh.etl_from_stgfsales_to_dwhfsales 2023-03-27T00:00:00+00:00 [running]> on host 0bc3da97cebb
[2023-03-28 18:35:38,919] {taskinstance.py:1254} INFO - Exporting the following env vars:
AIRFLOW_CTX_DAG_OWNER=***
AIRFLOW_CTX_DAG_ID=inovus_etl_dag_stg_to_dwh
AIRFLOW_CTX_TASK_ID=etl_from_stgfsales_to_dwhfsales
AIRFLOW_CTX_EXECUTION_DATE=2023-03-27T00:00:00+00:00
AIRFLOW_CTX_DAG_RUN_ID=scheduled__2023-03-27T00:00:00+00:00
[2023-03-28 18:35:38,949] {python.py:151} INFO - Done. Returned value was: None
[2023-03-28 18:35:39,000] {taskinstance.py:1219} INFO - Marking task as SUCCESS. dag_id=inovus_etl_dag_stg_to_dwh, task_id=etl_from_stgfsales_to_dwhfsales, execution_date=20230327T000000, start_date=20230328T183538, end_date=20230328T183539
[2023-03-28 18:35:39,098] {local_task_job.py:151} INFO - Task exited with return code 0
[2023-03-28 18:35:39,133] {local_task_job.py:261} INFO - 0 downstream tasks scheduled from follow-on schedule check
