[2023-04-02 17:35:19,080] {taskinstance.py:903} INFO - Dependencies all met for <TaskInstance: inovus_etl_dag_stg_to_dwh.etl_from_stgdimcustomer_to_dwhdimcustomer 2023-04-02T17:35:17.434010+00:00 [queued]>
[2023-04-02 17:35:19,137] {taskinstance.py:903} INFO - Dependencies all met for <TaskInstance: inovus_etl_dag_stg_to_dwh.etl_from_stgdimcustomer_to_dwhdimcustomer 2023-04-02T17:35:17.434010+00:00 [queued]>
[2023-04-02 17:35:19,139] {taskinstance.py:1095} INFO - 
--------------------------------------------------------------------------------
[2023-04-02 17:35:19,140] {taskinstance.py:1096} INFO - Starting attempt 1 of 1
[2023-04-02 17:35:19,141] {taskinstance.py:1097} INFO - 
--------------------------------------------------------------------------------
[2023-04-02 17:35:19,163] {taskinstance.py:1115} INFO - Executing <Task(PythonOperator): etl_from_stgdimcustomer_to_dwhdimcustomer> on 2023-04-02T17:35:17.434010+00:00
[2023-04-02 17:35:19,189] {standard_task_runner.py:76} INFO - Running: ['***', 'tasks', 'run', 'inovus_etl_dag_stg_to_dwh', 'etl_from_stgdimcustomer_to_dwhdimcustomer', '2023-04-02T17:35:17.434010+00:00', '--job-id', '558', '--pool', 'default_pool', '--raw', '--subdir', 'DAGS_FOLDER/inovus_etl_stg_dwh.py', '--cfg-path', '/tmp/tmp00pbj6m6', '--error-file', '/tmp/tmpxbjdivwc']
[2023-04-02 17:35:19,199] {standard_task_runner.py:77} INFO - Job 558: Subtask etl_from_stgdimcustomer_to_dwhdimcustomer
[2023-04-02 17:35:19,173] {standard_task_runner.py:52} INFO - Started process 1295 to run task
[2023-04-02 17:35:19,312] {logging_mixin.py:109} INFO - Running <TaskInstance: inovus_etl_dag_stg_to_dwh.etl_from_stgdimcustomer_to_dwhdimcustomer 2023-04-02T17:35:17.434010+00:00 [running]> on host 580553a30a83
[2023-04-02 17:35:19,393] {taskinstance.py:1254} INFO - Exporting the following env vars:
AIRFLOW_CTX_DAG_OWNER=***
AIRFLOW_CTX_DAG_ID=inovus_etl_dag_stg_to_dwh
AIRFLOW_CTX_TASK_ID=etl_from_stgdimcustomer_to_dwhdimcustomer
AIRFLOW_CTX_EXECUTION_DATE=2023-04-02T17:35:17.434010+00:00
AIRFLOW_CTX_DAG_RUN_ID=manual__2023-04-02T17:35:17.434010+00:00
[2023-04-02 17:35:19,507] {python.py:151} INFO - Done. Returned value was: None
[2023-04-02 17:35:19,536] {taskinstance.py:1219} INFO - Marking task as SUCCESS. dag_id=inovus_etl_dag_stg_to_dwh, task_id=etl_from_stgdimcustomer_to_dwhdimcustomer, execution_date=20230402T173517, start_date=20230402T173519, end_date=20230402T173519
[2023-04-02 17:35:19,630] {local_task_job.py:151} INFO - Task exited with return code 0
[2023-04-02 17:35:19,669] {local_task_job.py:261} INFO - 1 downstream tasks scheduled from follow-on schedule check
