[2023-03-31 18:00:57,271] {taskinstance.py:903} INFO - Dependencies all met for <TaskInstance: inovus_etl_dag_mrr_to_stg.etl_from_mrr_dimcustomer_to_stg_dimcustomer 2023-03-31T18:00:54.591633+00:00 [queued]>
[2023-03-31 18:00:57,304] {taskinstance.py:903} INFO - Dependencies all met for <TaskInstance: inovus_etl_dag_mrr_to_stg.etl_from_mrr_dimcustomer_to_stg_dimcustomer 2023-03-31T18:00:54.591633+00:00 [queued]>
[2023-03-31 18:00:57,313] {taskinstance.py:1095} INFO - 
--------------------------------------------------------------------------------
[2023-03-31 18:00:57,316] {taskinstance.py:1096} INFO - Starting attempt 1 of 1
[2023-03-31 18:00:57,320] {taskinstance.py:1097} INFO - 
--------------------------------------------------------------------------------
[2023-03-31 18:00:57,364] {taskinstance.py:1115} INFO - Executing <Task(PythonOperator): etl_from_mrr_dimcustomer_to_stg_dimcustomer> on 2023-03-31T18:00:54.591633+00:00
[2023-03-31 18:00:57,380] {standard_task_runner.py:76} INFO - Running: ['***', 'tasks', 'run', 'inovus_etl_dag_mrr_to_stg', 'etl_from_mrr_dimcustomer_to_stg_dimcustomer', '2023-03-31T18:00:54.591633+00:00', '--job-id', '507', '--pool', 'default_pool', '--raw', '--subdir', 'DAGS_FOLDER/inovus_etl_mrr_stg.py', '--cfg-path', '/tmp/tmpz0ysauyj', '--error-file', '/tmp/tmpf552b9cb']
[2023-03-31 18:00:57,383] {standard_task_runner.py:77} INFO - Job 507: Subtask etl_from_mrr_dimcustomer_to_stg_dimcustomer
[2023-03-31 18:00:57,372] {standard_task_runner.py:52} INFO - Started process 955 to run task
[2023-03-31 18:00:57,477] {logging_mixin.py:109} INFO - Running <TaskInstance: inovus_etl_dag_mrr_to_stg.etl_from_mrr_dimcustomer_to_stg_dimcustomer 2023-03-31T18:00:54.591633+00:00 [running]> on host 0bc3da97cebb
[2023-03-31 18:00:57,546] {taskinstance.py:1254} INFO - Exporting the following env vars:
AIRFLOW_CTX_DAG_OWNER=***
AIRFLOW_CTX_DAG_ID=inovus_etl_dag_mrr_to_stg
AIRFLOW_CTX_TASK_ID=etl_from_mrr_dimcustomer_to_stg_dimcustomer
AIRFLOW_CTX_EXECUTION_DATE=2023-03-31T18:00:54.591633+00:00
AIRFLOW_CTX_DAG_RUN_ID=manual__2023-03-31T18:00:54.591633+00:00
[2023-03-31 18:00:57,615] {python.py:151} INFO - Done. Returned value was: None
[2023-03-31 18:00:57,640] {taskinstance.py:1219} INFO - Marking task as SUCCESS. dag_id=inovus_etl_dag_mrr_to_stg, task_id=etl_from_mrr_dimcustomer_to_stg_dimcustomer, execution_date=20230331T180054, start_date=20230331T180057, end_date=20230331T180057
[2023-03-31 18:00:57,696] {local_task_job.py:151} INFO - Task exited with return code 0
[2023-03-31 18:00:57,753] {local_task_job.py:261} INFO - 0 downstream tasks scheduled from follow-on schedule check
