[2023-03-29 14:39:04,359] {taskinstance.py:903} INFO - Dependencies all met for <TaskInstance: postgres_22222222222.etl_from_radb_to_mrrfsales 2023-03-27T00:00:00+00:00 [queued]>
[2023-03-29 14:39:04,438] {taskinstance.py:903} INFO - Dependencies all met for <TaskInstance: postgres_22222222222.etl_from_radb_to_mrrfsales 2023-03-27T00:00:00+00:00 [queued]>
[2023-03-29 14:39:04,440] {taskinstance.py:1095} INFO - 
--------------------------------------------------------------------------------
[2023-03-29 14:39:04,441] {taskinstance.py:1096} INFO - Starting attempt 1 of 1
[2023-03-29 14:39:04,446] {taskinstance.py:1097} INFO - 
--------------------------------------------------------------------------------
[2023-03-29 14:39:04,558] {taskinstance.py:1115} INFO - Executing <Task(PythonOperator): etl_from_radb_to_mrrfsales> on 2023-03-27T00:00:00+00:00
[2023-03-29 14:39:04,608] {standard_task_runner.py:76} INFO - Running: ['***', 'tasks', 'run', 'postgres_22222222222', 'etl_from_radb_to_mrrfsales', '2023-03-27T00:00:00+00:00', '--job-id', '154', '--pool', 'default_pool', '--raw', '--subdir', 'DAGS_FOLDER/ETL.py', '--cfg-path', '/tmp/tmpbw6axq8f', '--error-file', '/tmp/tmpoh4z0smm']
[2023-03-29 14:39:04,617] {standard_task_runner.py:77} INFO - Job 154: Subtask etl_from_radb_to_mrrfsales
[2023-03-29 14:39:04,590] {standard_task_runner.py:52} INFO - Started process 21573 to run task
[2023-03-29 14:39:05,328] {logging_mixin.py:109} INFO - Running <TaskInstance: postgres_22222222222.etl_from_radb_to_mrrfsales 2023-03-27T00:00:00+00:00 [running]> on host 0bc3da97cebb
[2023-03-29 14:39:05,498] {taskinstance.py:1254} INFO - Exporting the following env vars:
AIRFLOW_CTX_DAG_OWNER=***
AIRFLOW_CTX_DAG_ID=postgres_22222222222
AIRFLOW_CTX_TASK_ID=etl_from_radb_to_mrrfsales
AIRFLOW_CTX_EXECUTION_DATE=2023-03-27T00:00:00+00:00
AIRFLOW_CTX_DAG_RUN_ID=scheduled__2023-03-27T00:00:00+00:00
[2023-03-29 14:39:05,699] {python.py:151} INFO - Done. Returned value was: None
[2023-03-29 14:39:05,727] {taskinstance.py:1219} INFO - Marking task as SUCCESS. dag_id=postgres_22222222222, task_id=etl_from_radb_to_mrrfsales, execution_date=20230327T000000, start_date=20230329T143904, end_date=20230329T143905
[2023-03-29 14:39:05,849] {local_task_job.py:151} INFO - Task exited with return code 0
[2023-03-29 14:39:05,918] {local_task_job.py:261} INFO - 1 downstream tasks scheduled from follow-on schedule check
