[2023-03-31 18:00:30,955] {taskinstance.py:903} INFO - Dependencies all met for <TaskInstance: inovus_etl_odb_to_mrr.etl_odb_to_mrr_f_sales 2023-03-31T18:00:25.021049+00:00 [queued]>
[2023-03-31 18:00:30,980] {taskinstance.py:903} INFO - Dependencies all met for <TaskInstance: inovus_etl_odb_to_mrr.etl_odb_to_mrr_f_sales 2023-03-31T18:00:25.021049+00:00 [queued]>
[2023-03-31 18:00:30,982] {taskinstance.py:1095} INFO - 
--------------------------------------------------------------------------------
[2023-03-31 18:00:30,985] {taskinstance.py:1096} INFO - Starting attempt 1 of 1
[2023-03-31 18:00:30,987] {taskinstance.py:1097} INFO - 
--------------------------------------------------------------------------------
[2023-03-31 18:00:31,011] {taskinstance.py:1115} INFO - Executing <Task(PythonOperator): etl_odb_to_mrr_f_sales> on 2023-03-31T18:00:25.021049+00:00
[2023-03-31 18:00:31,021] {standard_task_runner.py:52} INFO - Started process 923 to run task
[2023-03-31 18:00:31,027] {standard_task_runner.py:76} INFO - Running: ['***', 'tasks', 'run', 'inovus_etl_odb_to_mrr', 'etl_odb_to_mrr_f_sales', '2023-03-31T18:00:25.021049+00:00', '--job-id', '502', '--pool', 'default_pool', '--raw', '--subdir', 'DAGS_FOLDER/inovus_etl_odb_mrr.py', '--cfg-path', '/tmp/tmp6y81ruqj', '--error-file', '/tmp/tmpfv6whd59']
[2023-03-31 18:00:31,030] {standard_task_runner.py:77} INFO - Job 502: Subtask etl_odb_to_mrr_f_sales
[2023-03-31 18:00:31,107] {logging_mixin.py:109} INFO - Running <TaskInstance: inovus_etl_odb_to_mrr.etl_odb_to_mrr_f_sales 2023-03-31T18:00:25.021049+00:00 [running]> on host 0bc3da97cebb
[2023-03-31 18:00:31,224] {taskinstance.py:1254} INFO - Exporting the following env vars:
AIRFLOW_CTX_DAG_OWNER=***
AIRFLOW_CTX_DAG_ID=inovus_etl_odb_to_mrr
AIRFLOW_CTX_TASK_ID=etl_odb_to_mrr_f_sales
AIRFLOW_CTX_EXECUTION_DATE=2023-03-31T18:00:25.021049+00:00
AIRFLOW_CTX_DAG_RUN_ID=manual__2023-03-31T18:00:25.021049+00:00
[2023-03-31 18:00:31,418] {python.py:151} INFO - Done. Returned value was: None
[2023-03-31 18:00:31,440] {taskinstance.py:1219} INFO - Marking task as SUCCESS. dag_id=inovus_etl_odb_to_mrr, task_id=etl_odb_to_mrr_f_sales, execution_date=20230331T180025, start_date=20230331T180030, end_date=20230331T180031
[2023-03-31 18:00:31,499] {local_task_job.py:151} INFO - Task exited with return code 0
[2023-03-31 18:00:31,539] {local_task_job.py:261} INFO - 1 downstream tasks scheduled from follow-on schedule check
