[2023-03-29 16:32:45,709] {taskinstance.py:903} INFO - Dependencies all met for <TaskInstance: postgres_22222222222.date_update_mrr 2023-03-29T16:32:38.884681+00:00 [queued]>
[2023-03-29 16:32:45,722] {taskinstance.py:903} INFO - Dependencies all met for <TaskInstance: postgres_22222222222.date_update_mrr 2023-03-29T16:32:38.884681+00:00 [queued]>
[2023-03-29 16:32:45,724] {taskinstance.py:1095} INFO - 
--------------------------------------------------------------------------------
[2023-03-29 16:32:45,726] {taskinstance.py:1096} INFO - Starting attempt 1 of 1
[2023-03-29 16:32:45,728] {taskinstance.py:1097} INFO - 
--------------------------------------------------------------------------------
[2023-03-29 16:32:45,747] {taskinstance.py:1115} INFO - Executing <Task(PythonOperator): date_update_mrr> on 2023-03-29T16:32:38.884681+00:00
[2023-03-29 16:32:45,753] {standard_task_runner.py:52} INFO - Started process 27204 to run task
[2023-03-29 16:32:45,762] {standard_task_runner.py:76} INFO - Running: ['***', 'tasks', 'run', 'postgres_22222222222', 'date_update_mrr', '2023-03-29T16:32:38.884681+00:00', '--job-id', '372', '--pool', 'default_pool', '--raw', '--subdir', 'DAGS_FOLDER/ETL.py', '--cfg-path', '/tmp/tmpoe_9fscv', '--error-file', '/tmp/tmp5zhmzm2d']
[2023-03-29 16:32:45,764] {standard_task_runner.py:77} INFO - Job 372: Subtask date_update_mrr
[2023-03-29 16:32:45,820] {logging_mixin.py:109} INFO - Running <TaskInstance: postgres_22222222222.date_update_mrr 2023-03-29T16:32:38.884681+00:00 [running]> on host 0bc3da97cebb
[2023-03-29 16:32:45,877] {taskinstance.py:1254} INFO - Exporting the following env vars:
AIRFLOW_CTX_DAG_OWNER=***
AIRFLOW_CTX_DAG_ID=postgres_22222222222
AIRFLOW_CTX_TASK_ID=date_update_mrr
AIRFLOW_CTX_EXECUTION_DATE=2023-03-29T16:32:38.884681+00:00
AIRFLOW_CTX_DAG_RUN_ID=manual__2023-03-29T16:32:38.884681+00:00
[2023-03-29 16:32:45,909] {python.py:151} INFO - Done. Returned value was: None
[2023-03-29 16:32:45,926] {taskinstance.py:1219} INFO - Marking task as SUCCESS. dag_id=postgres_22222222222, task_id=date_update_mrr, execution_date=20230329T163238, start_date=20230329T163245, end_date=20230329T163245
[2023-03-29 16:32:45,982] {local_task_job.py:151} INFO - Task exited with return code 0
[2023-03-29 16:32:46,019] {local_task_job.py:261} INFO - 1 downstream tasks scheduled from follow-on schedule check
