[2023-03-29 16:04:07,733] {taskinstance.py:903} INFO - Dependencies all met for <TaskInstance: postgres_22222222222.log_suc 2023-03-29T16:04:00.955167+00:00 [queued]>
[2023-03-29 16:04:07,751] {taskinstance.py:903} INFO - Dependencies all met for <TaskInstance: postgres_22222222222.log_suc 2023-03-29T16:04:00.955167+00:00 [queued]>
[2023-03-29 16:04:07,754] {taskinstance.py:1095} INFO - 
--------------------------------------------------------------------------------
[2023-03-29 16:04:07,755] {taskinstance.py:1096} INFO - Starting attempt 1 of 1
[2023-03-29 16:04:07,756] {taskinstance.py:1097} INFO - 
--------------------------------------------------------------------------------
[2023-03-29 16:04:07,777] {taskinstance.py:1115} INFO - Executing <Task(PythonOperator): log_suc> on 2023-03-29T16:04:00.955167+00:00
[2023-03-29 16:04:07,792] {standard_task_runner.py:76} INFO - Running: ['***', 'tasks', 'run', 'postgres_22222222222', 'log_suc', '2023-03-29T16:04:00.955167+00:00', '--job-id', '259', '--pool', 'default_pool', '--raw', '--subdir', 'DAGS_FOLDER/ETL.py', '--cfg-path', '/tmp/tmp_yo_v34c', '--error-file', '/tmp/tmp9lpk1x6u']
[2023-03-29 16:04:07,782] {standard_task_runner.py:52} INFO - Started process 25660 to run task
[2023-03-29 16:04:07,796] {standard_task_runner.py:77} INFO - Job 259: Subtask log_suc
[2023-03-29 16:04:07,917] {logging_mixin.py:109} INFO - Running <TaskInstance: postgres_22222222222.log_suc 2023-03-29T16:04:00.955167+00:00 [running]> on host 0bc3da97cebb
[2023-03-29 16:04:08,036] {taskinstance.py:1254} INFO - Exporting the following env vars:
AIRFLOW_CTX_DAG_OWNER=***
AIRFLOW_CTX_DAG_ID=postgres_22222222222
AIRFLOW_CTX_TASK_ID=log_suc
AIRFLOW_CTX_EXECUTION_DATE=2023-03-29T16:04:00.955167+00:00
AIRFLOW_CTX_DAG_RUN_ID=manual__2023-03-29T16:04:00.955167+00:00
[2023-03-29 16:04:08,038] {ETL.py:53} INFO - completed
[2023-03-29 16:04:08,060] {python.py:151} INFO - Done. Returned value was: None
[2023-03-29 16:04:08,079] {taskinstance.py:1219} INFO - Marking task as SUCCESS. dag_id=postgres_22222222222, task_id=log_suc, execution_date=20230329T160400, start_date=20230329T160407, end_date=20230329T160408
[2023-03-29 16:04:08,147] {local_task_job.py:151} INFO - Task exited with return code 0
[2023-03-29 16:04:08,189] {local_task_job.py:261} INFO - 0 downstream tasks scheduled from follow-on schedule check
