[2023-03-29 16:16:36,099] {taskinstance.py:903} INFO - Dependencies all met for <TaskInstance: postgres_22222222222.etl_from_radb_to_mrrdimcproducts 2023-03-29T16:16:32.320899+00:00 [queued]>
[2023-03-29 16:16:36,116] {taskinstance.py:903} INFO - Dependencies all met for <TaskInstance: postgres_22222222222.etl_from_radb_to_mrrdimcproducts 2023-03-29T16:16:32.320899+00:00 [queued]>
[2023-03-29 16:16:36,118] {taskinstance.py:1095} INFO - 
--------------------------------------------------------------------------------
[2023-03-29 16:16:36,120] {taskinstance.py:1096} INFO - Starting attempt 1 of 1
[2023-03-29 16:16:36,122] {taskinstance.py:1097} INFO - 
--------------------------------------------------------------------------------
[2023-03-29 16:16:36,140] {taskinstance.py:1115} INFO - Executing <Task(PythonOperator): etl_from_radb_to_mrrdimcproducts> on 2023-03-29T16:16:32.320899+00:00
[2023-03-29 16:16:36,147] {standard_task_runner.py:52} INFO - Started process 26323 to run task
[2023-03-29 16:16:36,155] {standard_task_runner.py:76} INFO - Running: ['***', 'tasks', 'run', 'postgres_22222222222', 'etl_from_radb_to_mrrdimcproducts', '2023-03-29T16:16:32.320899+00:00', '--job-id', '305', '--pool', 'default_pool', '--raw', '--subdir', 'DAGS_FOLDER/ETL.py', '--cfg-path', '/tmp/tmp7_v75wt7', '--error-file', '/tmp/tmpiv37fnyq']
[2023-03-29 16:16:36,157] {standard_task_runner.py:77} INFO - Job 305: Subtask etl_from_radb_to_mrrdimcproducts
[2023-03-29 16:16:36,229] {logging_mixin.py:109} INFO - Running <TaskInstance: postgres_22222222222.etl_from_radb_to_mrrdimcproducts 2023-03-29T16:16:32.320899+00:00 [running]> on host 0bc3da97cebb
[2023-03-29 16:16:36,292] {taskinstance.py:1254} INFO - Exporting the following env vars:
AIRFLOW_CTX_DAG_OWNER=***
AIRFLOW_CTX_DAG_ID=postgres_22222222222
AIRFLOW_CTX_TASK_ID=etl_from_radb_to_mrrdimcproducts
AIRFLOW_CTX_EXECUTION_DATE=2023-03-29T16:16:32.320899+00:00
AIRFLOW_CTX_DAG_RUN_ID=manual__2023-03-29T16:16:32.320899+00:00
[2023-03-29 16:16:36,361] {python.py:151} INFO - Done. Returned value was: None
[2023-03-29 16:16:36,383] {taskinstance.py:1219} INFO - Marking task as SUCCESS. dag_id=postgres_22222222222, task_id=etl_from_radb_to_mrrdimcproducts, execution_date=20230329T161632, start_date=20230329T161636, end_date=20230329T161636
[2023-03-29 16:16:36,453] {local_task_job.py:151} INFO - Task exited with return code 0
[2023-03-29 16:16:36,499] {local_task_job.py:261} INFO - 0 downstream tasks scheduled from follow-on schedule check
