[2023-03-29 16:55:34,007] {taskinstance.py:903} INFO - Dependencies all met for <TaskInstance: postgres_22222222222.etl_from_radb_to_mrrdimcproducts 2023-03-29T16:55:29.551939+00:00 [queued]>
[2023-03-29 16:55:34,024] {taskinstance.py:903} INFO - Dependencies all met for <TaskInstance: postgres_22222222222.etl_from_radb_to_mrrdimcproducts 2023-03-29T16:55:29.551939+00:00 [queued]>
[2023-03-29 16:55:34,027] {taskinstance.py:1095} INFO - 
--------------------------------------------------------------------------------
[2023-03-29 16:55:34,028] {taskinstance.py:1096} INFO - Starting attempt 1 of 1
[2023-03-29 16:55:34,031] {taskinstance.py:1097} INFO - 
--------------------------------------------------------------------------------
[2023-03-29 16:55:34,050] {taskinstance.py:1115} INFO - Executing <Task(PythonOperator): etl_from_radb_to_mrrdimcproducts> on 2023-03-29T16:55:29.551939+00:00
[2023-03-29 16:55:34,057] {standard_task_runner.py:52} INFO - Started process 28369 to run task
[2023-03-29 16:55:34,064] {standard_task_runner.py:76} INFO - Running: ['***', 'tasks', 'run', 'postgres_22222222222', 'etl_from_radb_to_mrrdimcproducts', '2023-03-29T16:55:29.551939+00:00', '--job-id', '442', '--pool', 'default_pool', '--raw', '--subdir', 'DAGS_FOLDER/ETL.py', '--cfg-path', '/tmp/tmpz5sh3n74', '--error-file', '/tmp/tmpxeh58mll']
[2023-03-29 16:55:34,065] {standard_task_runner.py:77} INFO - Job 442: Subtask etl_from_radb_to_mrrdimcproducts
[2023-03-29 16:55:34,121] {logging_mixin.py:109} INFO - Running <TaskInstance: postgres_22222222222.etl_from_radb_to_mrrdimcproducts 2023-03-29T16:55:29.551939+00:00 [running]> on host 0bc3da97cebb
[2023-03-29 16:55:34,180] {taskinstance.py:1254} INFO - Exporting the following env vars:
AIRFLOW_CTX_DAG_OWNER=***
AIRFLOW_CTX_DAG_ID=postgres_22222222222
AIRFLOW_CTX_TASK_ID=etl_from_radb_to_mrrdimcproducts
AIRFLOW_CTX_EXECUTION_DATE=2023-03-29T16:55:29.551939+00:00
AIRFLOW_CTX_DAG_RUN_ID=manual__2023-03-29T16:55:29.551939+00:00
[2023-03-29 16:55:34,236] {python.py:151} INFO - Done. Returned value was: None
[2023-03-29 16:55:34,253] {taskinstance.py:1219} INFO - Marking task as SUCCESS. dag_id=postgres_22222222222, task_id=etl_from_radb_to_mrrdimcproducts, execution_date=20230329T165529, start_date=20230329T165534, end_date=20230329T165534
[2023-03-29 16:55:34,281] {local_task_job.py:151} INFO - Task exited with return code 0
[2023-03-29 16:55:34,316] {local_task_job.py:261} INFO - 1 downstream tasks scheduled from follow-on schedule check
