[2023-03-29 16:19:07,516] {taskinstance.py:903} INFO - Dependencies all met for <TaskInstance: postgres_22222222222.etl_from_radb_to_mrrfsales 2023-03-29T16:19:05.131633+00:00 [queued]>
[2023-03-29 16:19:07,550] {taskinstance.py:903} INFO - Dependencies all met for <TaskInstance: postgres_22222222222.etl_from_radb_to_mrrfsales 2023-03-29T16:19:05.131633+00:00 [queued]>
[2023-03-29 16:19:07,551] {taskinstance.py:1095} INFO - 
--------------------------------------------------------------------------------
[2023-03-29 16:19:07,553] {taskinstance.py:1096} INFO - Starting attempt 1 of 1
[2023-03-29 16:19:07,555] {taskinstance.py:1097} INFO - 
--------------------------------------------------------------------------------
[2023-03-29 16:19:07,596] {taskinstance.py:1115} INFO - Executing <Task(PythonOperator): etl_from_radb_to_mrrfsales> on 2023-03-29T16:19:05.131633+00:00
[2023-03-29 16:19:07,620] {standard_task_runner.py:76} INFO - Running: ['***', 'tasks', 'run', 'postgres_22222222222', 'etl_from_radb_to_mrrfsales', '2023-03-29T16:19:05.131633+00:00', '--job-id', '315', '--pool', 'default_pool', '--raw', '--subdir', 'DAGS_FOLDER/ETL.py', '--cfg-path', '/tmp/tmpn3emw9tu', '--error-file', '/tmp/tmpypstjslo']
[2023-03-29 16:19:07,625] {standard_task_runner.py:77} INFO - Job 315: Subtask etl_from_radb_to_mrrfsales
[2023-03-29 16:19:07,605] {standard_task_runner.py:52} INFO - Started process 26460 to run task
[2023-03-29 16:19:07,744] {logging_mixin.py:109} INFO - Running <TaskInstance: postgres_22222222222.etl_from_radb_to_mrrfsales 2023-03-29T16:19:05.131633+00:00 [running]> on host 0bc3da97cebb
[2023-03-29 16:19:07,872] {taskinstance.py:1254} INFO - Exporting the following env vars:
AIRFLOW_CTX_DAG_OWNER=***
AIRFLOW_CTX_DAG_ID=postgres_22222222222
AIRFLOW_CTX_TASK_ID=etl_from_radb_to_mrrfsales
AIRFLOW_CTX_EXECUTION_DATE=2023-03-29T16:19:05.131633+00:00
AIRFLOW_CTX_DAG_RUN_ID=manual__2023-03-29T16:19:05.131633+00:00
[2023-03-29 16:19:07,946] {python.py:151} INFO - Done. Returned value was: None
[2023-03-29 16:19:07,991] {taskinstance.py:1219} INFO - Marking task as SUCCESS. dag_id=postgres_22222222222, task_id=etl_from_radb_to_mrrfsales, execution_date=20230329T161905, start_date=20230329T161907, end_date=20230329T161907
[2023-03-29 16:19:08,074] {local_task_job.py:151} INFO - Task exited with return code 0
[2023-03-29 16:19:08,158] {local_task_job.py:261} INFO - 1 downstream tasks scheduled from follow-on schedule check
