[2023-03-29 16:42:53,696] {taskinstance.py:903} INFO - Dependencies all met for <TaskInstance: postgres_22222222222.etl_from_radb_to_mrrdimcproducts 2023-03-29T16:42:48.576301+00:00 [queued]>
[2023-03-29 16:42:53,717] {taskinstance.py:903} INFO - Dependencies all met for <TaskInstance: postgres_22222222222.etl_from_radb_to_mrrdimcproducts 2023-03-29T16:42:48.576301+00:00 [queued]>
[2023-03-29 16:42:53,721] {taskinstance.py:1095} INFO - 
--------------------------------------------------------------------------------
[2023-03-29 16:42:53,723] {taskinstance.py:1096} INFO - Starting attempt 1 of 1
[2023-03-29 16:42:53,724] {taskinstance.py:1097} INFO - 
--------------------------------------------------------------------------------
[2023-03-29 16:42:53,744] {taskinstance.py:1115} INFO - Executing <Task(PythonOperator): etl_from_radb_to_mrrdimcproducts> on 2023-03-29T16:42:48.576301+00:00
[2023-03-29 16:42:53,751] {standard_task_runner.py:52} INFO - Started process 27763 to run task
[2023-03-29 16:42:53,761] {standard_task_runner.py:76} INFO - Running: ['***', 'tasks', 'run', 'postgres_22222222222', 'etl_from_radb_to_mrrdimcproducts', '2023-03-29T16:42:48.576301+00:00', '--job-id', '419', '--pool', 'default_pool', '--raw', '--subdir', 'DAGS_FOLDER/ETL.py', '--cfg-path', '/tmp/tmpt4t28has', '--error-file', '/tmp/tmpcb2nji4h']
[2023-03-29 16:42:53,769] {standard_task_runner.py:77} INFO - Job 419: Subtask etl_from_radb_to_mrrdimcproducts
[2023-03-29 16:42:53,864] {logging_mixin.py:109} INFO - Running <TaskInstance: postgres_22222222222.etl_from_radb_to_mrrdimcproducts 2023-03-29T16:42:48.576301+00:00 [running]> on host 0bc3da97cebb
[2023-03-29 16:42:53,940] {taskinstance.py:1254} INFO - Exporting the following env vars:
AIRFLOW_CTX_DAG_OWNER=***
AIRFLOW_CTX_DAG_ID=postgres_22222222222
AIRFLOW_CTX_TASK_ID=etl_from_radb_to_mrrdimcproducts
AIRFLOW_CTX_EXECUTION_DATE=2023-03-29T16:42:48.576301+00:00
AIRFLOW_CTX_DAG_RUN_ID=manual__2023-03-29T16:42:48.576301+00:00
[2023-03-29 16:42:54,007] {python.py:151} INFO - Done. Returned value was: None
[2023-03-29 16:42:54,025] {taskinstance.py:1219} INFO - Marking task as SUCCESS. dag_id=postgres_22222222222, task_id=etl_from_radb_to_mrrdimcproducts, execution_date=20230329T164248, start_date=20230329T164253, end_date=20230329T164254
[2023-03-29 16:42:54,098] {local_task_job.py:151} INFO - Task exited with return code 0
[2023-03-29 16:42:54,130] {local_task_job.py:261} INFO - 1 downstream tasks scheduled from follow-on schedule check
