[2023-03-30 05:07:03,109] {taskinstance.py:903} INFO - Dependencies all met for <TaskInstance: inovus_etl_odb_to_mrr.etl_odb_to_mrr_dim_customer 2023-03-30T05:06:56.493958+00:00 [queued]>
[2023-03-30 05:07:03,130] {taskinstance.py:903} INFO - Dependencies all met for <TaskInstance: inovus_etl_odb_to_mrr.etl_odb_to_mrr_dim_customer 2023-03-30T05:06:56.493958+00:00 [queued]>
[2023-03-30 05:07:03,132] {taskinstance.py:1095} INFO - 
--------------------------------------------------------------------------------
[2023-03-30 05:07:03,133] {taskinstance.py:1096} INFO - Starting attempt 1 of 1
[2023-03-30 05:07:03,135] {taskinstance.py:1097} INFO - 
--------------------------------------------------------------------------------
[2023-03-30 05:07:03,151] {taskinstance.py:1115} INFO - Executing <Task(PythonOperator): etl_odb_to_mrr_dim_customer> on 2023-03-30T05:06:56.493958+00:00
[2023-03-30 05:07:03,169] {standard_task_runner.py:52} INFO - Started process 7942 to run task
[2023-03-30 05:07:03,183] {standard_task_runner.py:76} INFO - Running: ['***', 'tasks', 'run', 'inovus_etl_odb_to_mrr', 'etl_odb_to_mrr_dim_customer', '2023-03-30T05:06:56.493958+00:00', '--job-id', '479', '--pool', 'default_pool', '--raw', '--subdir', 'DAGS_FOLDER/inovus_etl_odb_mrr.py', '--cfg-path', '/tmp/tmp4rqylecg', '--error-file', '/tmp/tmpig9u478i']
[2023-03-30 05:07:03,187] {standard_task_runner.py:77} INFO - Job 479: Subtask etl_odb_to_mrr_dim_customer
[2023-03-30 05:07:03,297] {logging_mixin.py:109} INFO - Running <TaskInstance: inovus_etl_odb_to_mrr.etl_odb_to_mrr_dim_customer 2023-03-30T05:06:56.493958+00:00 [running]> on host 0bc3da97cebb
[2023-03-30 05:07:03,364] {taskinstance.py:1254} INFO - Exporting the following env vars:
AIRFLOW_CTX_DAG_OWNER=***
AIRFLOW_CTX_DAG_ID=inovus_etl_odb_to_mrr
AIRFLOW_CTX_TASK_ID=etl_odb_to_mrr_dim_customer
AIRFLOW_CTX_EXECUTION_DATE=2023-03-30T05:06:56.493958+00:00
AIRFLOW_CTX_DAG_RUN_ID=manual__2023-03-30T05:06:56.493958+00:00
[2023-03-30 05:07:03,478] {python.py:151} INFO - Done. Returned value was: None
[2023-03-30 05:07:03,503] {taskinstance.py:1219} INFO - Marking task as SUCCESS. dag_id=inovus_etl_odb_to_mrr, task_id=etl_odb_to_mrr_dim_customer, execution_date=20230330T050656, start_date=20230330T050703, end_date=20230330T050703
[2023-03-30 05:07:03,540] {local_task_job.py:151} INFO - Task exited with return code 0
[2023-03-30 05:07:03,573] {local_task_job.py:261} INFO - 1 downstream tasks scheduled from follow-on schedule check
