[2023-04-02 17:10:40,728] {taskinstance.py:903} INFO - Dependencies all met for <TaskInstance: inovus_etl_odb_to_mrr.etl_odb_to_mrr_dim_customer 2023-03-31T00:00:00+00:00 [queued]>
[2023-04-02 17:10:40,910] {taskinstance.py:903} INFO - Dependencies all met for <TaskInstance: inovus_etl_odb_to_mrr.etl_odb_to_mrr_dim_customer 2023-03-31T00:00:00+00:00 [queued]>
[2023-04-02 17:10:40,918] {taskinstance.py:1095} INFO - 
--------------------------------------------------------------------------------
[2023-04-02 17:10:40,920] {taskinstance.py:1096} INFO - Starting attempt 1 of 1
[2023-04-02 17:10:40,925] {taskinstance.py:1097} INFO - 
--------------------------------------------------------------------------------
[2023-04-02 17:10:41,080] {taskinstance.py:1115} INFO - Executing <Task(PythonOperator): etl_odb_to_mrr_dim_customer> on 2023-03-31T00:00:00+00:00
[2023-04-02 17:10:41,156] {standard_task_runner.py:52} INFO - Started process 135 to run task
[2023-04-02 17:10:41,271] {standard_task_runner.py:76} INFO - Running: ['***', 'tasks', 'run', 'inovus_etl_odb_to_mrr', 'etl_odb_to_mrr_dim_customer', '2023-03-31T00:00:00+00:00', '--job-id', '535', '--pool', 'default_pool', '--raw', '--subdir', 'DAGS_FOLDER/inovus_etl_odb_mrr.py', '--cfg-path', '/tmp/tmptjzvhv44', '--error-file', '/tmp/tmphsynd_zu']
[2023-04-02 17:10:41,303] {standard_task_runner.py:77} INFO - Job 535: Subtask etl_odb_to_mrr_dim_customer
[2023-04-02 17:10:42,095] {logging_mixin.py:109} INFO - Running <TaskInstance: inovus_etl_odb_to_mrr.etl_odb_to_mrr_dim_customer 2023-03-31T00:00:00+00:00 [running]> on host 580553a30a83
[2023-04-02 17:10:42,503] {taskinstance.py:1254} INFO - Exporting the following env vars:
AIRFLOW_CTX_DAG_OWNER=***
AIRFLOW_CTX_DAG_ID=inovus_etl_odb_to_mrr
AIRFLOW_CTX_TASK_ID=etl_odb_to_mrr_dim_customer
AIRFLOW_CTX_EXECUTION_DATE=2023-03-31T00:00:00+00:00
AIRFLOW_CTX_DAG_RUN_ID=scheduled__2023-03-31T00:00:00+00:00
[2023-04-02 17:10:42,852] {python.py:151} INFO - Done. Returned value was: None
[2023-04-02 17:10:42,967] {taskinstance.py:1219} INFO - Marking task as SUCCESS. dag_id=inovus_etl_odb_to_mrr, task_id=etl_odb_to_mrr_dim_customer, execution_date=20230331T000000, start_date=20230402T171040, end_date=20230402T171042
[2023-04-02 17:10:43,206] {local_task_job.py:151} INFO - Task exited with return code 0
[2023-04-02 17:10:43,408] {local_task_job.py:261} INFO - 1 downstream tasks scheduled from follow-on schedule check
