[2023-03-29 14:59:17,349] {taskinstance.py:903} INFO - Dependencies all met for <TaskInstance: postgres_22222222222.date_update_mrr 2023-03-29T14:59:08.582224+00:00 [queued]>
[2023-03-29 14:59:17,365] {taskinstance.py:903} INFO - Dependencies all met for <TaskInstance: postgres_22222222222.date_update_mrr 2023-03-29T14:59:08.582224+00:00 [queued]>
[2023-03-29 14:59:17,367] {taskinstance.py:1095} INFO - 
--------------------------------------------------------------------------------
[2023-03-29 14:59:17,369] {taskinstance.py:1096} INFO - Starting attempt 1 of 1
[2023-03-29 14:59:17,370] {taskinstance.py:1097} INFO - 
--------------------------------------------------------------------------------
[2023-03-29 14:59:17,388] {taskinstance.py:1115} INFO - Executing <Task(PythonOperator): date_update_mrr> on 2023-03-29T14:59:08.582224+00:00
[2023-03-29 14:59:17,411] {standard_task_runner.py:76} INFO - Running: ['***', 'tasks', 'run', 'postgres_22222222222', 'date_update_mrr', '2023-03-29T14:59:08.582224+00:00', '--job-id', '177', '--pool', 'default_pool', '--raw', '--subdir', 'DAGS_FOLDER/ETL.py', '--cfg-path', '/tmp/tmp_xmxpb7x', '--error-file', '/tmp/tmpgoyi7ucu']
[2023-03-29 14:59:17,403] {standard_task_runner.py:52} INFO - Started process 22542 to run task
[2023-03-29 14:59:17,414] {standard_task_runner.py:77} INFO - Job 177: Subtask date_update_mrr
[2023-03-29 14:59:17,475] {logging_mixin.py:109} INFO - Running <TaskInstance: postgres_22222222222.date_update_mrr 2023-03-29T14:59:08.582224+00:00 [running]> on host 0bc3da97cebb
[2023-03-29 14:59:17,524] {taskinstance.py:1254} INFO - Exporting the following env vars:
AIRFLOW_CTX_DAG_OWNER=***
AIRFLOW_CTX_DAG_ID=postgres_22222222222
AIRFLOW_CTX_TASK_ID=date_update_mrr
AIRFLOW_CTX_EXECUTION_DATE=2023-03-29T14:59:08.582224+00:00
AIRFLOW_CTX_DAG_RUN_ID=manual__2023-03-29T14:59:08.582224+00:00
[2023-03-29 14:59:17,556] {python.py:151} INFO - Done. Returned value was: None
[2023-03-29 14:59:17,571] {taskinstance.py:1219} INFO - Marking task as SUCCESS. dag_id=postgres_22222222222, task_id=date_update_mrr, execution_date=20230329T145908, start_date=20230329T145917, end_date=20230329T145917
[2023-03-29 14:59:17,635] {local_task_job.py:151} INFO - Task exited with return code 0
[2023-03-29 14:59:17,668] {local_task_job.py:261} INFO - 0 downstream tasks scheduled from follow-on schedule check
