[2023-03-29 16:08:25,889] {taskinstance.py:903} INFO - Dependencies all met for <TaskInstance: postgres_22222222222.etl_from_radb_to_mrrfsales 2023-03-29T16:08:24.404959+00:00 [queued]>
[2023-03-29 16:08:25,915] {taskinstance.py:903} INFO - Dependencies all met for <TaskInstance: postgres_22222222222.etl_from_radb_to_mrrfsales 2023-03-29T16:08:24.404959+00:00 [queued]>
[2023-03-29 16:08:25,916] {taskinstance.py:1095} INFO - 
--------------------------------------------------------------------------------
[2023-03-29 16:08:25,918] {taskinstance.py:1096} INFO - Starting attempt 1 of 1
[2023-03-29 16:08:25,924] {taskinstance.py:1097} INFO - 
--------------------------------------------------------------------------------
[2023-03-29 16:08:25,953] {taskinstance.py:1115} INFO - Executing <Task(PythonOperator): etl_from_radb_to_mrrfsales> on 2023-03-29T16:08:24.404959+00:00
[2023-03-29 16:08:25,964] {standard_task_runner.py:52} INFO - Started process 25893 to run task
[2023-03-29 16:08:25,982] {standard_task_runner.py:76} INFO - Running: ['***', 'tasks', 'run', 'postgres_22222222222', 'etl_from_radb_to_mrrfsales', '2023-03-29T16:08:24.404959+00:00', '--job-id', '272', '--pool', 'default_pool', '--raw', '--subdir', 'DAGS_FOLDER/ETL.py', '--cfg-path', '/tmp/tmpo8vrfzcb', '--error-file', '/tmp/tmpdn9p7jk6']
[2023-03-29 16:08:25,984] {standard_task_runner.py:77} INFO - Job 272: Subtask etl_from_radb_to_mrrfsales
[2023-03-29 16:08:26,070] {logging_mixin.py:109} INFO - Running <TaskInstance: postgres_22222222222.etl_from_radb_to_mrrfsales 2023-03-29T16:08:24.404959+00:00 [running]> on host 0bc3da97cebb
[2023-03-29 16:08:26,157] {taskinstance.py:1254} INFO - Exporting the following env vars:
AIRFLOW_CTX_DAG_OWNER=***
AIRFLOW_CTX_DAG_ID=postgres_22222222222
AIRFLOW_CTX_TASK_ID=etl_from_radb_to_mrrfsales
AIRFLOW_CTX_EXECUTION_DATE=2023-03-29T16:08:24.404959+00:00
AIRFLOW_CTX_DAG_RUN_ID=manual__2023-03-29T16:08:24.404959+00:00
[2023-03-29 16:08:26,362] {python.py:151} INFO - Done. Returned value was: None
[2023-03-29 16:08:26,379] {taskinstance.py:1219} INFO - Marking task as SUCCESS. dag_id=postgres_22222222222, task_id=etl_from_radb_to_mrrfsales, execution_date=20230329T160824, start_date=20230329T160825, end_date=20230329T160826
[2023-03-29 16:08:26,408] {local_task_job.py:151} INFO - Task exited with return code 0
[2023-03-29 16:08:26,440] {local_task_job.py:261} INFO - 1 downstream tasks scheduled from follow-on schedule check
