[2023-03-30 05:08:11,576] {taskinstance.py:903} INFO - Dependencies all met for <TaskInstance: inovus_etl_dag_mrr_to_stg.etl_from_mrr_fsales_to_stg_fsales 2023-03-30T05:08:08.280411+00:00 [queued]>
[2023-03-30 05:08:11,666] {taskinstance.py:903} INFO - Dependencies all met for <TaskInstance: inovus_etl_dag_mrr_to_stg.etl_from_mrr_fsales_to_stg_fsales 2023-03-30T05:08:08.280411+00:00 [queued]>
[2023-03-30 05:08:11,672] {taskinstance.py:1095} INFO - 
--------------------------------------------------------------------------------
[2023-03-30 05:08:11,673] {taskinstance.py:1096} INFO - Starting attempt 1 of 1
[2023-03-30 05:08:11,676] {taskinstance.py:1097} INFO - 
--------------------------------------------------------------------------------
[2023-03-30 05:08:11,748] {taskinstance.py:1115} INFO - Executing <Task(PythonOperator): etl_from_mrr_fsales_to_stg_fsales> on 2023-03-30T05:08:08.280411+00:00
[2023-03-30 05:08:11,822] {standard_task_runner.py:76} INFO - Running: ['***', 'tasks', 'run', 'inovus_etl_dag_mrr_to_stg', 'etl_from_mrr_fsales_to_stg_fsales', '2023-03-30T05:08:08.280411+00:00', '--job-id', '482', '--pool', 'default_pool', '--raw', '--subdir', 'DAGS_FOLDER/inovus_etl_mrr_stg.py', '--cfg-path', '/tmp/tmpccjw2flk', '--error-file', '/tmp/tmpn12huw4l']
[2023-03-30 05:08:11,838] {standard_task_runner.py:77} INFO - Job 482: Subtask etl_from_mrr_fsales_to_stg_fsales
[2023-03-30 05:08:11,788] {standard_task_runner.py:52} INFO - Started process 8001 to run task
[2023-03-30 05:08:12,173] {logging_mixin.py:109} INFO - Running <TaskInstance: inovus_etl_dag_mrr_to_stg.etl_from_mrr_fsales_to_stg_fsales 2023-03-30T05:08:08.280411+00:00 [running]> on host 0bc3da97cebb
[2023-03-30 05:08:12,474] {taskinstance.py:1254} INFO - Exporting the following env vars:
AIRFLOW_CTX_DAG_OWNER=***
AIRFLOW_CTX_DAG_ID=inovus_etl_dag_mrr_to_stg
AIRFLOW_CTX_TASK_ID=etl_from_mrr_fsales_to_stg_fsales
AIRFLOW_CTX_EXECUTION_DATE=2023-03-30T05:08:08.280411+00:00
AIRFLOW_CTX_DAG_RUN_ID=manual__2023-03-30T05:08:08.280411+00:00
[2023-03-30 05:08:12,647] {python.py:151} INFO - Done. Returned value was: None
[2023-03-30 05:08:12,696] {taskinstance.py:1219} INFO - Marking task as SUCCESS. dag_id=inovus_etl_dag_mrr_to_stg, task_id=etl_from_mrr_fsales_to_stg_fsales, execution_date=20230330T050808, start_date=20230330T050811, end_date=20230330T050812
[2023-03-30 05:08:12,875] {local_task_job.py:151} INFO - Task exited with return code 0
[2023-03-30 05:08:13,056] {local_task_job.py:261} INFO - 0 downstream tasks scheduled from follow-on schedule check
