[2023-03-29 16:32:41,152] {taskinstance.py:903} INFO - Dependencies all met for <TaskInstance: postgres_22222222222.etl_from_radb_to_mrrfsales 2023-03-29T16:32:38.884681+00:00 [queued]>
[2023-03-29 16:32:41,192] {taskinstance.py:903} INFO - Dependencies all met for <TaskInstance: postgres_22222222222.etl_from_radb_to_mrrfsales 2023-03-29T16:32:38.884681+00:00 [queued]>
[2023-03-29 16:32:41,193] {taskinstance.py:1095} INFO - 
--------------------------------------------------------------------------------
[2023-03-29 16:32:41,196] {taskinstance.py:1096} INFO - Starting attempt 1 of 1
[2023-03-29 16:32:41,197] {taskinstance.py:1097} INFO - 
--------------------------------------------------------------------------------
[2023-03-29 16:32:41,251] {taskinstance.py:1115} INFO - Executing <Task(PythonOperator): etl_from_radb_to_mrrfsales> on 2023-03-29T16:32:38.884681+00:00
[2023-03-29 16:32:41,258] {standard_task_runner.py:52} INFO - Started process 27197 to run task
[2023-03-29 16:32:41,292] {standard_task_runner.py:76} INFO - Running: ['***', 'tasks', 'run', 'postgres_22222222222', 'etl_from_radb_to_mrrfsales', '2023-03-29T16:32:38.884681+00:00', '--job-id', '368', '--pool', 'default_pool', '--raw', '--subdir', 'DAGS_FOLDER/ETL.py', '--cfg-path', '/tmp/tmpdkvbpnni', '--error-file', '/tmp/tmplxcib6wt']
[2023-03-29 16:32:41,301] {standard_task_runner.py:77} INFO - Job 368: Subtask etl_from_radb_to_mrrfsales
[2023-03-29 16:32:41,561] {logging_mixin.py:109} INFO - Running <TaskInstance: postgres_22222222222.etl_from_radb_to_mrrfsales 2023-03-29T16:32:38.884681+00:00 [running]> on host 0bc3da97cebb
[2023-03-29 16:32:41,956] {taskinstance.py:1254} INFO - Exporting the following env vars:
AIRFLOW_CTX_DAG_OWNER=***
AIRFLOW_CTX_DAG_ID=postgres_22222222222
AIRFLOW_CTX_TASK_ID=etl_from_radb_to_mrrfsales
AIRFLOW_CTX_EXECUTION_DATE=2023-03-29T16:32:38.884681+00:00
AIRFLOW_CTX_DAG_RUN_ID=manual__2023-03-29T16:32:38.884681+00:00
[2023-03-29 16:32:42,326] {python.py:151} INFO - Done. Returned value was: None
[2023-03-29 16:32:42,350] {taskinstance.py:1219} INFO - Marking task as SUCCESS. dag_id=postgres_22222222222, task_id=etl_from_radb_to_mrrfsales, execution_date=20230329T163238, start_date=20230329T163241, end_date=20230329T163242
[2023-03-29 16:32:42,442] {local_task_job.py:151} INFO - Task exited with return code 0
[2023-03-29 16:32:42,497] {local_task_job.py:261} INFO - 1 downstream tasks scheduled from follow-on schedule check
