[2023-04-02 17:35:24,327] {taskinstance.py:903} INFO - Dependencies all met for <TaskInstance: inovus_etl_dag_stg_to_dwh.date_update_dwh 2023-04-02T17:35:17.434010+00:00 [queued]>
[2023-04-02 17:35:24,342] {taskinstance.py:903} INFO - Dependencies all met for <TaskInstance: inovus_etl_dag_stg_to_dwh.date_update_dwh 2023-04-02T17:35:17.434010+00:00 [queued]>
[2023-04-02 17:35:24,344] {taskinstance.py:1095} INFO - 
--------------------------------------------------------------------------------
[2023-04-02 17:35:24,348] {taskinstance.py:1096} INFO - Starting attempt 1 of 1
[2023-04-02 17:35:24,349] {taskinstance.py:1097} INFO - 
--------------------------------------------------------------------------------
[2023-04-02 17:35:24,366] {taskinstance.py:1115} INFO - Executing <Task(PythonOperator): date_update_dwh> on 2023-04-02T17:35:17.434010+00:00
[2023-04-02 17:35:24,372] {standard_task_runner.py:52} INFO - Started process 1302 to run task
[2023-04-02 17:35:24,385] {standard_task_runner.py:76} INFO - Running: ['***', 'tasks', 'run', 'inovus_etl_dag_stg_to_dwh', 'date_update_dwh', '2023-04-02T17:35:17.434010+00:00', '--job-id', '561', '--pool', 'default_pool', '--raw', '--subdir', 'DAGS_FOLDER/inovus_etl_stg_dwh.py', '--cfg-path', '/tmp/tmph4njyoep', '--error-file', '/tmp/tmpmirxejb2']
[2023-04-02 17:35:24,387] {standard_task_runner.py:77} INFO - Job 561: Subtask date_update_dwh
[2023-04-02 17:35:24,445] {logging_mixin.py:109} INFO - Running <TaskInstance: inovus_etl_dag_stg_to_dwh.date_update_dwh 2023-04-02T17:35:17.434010+00:00 [running]> on host 580553a30a83
[2023-04-02 17:35:24,503] {taskinstance.py:1254} INFO - Exporting the following env vars:
AIRFLOW_CTX_DAG_OWNER=***
AIRFLOW_CTX_DAG_ID=inovus_etl_dag_stg_to_dwh
AIRFLOW_CTX_TASK_ID=date_update_dwh
AIRFLOW_CTX_EXECUTION_DATE=2023-04-02T17:35:17.434010+00:00
AIRFLOW_CTX_DAG_RUN_ID=manual__2023-04-02T17:35:17.434010+00:00
[2023-04-02 17:35:24,536] {python.py:151} INFO - Done. Returned value was: None
[2023-04-02 17:35:24,553] {taskinstance.py:1219} INFO - Marking task as SUCCESS. dag_id=inovus_etl_dag_stg_to_dwh, task_id=date_update_dwh, execution_date=20230402T173517, start_date=20230402T173524, end_date=20230402T173524
[2023-04-02 17:35:24,603] {local_task_job.py:151} INFO - Task exited with return code 0
[2023-04-02 17:35:24,635] {local_task_job.py:261} INFO - 0 downstream tasks scheduled from follow-on schedule check
