[2023-03-29 14:24:43,091] {taskinstance.py:903} INFO - Dependencies all met for <TaskInstance: postgres_2222.etl_from_radb_to_mrrdimcustomer 2023-03-28T00:00:00+00:00 [queued]>
[2023-03-29 14:24:43,139] {taskinstance.py:903} INFO - Dependencies all met for <TaskInstance: postgres_2222.etl_from_radb_to_mrrdimcustomer 2023-03-28T00:00:00+00:00 [queued]>
[2023-03-29 14:24:43,148] {taskinstance.py:1095} INFO - 
--------------------------------------------------------------------------------
[2023-03-29 14:24:43,161] {taskinstance.py:1096} INFO - Starting attempt 1 of 1
[2023-03-29 14:24:43,165] {taskinstance.py:1097} INFO - 
--------------------------------------------------------------------------------
[2023-03-29 14:24:43,239] {taskinstance.py:1115} INFO - Executing <Task(PythonOperator): etl_from_radb_to_mrrdimcustomer> on 2023-03-28T00:00:00+00:00
[2023-03-29 14:24:43,258] {standard_task_runner.py:52} INFO - Started process 20900 to run task
[2023-03-29 14:24:43,323] {standard_task_runner.py:76} INFO - Running: ['***', 'tasks', 'run', 'postgres_2222', 'etl_from_radb_to_mrrdimcustomer', '2023-03-28T00:00:00+00:00', '--job-id', '144', '--pool', 'default_pool', '--raw', '--subdir', 'DAGS_FOLDER/ETL.py', '--cfg-path', '/tmp/tmp36y2t55z', '--error-file', '/tmp/tmpkxdvao6j']
[2023-03-29 14:24:43,333] {standard_task_runner.py:77} INFO - Job 144: Subtask etl_from_radb_to_mrrdimcustomer
[2023-03-29 14:24:43,571] {logging_mixin.py:109} INFO - Running <TaskInstance: postgres_2222.etl_from_radb_to_mrrdimcustomer 2023-03-28T00:00:00+00:00 [running]> on host 0bc3da97cebb
[2023-03-29 14:24:43,791] {taskinstance.py:1254} INFO - Exporting the following env vars:
AIRFLOW_CTX_DAG_OWNER=***
AIRFLOW_CTX_DAG_ID=postgres_2222
AIRFLOW_CTX_TASK_ID=etl_from_radb_to_mrrdimcustomer
AIRFLOW_CTX_EXECUTION_DATE=2023-03-28T00:00:00+00:00
AIRFLOW_CTX_DAG_RUN_ID=scheduled__2023-03-28T00:00:00+00:00
[2023-03-29 14:24:43,877] {python.py:151} INFO - Done. Returned value was: None
[2023-03-29 14:24:43,911] {taskinstance.py:1219} INFO - Marking task as SUCCESS. dag_id=postgres_2222, task_id=etl_from_radb_to_mrrdimcustomer, execution_date=20230328T000000, start_date=20230329T142443, end_date=20230329T142443
[2023-03-29 14:24:44,028] {local_task_job.py:151} INFO - Task exited with return code 0
[2023-03-29 14:24:44,115] {local_task_job.py:261} INFO - 1 downstream tasks scheduled from follow-on schedule check
