[2023-03-31 18:05:54,049] {taskinstance.py:903} INFO - Dependencies all met for <TaskInstance: inovus_etl_dag_stg_to_dwh.etl_from_stgdimcproducts_to_dwhdimcproducts 2023-03-31T18:05:51.630844+00:00 [queued]>
[2023-03-31 18:05:54,069] {taskinstance.py:903} INFO - Dependencies all met for <TaskInstance: inovus_etl_dag_stg_to_dwh.etl_from_stgdimcproducts_to_dwhdimcproducts 2023-03-31T18:05:51.630844+00:00 [queued]>
[2023-03-31 18:05:54,071] {taskinstance.py:1095} INFO - 
--------------------------------------------------------------------------------
[2023-03-31 18:05:54,072] {taskinstance.py:1096} INFO - Starting attempt 1 of 1
[2023-03-31 18:05:54,074] {taskinstance.py:1097} INFO - 
--------------------------------------------------------------------------------
[2023-03-31 18:05:54,085] {taskinstance.py:1115} INFO - Executing <Task(PythonOperator): etl_from_stgdimcproducts_to_dwhdimcproducts> on 2023-03-31T18:05:51.630844+00:00
[2023-03-31 18:05:54,091] {standard_task_runner.py:52} INFO - Started process 1220 to run task
[2023-03-31 18:05:54,096] {standard_task_runner.py:76} INFO - Running: ['***', 'tasks', 'run', 'inovus_etl_dag_stg_to_dwh', 'etl_from_stgdimcproducts_to_dwhdimcproducts', '2023-03-31T18:05:51.630844+00:00', '--job-id', '520', '--pool', 'default_pool', '--raw', '--subdir', 'DAGS_FOLDER/inovus_etl_stg_dwh.py', '--cfg-path', '/tmp/tmpw8clmfxg', '--error-file', '/tmp/tmp94qaqazp']
[2023-03-31 18:05:54,098] {standard_task_runner.py:77} INFO - Job 520: Subtask etl_from_stgdimcproducts_to_dwhdimcproducts
[2023-03-31 18:05:54,150] {logging_mixin.py:109} INFO - Running <TaskInstance: inovus_etl_dag_stg_to_dwh.etl_from_stgdimcproducts_to_dwhdimcproducts 2023-03-31T18:05:51.630844+00:00 [running]> on host 0bc3da97cebb
[2023-03-31 18:05:54,205] {taskinstance.py:1254} INFO - Exporting the following env vars:
AIRFLOW_CTX_DAG_OWNER=***
AIRFLOW_CTX_DAG_ID=inovus_etl_dag_stg_to_dwh
AIRFLOW_CTX_TASK_ID=etl_from_stgdimcproducts_to_dwhdimcproducts
AIRFLOW_CTX_EXECUTION_DATE=2023-03-31T18:05:51.630844+00:00
AIRFLOW_CTX_DAG_RUN_ID=manual__2023-03-31T18:05:51.630844+00:00
[2023-03-31 18:05:54,269] {python.py:151} INFO - Done. Returned value was: None
[2023-03-31 18:05:54,289] {taskinstance.py:1219} INFO - Marking task as SUCCESS. dag_id=inovus_etl_dag_stg_to_dwh, task_id=etl_from_stgdimcproducts_to_dwhdimcproducts, execution_date=20230331T180551, start_date=20230331T180554, end_date=20230331T180554
[2023-03-31 18:05:54,354] {local_task_job.py:151} INFO - Task exited with return code 0
[2023-03-31 18:05:54,386] {local_task_job.py:261} INFO - 1 downstream tasks scheduled from follow-on schedule check
