[2023-03-29 14:40:31,751] {taskinstance.py:903} INFO - Dependencies all met for <TaskInstance: postgres_22222222222.date_update_mrr 2023-03-29T14:40:26.558841+00:00 [queued]>
[2023-03-29 14:40:31,769] {taskinstance.py:903} INFO - Dependencies all met for <TaskInstance: postgres_22222222222.date_update_mrr 2023-03-29T14:40:26.558841+00:00 [queued]>
[2023-03-29 14:40:31,771] {taskinstance.py:1095} INFO - 
--------------------------------------------------------------------------------
[2023-03-29 14:40:31,772] {taskinstance.py:1096} INFO - Starting attempt 1 of 1
[2023-03-29 14:40:31,773] {taskinstance.py:1097} INFO - 
--------------------------------------------------------------------------------
[2023-03-29 14:40:31,791] {taskinstance.py:1115} INFO - Executing <Task(PythonOperator): date_update_mrr> on 2023-03-29T14:40:26.558841+00:00
[2023-03-29 14:40:31,813] {standard_task_runner.py:76} INFO - Running: ['***', 'tasks', 'run', 'postgres_22222222222', 'date_update_mrr', '2023-03-29T14:40:26.558841+00:00', '--job-id', '169', '--pool', 'default_pool', '--raw', '--subdir', 'DAGS_FOLDER/ETL.py', '--cfg-path', '/tmp/tmppnh6hm_e', '--error-file', '/tmp/tmpa6h4s09r']
[2023-03-29 14:40:31,802] {standard_task_runner.py:52} INFO - Started process 21669 to run task
[2023-03-29 14:40:31,814] {standard_task_runner.py:77} INFO - Job 169: Subtask date_update_mrr
[2023-03-29 14:40:31,882] {logging_mixin.py:109} INFO - Running <TaskInstance: postgres_22222222222.date_update_mrr 2023-03-29T14:40:26.558841+00:00 [running]> on host 0bc3da97cebb
[2023-03-29 14:40:31,950] {taskinstance.py:1254} INFO - Exporting the following env vars:
AIRFLOW_CTX_DAG_OWNER=***
AIRFLOW_CTX_DAG_ID=postgres_22222222222
AIRFLOW_CTX_TASK_ID=date_update_mrr
AIRFLOW_CTX_EXECUTION_DATE=2023-03-29T14:40:26.558841+00:00
AIRFLOW_CTX_DAG_RUN_ID=manual__2023-03-29T14:40:26.558841+00:00
[2023-03-29 14:40:31,981] {python.py:151} INFO - Done. Returned value was: None
[2023-03-29 14:40:32,003] {taskinstance.py:1219} INFO - Marking task as SUCCESS. dag_id=postgres_22222222222, task_id=date_update_mrr, execution_date=20230329T144026, start_date=20230329T144031, end_date=20230329T144032
[2023-03-29 14:40:32,072] {local_task_job.py:151} INFO - Task exited with return code 0
[2023-03-29 14:40:32,117] {local_task_job.py:261} INFO - 0 downstream tasks scheduled from follow-on schedule check
