[2023-04-02 17:20:05,323] {taskinstance.py:903} INFO - Dependencies all met for <TaskInstance: inovus_etl_odb_to_mrr.etl_odb_to_mrr_dim_products 2023-04-02T17:20:00.547505+00:00 [queued]>
[2023-04-02 17:20:05,337] {taskinstance.py:903} INFO - Dependencies all met for <TaskInstance: inovus_etl_odb_to_mrr.etl_odb_to_mrr_dim_products 2023-04-02T17:20:00.547505+00:00 [queued]>
[2023-04-02 17:20:05,339] {taskinstance.py:1095} INFO - 
--------------------------------------------------------------------------------
[2023-04-02 17:20:05,340] {taskinstance.py:1096} INFO - Starting attempt 1 of 1
[2023-04-02 17:20:05,342] {taskinstance.py:1097} INFO - 
--------------------------------------------------------------------------------
[2023-04-02 17:20:05,358] {taskinstance.py:1115} INFO - Executing <Task(PythonOperator): etl_odb_to_mrr_dim_products> on 2023-04-02T17:20:00.547505+00:00
[2023-04-02 17:20:05,363] {standard_task_runner.py:52} INFO - Started process 550 to run task
[2023-04-02 17:20:05,370] {standard_task_runner.py:76} INFO - Running: ['***', 'tasks', 'run', 'inovus_etl_odb_to_mrr', 'etl_odb_to_mrr_dim_products', '2023-04-02T17:20:00.547505+00:00', '--job-id', '542', '--pool', 'default_pool', '--raw', '--subdir', 'DAGS_FOLDER/inovus_etl_odb_mrr.py', '--cfg-path', '/tmp/tmp80pgh154', '--error-file', '/tmp/tmpcydzjj8v']
[2023-04-02 17:20:05,372] {standard_task_runner.py:77} INFO - Job 542: Subtask etl_odb_to_mrr_dim_products
[2023-04-02 17:20:05,433] {logging_mixin.py:109} INFO - Running <TaskInstance: inovus_etl_odb_to_mrr.etl_odb_to_mrr_dim_products 2023-04-02T17:20:00.547505+00:00 [running]> on host 580553a30a83
[2023-04-02 17:20:05,496] {taskinstance.py:1254} INFO - Exporting the following env vars:
AIRFLOW_CTX_DAG_OWNER=***
AIRFLOW_CTX_DAG_ID=inovus_etl_odb_to_mrr
AIRFLOW_CTX_TASK_ID=etl_odb_to_mrr_dim_products
AIRFLOW_CTX_EXECUTION_DATE=2023-04-02T17:20:00.547505+00:00
AIRFLOW_CTX_DAG_RUN_ID=manual__2023-04-02T17:20:00.547505+00:00
[2023-04-02 17:20:05,608] {python.py:151} INFO - Done. Returned value was: None
[2023-04-02 17:20:05,627] {taskinstance.py:1219} INFO - Marking task as SUCCESS. dag_id=inovus_etl_odb_to_mrr, task_id=etl_odb_to_mrr_dim_products, execution_date=20230402T172000, start_date=20230402T172005, end_date=20230402T172005
[2023-04-02 17:20:05,669] {local_task_job.py:151} INFO - Task exited with return code 0
[2023-04-02 17:20:05,703] {local_task_job.py:261} INFO - 1 downstream tasks scheduled from follow-on schedule check
