[2023-03-29 15:55:48,714] {taskinstance.py:903} INFO - Dependencies all met for <TaskInstance: postgres_22222222222.date_update_mrr 2023-03-29T15:55:41.644804+00:00 [queued]>
[2023-03-29 15:55:48,836] {taskinstance.py:903} INFO - Dependencies all met for <TaskInstance: postgres_22222222222.date_update_mrr 2023-03-29T15:55:41.644804+00:00 [queued]>
[2023-03-29 15:55:48,842] {taskinstance.py:1095} INFO - 
--------------------------------------------------------------------------------
[2023-03-29 15:55:48,855] {taskinstance.py:1096} INFO - Starting attempt 1 of 1
[2023-03-29 15:55:48,862] {taskinstance.py:1097} INFO - 
--------------------------------------------------------------------------------
[2023-03-29 15:55:48,923] {taskinstance.py:1115} INFO - Executing <Task(PythonOperator): date_update_mrr> on 2023-03-29T15:55:41.644804+00:00
[2023-03-29 15:55:48,932] {standard_task_runner.py:52} INFO - Started process 25180 to run task
[2023-03-29 15:55:48,986] {standard_task_runner.py:76} INFO - Running: ['***', 'tasks', 'run', 'postgres_22222222222', 'date_update_mrr', '2023-03-29T15:55:41.644804+00:00', '--job-id', '210', '--pool', 'default_pool', '--raw', '--subdir', 'DAGS_FOLDER/ETL.py', '--cfg-path', '/tmp/tmpxwn8ysaa', '--error-file', '/tmp/tmp8swgq88d']
[2023-03-29 15:55:49,001] {standard_task_runner.py:77} INFO - Job 210: Subtask date_update_mrr
[2023-03-29 15:55:49,158] {logging_mixin.py:109} INFO - Running <TaskInstance: postgres_22222222222.date_update_mrr 2023-03-29T15:55:41.644804+00:00 [running]> on host 0bc3da97cebb
[2023-03-29 15:55:49,266] {taskinstance.py:1254} INFO - Exporting the following env vars:
AIRFLOW_CTX_DAG_OWNER=***
AIRFLOW_CTX_DAG_ID=postgres_22222222222
AIRFLOW_CTX_TASK_ID=date_update_mrr
AIRFLOW_CTX_EXECUTION_DATE=2023-03-29T15:55:41.644804+00:00
AIRFLOW_CTX_DAG_RUN_ID=manual__2023-03-29T15:55:41.644804+00:00
[2023-03-29 15:55:49,314] {python.py:151} INFO - Done. Returned value was: None
[2023-03-29 15:55:49,359] {taskinstance.py:1219} INFO - Marking task as SUCCESS. dag_id=postgres_22222222222, task_id=date_update_mrr, execution_date=20230329T155541, start_date=20230329T155548, end_date=20230329T155549
[2023-03-29 15:55:49,438] {local_task_job.py:151} INFO - Task exited with return code 0
[2023-03-29 15:55:49,486] {local_task_job.py:261} INFO - 0 downstream tasks scheduled from follow-on schedule check
