[2023-03-29 16:17:39,771] {taskinstance.py:903} INFO - Dependencies all met for <TaskInstance: postgres_22222222222.etl_from_radb_to_mrrdimcproducts 2023-03-29T16:17:34.561041+00:00 [queued]>
[2023-03-29 16:17:39,791] {taskinstance.py:903} INFO - Dependencies all met for <TaskInstance: postgres_22222222222.etl_from_radb_to_mrrdimcproducts 2023-03-29T16:17:34.561041+00:00 [queued]>
[2023-03-29 16:17:39,792] {taskinstance.py:1095} INFO - 
--------------------------------------------------------------------------------
[2023-03-29 16:17:39,794] {taskinstance.py:1096} INFO - Starting attempt 1 of 1
[2023-03-29 16:17:39,795] {taskinstance.py:1097} INFO - 
--------------------------------------------------------------------------------
[2023-03-29 16:17:39,815] {taskinstance.py:1115} INFO - Executing <Task(PythonOperator): etl_from_radb_to_mrrdimcproducts> on 2023-03-29T16:17:34.561041+00:00
[2023-03-29 16:17:39,823] {standard_task_runner.py:52} INFO - Started process 26387 to run task
[2023-03-29 16:17:39,837] {standard_task_runner.py:76} INFO - Running: ['***', 'tasks', 'run', 'postgres_22222222222', 'etl_from_radb_to_mrrdimcproducts', '2023-03-29T16:17:34.561041+00:00', '--job-id', '311', '--pool', 'default_pool', '--raw', '--subdir', 'DAGS_FOLDER/ETL.py', '--cfg-path', '/tmp/tmpw790r2sv', '--error-file', '/tmp/tmpyslxl61d']
[2023-03-29 16:17:39,844] {standard_task_runner.py:77} INFO - Job 311: Subtask etl_from_radb_to_mrrdimcproducts
[2023-03-29 16:17:39,926] {logging_mixin.py:109} INFO - Running <TaskInstance: postgres_22222222222.etl_from_radb_to_mrrdimcproducts 2023-03-29T16:17:34.561041+00:00 [running]> on host 0bc3da97cebb
[2023-03-29 16:17:40,002] {taskinstance.py:1254} INFO - Exporting the following env vars:
AIRFLOW_CTX_DAG_OWNER=***
AIRFLOW_CTX_DAG_ID=postgres_22222222222
AIRFLOW_CTX_TASK_ID=etl_from_radb_to_mrrdimcproducts
AIRFLOW_CTX_EXECUTION_DATE=2023-03-29T16:17:34.561041+00:00
AIRFLOW_CTX_DAG_RUN_ID=manual__2023-03-29T16:17:34.561041+00:00
[2023-03-29 16:17:40,083] {python.py:151} INFO - Done. Returned value was: None
[2023-03-29 16:17:40,101] {taskinstance.py:1219} INFO - Marking task as SUCCESS. dag_id=postgres_22222222222, task_id=etl_from_radb_to_mrrdimcproducts, execution_date=20230329T161734, start_date=20230329T161739, end_date=20230329T161740
[2023-03-29 16:17:40,131] {local_task_job.py:151} INFO - Task exited with return code 0
[2023-03-29 16:17:40,160] {local_task_job.py:261} INFO - 1 downstream tasks scheduled from follow-on schedule check
