[2023-03-28 18:06:46,564] {taskinstance.py:903} INFO - Dependencies all met for <TaskInstance: postgres_etl_dag_radb_to_mmr.etl_from_radb_to_mrrdimcproducts 2023-03-26T00:00:00+00:00 [queued]>
[2023-03-28 18:06:47,306] {taskinstance.py:903} INFO - Dependencies all met for <TaskInstance: postgres_etl_dag_radb_to_mmr.etl_from_radb_to_mrrdimcproducts 2023-03-26T00:00:00+00:00 [queued]>
[2023-03-28 18:06:47,322] {taskinstance.py:1095} INFO - 
--------------------------------------------------------------------------------
[2023-03-28 18:06:47,381] {taskinstance.py:1096} INFO - Starting attempt 1 of 1
[2023-03-28 18:06:47,412] {taskinstance.py:1097} INFO - 
--------------------------------------------------------------------------------
[2023-03-28 18:06:47,564] {taskinstance.py:1115} INFO - Executing <Task(PythonOperator): etl_from_radb_to_mrrdimcproducts> on 2023-03-26T00:00:00+00:00
[2023-03-28 18:06:47,615] {standard_task_runner.py:52} INFO - Started process 7691 to run task
[2023-03-28 18:06:47,692] {standard_task_runner.py:76} INFO - Running: ['***', 'tasks', 'run', 'postgres_etl_dag_radb_to_mmr', 'etl_from_radb_to_mrrdimcproducts', '2023-03-26T00:00:00+00:00', '--job-id', '27', '--pool', 'default_pool', '--raw', '--subdir', 'DAGS_FOLDER/inovus_etl_radb_mrr_stg_dwh.py', '--cfg-path', '/tmp/tmpdqhovqze', '--error-file', '/tmp/tmpyrfhcyhe']
[2023-03-28 18:06:47,705] {standard_task_runner.py:77} INFO - Job 27: Subtask etl_from_radb_to_mrrdimcproducts
[2023-03-28 18:06:48,196] {logging_mixin.py:109} INFO - Running <TaskInstance: postgres_etl_dag_radb_to_mmr.etl_from_radb_to_mrrdimcproducts 2023-03-26T00:00:00+00:00 [running]> on host 0bc3da97cebb
[2023-03-28 18:06:48,843] {taskinstance.py:1254} INFO - Exporting the following env vars:
AIRFLOW_CTX_DAG_OWNER=***
AIRFLOW_CTX_DAG_ID=postgres_etl_dag_radb_to_mmr
AIRFLOW_CTX_TASK_ID=etl_from_radb_to_mrrdimcproducts
AIRFLOW_CTX_EXECUTION_DATE=2023-03-26T00:00:00+00:00
AIRFLOW_CTX_DAG_RUN_ID=scheduled__2023-03-26T00:00:00+00:00
[2023-03-28 18:06:57,264] {python.py:151} INFO - Done. Returned value was: None
[2023-03-28 18:06:58,072] {taskinstance.py:1219} INFO - Marking task as SUCCESS. dag_id=postgres_etl_dag_radb_to_mmr, task_id=etl_from_radb_to_mrrdimcproducts, execution_date=20230326T000000, start_date=20230328T180646, end_date=20230328T180658
[2023-03-28 18:06:58,697] {local_task_job.py:151} INFO - Task exited with return code 0
[2023-03-28 18:06:59,001] {local_task_job.py:261} INFO - 0 downstream tasks scheduled from follow-on schedule check
