[2023-03-29 16:02:40,727] {taskinstance.py:903} INFO - Dependencies all met for <TaskInstance: postgres_22222222222.etl_from_radb_to_mrrdimcustomer 2023-03-29T16:02:38.053815+00:00 [queued]>
[2023-03-29 16:02:40,753] {taskinstance.py:903} INFO - Dependencies all met for <TaskInstance: postgres_22222222222.etl_from_radb_to_mrrdimcustomer 2023-03-29T16:02:38.053815+00:00 [queued]>
[2023-03-29 16:02:40,755] {taskinstance.py:1095} INFO - 
--------------------------------------------------------------------------------
[2023-03-29 16:02:40,760] {taskinstance.py:1096} INFO - Starting attempt 1 of 1
[2023-03-29 16:02:40,761] {taskinstance.py:1097} INFO - 
--------------------------------------------------------------------------------
[2023-03-29 16:02:40,795] {taskinstance.py:1115} INFO - Executing <Task(PythonOperator): etl_from_radb_to_mrrdimcustomer> on 2023-03-29T16:02:38.053815+00:00
[2023-03-29 16:02:40,808] {standard_task_runner.py:52} INFO - Started process 25577 to run task
[2023-03-29 16:02:40,833] {standard_task_runner.py:76} INFO - Running: ['***', 'tasks', 'run', 'postgres_22222222222', 'etl_from_radb_to_mrrdimcustomer', '2023-03-29T16:02:38.053815+00:00', '--job-id', '250', '--pool', 'default_pool', '--raw', '--subdir', 'DAGS_FOLDER/ETL.py', '--cfg-path', '/tmp/tmp8eo08psy', '--error-file', '/tmp/tmp73loztif']
[2023-03-29 16:02:40,834] {standard_task_runner.py:77} INFO - Job 250: Subtask etl_from_radb_to_mrrdimcustomer
[2023-03-29 16:02:41,009] {logging_mixin.py:109} INFO - Running <TaskInstance: postgres_22222222222.etl_from_radb_to_mrrdimcustomer 2023-03-29T16:02:38.053815+00:00 [running]> on host 0bc3da97cebb
[2023-03-29 16:02:41,107] {taskinstance.py:1254} INFO - Exporting the following env vars:
AIRFLOW_CTX_DAG_OWNER=***
AIRFLOW_CTX_DAG_ID=postgres_22222222222
AIRFLOW_CTX_TASK_ID=etl_from_radb_to_mrrdimcustomer
AIRFLOW_CTX_EXECUTION_DATE=2023-03-29T16:02:38.053815+00:00
AIRFLOW_CTX_DAG_RUN_ID=manual__2023-03-29T16:02:38.053815+00:00
[2023-03-29 16:02:41,192] {python.py:151} INFO - Done. Returned value was: None
[2023-03-29 16:02:41,219] {taskinstance.py:1219} INFO - Marking task as SUCCESS. dag_id=postgres_22222222222, task_id=etl_from_radb_to_mrrdimcustomer, execution_date=20230329T160238, start_date=20230329T160240, end_date=20230329T160241
[2023-03-29 16:02:41,261] {local_task_job.py:151} INFO - Task exited with return code 0
[2023-03-29 16:02:41,298] {local_task_job.py:261} INFO - 1 downstream tasks scheduled from follow-on schedule check
