[2023-03-28 18:36:48,947] {taskinstance.py:903} INFO - Dependencies all met for <TaskInstance: inovus_etl_dag_mrr_to_stg.etl_from_mrrdimcproducts_to_stgdimcproducts 2023-03-28T18:36:47.412876+00:00 [queued]>
[2023-03-28 18:36:48,999] {taskinstance.py:903} INFO - Dependencies all met for <TaskInstance: inovus_etl_dag_mrr_to_stg.etl_from_mrrdimcproducts_to_stgdimcproducts 2023-03-28T18:36:47.412876+00:00 [queued]>
[2023-03-28 18:36:49,000] {taskinstance.py:1095} INFO - 
--------------------------------------------------------------------------------
[2023-03-28 18:36:49,002] {taskinstance.py:1096} INFO - Starting attempt 1 of 1
[2023-03-28 18:36:49,004] {taskinstance.py:1097} INFO - 
--------------------------------------------------------------------------------
[2023-03-28 18:36:49,038] {taskinstance.py:1115} INFO - Executing <Task(PythonOperator): etl_from_mrrdimcproducts_to_stgdimcproducts> on 2023-03-28T18:36:47.412876+00:00
[2023-03-28 18:36:49,049] {standard_task_runner.py:52} INFO - Started process 9160 to run task
[2023-03-28 18:36:49,071] {standard_task_runner.py:76} INFO - Running: ['***', 'tasks', 'run', 'inovus_etl_dag_mrr_to_stg', 'etl_from_mrrdimcproducts_to_stgdimcproducts', '2023-03-28T18:36:47.412876+00:00', '--job-id', '65', '--pool', 'default_pool', '--raw', '--subdir', 'DAGS_FOLDER/inovus_etl_mrr_stg.py', '--cfg-path', '/tmp/tmp_6_slrbc', '--error-file', '/tmp/tmpqcp_cjp1']
[2023-03-28 18:36:49,075] {standard_task_runner.py:77} INFO - Job 65: Subtask etl_from_mrrdimcproducts_to_stgdimcproducts
[2023-03-28 18:36:49,175] {logging_mixin.py:109} INFO - Running <TaskInstance: inovus_etl_dag_mrr_to_stg.etl_from_mrrdimcproducts_to_stgdimcproducts 2023-03-28T18:36:47.412876+00:00 [running]> on host 0bc3da97cebb
[2023-03-28 18:36:49,327] {taskinstance.py:1254} INFO - Exporting the following env vars:
AIRFLOW_CTX_DAG_OWNER=***
AIRFLOW_CTX_DAG_ID=inovus_etl_dag_mrr_to_stg
AIRFLOW_CTX_TASK_ID=etl_from_mrrdimcproducts_to_stgdimcproducts
AIRFLOW_CTX_EXECUTION_DATE=2023-03-28T18:36:47.412876+00:00
AIRFLOW_CTX_DAG_RUN_ID=manual__2023-03-28T18:36:47.412876+00:00
[2023-03-28 18:36:49,376] {python.py:151} INFO - Done. Returned value was: None
[2023-03-28 18:36:49,403] {taskinstance.py:1219} INFO - Marking task as SUCCESS. dag_id=inovus_etl_dag_mrr_to_stg, task_id=etl_from_mrrdimcproducts_to_stgdimcproducts, execution_date=20230328T183647, start_date=20230328T183648, end_date=20230328T183649
[2023-03-28 18:36:49,456] {local_task_job.py:151} INFO - Task exited with return code 0
[2023-03-28 18:36:49,499] {local_task_job.py:261} INFO - 0 downstream tasks scheduled from follow-on schedule check
