[2023-03-29 14:41:25,207] {taskinstance.py:903} INFO - Dependencies all met for <TaskInstance: postgres_22222222222.etl_from_radb_to_mrrdimcproducts 2023-03-29T14:41:20.947023+00:00 [queued]>
[2023-03-29 14:41:25,240] {taskinstance.py:903} INFO - Dependencies all met for <TaskInstance: postgres_22222222222.etl_from_radb_to_mrrdimcproducts 2023-03-29T14:41:20.947023+00:00 [queued]>
[2023-03-29 14:41:25,242] {taskinstance.py:1095} INFO - 
--------------------------------------------------------------------------------
[2023-03-29 14:41:25,243] {taskinstance.py:1096} INFO - Starting attempt 1 of 1
[2023-03-29 14:41:25,245] {taskinstance.py:1097} INFO - 
--------------------------------------------------------------------------------
[2023-03-29 14:41:25,279] {taskinstance.py:1115} INFO - Executing <Task(PythonOperator): etl_from_radb_to_mrrdimcproducts> on 2023-03-29T14:41:20.947023+00:00
[2023-03-29 14:41:25,304] {standard_task_runner.py:76} INFO - Running: ['***', 'tasks', 'run', 'postgres_22222222222', 'etl_from_radb_to_mrrdimcproducts', '2023-03-29T14:41:20.947023+00:00', '--job-id', '172', '--pool', 'default_pool', '--raw', '--subdir', 'DAGS_FOLDER/ETL.py', '--cfg-path', '/tmp/tmpq3ri5g70', '--error-file', '/tmp/tmp7fxobasi']
[2023-03-29 14:41:25,306] {standard_task_runner.py:77} INFO - Job 172: Subtask etl_from_radb_to_mrrdimcproducts
[2023-03-29 14:41:25,289] {standard_task_runner.py:52} INFO - Started process 21718 to run task
[2023-03-29 14:41:25,401] {logging_mixin.py:109} INFO - Running <TaskInstance: postgres_22222222222.etl_from_radb_to_mrrdimcproducts 2023-03-29T14:41:20.947023+00:00 [running]> on host 0bc3da97cebb
[2023-03-29 14:41:25,526] {taskinstance.py:1254} INFO - Exporting the following env vars:
AIRFLOW_CTX_DAG_OWNER=***
AIRFLOW_CTX_DAG_ID=postgres_22222222222
AIRFLOW_CTX_TASK_ID=etl_from_radb_to_mrrdimcproducts
AIRFLOW_CTX_EXECUTION_DATE=2023-03-29T14:41:20.947023+00:00
AIRFLOW_CTX_DAG_RUN_ID=manual__2023-03-29T14:41:20.947023+00:00
[2023-03-29 14:41:25,614] {python.py:151} INFO - Done. Returned value was: None
[2023-03-29 14:41:25,637] {taskinstance.py:1219} INFO - Marking task as SUCCESS. dag_id=postgres_22222222222, task_id=etl_from_radb_to_mrrdimcproducts, execution_date=20230329T144120, start_date=20230329T144125, end_date=20230329T144125
[2023-03-29 14:41:25,709] {local_task_job.py:151} INFO - Task exited with return code 0
[2023-03-29 14:41:25,774] {local_task_job.py:261} INFO - 1 downstream tasks scheduled from follow-on schedule check
