[2023-04-02 17:27:57,130] {taskinstance.py:903} INFO - Dependencies all met for <TaskInstance: inovus_etl_dag_mrr_to_stg.etl_from_mrr_fsales_to_stg_fsales 2023-04-02T17:27:54.964859+00:00 [queued]>
[2023-04-02 17:27:57,162] {taskinstance.py:903} INFO - Dependencies all met for <TaskInstance: inovus_etl_dag_mrr_to_stg.etl_from_mrr_fsales_to_stg_fsales 2023-04-02T17:27:54.964859+00:00 [queued]>
[2023-04-02 17:27:57,165] {taskinstance.py:1095} INFO - 
--------------------------------------------------------------------------------
[2023-04-02 17:27:57,166] {taskinstance.py:1096} INFO - Starting attempt 1 of 1
[2023-04-02 17:27:57,169] {taskinstance.py:1097} INFO - 
--------------------------------------------------------------------------------
[2023-04-02 17:27:57,210] {taskinstance.py:1115} INFO - Executing <Task(PythonOperator): etl_from_mrr_fsales_to_stg_fsales> on 2023-04-02T17:27:54.964859+00:00
[2023-04-02 17:27:57,238] {standard_task_runner.py:76} INFO - Running: ['***', 'tasks', 'run', 'inovus_etl_dag_mrr_to_stg', 'etl_from_mrr_fsales_to_stg_fsales', '2023-04-02T17:27:54.964859+00:00', '--job-id', '553', '--pool', 'default_pool', '--raw', '--subdir', 'DAGS_FOLDER/inovus_etl_mrr_stg.py', '--cfg-path', '/tmp/tmp0zchyxz5', '--error-file', '/tmp/tmp7w1ngwq4']
[2023-04-02 17:27:57,241] {standard_task_runner.py:77} INFO - Job 553: Subtask etl_from_mrr_fsales_to_stg_fsales
[2023-04-02 17:27:57,229] {standard_task_runner.py:52} INFO - Started process 935 to run task
[2023-04-02 17:27:57,399] {logging_mixin.py:109} INFO - Running <TaskInstance: inovus_etl_dag_mrr_to_stg.etl_from_mrr_fsales_to_stg_fsales 2023-04-02T17:27:54.964859+00:00 [running]> on host 580553a30a83
[2023-04-02 17:27:57,545] {taskinstance.py:1254} INFO - Exporting the following env vars:
AIRFLOW_CTX_DAG_OWNER=***
AIRFLOW_CTX_DAG_ID=inovus_etl_dag_mrr_to_stg
AIRFLOW_CTX_TASK_ID=etl_from_mrr_fsales_to_stg_fsales
AIRFLOW_CTX_EXECUTION_DATE=2023-04-02T17:27:54.964859+00:00
AIRFLOW_CTX_DAG_RUN_ID=manual__2023-04-02T17:27:54.964859+00:00
[2023-04-02 17:27:57,691] {python.py:151} INFO - Done. Returned value was: None
[2023-04-02 17:27:57,713] {taskinstance.py:1219} INFO - Marking task as SUCCESS. dag_id=inovus_etl_dag_mrr_to_stg, task_id=etl_from_mrr_fsales_to_stg_fsales, execution_date=20230402T172754, start_date=20230402T172757, end_date=20230402T172757
[2023-04-02 17:27:57,818] {local_task_job.py:151} INFO - Task exited with return code 0
[2023-04-02 17:27:57,845] {local_task_job.py:261} INFO - 0 downstream tasks scheduled from follow-on schedule check
