[2023-03-28 18:46:10,489] {taskinstance.py:903} INFO - Dependencies all met for <TaskInstance: inovus_etl_dag_stg_to_dwh.etl_from_stgdimcproducts_to_dwhdimcproducts 2023-03-28T18:46:08.140238+00:00 [queued]>
[2023-03-28 18:46:10,518] {taskinstance.py:903} INFO - Dependencies all met for <TaskInstance: inovus_etl_dag_stg_to_dwh.etl_from_stgdimcproducts_to_dwhdimcproducts 2023-03-28T18:46:08.140238+00:00 [queued]>
[2023-03-28 18:46:10,520] {taskinstance.py:1095} INFO - 
--------------------------------------------------------------------------------
[2023-03-28 18:46:10,521] {taskinstance.py:1096} INFO - Starting attempt 1 of 1
[2023-03-28 18:46:10,523] {taskinstance.py:1097} INFO - 
--------------------------------------------------------------------------------
[2023-03-28 18:46:10,533] {taskinstance.py:1115} INFO - Executing <Task(PythonOperator): etl_from_stgdimcproducts_to_dwhdimcproducts> on 2023-03-28T18:46:08.140238+00:00
[2023-03-28 18:46:10,539] {standard_task_runner.py:52} INFO - Started process 9650 to run task
[2023-03-28 18:46:10,558] {standard_task_runner.py:76} INFO - Running: ['***', 'tasks', 'run', 'inovus_etl_dag_stg_to_dwh', 'etl_from_stgdimcproducts_to_dwhdimcproducts', '2023-03-28T18:46:08.140238+00:00', '--job-id', '89', '--pool', 'default_pool', '--raw', '--subdir', 'DAGS_FOLDER/inovus_etl_stg_dwh.py', '--cfg-path', '/tmp/tmph44vya31', '--error-file', '/tmp/tmpgfvpg2qc']
[2023-03-28 18:46:10,560] {standard_task_runner.py:77} INFO - Job 89: Subtask etl_from_stgdimcproducts_to_dwhdimcproducts
[2023-03-28 18:46:10,624] {logging_mixin.py:109} INFO - Running <TaskInstance: inovus_etl_dag_stg_to_dwh.etl_from_stgdimcproducts_to_dwhdimcproducts 2023-03-28T18:46:08.140238+00:00 [running]> on host 0bc3da97cebb
[2023-03-28 18:46:10,690] {taskinstance.py:1254} INFO - Exporting the following env vars:
AIRFLOW_CTX_DAG_OWNER=***
AIRFLOW_CTX_DAG_ID=inovus_etl_dag_stg_to_dwh
AIRFLOW_CTX_TASK_ID=etl_from_stgdimcproducts_to_dwhdimcproducts
AIRFLOW_CTX_EXECUTION_DATE=2023-03-28T18:46:08.140238+00:00
AIRFLOW_CTX_DAG_RUN_ID=manual__2023-03-28T18:46:08.140238+00:00
[2023-03-28 18:46:10,723] {python.py:151} INFO - Done. Returned value was: None
[2023-03-28 18:46:10,743] {taskinstance.py:1219} INFO - Marking task as SUCCESS. dag_id=inovus_etl_dag_stg_to_dwh, task_id=etl_from_stgdimcproducts_to_dwhdimcproducts, execution_date=20230328T184608, start_date=20230328T184610, end_date=20230328T184610
[2023-03-28 18:46:10,803] {local_task_job.py:151} INFO - Task exited with return code 0
[2023-03-28 18:46:10,839] {local_task_job.py:261} INFO - 1 downstream tasks scheduled from follow-on schedule check
