[2023-03-29 15:02:29,918] {taskinstance.py:903} INFO - Dependencies all met for <TaskInstance: postgres_22222222222.etl_from_radb_to_mrrfsales 2023-03-29T15:02:28.209561+00:00 [queued]>
[2023-03-29 15:02:29,968] {taskinstance.py:903} INFO - Dependencies all met for <TaskInstance: postgres_22222222222.etl_from_radb_to_mrrfsales 2023-03-29T15:02:28.209561+00:00 [queued]>
[2023-03-29 15:02:29,972] {taskinstance.py:1095} INFO - 
--------------------------------------------------------------------------------
[2023-03-29 15:02:29,973] {taskinstance.py:1096} INFO - Starting attempt 1 of 1
[2023-03-29 15:02:29,987] {taskinstance.py:1097} INFO - 
--------------------------------------------------------------------------------
[2023-03-29 15:02:30,020] {taskinstance.py:1115} INFO - Executing <Task(PythonOperator): etl_from_radb_to_mrrfsales> on 2023-03-29T15:02:28.209561+00:00
[2023-03-29 15:02:30,032] {standard_task_runner.py:52} INFO - Started process 22707 to run task
[2023-03-29 15:02:30,061] {standard_task_runner.py:76} INFO - Running: ['***', 'tasks', 'run', 'postgres_22222222222', 'etl_from_radb_to_mrrfsales', '2023-03-29T15:02:28.209561+00:00', '--job-id', '186', '--pool', 'default_pool', '--raw', '--subdir', 'DAGS_FOLDER/ETL.py', '--cfg-path', '/tmp/tmpcg01ba5b', '--error-file', '/tmp/tmpdkl1_f5r']
[2023-03-29 15:02:30,066] {standard_task_runner.py:77} INFO - Job 186: Subtask etl_from_radb_to_mrrfsales
[2023-03-29 15:02:30,414] {logging_mixin.py:109} INFO - Running <TaskInstance: postgres_22222222222.etl_from_radb_to_mrrfsales 2023-03-29T15:02:28.209561+00:00 [running]> on host 0bc3da97cebb
[2023-03-29 15:02:30,865] {taskinstance.py:1254} INFO - Exporting the following env vars:
AIRFLOW_CTX_DAG_OWNER=***
AIRFLOW_CTX_DAG_ID=postgres_22222222222
AIRFLOW_CTX_TASK_ID=etl_from_radb_to_mrrfsales
AIRFLOW_CTX_EXECUTION_DATE=2023-03-29T15:02:28.209561+00:00
AIRFLOW_CTX_DAG_RUN_ID=manual__2023-03-29T15:02:28.209561+00:00
[2023-03-29 15:02:31,332] {python.py:151} INFO - Done. Returned value was: None
[2023-03-29 15:02:31,372] {taskinstance.py:1219} INFO - Marking task as SUCCESS. dag_id=postgres_22222222222, task_id=etl_from_radb_to_mrrfsales, execution_date=20230329T150228, start_date=20230329T150229, end_date=20230329T150231
[2023-03-29 15:02:31,504] {local_task_job.py:151} INFO - Task exited with return code 0
[2023-03-29 15:02:31,630] {local_task_job.py:261} INFO - 0 downstream tasks scheduled from follow-on schedule check
