[2023-03-28 18:21:12,492] {taskinstance.py:903} INFO - Dependencies all met for <TaskInstance: inovus_etl_dag_mrr_to_stg.etl_from_mrrfsales_to_stgfsales 2023-03-26T00:00:00+00:00 [queued]>
[2023-03-28 18:21:12,725] {taskinstance.py:903} INFO - Dependencies all met for <TaskInstance: inovus_etl_dag_mrr_to_stg.etl_from_mrrfsales_to_stgfsales 2023-03-26T00:00:00+00:00 [queued]>
[2023-03-28 18:21:12,728] {taskinstance.py:1095} INFO - 
--------------------------------------------------------------------------------
[2023-03-28 18:21:12,729] {taskinstance.py:1096} INFO - Starting attempt 1 of 1
[2023-03-28 18:21:12,739] {taskinstance.py:1097} INFO - 
--------------------------------------------------------------------------------
[2023-03-28 18:21:12,852] {taskinstance.py:1115} INFO - Executing <Task(PythonOperator): etl_from_mrrfsales_to_stgfsales> on 2023-03-26T00:00:00+00:00
[2023-03-28 18:21:12,968] {standard_task_runner.py:76} INFO - Running: ['***', 'tasks', 'run', 'inovus_etl_dag_mrr_to_stg', 'etl_from_mrrfsales_to_stgfsales', '2023-03-26T00:00:00+00:00', '--job-id', '39', '--pool', 'default_pool', '--raw', '--subdir', 'DAGS_FOLDER/inovus_etl_mrr_stg.py', '--cfg-path', '/tmp/tmpquzydyp7', '--error-file', '/tmp/tmpwjj3dxy7']
[2023-03-28 18:21:12,980] {standard_task_runner.py:77} INFO - Job 39: Subtask etl_from_mrrfsales_to_stgfsales
[2023-03-28 18:21:12,916] {standard_task_runner.py:52} INFO - Started process 8392 to run task
[2023-03-28 18:21:13,485] {logging_mixin.py:109} INFO - Running <TaskInstance: inovus_etl_dag_mrr_to_stg.etl_from_mrrfsales_to_stgfsales 2023-03-26T00:00:00+00:00 [running]> on host 0bc3da97cebb
[2023-03-28 18:21:14,032] {taskinstance.py:1254} INFO - Exporting the following env vars:
AIRFLOW_CTX_DAG_OWNER=***
AIRFLOW_CTX_DAG_ID=inovus_etl_dag_mrr_to_stg
AIRFLOW_CTX_TASK_ID=etl_from_mrrfsales_to_stgfsales
AIRFLOW_CTX_EXECUTION_DATE=2023-03-26T00:00:00+00:00
AIRFLOW_CTX_DAG_RUN_ID=scheduled__2023-03-26T00:00:00+00:00
[2023-03-28 18:21:14,415] {python.py:151} INFO - Done. Returned value was: None
[2023-03-28 18:21:14,444] {taskinstance.py:1219} INFO - Marking task as SUCCESS. dag_id=inovus_etl_dag_mrr_to_stg, task_id=etl_from_mrrfsales_to_stgfsales, execution_date=20230326T000000, start_date=20230328T182112, end_date=20230328T182114
[2023-03-28 18:21:14,599] {local_task_job.py:151} INFO - Task exited with return code 0
[2023-03-28 18:21:14,866] {local_task_job.py:261} INFO - 0 downstream tasks scheduled from follow-on schedule check
