[2023-03-29 16:36:52,637] {taskinstance.py:903} INFO - Dependencies all met for <TaskInstance: postgres_22222222222.date_update_mrr 2023-03-29T16:36:46.397724+00:00 [queued]>
[2023-03-29 16:36:52,651] {taskinstance.py:903} INFO - Dependencies all met for <TaskInstance: postgres_22222222222.date_update_mrr 2023-03-29T16:36:46.397724+00:00 [queued]>
[2023-03-29 16:36:52,653] {taskinstance.py:1095} INFO - 
--------------------------------------------------------------------------------
[2023-03-29 16:36:52,654] {taskinstance.py:1096} INFO - Starting attempt 1 of 1
[2023-03-29 16:36:52,656] {taskinstance.py:1097} INFO - 
--------------------------------------------------------------------------------
[2023-03-29 16:36:52,672] {taskinstance.py:1115} INFO - Executing <Task(PythonOperator): date_update_mrr> on 2023-03-29T16:36:46.397724+00:00
[2023-03-29 16:36:52,677] {standard_task_runner.py:52} INFO - Started process 27437 to run task
[2023-03-29 16:36:52,689] {standard_task_runner.py:76} INFO - Running: ['***', 'tasks', 'run', 'postgres_22222222222', 'date_update_mrr', '2023-03-29T16:36:46.397724+00:00', '--job-id', '390', '--pool', 'default_pool', '--raw', '--subdir', 'DAGS_FOLDER/ETL.py', '--cfg-path', '/tmp/tmpjmy0vxyb', '--error-file', '/tmp/tmp8no7ym0i']
[2023-03-29 16:36:52,690] {standard_task_runner.py:77} INFO - Job 390: Subtask date_update_mrr
[2023-03-29 16:36:52,739] {logging_mixin.py:109} INFO - Running <TaskInstance: postgres_22222222222.date_update_mrr 2023-03-29T16:36:46.397724+00:00 [running]> on host 0bc3da97cebb
[2023-03-29 16:36:52,791] {taskinstance.py:1254} INFO - Exporting the following env vars:
AIRFLOW_CTX_DAG_OWNER=***
AIRFLOW_CTX_DAG_ID=postgres_22222222222
AIRFLOW_CTX_TASK_ID=date_update_mrr
AIRFLOW_CTX_EXECUTION_DATE=2023-03-29T16:36:46.397724+00:00
AIRFLOW_CTX_DAG_RUN_ID=manual__2023-03-29T16:36:46.397724+00:00
[2023-03-29 16:36:52,816] {python.py:151} INFO - Done. Returned value was: None
[2023-03-29 16:36:52,829] {taskinstance.py:1219} INFO - Marking task as SUCCESS. dag_id=postgres_22222222222, task_id=date_update_mrr, execution_date=20230329T163646, start_date=20230329T163652, end_date=20230329T163652
[2023-03-29 16:36:52,861] {local_task_job.py:151} INFO - Task exited with return code 0
[2023-03-29 16:36:52,890] {local_task_job.py:261} INFO - 1 downstream tasks scheduled from follow-on schedule check
