[2023-03-28 18:29:08,865] {taskinstance.py:903} INFO - Dependencies all met for <TaskInstance: postgres_etl_dag_radb_to_mrr.etl_from_radb_to_mrrdimcustomer 2023-03-26T00:00:00+00:00 [queued]>
[2023-03-28 18:29:08,917] {taskinstance.py:903} INFO - Dependencies all met for <TaskInstance: postgres_etl_dag_radb_to_mrr.etl_from_radb_to_mrrdimcustomer 2023-03-26T00:00:00+00:00 [queued]>
[2023-03-28 18:29:08,919] {taskinstance.py:1095} INFO - 
--------------------------------------------------------------------------------
[2023-03-28 18:29:08,926] {taskinstance.py:1096} INFO - Starting attempt 1 of 1
[2023-03-28 18:29:08,930] {taskinstance.py:1097} INFO - 
--------------------------------------------------------------------------------
[2023-03-28 18:29:08,962] {taskinstance.py:1115} INFO - Executing <Task(PythonOperator): etl_from_radb_to_mrrdimcustomer> on 2023-03-26T00:00:00+00:00
[2023-03-28 18:29:09,019] {standard_task_runner.py:76} INFO - Running: ['***', 'tasks', 'run', 'postgres_etl_dag_radb_to_mrr', 'etl_from_radb_to_mrrdimcustomer', '2023-03-26T00:00:00+00:00', '--job-id', '51', '--pool', 'default_pool', '--raw', '--subdir', 'DAGS_FOLDER/inovus_etl_radb_mrr.py', '--cfg-path', '/tmp/tmpi4thsrg6', '--error-file', '/tmp/tmpiw99ztg6']
[2023-03-28 18:29:09,022] {standard_task_runner.py:77} INFO - Job 51: Subtask etl_from_radb_to_mrrdimcustomer
[2023-03-28 18:29:08,997] {standard_task_runner.py:52} INFO - Started process 8792 to run task
[2023-03-28 18:29:09,204] {logging_mixin.py:109} INFO - Running <TaskInstance: postgres_etl_dag_radb_to_mrr.etl_from_radb_to_mrrdimcustomer 2023-03-26T00:00:00+00:00 [running]> on host 0bc3da97cebb
[2023-03-28 18:29:09,336] {taskinstance.py:1254} INFO - Exporting the following env vars:
AIRFLOW_CTX_DAG_OWNER=***
AIRFLOW_CTX_DAG_ID=postgres_etl_dag_radb_to_mrr
AIRFLOW_CTX_TASK_ID=etl_from_radb_to_mrrdimcustomer
AIRFLOW_CTX_EXECUTION_DATE=2023-03-26T00:00:00+00:00
AIRFLOW_CTX_DAG_RUN_ID=scheduled__2023-03-26T00:00:00+00:00
[2023-03-28 18:29:09,618] {python.py:151} INFO - Done. Returned value was: None
[2023-03-28 18:29:09,668] {taskinstance.py:1219} INFO - Marking task as SUCCESS. dag_id=postgres_etl_dag_radb_to_mrr, task_id=etl_from_radb_to_mrrdimcustomer, execution_date=20230326T000000, start_date=20230328T182908, end_date=20230328T182909
[2023-03-28 18:29:09,756] {local_task_job.py:151} INFO - Task exited with return code 0
[2023-03-28 18:29:10,156] {local_task_job.py:261} INFO - 0 downstream tasks scheduled from follow-on schedule check
