[2023-04-02 17:21:12,880] {taskinstance.py:903} INFO - Dependencies all met for <TaskInstance: inovus_etl_dag_mrr_to_stg.etl_from_mrr_fsales_to_stg_fsales 2023-04-02T17:21:10.251763+00:00 [queued]>
[2023-04-02 17:21:12,905] {taskinstance.py:903} INFO - Dependencies all met for <TaskInstance: inovus_etl_dag_mrr_to_stg.etl_from_mrr_fsales_to_stg_fsales 2023-04-02T17:21:10.251763+00:00 [queued]>
[2023-04-02 17:21:12,907] {taskinstance.py:1095} INFO - 
--------------------------------------------------------------------------------
[2023-04-02 17:21:12,910] {taskinstance.py:1096} INFO - Starting attempt 1 of 1
[2023-04-02 17:21:12,914] {taskinstance.py:1097} INFO - 
--------------------------------------------------------------------------------
[2023-04-02 17:21:12,927] {taskinstance.py:1115} INFO - Executing <Task(PythonOperator): etl_from_mrr_fsales_to_stg_fsales> on 2023-04-02T17:21:10.251763+00:00
[2023-04-02 17:21:12,936] {standard_task_runner.py:52} INFO - Started process 602 to run task
[2023-04-02 17:21:12,951] {standard_task_runner.py:76} INFO - Running: ['***', 'tasks', 'run', 'inovus_etl_dag_mrr_to_stg', 'etl_from_mrr_fsales_to_stg_fsales', '2023-04-02T17:21:10.251763+00:00', '--job-id', '546', '--pool', 'default_pool', '--raw', '--subdir', 'DAGS_FOLDER/inovus_etl_mrr_stg.py', '--cfg-path', '/tmp/tmp2rc7wbok', '--error-file', '/tmp/tmp25u7bqvl']
[2023-04-02 17:21:12,954] {standard_task_runner.py:77} INFO - Job 546: Subtask etl_from_mrr_fsales_to_stg_fsales
[2023-04-02 17:21:13,080] {logging_mixin.py:109} INFO - Running <TaskInstance: inovus_etl_dag_mrr_to_stg.etl_from_mrr_fsales_to_stg_fsales 2023-04-02T17:21:10.251763+00:00 [running]> on host 580553a30a83
[2023-04-02 17:21:13,266] {taskinstance.py:1254} INFO - Exporting the following env vars:
AIRFLOW_CTX_DAG_OWNER=***
AIRFLOW_CTX_DAG_ID=inovus_etl_dag_mrr_to_stg
AIRFLOW_CTX_TASK_ID=etl_from_mrr_fsales_to_stg_fsales
AIRFLOW_CTX_EXECUTION_DATE=2023-04-02T17:21:10.251763+00:00
AIRFLOW_CTX_DAG_RUN_ID=manual__2023-04-02T17:21:10.251763+00:00
[2023-04-02 17:21:13,375] {python.py:151} INFO - Done. Returned value was: None
[2023-04-02 17:21:13,398] {taskinstance.py:1219} INFO - Marking task as SUCCESS. dag_id=inovus_etl_dag_mrr_to_stg, task_id=etl_from_mrr_fsales_to_stg_fsales, execution_date=20230402T172110, start_date=20230402T172112, end_date=20230402T172113
[2023-04-02 17:21:13,451] {local_task_job.py:151} INFO - Task exited with return code 0
[2023-04-02 17:21:13,482] {local_task_job.py:261} INFO - 0 downstream tasks scheduled from follow-on schedule check
