[2023-03-29 15:02:30,111] {taskinstance.py:903} INFO - Dependencies all met for <TaskInstance: postgres_22222222222.date_update_mrr 2023-03-29T15:02:28.209561+00:00 [queued]>
[2023-03-29 15:02:30,189] {taskinstance.py:903} INFO - Dependencies all met for <TaskInstance: postgres_22222222222.date_update_mrr 2023-03-29T15:02:28.209561+00:00 [queued]>
[2023-03-29 15:02:30,197] {taskinstance.py:1095} INFO - 
--------------------------------------------------------------------------------
[2023-03-29 15:02:30,206] {taskinstance.py:1096} INFO - Starting attempt 1 of 1
[2023-03-29 15:02:30,257] {taskinstance.py:1097} INFO - 
--------------------------------------------------------------------------------
[2023-03-29 15:02:30,372] {taskinstance.py:1115} INFO - Executing <Task(PythonOperator): date_update_mrr> on 2023-03-29T15:02:28.209561+00:00
[2023-03-29 15:02:30,411] {standard_task_runner.py:52} INFO - Started process 22708 to run task
[2023-03-29 15:02:30,576] {standard_task_runner.py:76} INFO - Running: ['***', 'tasks', 'run', 'postgres_22222222222', 'date_update_mrr', '2023-03-29T15:02:28.209561+00:00', '--job-id', '187', '--pool', 'default_pool', '--raw', '--subdir', 'DAGS_FOLDER/ETL.py', '--cfg-path', '/tmp/tmpdoeo8lad', '--error-file', '/tmp/tmpl83210xu']
[2023-03-29 15:02:30,627] {standard_task_runner.py:77} INFO - Job 187: Subtask date_update_mrr
[2023-03-29 15:02:30,924] {logging_mixin.py:109} INFO - Running <TaskInstance: postgres_22222222222.date_update_mrr 2023-03-29T15:02:28.209561+00:00 [running]> on host 0bc3da97cebb
[2023-03-29 15:02:31,042] {taskinstance.py:1254} INFO - Exporting the following env vars:
AIRFLOW_CTX_DAG_OWNER=***
AIRFLOW_CTX_DAG_ID=postgres_22222222222
AIRFLOW_CTX_TASK_ID=date_update_mrr
AIRFLOW_CTX_EXECUTION_DATE=2023-03-29T15:02:28.209561+00:00
AIRFLOW_CTX_DAG_RUN_ID=manual__2023-03-29T15:02:28.209561+00:00
[2023-03-29 15:02:31,088] {python.py:151} INFO - Done. Returned value was: None
[2023-03-29 15:02:31,126] {taskinstance.py:1219} INFO - Marking task as SUCCESS. dag_id=postgres_22222222222, task_id=date_update_mrr, execution_date=20230329T150228, start_date=20230329T150230, end_date=20230329T150231
[2023-03-29 15:02:31,236] {local_task_job.py:151} INFO - Task exited with return code 0
[2023-03-29 15:02:31,417] {local_task_job.py:261} INFO - 0 downstream tasks scheduled from follow-on schedule check
