[2023-04-02 17:10:13,252] {taskinstance.py:903} INFO - Dependencies all met for <TaskInstance: inovus_etl_odb_to_mrr.etl_odb_to_mrr_f_sales 2023-04-01T00:00:00+00:00 [queued]>
[2023-04-02 17:10:15,874] {taskinstance.py:903} INFO - Dependencies all met for <TaskInstance: inovus_etl_odb_to_mrr.etl_odb_to_mrr_f_sales 2023-04-01T00:00:00+00:00 [queued]>
[2023-04-02 17:10:15,876] {taskinstance.py:1095} INFO - 
--------------------------------------------------------------------------------
[2023-04-02 17:10:15,886] {taskinstance.py:1096} INFO - Starting attempt 1 of 1
[2023-04-02 17:10:15,920] {taskinstance.py:1097} INFO - 
--------------------------------------------------------------------------------
[2023-04-02 17:10:17,037] {taskinstance.py:1115} INFO - Executing <Task(PythonOperator): etl_odb_to_mrr_f_sales> on 2023-04-01T00:00:00+00:00
[2023-04-02 17:10:18,402] {standard_task_runner.py:76} INFO - Running: ['***', 'tasks', 'run', 'inovus_etl_odb_to_mrr', 'etl_odb_to_mrr_f_sales', '2023-04-01T00:00:00+00:00', '--job-id', '528', '--pool', 'default_pool', '--raw', '--subdir', 'DAGS_FOLDER/inovus_etl_odb_mrr.py', '--cfg-path', '/tmp/tmpq8n78876', '--error-file', '/tmp/tmpc6c0cy3m']
[2023-04-02 17:10:18,025] {standard_task_runner.py:52} INFO - Started process 113 to run task
[2023-04-02 17:10:18,456] {standard_task_runner.py:77} INFO - Job 528: Subtask etl_odb_to_mrr_f_sales
[2023-04-02 17:10:22,473] {logging_mixin.py:109} INFO - Running <TaskInstance: inovus_etl_odb_to_mrr.etl_odb_to_mrr_f_sales 2023-04-01T00:00:00+00:00 [running]> on host 580553a30a83
[2023-04-02 17:10:26,976] {taskinstance.py:1254} INFO - Exporting the following env vars:
AIRFLOW_CTX_DAG_OWNER=***
AIRFLOW_CTX_DAG_ID=inovus_etl_odb_to_mrr
AIRFLOW_CTX_TASK_ID=etl_odb_to_mrr_f_sales
AIRFLOW_CTX_EXECUTION_DATE=2023-04-01T00:00:00+00:00
AIRFLOW_CTX_DAG_RUN_ID=scheduled__2023-04-01T00:00:00+00:00
[2023-04-02 17:10:29,609] {python.py:151} INFO - Done. Returned value was: None
[2023-04-02 17:10:29,974] {taskinstance.py:1219} INFO - Marking task as SUCCESS. dag_id=inovus_etl_odb_to_mrr, task_id=etl_odb_to_mrr_f_sales, execution_date=20230401T000000, start_date=20230402T171013, end_date=20230402T171029
[2023-04-02 17:10:30,625] {local_task_job.py:151} INFO - Task exited with return code 0
[2023-04-02 17:10:31,586] {local_task_job.py:261} INFO - 1 downstream tasks scheduled from follow-on schedule check
