[2023-03-28 13:51:43,404] {taskinstance.py:903} INFO - Dependencies all met for <TaskInstance: postgres_etl_dag.etl_to_mmrfsales 2023-03-28T13:51:39.367362+00:00 [queued]>
[2023-03-28 13:51:43,494] {taskinstance.py:903} INFO - Dependencies all met for <TaskInstance: postgres_etl_dag.etl_to_mmrfsales 2023-03-28T13:51:39.367362+00:00 [queued]>
[2023-03-28 13:51:43,496] {taskinstance.py:1095} INFO - 
--------------------------------------------------------------------------------
[2023-03-28 13:51:43,497] {taskinstance.py:1096} INFO - Starting attempt 1 of 1
[2023-03-28 13:51:43,499] {taskinstance.py:1097} INFO - 
--------------------------------------------------------------------------------
[2023-03-28 13:51:43,532] {taskinstance.py:1115} INFO - Executing <Task(PythonOperator): etl_to_mmrfsales> on 2023-03-28T13:51:39.367362+00:00
[2023-03-28 13:51:43,559] {standard_task_runner.py:76} INFO - Running: ['***', 'tasks', 'run', 'postgres_etl_dag', 'etl_to_mmrfsales', '2023-03-28T13:51:39.367362+00:00', '--job-id', '20', '--pool', 'default_pool', '--raw', '--subdir', 'DAGS_FOLDER/ETL.py', '--cfg-path', '/tmp/tmpgkvbfagr', '--error-file', '/tmp/tmpy4dyjq2o']
[2023-03-28 13:51:43,563] {standard_task_runner.py:77} INFO - Job 20: Subtask etl_to_mmrfsales
[2023-03-28 13:51:43,540] {standard_task_runner.py:52} INFO - Started process 2940 to run task
[2023-03-28 13:51:43,664] {logging_mixin.py:109} INFO - Running <TaskInstance: postgres_etl_dag.etl_to_mmrfsales 2023-03-28T13:51:39.367362+00:00 [running]> on host 0bc3da97cebb
[2023-03-28 13:51:43,812] {taskinstance.py:1254} INFO - Exporting the following env vars:
AIRFLOW_CTX_DAG_OWNER=***
AIRFLOW_CTX_DAG_ID=postgres_etl_dag
AIRFLOW_CTX_TASK_ID=etl_to_mmrfsales
AIRFLOW_CTX_EXECUTION_DATE=2023-03-28T13:51:39.367362+00:00
AIRFLOW_CTX_DAG_RUN_ID=manual__2023-03-28T13:51:39.367362+00:00
[2023-03-28 13:51:43,816] {taskinstance.py:1463} ERROR - Task failed with exception
Traceback (most recent call last):
  File "/home/airflow/.local/lib/python3.6/site-packages/airflow/models/taskinstance.py", line 1165, in _run_raw_task
    self._prepare_and_execute_task_with_callbacks(context, task)
  File "/home/airflow/.local/lib/python3.6/site-packages/airflow/models/taskinstance.py", line 1283, in _prepare_and_execute_task_with_callbacks
    result = self._execute_task(context, task_copy)
  File "/home/airflow/.local/lib/python3.6/site-packages/airflow/models/taskinstance.py", line 1313, in _execute_task
    result = task_copy.execute(context=context)
  File "/home/airflow/.local/lib/python3.6/site-packages/airflow/operators/python.py", line 150, in execute
    return_value = self.execute_callable()
  File "/home/airflow/.local/lib/python3.6/site-packages/airflow/operators/python.py", line 161, in execute_callable
    return self.python_callable(*self.op_args, **self.op_kwargs)
TypeError: etl_inovus() missing 1 required positional argument: 'rows'
[2023-03-28 13:51:43,823] {taskinstance.py:1513} INFO - Marking task as FAILED. dag_id=postgres_etl_dag, task_id=etl_to_mmrfsales, execution_date=20230328T135139, start_date=20230328T135143, end_date=20230328T135143
[2023-03-28 13:51:43,925] {local_task_job.py:151} INFO - Task exited with return code 1
[2023-03-28 13:51:43,997] {local_task_job.py:261} INFO - 0 downstream tasks scheduled from follow-on schedule check
