[2023-03-28 18:21:14,466] {taskinstance.py:903} INFO - Dependencies all met for <TaskInstance: inovus_etl_dag_mrr_to_stg.etl_from_mrrdimcproducts_to_stgdimcproducts 2023-03-27T00:00:00+00:00 [queued]>
[2023-03-28 18:21:14,608] {taskinstance.py:903} INFO - Dependencies all met for <TaskInstance: inovus_etl_dag_mrr_to_stg.etl_from_mrrdimcproducts_to_stgdimcproducts 2023-03-27T00:00:00+00:00 [queued]>
[2023-03-28 18:21:14,610] {taskinstance.py:1095} INFO - 
--------------------------------------------------------------------------------
[2023-03-28 18:21:14,611] {taskinstance.py:1096} INFO - Starting attempt 1 of 1
[2023-03-28 18:21:14,613] {taskinstance.py:1097} INFO - 
--------------------------------------------------------------------------------
[2023-03-28 18:21:14,715] {taskinstance.py:1115} INFO - Executing <Task(PythonOperator): etl_from_mrrdimcproducts_to_stgdimcproducts> on 2023-03-27T00:00:00+00:00
[2023-03-28 18:21:14,824] {standard_task_runner.py:76} INFO - Running: ['***', 'tasks', 'run', 'inovus_etl_dag_mrr_to_stg', 'etl_from_mrrdimcproducts_to_stgdimcproducts', '2023-03-27T00:00:00+00:00', '--job-id', '41', '--pool', 'default_pool', '--raw', '--subdir', 'DAGS_FOLDER/inovus_etl_mrr_stg.py', '--cfg-path', '/tmp/tmpdrbwp9ph', '--error-file', '/tmp/tmpqx2e92lt']
[2023-03-28 18:21:14,833] {standard_task_runner.py:77} INFO - Job 41: Subtask etl_from_mrrdimcproducts_to_stgdimcproducts
[2023-03-28 18:21:14,813] {standard_task_runner.py:52} INFO - Started process 8394 to run task
[2023-03-28 18:21:15,222] {logging_mixin.py:109} INFO - Running <TaskInstance: inovus_etl_dag_mrr_to_stg.etl_from_mrrdimcproducts_to_stgdimcproducts 2023-03-27T00:00:00+00:00 [running]> on host 0bc3da97cebb
[2023-03-28 18:21:15,579] {taskinstance.py:1254} INFO - Exporting the following env vars:
AIRFLOW_CTX_DAG_OWNER=***
AIRFLOW_CTX_DAG_ID=inovus_etl_dag_mrr_to_stg
AIRFLOW_CTX_TASK_ID=etl_from_mrrdimcproducts_to_stgdimcproducts
AIRFLOW_CTX_EXECUTION_DATE=2023-03-27T00:00:00+00:00
AIRFLOW_CTX_DAG_RUN_ID=scheduled__2023-03-27T00:00:00+00:00
[2023-03-28 18:21:15,661] {python.py:151} INFO - Done. Returned value was: None
[2023-03-28 18:21:15,773] {taskinstance.py:1219} INFO - Marking task as SUCCESS. dag_id=inovus_etl_dag_mrr_to_stg, task_id=etl_from_mrrdimcproducts_to_stgdimcproducts, execution_date=20230327T000000, start_date=20230328T182114, end_date=20230328T182115
[2023-03-28 18:21:15,984] {local_task_job.py:151} INFO - Task exited with return code 0
[2023-03-28 18:21:16,190] {local_task_job.py:261} INFO - 0 downstream tasks scheduled from follow-on schedule check
