[2023-03-29 16:32:43,309] {taskinstance.py:903} INFO - Dependencies all met for <TaskInstance: postgres_22222222222.etl_from_radb_to_mrrdimcustomer 2023-03-29T16:32:38.884681+00:00 [queued]>
[2023-03-29 16:32:43,333] {taskinstance.py:903} INFO - Dependencies all met for <TaskInstance: postgres_22222222222.etl_from_radb_to_mrrdimcustomer 2023-03-29T16:32:38.884681+00:00 [queued]>
[2023-03-29 16:32:43,334] {taskinstance.py:1095} INFO - 
--------------------------------------------------------------------------------
[2023-03-29 16:32:43,335] {taskinstance.py:1096} INFO - Starting attempt 1 of 1
[2023-03-29 16:32:43,336] {taskinstance.py:1097} INFO - 
--------------------------------------------------------------------------------
[2023-03-29 16:32:43,368] {taskinstance.py:1115} INFO - Executing <Task(PythonOperator): etl_from_radb_to_mrrdimcustomer> on 2023-03-29T16:32:38.884681+00:00
[2023-03-29 16:32:43,386] {standard_task_runner.py:76} INFO - Running: ['***', 'tasks', 'run', 'postgres_22222222222', 'etl_from_radb_to_mrrdimcustomer', '2023-03-29T16:32:38.884681+00:00', '--job-id', '370', '--pool', 'default_pool', '--raw', '--subdir', 'DAGS_FOLDER/ETL.py', '--cfg-path', '/tmp/tmpmcibe122', '--error-file', '/tmp/tmpwf7ykxa6']
[2023-03-29 16:32:43,375] {standard_task_runner.py:52} INFO - Started process 27200 to run task
[2023-03-29 16:32:43,393] {standard_task_runner.py:77} INFO - Job 370: Subtask etl_from_radb_to_mrrdimcustomer
[2023-03-29 16:32:43,471] {logging_mixin.py:109} INFO - Running <TaskInstance: postgres_22222222222.etl_from_radb_to_mrrdimcustomer 2023-03-29T16:32:38.884681+00:00 [running]> on host 0bc3da97cebb
[2023-03-29 16:32:43,552] {taskinstance.py:1254} INFO - Exporting the following env vars:
AIRFLOW_CTX_DAG_OWNER=***
AIRFLOW_CTX_DAG_ID=postgres_22222222222
AIRFLOW_CTX_TASK_ID=etl_from_radb_to_mrrdimcustomer
AIRFLOW_CTX_EXECUTION_DATE=2023-03-29T16:32:38.884681+00:00
AIRFLOW_CTX_DAG_RUN_ID=manual__2023-03-29T16:32:38.884681+00:00
[2023-03-29 16:32:43,613] {python.py:151} INFO - Done. Returned value was: None
[2023-03-29 16:32:43,631] {taskinstance.py:1219} INFO - Marking task as SUCCESS. dag_id=postgres_22222222222, task_id=etl_from_radb_to_mrrdimcustomer, execution_date=20230329T163238, start_date=20230329T163243, end_date=20230329T163243
[2023-03-29 16:32:43,944] {local_task_job.py:151} INFO - Task exited with return code 0
[2023-03-29 16:32:44,018] {local_task_job.py:261} INFO - 1 downstream tasks scheduled from follow-on schedule check
