[2023-03-29 15:01:26,489] {taskinstance.py:903} INFO - Dependencies all met for <TaskInstance: postgres_22222222222.date_update_mrr 2023-03-29T15:01:24.221224+00:00 [queued]>
[2023-03-29 15:01:26,536] {taskinstance.py:903} INFO - Dependencies all met for <TaskInstance: postgres_22222222222.date_update_mrr 2023-03-29T15:01:24.221224+00:00 [queued]>
[2023-03-29 15:01:26,556] {taskinstance.py:1095} INFO - 
--------------------------------------------------------------------------------
[2023-03-29 15:01:26,561] {taskinstance.py:1096} INFO - Starting attempt 1 of 1
[2023-03-29 15:01:26,572] {taskinstance.py:1097} INFO - 
--------------------------------------------------------------------------------
[2023-03-29 15:01:26,613] {taskinstance.py:1115} INFO - Executing <Task(PythonOperator): date_update_mrr> on 2023-03-29T15:01:24.221224+00:00
[2023-03-29 15:01:26,640] {standard_task_runner.py:76} INFO - Running: ['***', 'tasks', 'run', 'postgres_22222222222', 'date_update_mrr', '2023-03-29T15:01:24.221224+00:00', '--job-id', '182', '--pool', 'default_pool', '--raw', '--subdir', 'DAGS_FOLDER/ETL.py', '--cfg-path', '/tmp/tmpzz1ixo88', '--error-file', '/tmp/tmpwafu20qf']
[2023-03-29 15:01:26,650] {standard_task_runner.py:77} INFO - Job 182: Subtask date_update_mrr
[2023-03-29 15:01:26,631] {standard_task_runner.py:52} INFO - Started process 22649 to run task
[2023-03-29 15:01:26,764] {logging_mixin.py:109} INFO - Running <TaskInstance: postgres_22222222222.date_update_mrr 2023-03-29T15:01:24.221224+00:00 [running]> on host 0bc3da97cebb
[2023-03-29 15:01:26,909] {taskinstance.py:1254} INFO - Exporting the following env vars:
AIRFLOW_CTX_DAG_OWNER=***
AIRFLOW_CTX_DAG_ID=postgres_22222222222
AIRFLOW_CTX_TASK_ID=date_update_mrr
AIRFLOW_CTX_EXECUTION_DATE=2023-03-29T15:01:24.221224+00:00
AIRFLOW_CTX_DAG_RUN_ID=manual__2023-03-29T15:01:24.221224+00:00
[2023-03-29 15:01:26,951] {python.py:151} INFO - Done. Returned value was: None
[2023-03-29 15:01:26,993] {taskinstance.py:1219} INFO - Marking task as SUCCESS. dag_id=postgres_22222222222, task_id=date_update_mrr, execution_date=20230329T150124, start_date=20230329T150126, end_date=20230329T150126
[2023-03-29 15:01:27,067] {local_task_job.py:151} INFO - Task exited with return code 0
[2023-03-29 15:01:27,114] {local_task_job.py:261} INFO - 0 downstream tasks scheduled from follow-on schedule check
