[2023-04-02 17:20:02,905] {taskinstance.py:903} INFO - Dependencies all met for <TaskInstance: inovus_etl_odb_to_mrr.etl_odb_to_mrr_f_sales 2023-04-02T17:20:00.547505+00:00 [queued]>
[2023-04-02 17:20:02,930] {taskinstance.py:903} INFO - Dependencies all met for <TaskInstance: inovus_etl_odb_to_mrr.etl_odb_to_mrr_f_sales 2023-04-02T17:20:00.547505+00:00 [queued]>
[2023-04-02 17:20:02,931] {taskinstance.py:1095} INFO - 
--------------------------------------------------------------------------------
[2023-04-02 17:20:02,933] {taskinstance.py:1096} INFO - Starting attempt 1 of 1
[2023-04-02 17:20:02,934] {taskinstance.py:1097} INFO - 
--------------------------------------------------------------------------------
[2023-04-02 17:20:02,950] {taskinstance.py:1115} INFO - Executing <Task(PythonOperator): etl_odb_to_mrr_f_sales> on 2023-04-02T17:20:00.547505+00:00
[2023-04-02 17:20:02,958] {standard_task_runner.py:52} INFO - Started process 546 to run task
[2023-04-02 17:20:02,965] {standard_task_runner.py:76} INFO - Running: ['***', 'tasks', 'run', 'inovus_etl_odb_to_mrr', 'etl_odb_to_mrr_f_sales', '2023-04-02T17:20:00.547505+00:00', '--job-id', '540', '--pool', 'default_pool', '--raw', '--subdir', 'DAGS_FOLDER/inovus_etl_odb_mrr.py', '--cfg-path', '/tmp/tmpcy01bj_w', '--error-file', '/tmp/tmpk3p0yh6a']
[2023-04-02 17:20:02,967] {standard_task_runner.py:77} INFO - Job 540: Subtask etl_odb_to_mrr_f_sales
[2023-04-02 17:20:03,040] {logging_mixin.py:109} INFO - Running <TaskInstance: inovus_etl_odb_to_mrr.etl_odb_to_mrr_f_sales 2023-04-02T17:20:00.547505+00:00 [running]> on host 580553a30a83
[2023-04-02 17:20:03,108] {taskinstance.py:1254} INFO - Exporting the following env vars:
AIRFLOW_CTX_DAG_OWNER=***
AIRFLOW_CTX_DAG_ID=inovus_etl_odb_to_mrr
AIRFLOW_CTX_TASK_ID=etl_odb_to_mrr_f_sales
AIRFLOW_CTX_EXECUTION_DATE=2023-04-02T17:20:00.547505+00:00
AIRFLOW_CTX_DAG_RUN_ID=manual__2023-04-02T17:20:00.547505+00:00
[2023-04-02 17:20:03,279] {python.py:151} INFO - Done. Returned value was: None
[2023-04-02 17:20:03,297] {taskinstance.py:1219} INFO - Marking task as SUCCESS. dag_id=inovus_etl_odb_to_mrr, task_id=etl_odb_to_mrr_f_sales, execution_date=20230402T172000, start_date=20230402T172002, end_date=20230402T172003
[2023-04-02 17:20:03,349] {local_task_job.py:151} INFO - Task exited with return code 0
[2023-04-02 17:20:03,389] {local_task_job.py:261} INFO - 1 downstream tasks scheduled from follow-on schedule check
