[2023-03-28 18:51:36,370] {taskinstance.py:903} INFO - Dependencies all met for <TaskInstance: inovus_etl_dag_mrr_to_stg.etl_from_mrrdimcproducts_to_stgdimcproducts 2023-03-28T18:51:33.953526+00:00 [queued]>
[2023-03-28 18:51:36,419] {taskinstance.py:903} INFO - Dependencies all met for <TaskInstance: inovus_etl_dag_mrr_to_stg.etl_from_mrrdimcproducts_to_stgdimcproducts 2023-03-28T18:51:33.953526+00:00 [queued]>
[2023-03-28 18:51:36,425] {taskinstance.py:1095} INFO - 
--------------------------------------------------------------------------------
[2023-03-28 18:51:36,427] {taskinstance.py:1096} INFO - Starting attempt 1 of 1
[2023-03-28 18:51:36,428] {taskinstance.py:1097} INFO - 
--------------------------------------------------------------------------------
[2023-03-28 18:51:36,456] {taskinstance.py:1115} INFO - Executing <Task(PythonOperator): etl_from_mrrdimcproducts_to_stgdimcproducts> on 2023-03-28T18:51:33.953526+00:00
[2023-03-28 18:51:36,462] {standard_task_runner.py:52} INFO - Started process 9924 to run task
[2023-03-28 18:51:36,508] {standard_task_runner.py:76} INFO - Running: ['***', 'tasks', 'run', 'inovus_etl_dag_mrr_to_stg', 'etl_from_mrrdimcproducts_to_stgdimcproducts', '2023-03-28T18:51:33.953526+00:00', '--job-id', '95', '--pool', 'default_pool', '--raw', '--subdir', 'DAGS_FOLDER/inovus_etl_mrr_stg.py', '--cfg-path', '/tmp/tmpi81y60x0', '--error-file', '/tmp/tmp4qkq_zby']
[2023-03-28 18:51:36,511] {standard_task_runner.py:77} INFO - Job 95: Subtask etl_from_mrrdimcproducts_to_stgdimcproducts
[2023-03-28 18:51:36,754] {logging_mixin.py:109} INFO - Running <TaskInstance: inovus_etl_dag_mrr_to_stg.etl_from_mrrdimcproducts_to_stgdimcproducts 2023-03-28T18:51:33.953526+00:00 [running]> on host 0bc3da97cebb
[2023-03-28 18:51:37,060] {taskinstance.py:1254} INFO - Exporting the following env vars:
AIRFLOW_CTX_DAG_OWNER=***
AIRFLOW_CTX_DAG_ID=inovus_etl_dag_mrr_to_stg
AIRFLOW_CTX_TASK_ID=etl_from_mrrdimcproducts_to_stgdimcproducts
AIRFLOW_CTX_EXECUTION_DATE=2023-03-28T18:51:33.953526+00:00
AIRFLOW_CTX_DAG_RUN_ID=manual__2023-03-28T18:51:33.953526+00:00
[2023-03-28 18:51:37,158] {python.py:151} INFO - Done. Returned value was: None
[2023-03-28 18:51:37,178] {taskinstance.py:1219} INFO - Marking task as SUCCESS. dag_id=inovus_etl_dag_mrr_to_stg, task_id=etl_from_mrrdimcproducts_to_stgdimcproducts, execution_date=20230328T185133, start_date=20230328T185136, end_date=20230328T185137
[2023-03-28 18:51:37,335] {local_task_job.py:151} INFO - Task exited with return code 0
[2023-03-28 18:51:37,442] {local_task_job.py:261} INFO - 0 downstream tasks scheduled from follow-on schedule check
