[2023-03-29 16:02:43,632] {taskinstance.py:903} INFO - Dependencies all met for <TaskInstance: postgres_22222222222.date_update_mrr 2023-03-29T16:02:38.053815+00:00 [queued]>
[2023-03-29 16:02:43,686] {taskinstance.py:903} INFO - Dependencies all met for <TaskInstance: postgres_22222222222.date_update_mrr 2023-03-29T16:02:38.053815+00:00 [queued]>
[2023-03-29 16:02:43,691] {taskinstance.py:1095} INFO - 
--------------------------------------------------------------------------------
[2023-03-29 16:02:43,693] {taskinstance.py:1096} INFO - Starting attempt 1 of 1
[2023-03-29 16:02:43,695] {taskinstance.py:1097} INFO - 
--------------------------------------------------------------------------------
[2023-03-29 16:02:43,737] {taskinstance.py:1115} INFO - Executing <Task(PythonOperator): date_update_mrr> on 2023-03-29T16:02:38.053815+00:00
[2023-03-29 16:02:43,757] {standard_task_runner.py:52} INFO - Started process 25591 to run task
[2023-03-29 16:02:43,788] {standard_task_runner.py:76} INFO - Running: ['***', 'tasks', 'run', 'postgres_22222222222', 'date_update_mrr', '2023-03-29T16:02:38.053815+00:00', '--job-id', '252', '--pool', 'default_pool', '--raw', '--subdir', 'DAGS_FOLDER/ETL.py', '--cfg-path', '/tmp/tmp7nj5fub4', '--error-file', '/tmp/tmpdakv3bdq']
[2023-03-29 16:02:43,790] {standard_task_runner.py:77} INFO - Job 252: Subtask date_update_mrr
[2023-03-29 16:02:43,892] {logging_mixin.py:109} INFO - Running <TaskInstance: postgres_22222222222.date_update_mrr 2023-03-29T16:02:38.053815+00:00 [running]> on host 0bc3da97cebb
[2023-03-29 16:02:43,983] {taskinstance.py:1254} INFO - Exporting the following env vars:
AIRFLOW_CTX_DAG_OWNER=***
AIRFLOW_CTX_DAG_ID=postgres_22222222222
AIRFLOW_CTX_TASK_ID=date_update_mrr
AIRFLOW_CTX_EXECUTION_DATE=2023-03-29T16:02:38.053815+00:00
AIRFLOW_CTX_DAG_RUN_ID=manual__2023-03-29T16:02:38.053815+00:00
[2023-03-29 16:02:44,018] {python.py:151} INFO - Done. Returned value was: None
[2023-03-29 16:02:44,049] {taskinstance.py:1219} INFO - Marking task as SUCCESS. dag_id=postgres_22222222222, task_id=date_update_mrr, execution_date=20230329T160238, start_date=20230329T160243, end_date=20230329T160244
[2023-03-29 16:02:44,115] {local_task_job.py:151} INFO - Task exited with return code 0
[2023-03-29 16:02:44,160] {local_task_job.py:261} INFO - 1 downstream tasks scheduled from follow-on schedule check
