[2023-03-28 18:09:55,317] {taskinstance.py:903} INFO - Dependencies all met for <TaskInstance: postgres_etl_dag_radb_to_mmr.etl_from_radb_to_mrrdimcproducts 2023-03-28T18:09:53.433721+00:00 [queued]>
[2023-03-28 18:09:55,369] {taskinstance.py:903} INFO - Dependencies all met for <TaskInstance: postgres_etl_dag_radb_to_mmr.etl_from_radb_to_mrrdimcproducts 2023-03-28T18:09:53.433721+00:00 [queued]>
[2023-03-28 18:09:55,371] {taskinstance.py:1095} INFO - 
--------------------------------------------------------------------------------
[2023-03-28 18:09:55,372] {taskinstance.py:1096} INFO - Starting attempt 1 of 1
[2023-03-28 18:09:55,373] {taskinstance.py:1097} INFO - 
--------------------------------------------------------------------------------
[2023-03-28 18:09:55,383] {taskinstance.py:1115} INFO - Executing <Task(PythonOperator): etl_from_radb_to_mrrdimcproducts> on 2023-03-28T18:09:53.433721+00:00
[2023-03-28 18:09:55,397] {standard_task_runner.py:52} INFO - Started process 7849 to run task
[2023-03-28 18:09:55,420] {standard_task_runner.py:76} INFO - Running: ['***', 'tasks', 'run', 'postgres_etl_dag_radb_to_mmr', 'etl_from_radb_to_mrrdimcproducts', '2023-03-28T18:09:53.433721+00:00', '--job-id', '35', '--pool', 'default_pool', '--raw', '--subdir', 'DAGS_FOLDER/inovus_etl_radb_mrr_stg_dwh.py', '--cfg-path', '/tmp/tmpx680i_hm', '--error-file', '/tmp/tmpllkgizrs']
[2023-03-28 18:09:55,422] {standard_task_runner.py:77} INFO - Job 35: Subtask etl_from_radb_to_mrrdimcproducts
[2023-03-28 18:09:55,542] {logging_mixin.py:109} INFO - Running <TaskInstance: postgres_etl_dag_radb_to_mmr.etl_from_radb_to_mrrdimcproducts 2023-03-28T18:09:53.433721+00:00 [running]> on host 0bc3da97cebb
[2023-03-28 18:09:55,687] {taskinstance.py:1254} INFO - Exporting the following env vars:
AIRFLOW_CTX_DAG_OWNER=***
AIRFLOW_CTX_DAG_ID=postgres_etl_dag_radb_to_mmr
AIRFLOW_CTX_TASK_ID=etl_from_radb_to_mrrdimcproducts
AIRFLOW_CTX_EXECUTION_DATE=2023-03-28T18:09:53.433721+00:00
AIRFLOW_CTX_DAG_RUN_ID=manual__2023-03-28T18:09:53.433721+00:00
[2023-03-28 18:09:55,837] {python.py:151} INFO - Done. Returned value was: None
[2023-03-28 18:09:55,878] {taskinstance.py:1219} INFO - Marking task as SUCCESS. dag_id=postgres_etl_dag_radb_to_mmr, task_id=etl_from_radb_to_mrrdimcproducts, execution_date=20230328T180953, start_date=20230328T180955, end_date=20230328T180955
[2023-03-28 18:09:55,937] {local_task_job.py:151} INFO - Task exited with return code 0
[2023-03-28 18:09:55,978] {local_task_job.py:261} INFO - 0 downstream tasks scheduled from follow-on schedule check
