[2023-03-29 16:53:51,668] {taskinstance.py:903} INFO - Dependencies all met for <TaskInstance: postgres_22222222222.log_error 2023-03-29T16:53:48.583212+00:00 [queued]>
[2023-03-29 16:53:51,722] {taskinstance.py:903} INFO - Dependencies all met for <TaskInstance: postgres_22222222222.log_error 2023-03-29T16:53:48.583212+00:00 [queued]>
[2023-03-29 16:53:51,729] {taskinstance.py:1095} INFO - 
--------------------------------------------------------------------------------
[2023-03-29 16:53:51,735] {taskinstance.py:1096} INFO - Starting attempt 1 of 1
[2023-03-29 16:53:51,741] {taskinstance.py:1097} INFO - 
--------------------------------------------------------------------------------
[2023-03-29 16:53:51,889] {taskinstance.py:1115} INFO - Executing <Task(PythonOperator): log_error> on 2023-03-29T16:53:48.583212+00:00
[2023-03-29 16:53:51,928] {standard_task_runner.py:52} INFO - Started process 28277 to run task
[2023-03-29 16:53:51,966] {standard_task_runner.py:76} INFO - Running: ['***', 'tasks', 'run', 'postgres_22222222222', 'log_error', '2023-03-29T16:53:48.583212+00:00', '--job-id', '434', '--pool', 'default_pool', '--raw', '--subdir', 'DAGS_FOLDER/ETL.py', '--cfg-path', '/tmp/tmpbr3w0e97', '--error-file', '/tmp/tmpusq5zur1']
[2023-03-29 16:53:51,969] {standard_task_runner.py:77} INFO - Job 434: Subtask log_error
[2023-03-29 16:53:52,107] {logging_mixin.py:109} INFO - Running <TaskInstance: postgres_22222222222.log_error 2023-03-29T16:53:48.583212+00:00 [running]> on host 0bc3da97cebb
[2023-03-29 16:53:52,194] {taskinstance.py:1254} INFO - Exporting the following env vars:
AIRFLOW_CTX_DAG_OWNER=***
AIRFLOW_CTX_DAG_ID=postgres_22222222222
AIRFLOW_CTX_TASK_ID=log_error
AIRFLOW_CTX_EXECUTION_DATE=2023-03-29T16:53:48.583212+00:00
AIRFLOW_CTX_DAG_RUN_ID=manual__2023-03-29T16:53:48.583212+00:00
[2023-03-29 16:53:52,228] {python.py:151} INFO - Done. Returned value was: None
[2023-03-29 16:53:52,249] {taskinstance.py:1219} INFO - Marking task as SUCCESS. dag_id=postgres_22222222222, task_id=log_error, execution_date=20230329T165348, start_date=20230329T165351, end_date=20230329T165352
[2023-03-29 16:53:52,305] {local_task_job.py:151} INFO - Task exited with return code 0
[2023-03-29 16:53:52,371] {local_task_job.py:261} INFO - 0 downstream tasks scheduled from follow-on schedule check
