[2023-03-29 07:40:16,921] {taskinstance.py:903} INFO - Dependencies all met for <TaskInstance: postgres_etl_dag_radb_to_mrr.etl_from_radb_to_mrrdimcustomer 2023-03-29T07:40:14.704395+00:00 [queued]>
[2023-03-29 07:40:16,937] {taskinstance.py:903} INFO - Dependencies all met for <TaskInstance: postgres_etl_dag_radb_to_mrr.etl_from_radb_to_mrrdimcustomer 2023-03-29T07:40:14.704395+00:00 [queued]>
[2023-03-29 07:40:16,938] {taskinstance.py:1095} INFO - 
--------------------------------------------------------------------------------
[2023-03-29 07:40:16,939] {taskinstance.py:1096} INFO - Starting attempt 1 of 1
[2023-03-29 07:40:16,941] {taskinstance.py:1097} INFO - 
--------------------------------------------------------------------------------
[2023-03-29 07:40:16,959] {taskinstance.py:1115} INFO - Executing <Task(PythonOperator): etl_from_radb_to_mrrdimcustomer> on 2023-03-29T07:40:14.704395+00:00
[2023-03-29 07:40:16,966] {standard_task_runner.py:52} INFO - Started process 2584 to run task
[2023-03-29 07:40:16,981] {standard_task_runner.py:76} INFO - Running: ['***', 'tasks', 'run', 'postgres_etl_dag_radb_to_mrr', 'etl_from_radb_to_mrrdimcustomer', '2023-03-29T07:40:14.704395+00:00', '--job-id', '128', '--pool', 'default_pool', '--raw', '--subdir', 'DAGS_FOLDER/inovus_etl_radb_mrr.py', '--cfg-path', '/tmp/tmpap6tl3nv', '--error-file', '/tmp/tmpze0hzp4m']
[2023-03-29 07:40:16,982] {standard_task_runner.py:77} INFO - Job 128: Subtask etl_from_radb_to_mrrdimcustomer
[2023-03-29 07:40:17,036] {logging_mixin.py:109} INFO - Running <TaskInstance: postgres_etl_dag_radb_to_mrr.etl_from_radb_to_mrrdimcustomer 2023-03-29T07:40:14.704395+00:00 [running]> on host 0bc3da97cebb
[2023-03-29 07:40:17,093] {taskinstance.py:1254} INFO - Exporting the following env vars:
AIRFLOW_CTX_DAG_OWNER=***
AIRFLOW_CTX_DAG_ID=postgres_etl_dag_radb_to_mrr
AIRFLOW_CTX_TASK_ID=etl_from_radb_to_mrrdimcustomer
AIRFLOW_CTX_EXECUTION_DATE=2023-03-29T07:40:14.704395+00:00
AIRFLOW_CTX_DAG_RUN_ID=manual__2023-03-29T07:40:14.704395+00:00
[2023-03-29 07:40:17,149] {python.py:151} INFO - Done. Returned value was: None
[2023-03-29 07:40:17,165] {taskinstance.py:1219} INFO - Marking task as SUCCESS. dag_id=postgres_etl_dag_radb_to_mrr, task_id=etl_from_radb_to_mrrdimcustomer, execution_date=20230329T074014, start_date=20230329T074016, end_date=20230329T074017
[2023-03-29 07:40:17,193] {local_task_job.py:151} INFO - Task exited with return code 0
[2023-03-29 07:40:17,225] {local_task_job.py:261} INFO - 1 downstream tasks scheduled from follow-on schedule check
